<?xml version="1.0" encoding="UTF-8"?>
<TestRun id="64afafb2-98a7-4a9b-837d-83d28f744e8c" name="vladyslav.gorbatiuk@KBP1-DHP-F24209 2012-08-06 18:25:08" runUser="SYNAPSE\vladyslav.gorbatiuk" xmlns="http://microsoft.com/schemas/VisualStudio/TeamTest/2010">
  <TestSettings name="Local" id="8ec6e025-1e2a-4a48-ba26-658fa7723179">
    <Description>These are default test settings for a local test run.</Description>
    <Deployment enabled="false" runDeploymentRoot="vladyslav.gorbatiuk_KBP1-DHP-F24209 2012-08-06 18_25_08">
      <DeploymentItem filename="C:\Users\vladyslav.gorbatiuk.SYNAPSE\Documents\Visual Studio 2010\Projects\DataPreprocessing\DataPreprocessing\bin\Debug\DataPreprocessing.dll" />
    </Deployment>
    <Execution>
      <TestTypeSpecific />
      <AgentRule name="Execution Agents">
      </AgentRule>
    </Execution>
  </TestSettings>
  <Times creation="2012-08-06T18:25:08.3567595+03:00" queuing="2012-08-06T18:25:09.6400161+03:00" start="2012-08-06T18:25:09.7800441+03:00" finish="2012-08-06T18:36:28.1404831+03:00" />
  <ResultSummary outcome="Error">
    <Counters total="15" executed="12" passed="10" error="0" failed="1" timeout="0" aborted="1" inconclusive="0" passedButRunAborted="0" notRunnable="0" notExecuted="3" disconnected="0" warning="0" completed="0" inProgress="0" pending="0" />
    <RunInfos>
      <RunInfo computerName="KBP1-DHP-F24209" outcome="Error" timestamp="2012-08-06T18:36:28.1374828+03:00">
        <Text>Test host process exited unexpectedly.</Text>
      </RunInfo>
    </RunInfos>
  </ResultSummary>
  <TestDefinitions>
    <UnitTest name="MedianPreprocessorConstructorWindowSizeOnlyPositiveTest" storage="c:\users\vladyslav.gorbatiuk.synapse\documents\visual studio 2010\projects\datapreprocessing\testmedianprocessor\bin\debug\testmedianprocessor.dll" id="e1b6011b-ed00-b6a9-ca3b-a2ecc7a442f8">
      <Execution id="10512a4b-80e5-4049-bceb-44f4ca276b9b" />
      <TestMethod codeBase="C:/Users/vladyslav.gorbatiuk.SYNAPSE/Documents/Visual Studio 2010/Projects/DataPreprocessing/TestMedianProcessor/bin/Debug/TestMedianProcessor.DLL" adapterTypeName="Microsoft.VisualStudio.TestTools.TestTypes.Unit.UnitTestAdapter, Microsoft.VisualStudio.QualityTools.Tips.UnitTest.Adapter, Version=10.0.0.0, Culture=neutral, PublicKeyToken=b03f5f7f11d50a3a" className="TestMedianProcessor.MedianPreprocessorTest, TestMedianProcessor, Version=1.0.0.0, Culture=neutral, PublicKeyToken=null" name="MedianPreprocessorConstructorWindowSizeOnlyPositiveTest" />
    </UnitTest>
    <UnitTest name="WeightedAverageConstructorGeneralTest" storage="c:\users\vladyslav.gorbatiuk.synapse\documents\visual studio 2010\projects\datapreprocessing\weightedaveragetest\bin\debug\weightedaveragetest.dll" id="0a5d8a87-71b3-96f7-9b96-d7eb0f7bc09b">
      <Execution id="2b498134-0a5a-46d6-bb0e-7f3a49d2e526" />
      <TestMethod codeBase="C:/Users/vladyslav.gorbatiuk.SYNAPSE/Documents/Visual Studio 2010/Projects/DataPreprocessing/WeightedAverageTest/bin/Debug/WeightedAverageTest.DLL" adapterTypeName="Microsoft.VisualStudio.TestTools.TestTypes.Unit.UnitTestAdapter, Microsoft.VisualStudio.QualityTools.Tips.UnitTest.Adapter, Version=10.0.0.0, Culture=neutral, PublicKeyToken=b03f5f7f11d50a3a" className="WeightedAverageTest.WeightedAverageTest, WeightedAverageTest, Version=1.0.0.0, Culture=neutral, PublicKeyToken=null" name="WeightedAverageConstructorGeneralTest" />
    </UnitTest>
    <UnitTest name="MeanPreprocessorConstructorWindowSizeOnlyPositiveTest" storage="c:\users\vladyslav.gorbatiuk.synapse\documents\visual studio 2010\projects\datapreprocessing\testmeanprocessor\bin\debug\testmeanprocessor.dll" id="cd384c3b-0762-84cc-c9ff-0a1cf45f5179">
      <Execution id="d4e2dc10-edb1-4747-805c-c279e9f17c62" />
      <TestMethod codeBase="C:/Users/vladyslav.gorbatiuk.SYNAPSE/Documents/Visual Studio 2010/Projects/DataPreprocessing/TestMeanProcessor/bin/Debug/TestMeanProcessor.DLL" adapterTypeName="Microsoft.VisualStudio.TestTools.TestTypes.Unit.UnitTestAdapter, Microsoft.VisualStudio.QualityTools.Tips.UnitTest.Adapter, Version=10.0.0.0, Culture=neutral, PublicKeyToken=b03f5f7f11d50a3a" className="TestMeanProcessor.MeanPreprocessorTest, TestMeanProcessor, Version=1.0.0.0, Culture=neutral, PublicKeyToken=null" name="MeanPreprocessorConstructorWindowSizeOnlyPositiveTest" />
    </UnitTest>
    <UnitTest name="ProcessTest" storage="c:\users\vladyslav.gorbatiuk.synapse\documents\visual studio 2010\projects\datapreprocessing\weightedaveragetest\bin\debug\weightedaveragetest.dll" id="7adc5048-9fc6-28b1-020d-2cab5e2848a1">
      <Execution id="6b906de1-3733-420e-9698-c6030e952e4e" />
      <TestMethod codeBase="C:/Users/vladyslav.gorbatiuk.SYNAPSE/Documents/Visual Studio 2010/Projects/DataPreprocessing/WeightedAverageTest/bin/Debug/WeightedAverageTest.DLL" adapterTypeName="Microsoft.VisualStudio.TestTools.TestTypes.Unit.UnitTestAdapter, Microsoft.VisualStudio.QualityTools.Tips.UnitTest.Adapter, Version=10.0.0.0, Culture=neutral, PublicKeyToken=b03f5f7f11d50a3a" className="WeightedAverageTest.WeightedAverageTest, WeightedAverageTest, Version=1.0.0.0, Culture=neutral, PublicKeyToken=null" name="ProcessTest" />
    </UnitTest>
    <UnitTest name="ProcessMedianForEvenWindowSizeTest" storage="c:\users\vladyslav.gorbatiuk.synapse\documents\visual studio 2010\projects\datapreprocessing\testmedianprocessor\bin\debug\testmedianprocessor.dll" id="0f43129b-a67f-8f4b-602b-4316a4b0cbfa">
      <Execution id="0316b289-00f1-4ea4-9e91-e69d1081a18a" />
      <TestMethod codeBase="C:/Users/vladyslav.gorbatiuk.SYNAPSE/Documents/Visual Studio 2010/Projects/DataPreprocessing/TestMedianProcessor/bin/Debug/TestMedianProcessor.DLL" adapterTypeName="Microsoft.VisualStudio.TestTools.TestTypes.Unit.UnitTestAdapter, Microsoft.VisualStudio.QualityTools.Tips.UnitTest.Adapter, Version=10.0.0.0, Culture=neutral, PublicKeyToken=b03f5f7f11d50a3a" className="TestMedianProcessor.MedianPreprocessorTest, TestMedianProcessor, Version=1.0.0.0, Culture=neutral, PublicKeyToken=null" name="ProcessMedianForEvenWindowSizeTest" />
    </UnitTest>
    <UnitTest name="ProcessUnordinaryWindowSizesTest" storage="c:\users\vladyslav.gorbatiuk.synapse\documents\visual studio 2010\projects\datapreprocessing\testmeanprocessor\bin\debug\testmeanprocessor.dll" id="1581adcd-ba83-3a4b-a664-0368187374d1">
      <Execution id="e5f756c2-814e-4319-bc58-a6e7c9406628" />
      <TestMethod codeBase="C:/Users/vladyslav.gorbatiuk.SYNAPSE/Documents/Visual Studio 2010/Projects/DataPreprocessing/TestMeanProcessor/bin/Debug/TestMeanProcessor.DLL" adapterTypeName="Microsoft.VisualStudio.TestTools.TestTypes.Unit.UnitTestAdapter, Microsoft.VisualStudio.QualityTools.Tips.UnitTest.Adapter, Version=10.0.0.0, Culture=neutral, PublicKeyToken=b03f5f7f11d50a3a" className="TestMeanProcessor.MeanPreprocessorTest, TestMeanProcessor, Version=1.0.0.0, Culture=neutral, PublicKeyToken=null" name="ProcessUnordinaryWindowSizesTest" />
    </UnitTest>
    <UnitTest name="WeightedAverageConstructorThrowsExceptionTest" storage="c:\users\vladyslav.gorbatiuk.synapse\documents\visual studio 2010\projects\datapreprocessing\weightedaveragetest\bin\debug\weightedaveragetest.dll" id="c1afeb03-2e4d-7ec4-7311-eae06cb26823">
      <Execution id="213f7842-09ee-4fd2-940a-bae59f7802eb" />
      <TestMethod codeBase="C:/Users/vladyslav.gorbatiuk.SYNAPSE/Documents/Visual Studio 2010/Projects/DataPreprocessing/WeightedAverageTest/bin/Debug/WeightedAverageTest.DLL" adapterTypeName="Microsoft.VisualStudio.TestTools.TestTypes.Unit.UnitTestAdapter, Microsoft.VisualStudio.QualityTools.Tips.UnitTest.Adapter, Version=10.0.0.0, Culture=neutral, PublicKeyToken=b03f5f7f11d50a3a" className="WeightedAverageTest.WeightedAverageTest, WeightedAverageTest, Version=1.0.0.0, Culture=neutral, PublicKeyToken=null" name="WeightedAverageConstructorThrowsExceptionTest" />
    </UnitTest>
    <UnitTest name="ProcessTest" storage="c:\users\vladyslav.gorbatiuk.synapse\documents\visual studio 2010\projects\datapreprocessing\testtukey53hpreprocessor\bin\debug\testtukey53hpreprocessor.dll" id="d132dbb6-21c4-eca4-4e92-1ad53fb6b9d5">
      <Execution id="6c4f81b4-0e2a-41bf-a1ad-98468ff6bf34" />
      <TestMethod codeBase="C:/Users/vladyslav.gorbatiuk.SYNAPSE/Documents/Visual Studio 2010/Projects/DataPreprocessing/TestTukey53HPreprocessor/bin/Debug/TestTukey53HPreprocessor.DLL" adapterTypeName="Microsoft.VisualStudio.TestTools.TestTypes.Unit.UnitTestAdapter, Microsoft.VisualStudio.QualityTools.Tips.UnitTest.Adapter, Version=10.0.0.0, Culture=neutral, PublicKeyToken=b03f5f7f11d50a3a" className="TestTukey53HPreprocessor.Tukey53HPreprocessorTest, TestTukey53HPreprocessor, Version=1.0.0.0, Culture=neutral, PublicKeyToken=null" name="ProcessTest" />
    </UnitTest>
    <UnitTest name="MeanPreprocessorConstructorTest" storage="c:\users\vladyslav.gorbatiuk.synapse\documents\visual studio 2010\projects\datapreprocessing\testmeanprocessor\bin\debug\testmeanprocessor.dll" id="d6d3d0b6-8f9f-4871-0b45-3e9556e452bd">
      <Execution id="df733a32-bbe1-439b-a801-8518bfb9d391" />
      <TestMethod codeBase="C:/Users/vladyslav.gorbatiuk.SYNAPSE/Documents/Visual Studio 2010/Projects/DataPreprocessing/TestMeanProcessor/bin/Debug/TestMeanProcessor.DLL" adapterTypeName="Microsoft.VisualStudio.TestTools.TestTypes.Unit.UnitTestAdapter, Microsoft.VisualStudio.QualityTools.Tips.UnitTest.Adapter, Version=10.0.0.0, Culture=neutral, PublicKeyToken=b03f5f7f11d50a3a" className="TestMeanProcessor.MeanPreprocessorTest, TestMeanProcessor, Version=1.0.0.0, Culture=neutral, PublicKeyToken=null" name="MeanPreprocessorConstructorTest" />
    </UnitTest>
    <UnitTest name="RegressionTests" storage="c:\users\vladyslav.gorbatiuk.synapse\documents\visual studio 2010\projects\datapreprocessing\testtukey53hpreprocessor\bin\debug\testtukey53hpreprocessor.dll" id="a8ad0b78-a3ab-6d92-b20b-ec2d378fd148">
      <Execution id="c2d54fb5-5189-4148-bd52-c265f6dfd47e" />
      <TestMethod codeBase="C:/Users/vladyslav.gorbatiuk.SYNAPSE/Documents/Visual Studio 2010/Projects/DataPreprocessing/TestTukey53HPreprocessor/bin/Debug/TestTukey53HPreprocessor.DLL" adapterTypeName="Microsoft.VisualStudio.TestTools.TestTypes.Unit.UnitTestAdapter, Microsoft.VisualStudio.QualityTools.Tips.UnitTest.Adapter, Version=10.0.0.0, Culture=neutral, PublicKeyToken=b03f5f7f11d50a3a" className="TestTukey53HPreprocessor.Tukey53HPreprocessorTest, TestTukey53HPreprocessor, Version=1.0.0.0, Culture=neutral, PublicKeyToken=null" name="RegressionTests" />
    </UnitTest>
    <UnitTest name="WeightedAverageConstructorCalculatesWeightsSumCorrectlyTest" storage="c:\users\vladyslav.gorbatiuk.synapse\documents\visual studio 2010\projects\datapreprocessing\weightedaveragetest\bin\debug\weightedaveragetest.dll" id="0deb66dc-f3dc-fac4-162d-a6780538cbef">
      <Execution id="14c2ea94-fc6c-482c-967d-1161473aae8a" />
      <TestMethod codeBase="C:/Users/vladyslav.gorbatiuk.SYNAPSE/Documents/Visual Studio 2010/Projects/DataPreprocessing/WeightedAverageTest/bin/Debug/WeightedAverageTest.DLL" adapterTypeName="Microsoft.VisualStudio.TestTools.TestTypes.Unit.UnitTestAdapter, Microsoft.VisualStudio.QualityTools.Tips.UnitTest.Adapter, Version=10.0.0.0, Culture=neutral, PublicKeyToken=b03f5f7f11d50a3a" className="WeightedAverageTest.WeightedAverageTest, WeightedAverageTest, Version=1.0.0.0, Culture=neutral, PublicKeyToken=null" name="WeightedAverageConstructorCalculatesWeightsSumCorrectlyTest" />
    </UnitTest>
    <UnitTest name="ProcessTest" storage="c:\users\vladyslav.gorbatiuk.synapse\documents\visual studio 2010\projects\datapreprocessing\testmedianprocessor\bin\debug\testmedianprocessor.dll" id="1875a93a-f552-02e5-6f9e-7740719a86d2">
      <Execution id="63a53320-003d-48ac-9a17-1f7f3af8390b" />
      <TestMethod codeBase="C:/Users/vladyslav.gorbatiuk.SYNAPSE/Documents/Visual Studio 2010/Projects/DataPreprocessing/TestMedianProcessor/bin/Debug/TestMedianProcessor.DLL" adapterTypeName="Microsoft.VisualStudio.TestTools.TestTypes.Unit.UnitTestAdapter, Microsoft.VisualStudio.QualityTools.Tips.UnitTest.Adapter, Version=10.0.0.0, Culture=neutral, PublicKeyToken=b03f5f7f11d50a3a" className="TestMedianProcessor.MedianPreprocessorTest, TestMedianProcessor, Version=1.0.0.0, Culture=neutral, PublicKeyToken=null" name="ProcessTest" />
    </UnitTest>
    <UnitTest name="ProcessUnordinaryWindowSizesTest" storage="c:\users\vladyslav.gorbatiuk.synapse\documents\visual studio 2010\projects\datapreprocessing\testmedianprocessor\bin\debug\testmedianprocessor.dll" id="1fbe4fc4-4125-8ba2-c054-349323ecb993">
      <Execution id="cf99ab4f-1ada-48c9-942f-2ceb5dd3910b" />
      <TestMethod codeBase="C:/Users/vladyslav.gorbatiuk.SYNAPSE/Documents/Visual Studio 2010/Projects/DataPreprocessing/TestMedianProcessor/bin/Debug/TestMedianProcessor.DLL" adapterTypeName="Microsoft.VisualStudio.TestTools.TestTypes.Unit.UnitTestAdapter, Microsoft.VisualStudio.QualityTools.Tips.UnitTest.Adapter, Version=10.0.0.0, Culture=neutral, PublicKeyToken=b03f5f7f11d50a3a" className="TestMedianProcessor.MedianPreprocessorTest, TestMedianProcessor, Version=1.0.0.0, Culture=neutral, PublicKeyToken=null" name="ProcessUnordinaryWindowSizesTest" />
    </UnitTest>
    <UnitTest name="MedianPreprocessorConstructorTest" storage="c:\users\vladyslav.gorbatiuk.synapse\documents\visual studio 2010\projects\datapreprocessing\testmedianprocessor\bin\debug\testmedianprocessor.dll" id="e4c3f4e3-9eeb-063e-cd56-570432f53cee">
      <Execution id="d8700be9-9a77-492f-b2f7-3989291f85a4" />
      <TestMethod codeBase="C:/Users/vladyslav.gorbatiuk.SYNAPSE/Documents/Visual Studio 2010/Projects/DataPreprocessing/TestMedianProcessor/bin/Debug/TestMedianProcessor.DLL" adapterTypeName="Microsoft.VisualStudio.TestTools.TestTypes.Unit.UnitTestAdapter, Microsoft.VisualStudio.QualityTools.Tips.UnitTest.Adapter, Version=10.0.0.0, Culture=neutral, PublicKeyToken=b03f5f7f11d50a3a" className="TestMedianProcessor.MedianPreprocessorTest, TestMedianProcessor, Version=1.0.0.0, Culture=neutral, PublicKeyToken=null" name="MedianPreprocessorConstructorTest" />
    </UnitTest>
    <UnitTest name="ProcessTest" storage="c:\users\vladyslav.gorbatiuk.synapse\documents\visual studio 2010\projects\datapreprocessing\testmeanprocessor\bin\debug\testmeanprocessor.dll" id="998fee1e-2376-fa93-e67e-ac5c0c37d915">
      <Execution id="636db660-bf50-4bfe-a151-1ddd23c345b7" />
      <TestMethod codeBase="C:/Users/vladyslav.gorbatiuk.SYNAPSE/Documents/Visual Studio 2010/Projects/DataPreprocessing/TestMeanProcessor/bin/Debug/TestMeanProcessor.DLL" adapterTypeName="Microsoft.VisualStudio.TestTools.TestTypes.Unit.UnitTestAdapter, Microsoft.VisualStudio.QualityTools.Tips.UnitTest.Adapter, Version=10.0.0.0, Culture=neutral, PublicKeyToken=b03f5f7f11d50a3a" className="TestMeanProcessor.MeanPreprocessorTest, TestMeanProcessor, Version=1.0.0.0, Culture=neutral, PublicKeyToken=null" name="ProcessTest" />
    </UnitTest>
  </TestDefinitions>
  <TestLists>
    <TestList name="Results Not in a List" id="8c84fa94-04c1-424b-9868-57a2d4851a1d" />
    <TestList name="All Loaded Results" id="19431567-8539-422a-85d7-44ee4e166bda" />
  </TestLists>
  <TestEntries>
    <TestEntry testId="0a5d8a87-71b3-96f7-9b96-d7eb0f7bc09b" executionId="2b498134-0a5a-46d6-bb0e-7f3a49d2e526" testListId="8c84fa94-04c1-424b-9868-57a2d4851a1d" />
    <TestEntry testId="0deb66dc-f3dc-fac4-162d-a6780538cbef" executionId="14c2ea94-fc6c-482c-967d-1161473aae8a" testListId="8c84fa94-04c1-424b-9868-57a2d4851a1d" />
    <TestEntry testId="0f43129b-a67f-8f4b-602b-4316a4b0cbfa" executionId="0316b289-00f1-4ea4-9e91-e69d1081a18a" testListId="8c84fa94-04c1-424b-9868-57a2d4851a1d" />
    <TestEntry testId="1581adcd-ba83-3a4b-a664-0368187374d1" executionId="e5f756c2-814e-4319-bc58-a6e7c9406628" testListId="8c84fa94-04c1-424b-9868-57a2d4851a1d" />
    <TestEntry testId="1875a93a-f552-02e5-6f9e-7740719a86d2" executionId="63a53320-003d-48ac-9a17-1f7f3af8390b" testListId="8c84fa94-04c1-424b-9868-57a2d4851a1d" />
    <TestEntry testId="1fbe4fc4-4125-8ba2-c054-349323ecb993" executionId="cf99ab4f-1ada-48c9-942f-2ceb5dd3910b" testListId="8c84fa94-04c1-424b-9868-57a2d4851a1d" />
    <TestEntry testId="7adc5048-9fc6-28b1-020d-2cab5e2848a1" executionId="6b906de1-3733-420e-9698-c6030e952e4e" testListId="8c84fa94-04c1-424b-9868-57a2d4851a1d" />
    <TestEntry testId="998fee1e-2376-fa93-e67e-ac5c0c37d915" executionId="636db660-bf50-4bfe-a151-1ddd23c345b7" testListId="8c84fa94-04c1-424b-9868-57a2d4851a1d" />
    <TestEntry testId="a8ad0b78-a3ab-6d92-b20b-ec2d378fd148" executionId="c2d54fb5-5189-4148-bd52-c265f6dfd47e" testListId="8c84fa94-04c1-424b-9868-57a2d4851a1d" />
    <TestEntry testId="c1afeb03-2e4d-7ec4-7311-eae06cb26823" executionId="213f7842-09ee-4fd2-940a-bae59f7802eb" testListId="8c84fa94-04c1-424b-9868-57a2d4851a1d" />
    <TestEntry testId="cd384c3b-0762-84cc-c9ff-0a1cf45f5179" executionId="d4e2dc10-edb1-4747-805c-c279e9f17c62" testListId="8c84fa94-04c1-424b-9868-57a2d4851a1d" />
    <TestEntry testId="d132dbb6-21c4-eca4-4e92-1ad53fb6b9d5" executionId="6c4f81b4-0e2a-41bf-a1ad-98468ff6bf34" testListId="8c84fa94-04c1-424b-9868-57a2d4851a1d" />
    <TestEntry testId="d6d3d0b6-8f9f-4871-0b45-3e9556e452bd" executionId="df733a32-bbe1-439b-a801-8518bfb9d391" testListId="8c84fa94-04c1-424b-9868-57a2d4851a1d" />
    <TestEntry testId="e1b6011b-ed00-b6a9-ca3b-a2ecc7a442f8" executionId="10512a4b-80e5-4049-bceb-44f4ca276b9b" testListId="8c84fa94-04c1-424b-9868-57a2d4851a1d" />
    <TestEntry testId="e4c3f4e3-9eeb-063e-cd56-570432f53cee" executionId="d8700be9-9a77-492f-b2f7-3989291f85a4" testListId="8c84fa94-04c1-424b-9868-57a2d4851a1d" />
  </TestEntries>
  <Results>
    <UnitTestResult executionId="2b498134-0a5a-46d6-bb0e-7f3a49d2e526" testId="0a5d8a87-71b3-96f7-9b96-d7eb0f7bc09b" testName="WeightedAverageConstructorGeneralTest" computerName="KBP1-DHP-F24209" duration="00:00:00.0249468" startTime="2012-08-06T18:25:09.9120705+03:00" endTime="2012-08-06T18:25:11.1113103+03:00" testType="13cdc9d9-ddb5-4fa4-a97d-d965ccfc6d4b" outcome="Passed" testListId="8c84fa94-04c1-424b-9868-57a2d4851a1d" relativeResultsDirectory="2b498134-0a5a-46d6-bb0e-7f3a49d2e526">
    </UnitTestResult>
    <UnitTestResult executionId="14c2ea94-fc6c-482c-967d-1161473aae8a" testId="0deb66dc-f3dc-fac4-162d-a6780538cbef" testName="WeightedAverageConstructorCalculatesWeightsSumCorrectlyTest" computerName="KBP1-DHP-F24209" duration="00:00:00.0005667" startTime="2012-08-06T18:25:11.1283137+03:00" endTime="2012-08-06T18:25:11.1343149+03:00" testType="13cdc9d9-ddb5-4fa4-a97d-d965ccfc6d4b" outcome="Passed" testListId="8c84fa94-04c1-424b-9868-57a2d4851a1d" relativeResultsDirectory="14c2ea94-fc6c-482c-967d-1161473aae8a">
    </UnitTestResult>
    <UnitTestResult executionId="0316b289-00f1-4ea4-9e91-e69d1081a18a" testId="0f43129b-a67f-8f4b-602b-4316a4b0cbfa" testName="ProcessMedianForEvenWindowSizeTest" computerName="KBP1-DHP-F24209" duration="00:00:00.0319118" startTime="2012-08-06T18:25:11.1453171+03:00" endTime="2012-08-06T18:25:12.0584997+03:00" testType="13cdc9d9-ddb5-4fa4-a97d-d965ccfc6d4b" outcome="Passed" testListId="8c84fa94-04c1-424b-9868-57a2d4851a1d" relativeResultsDirectory="0316b289-00f1-4ea4-9e91-e69d1081a18a">
    </UnitTestResult>
    <UnitTestResult executionId="e5f756c2-814e-4319-bc58-a6e7c9406628" testId="1581adcd-ba83-3a4b-a664-0368187374d1" testName="ProcessUnordinaryWindowSizesTest" computerName="KBP1-DHP-F24209" duration="00:00:00.0223262" startTime="2012-08-06T18:25:12.0675015+03:00" endTime="2012-08-06T18:25:12.9526785+03:00" testType="13cdc9d9-ddb5-4fa4-a97d-d965ccfc6d4b" outcome="Passed" testListId="8c84fa94-04c1-424b-9868-57a2d4851a1d" relativeResultsDirectory="e5f756c2-814e-4319-bc58-a6e7c9406628">
    </UnitTestResult>
    <UnitTestResult executionId="63a53320-003d-48ac-9a17-1f7f3af8390b" testId="1875a93a-f552-02e5-6f9e-7740719a86d2" testName="ProcessTest" computerName="KBP1-DHP-F24209" duration="00:00:00.0004179" startTime="2012-08-06T18:25:12.9576795+03:00" endTime="2012-08-06T18:25:12.9636807+03:00" testType="13cdc9d9-ddb5-4fa4-a97d-d965ccfc6d4b" outcome="Passed" testListId="8c84fa94-04c1-424b-9868-57a2d4851a1d" relativeResultsDirectory="63a53320-003d-48ac-9a17-1f7f3af8390b">
    </UnitTestResult>
    <UnitTestResult executionId="cf99ab4f-1ada-48c9-942f-2ceb5dd3910b" testId="1fbe4fc4-4125-8ba2-c054-349323ecb993" testName="ProcessUnordinaryWindowSizesTest" computerName="KBP1-DHP-F24209" duration="00:00:00.0005109" startTime="2012-08-06T18:25:12.9696819+03:00" endTime="2012-08-06T18:25:12.9746829+03:00" testType="13cdc9d9-ddb5-4fa4-a97d-d965ccfc6d4b" outcome="Passed" testListId="8c84fa94-04c1-424b-9868-57a2d4851a1d" relativeResultsDirectory="cf99ab4f-1ada-48c9-942f-2ceb5dd3910b">
    </UnitTestResult>
    <UnitTestResult executionId="6b906de1-3733-420e-9698-c6030e952e4e" testId="7adc5048-9fc6-28b1-020d-2cab5e2848a1" testName="ProcessTest" computerName="KBP1-DHP-F24209" duration="00:00:00.0037012" startTime="2012-08-06T18:25:12.9796839+03:00" endTime="2012-08-06T18:25:12.9876855+03:00" testType="13cdc9d9-ddb5-4fa4-a97d-d965ccfc6d4b" outcome="Passed" testListId="8c84fa94-04c1-424b-9868-57a2d4851a1d" relativeResultsDirectory="6b906de1-3733-420e-9698-c6030e952e4e">
    </UnitTestResult>
    <UnitTestResult executionId="636db660-bf50-4bfe-a151-1ddd23c345b7" testId="998fee1e-2376-fa93-e67e-ac5c0c37d915" testName="ProcessTest" computerName="KBP1-DHP-F24209" duration="00:00:00.0005318" startTime="2012-08-06T18:25:12.9956871+03:00" endTime="2012-08-06T18:25:13.0016883+03:00" testType="13cdc9d9-ddb5-4fa4-a97d-d965ccfc6d4b" outcome="Passed" testListId="8c84fa94-04c1-424b-9868-57a2d4851a1d" relativeResultsDirectory="636db660-bf50-4bfe-a151-1ddd23c345b7">
    </UnitTestResult>
    <UnitTestResult executionId="c2d54fb5-5189-4148-bd52-c265f6dfd47e" testId="a8ad0b78-a3ab-6d92-b20b-ec2d378fd148" testName="RegressionTests" computerName="KBP1-DHP-F24209" duration="00:00:00.0803592" startTime="2012-08-06T18:25:13.0056891+03:00" endTime="2012-08-06T18:25:13.9728825+03:00" testType="13cdc9d9-ddb5-4fa4-a97d-d965ccfc6d4b" outcome="Failed" testListId="8c84fa94-04c1-424b-9868-57a2d4851a1d" relativeResultsDirectory="c2d54fb5-5189-4148-bd52-c265f6dfd47e">
      <Output>
        <ErrorInfo>
          <Message>Test method TestTukey53HPreprocessor.Tukey53HPreprocessorTest.RegressionTests threw exception: 
System.ArgumentNullException: Value cannot be null.
Parameter name: source</Message>
          <StackTrace>    at System.Linq.Enumerable.Count[TSource](IEnumerable`1 source)
   at DataPreprocessing.Tukey53HPreprocessor.Process(Double[] iArray) in C:\Users\vladyslav.gorbatiuk.SYNAPSE\Documents\Visual Studio 2010\Projects\DataPreprocessing\DataPreprocessing\Preprocessors.cs:line 226
   at TestTukey53HPreprocessor.Tukey53HPreprocessorTest.RegressionTests() in C:\Users\vladyslav.gorbatiuk.SYNAPSE\Documents\Visual Studio 2010\Projects\DataPreprocessing\TestTukey53HPreprocessor\Tukey53HPreprocessorTest.cs:line 109
</StackTrace>
        </ErrorInfo>
      </Output>
    </UnitTestResult>
    <UnitTestResult executionId="213f7842-09ee-4fd2-940a-bae59f7802eb" testId="c1afeb03-2e4d-7ec4-7311-eae06cb26823" testName="WeightedAverageConstructorThrowsExceptionTest" computerName="KBP1-DHP-F24209" duration="00:00:00.0163892" startTime="2012-08-06T18:25:13.9878855+03:00" endTime="2012-08-06T18:25:14.0208921+03:00" testType="13cdc9d9-ddb5-4fa4-a97d-d965ccfc6d4b" outcome="Passed" testListId="8c84fa94-04c1-424b-9868-57a2d4851a1d" relativeResultsDirectory="213f7842-09ee-4fd2-940a-bae59f7802eb">
    </UnitTestResult>
    <UnitTestResult executionId="d4e2dc10-edb1-4747-805c-c279e9f17c62" testId="cd384c3b-0762-84cc-c9ff-0a1cf45f5179" testName="MeanPreprocessorConstructorWindowSizeOnlyPositiveTest" computerName="KBP1-DHP-F24209" duration="00:00:00.0170105" startTime="2012-08-06T18:25:14.0308941+03:00" endTime="2012-08-06T18:25:14.0578995+03:00" testType="13cdc9d9-ddb5-4fa4-a97d-d965ccfc6d4b" outcome="Passed" testListId="8c84fa94-04c1-424b-9868-57a2d4851a1d" relativeResultsDirectory="d4e2dc10-edb1-4747-805c-c279e9f17c62">
    </UnitTestResult>
    <UnitTestResult executionId="6c4f81b4-0e2a-41bf-a1ad-98468ff6bf34" testId="d132dbb6-21c4-eca4-4e92-1ad53fb6b9d5" testName="ProcessTest" computerName="KBP1-DHP-F24209" duration="00:11:14.0755823" startTime="2012-08-06T18:25:14.0639007+03:00" endTime="2012-08-06T18:36:28.1394830+03:00" testType="13cdc9d9-ddb5-4fa4-a97d-d965ccfc6d4b" outcome="Aborted" testListId="8c84fa94-04c1-424b-9868-57a2d4851a1d" relativeResultsDirectory="6c4f81b4-0e2a-41bf-a1ad-98468ff6bf34">
    </UnitTestResult>
    <UnitTestResult executionId="df733a32-bbe1-439b-a801-8518bfb9d391" testId="d6d3d0b6-8f9f-4871-0b45-3e9556e452bd" testName="MeanPreprocessorConstructorTest" computerName="KBP1-DHP-F24209" testType="13cdc9d9-ddb5-4fa4-a97d-d965ccfc6d4b" outcome="NotExecuted" testListId="8c84fa94-04c1-424b-9868-57a2d4851a1d" relativeResultsDirectory="df733a32-bbe1-439b-a801-8518bfb9d391">
    </UnitTestResult>
    <UnitTestResult executionId="10512a4b-80e5-4049-bceb-44f4ca276b9b" testId="e1b6011b-ed00-b6a9-ca3b-a2ecc7a442f8" testName="MedianPreprocessorConstructorWindowSizeOnlyPositiveTest" computerName="KBP1-DHP-F24209" testType="13cdc9d9-ddb5-4fa4-a97d-d965ccfc6d4b" outcome="NotExecuted" testListId="8c84fa94-04c1-424b-9868-57a2d4851a1d" relativeResultsDirectory="10512a4b-80e5-4049-bceb-44f4ca276b9b">
    </UnitTestResult>
    <UnitTestResult executionId="d8700be9-9a77-492f-b2f7-3989291f85a4" testId="e4c3f4e3-9eeb-063e-cd56-570432f53cee" testName="MedianPreprocessorConstructorTest" computerName="KBP1-DHP-F24209" testType="13cdc9d9-ddb5-4fa4-a97d-d965ccfc6d4b" outcome="NotExecuted" testListId="8c84fa94-04c1-424b-9868-57a2d4851a1d" relativeResultsDirectory="d8700be9-9a77-492f-b2f7-3989291f85a4">
    </UnitTestResult>
  </Results>
</TestRun>