<?xml version="1.0" encoding="UTF-8"?>
<TestRun id="c07df0c4-d553-4ce7-96be-dd457fbac091" name="vladyslav.gorbatiuk@KBP1-DHP-F24209 2012-10-25 22:39:01" runUser="SYNAPSE\vladyslav.gorbatiuk" xmlns="http://microsoft.com/schemas/VisualStudio/TeamTest/2010">
  <TestSettings name="Local" id="8ec6e025-1e2a-4a48-ba26-658fa7723179">
    <Description>These are default test settings for a local test run.</Description>
    <Deployment enabled="false" runDeploymentRoot="vladyslav.gorbatiuk_KBP1-DHP-F24209 2012-10-25 22_39_01">
      <DeploymentItem filename="C:\Users\vladyslav.gorbatiuk.SYNAPSE\Dropbox\BS_Work\DataObject\DataObject\bin\Debug\DataObject.dll" />
      <DeploymentItem filename="C:\Users\vladyslav.gorbatiuk.SYNAPSE\Dropbox\BS_Work\DataPreprocessing\DataPreprocessing\bin\Debug\DataPreprocessing.dll" />
      <DeploymentItem filename="C:\Program Files (x86)\AForge.NET\Framework\Release\AForge.Math.dll" />
    </Deployment>
    <Execution>
      <TestTypeSpecific />
      <AgentRule name="Execution Agents">
      </AgentRule>
    </Execution>
  </TestSettings>
  <Times creation="2012-10-25T22:39:01.1501695+03:00" queuing="2012-10-25T22:39:02.5923137+03:00" start="2012-10-25T22:39:02.7173262+03:00" finish="2012-10-25T22:39:17.5978141+03:00" />
  <ResultSummary outcome="Failed">
    <Counters total="16" executed="16" passed="15" error="0" failed="1" timeout="0" aborted="0" inconclusive="0" passedButRunAborted="0" notRunnable="0" notExecuted="0" disconnected="0" warning="0" completed="0" inProgress="0" pending="0" />
  </ResultSummary>
  <TestDefinitions>
    <UnitTest name="MedianPreprocessorConstructorWindowSizeOnlyPositiveTest" storage="c:\users\vladyslav.gorbatiuk.synapse\dropbox\bs_work\datapreprocessing\testmedianprocessor\bin\debug\testmedianprocessor.dll" id="e1b6011b-ed00-b6a9-ca3b-a2ecc7a442f8">
      <Execution id="00ede848-39d7-45a4-b75a-a1c573983291" />
      <TestMethod codeBase="C:/Users/vladyslav.gorbatiuk.SYNAPSE/Dropbox/BS_Work/DataPreprocessing/TestMedianProcessor/bin/Debug/TestMedianProcessor.DLL" adapterTypeName="Microsoft.VisualStudio.TestTools.TestTypes.Unit.UnitTestAdapter, Microsoft.VisualStudio.QualityTools.Tips.UnitTest.Adapter, Version=10.0.0.0, Culture=neutral, PublicKeyToken=b03f5f7f11d50a3a" className="TestMedianProcessor.MedianPreprocessorTest, TestMedianProcessor, Version=1.0.0.0, Culture=neutral, PublicKeyToken=null" name="MedianPreprocessorConstructorWindowSizeOnlyPositiveTest" />
    </UnitTest>
    <UnitTest name="WeightedAverageConstructorGeneralTest" storage="c:\users\vladyslav.gorbatiuk.synapse\dropbox\bs_work\datapreprocessing\weightedaveragetest\bin\debug\weightedaveragetest.dll" id="0a5d8a87-71b3-96f7-9b96-d7eb0f7bc09b">
      <Execution id="e88f5900-a4af-47dd-9f2e-a54761a5661c" />
      <TestMethod codeBase="C:/Users/vladyslav.gorbatiuk.SYNAPSE/Dropbox/BS_Work/DataPreprocessing/WeightedAverageTest/bin/Debug/WeightedAverageTest.DLL" adapterTypeName="Microsoft.VisualStudio.TestTools.TestTypes.Unit.UnitTestAdapter, Microsoft.VisualStudio.QualityTools.Tips.UnitTest.Adapter, Version=10.0.0.0, Culture=neutral, PublicKeyToken=b03f5f7f11d50a3a" className="WeightedAverageTest.WeightedAverageTest, WeightedAverageTest, Version=1.0.0.0, Culture=neutral, PublicKeyToken=null" name="WeightedAverageConstructorGeneralTest" />
    </UnitTest>
    <UnitTest name="MeanPreprocessorConstructorWindowSizeOnlyPositiveTest" storage="c:\users\vladyslav.gorbatiuk.synapse\dropbox\bs_work\datapreprocessing\testmeanprocessor\bin\debug\testmeanprocessor.dll" id="cd384c3b-0762-84cc-c9ff-0a1cf45f5179">
      <Execution id="ebc52049-9e70-4fe6-9593-c2c44e3da282" />
      <TestMethod codeBase="C:/Users/vladyslav.gorbatiuk.SYNAPSE/Dropbox/BS_Work/DataPreprocessing/TestMeanProcessor/bin/Debug/TestMeanProcessor.DLL" adapterTypeName="Microsoft.VisualStudio.TestTools.TestTypes.Unit.UnitTestAdapter, Microsoft.VisualStudio.QualityTools.Tips.UnitTest.Adapter, Version=10.0.0.0, Culture=neutral, PublicKeyToken=b03f5f7f11d50a3a" className="TestMeanProcessor.MeanPreprocessorTest, TestMeanProcessor, Version=1.0.0.0, Culture=neutral, PublicKeyToken=null" name="MeanPreprocessorConstructorWindowSizeOnlyPositiveTest" />
    </UnitTest>
    <UnitTest name="ProcessTest" storage="c:\users\vladyslav.gorbatiuk.synapse\dropbox\bs_work\datapreprocessing\weightedaveragetest\bin\debug\weightedaveragetest.dll" id="7adc5048-9fc6-28b1-020d-2cab5e2848a1">
      <Execution id="6c64f118-6948-4e42-a0ac-25e23c9339ec" />
      <TestMethod codeBase="C:/Users/vladyslav.gorbatiuk.SYNAPSE/Dropbox/BS_Work/DataPreprocessing/WeightedAverageTest/bin/Debug/WeightedAverageTest.DLL" adapterTypeName="Microsoft.VisualStudio.TestTools.TestTypes.Unit.UnitTestAdapter, Microsoft.VisualStudio.QualityTools.Tips.UnitTest.Adapter, Version=10.0.0.0, Culture=neutral, PublicKeyToken=b03f5f7f11d50a3a" className="WeightedAverageTest.WeightedAverageTest, WeightedAverageTest, Version=1.0.0.0, Culture=neutral, PublicKeyToken=null" name="ProcessTest" />
    </UnitTest>
    <UnitTest name="ProcessMedianForEvenWindowSizeTest" storage="c:\users\vladyslav.gorbatiuk.synapse\dropbox\bs_work\datapreprocessing\testmedianprocessor\bin\debug\testmedianprocessor.dll" id="0f43129b-a67f-8f4b-602b-4316a4b0cbfa">
      <Execution id="47ce128c-bffd-43c2-8309-f0de180b339a" />
      <TestMethod codeBase="C:/Users/vladyslav.gorbatiuk.SYNAPSE/Dropbox/BS_Work/DataPreprocessing/TestMedianProcessor/bin/Debug/TestMedianProcessor.DLL" adapterTypeName="Microsoft.VisualStudio.TestTools.TestTypes.Unit.UnitTestAdapter, Microsoft.VisualStudio.QualityTools.Tips.UnitTest.Adapter, Version=10.0.0.0, Culture=neutral, PublicKeyToken=b03f5f7f11d50a3a" className="TestMedianProcessor.MedianPreprocessorTest, TestMedianProcessor, Version=1.0.0.0, Culture=neutral, PublicKeyToken=null" name="ProcessMedianForEvenWindowSizeTest" />
    </UnitTest>
    <UnitTest name="ProcessUnordinaryWindowSizesTest" storage="c:\users\vladyslav.gorbatiuk.synapse\dropbox\bs_work\datapreprocessing\testmeanprocessor\bin\debug\testmeanprocessor.dll" id="1581adcd-ba83-3a4b-a664-0368187374d1">
      <Execution id="8e685afb-360a-44c0-ad61-63e5c88715c1" />
      <TestMethod codeBase="C:/Users/vladyslav.gorbatiuk.SYNAPSE/Dropbox/BS_Work/DataPreprocessing/TestMeanProcessor/bin/Debug/TestMeanProcessor.DLL" adapterTypeName="Microsoft.VisualStudio.TestTools.TestTypes.Unit.UnitTestAdapter, Microsoft.VisualStudio.QualityTools.Tips.UnitTest.Adapter, Version=10.0.0.0, Culture=neutral, PublicKeyToken=b03f5f7f11d50a3a" className="TestMeanProcessor.MeanPreprocessorTest, TestMeanProcessor, Version=1.0.0.0, Culture=neutral, PublicKeyToken=null" name="ProcessUnordinaryWindowSizesTest" />
    </UnitTest>
    <UnitTest name="ProcessTest" storage="c:\users\vladyslav.gorbatiuk.synapse\dropbox\bs_work\datapreprocessing\fourierpreprocessor\bin\debug\fourierpreprocessor.dll" id="d9769cdc-f8a5-63ad-d384-6bca4bf5b519">
      <Execution id="a4fc725e-961e-4214-bc1b-e03493b1f466" />
      <TestMethod codeBase="C:/Users/vladyslav.gorbatiuk.SYNAPSE/Dropbox/BS_Work/DataPreprocessing/FourierPreprocessor/bin/Debug/FourierPreprocessor.DLL" adapterTypeName="Microsoft.VisualStudio.TestTools.TestTypes.Unit.UnitTestAdapter, Microsoft.VisualStudio.QualityTools.Tips.UnitTest.Adapter, Version=10.0.0.0, Culture=neutral, PublicKeyToken=b03f5f7f11d50a3a" className="TestFourierPreprocessor.FourierPreprocessorTest, FourierPreprocessor, Version=1.0.0.0, Culture=neutral, PublicKeyToken=null" name="ProcessTest" />
    </UnitTest>
    <UnitTest name="WeightedAverageConstructorThrowsExceptionTest" storage="c:\users\vladyslav.gorbatiuk.synapse\dropbox\bs_work\datapreprocessing\weightedaveragetest\bin\debug\weightedaveragetest.dll" id="c1afeb03-2e4d-7ec4-7311-eae06cb26823">
      <Execution id="ccb6a451-9b6b-430d-b29b-cd3b87d56352" />
      <TestMethod codeBase="C:/Users/vladyslav.gorbatiuk.SYNAPSE/Dropbox/BS_Work/DataPreprocessing/WeightedAverageTest/bin/Debug/WeightedAverageTest.DLL" adapterTypeName="Microsoft.VisualStudio.TestTools.TestTypes.Unit.UnitTestAdapter, Microsoft.VisualStudio.QualityTools.Tips.UnitTest.Adapter, Version=10.0.0.0, Culture=neutral, PublicKeyToken=b03f5f7f11d50a3a" className="WeightedAverageTest.WeightedAverageTest, WeightedAverageTest, Version=1.0.0.0, Culture=neutral, PublicKeyToken=null" name="WeightedAverageConstructorThrowsExceptionTest" />
    </UnitTest>
    <UnitTest name="ProcessTest" storage="c:\users\vladyslav.gorbatiuk.synapse\dropbox\bs_work\datapreprocessing\testtukey53hpreprocessor\bin\debug\testtukey53hpreprocessor.dll" id="d132dbb6-21c4-eca4-4e92-1ad53fb6b9d5">
      <Execution id="de706837-c4ec-4d1f-b6c9-5fa5563ee3f8" />
      <TestMethod codeBase="C:/Users/vladyslav.gorbatiuk.SYNAPSE/Dropbox/BS_Work/DataPreprocessing/TestTukey53HPreprocessor/bin/Debug/TestTukey53HPreprocessor.DLL" adapterTypeName="Microsoft.VisualStudio.TestTools.TestTypes.Unit.UnitTestAdapter, Microsoft.VisualStudio.QualityTools.Tips.UnitTest.Adapter, Version=10.0.0.0, Culture=neutral, PublicKeyToken=b03f5f7f11d50a3a" className="TestTukey53HPreprocessor.Tukey53HPreprocessorTest, TestTukey53HPreprocessor, Version=1.0.0.0, Culture=neutral, PublicKeyToken=null" name="ProcessTest" />
    </UnitTest>
    <UnitTest name="MeanPreprocessorConstructorTest" storage="c:\users\vladyslav.gorbatiuk.synapse\dropbox\bs_work\datapreprocessing\testmeanprocessor\bin\debug\testmeanprocessor.dll" id="d6d3d0b6-8f9f-4871-0b45-3e9556e452bd">
      <Execution id="cb498ade-ece5-4ac0-a66d-109bba696e60" />
      <TestMethod codeBase="C:/Users/vladyslav.gorbatiuk.SYNAPSE/Dropbox/BS_Work/DataPreprocessing/TestMeanProcessor/bin/Debug/TestMeanProcessor.DLL" adapterTypeName="Microsoft.VisualStudio.TestTools.TestTypes.Unit.UnitTestAdapter, Microsoft.VisualStudio.QualityTools.Tips.UnitTest.Adapter, Version=10.0.0.0, Culture=neutral, PublicKeyToken=b03f5f7f11d50a3a" className="TestMeanProcessor.MeanPreprocessorTest, TestMeanProcessor, Version=1.0.0.0, Culture=neutral, PublicKeyToken=null" name="MeanPreprocessorConstructorTest" />
    </UnitTest>
    <UnitTest name="RegressionTests" storage="c:\users\vladyslav.gorbatiuk.synapse\dropbox\bs_work\datapreprocessing\testtukey53hpreprocessor\bin\debug\testtukey53hpreprocessor.dll" id="a8ad0b78-a3ab-6d92-b20b-ec2d378fd148">
      <Execution id="75a5b8b5-0e7c-4d32-889a-56f772a3e9da" />
      <TestMethod codeBase="C:/Users/vladyslav.gorbatiuk.SYNAPSE/Dropbox/BS_Work/DataPreprocessing/TestTukey53HPreprocessor/bin/Debug/TestTukey53HPreprocessor.DLL" adapterTypeName="Microsoft.VisualStudio.TestTools.TestTypes.Unit.UnitTestAdapter, Microsoft.VisualStudio.QualityTools.Tips.UnitTest.Adapter, Version=10.0.0.0, Culture=neutral, PublicKeyToken=b03f5f7f11d50a3a" className="TestTukey53HPreprocessor.Tukey53HPreprocessorTest, TestTukey53HPreprocessor, Version=1.0.0.0, Culture=neutral, PublicKeyToken=null" name="RegressionTests" />
    </UnitTest>
    <UnitTest name="WeightedAverageConstructorCalculatesWeightsSumCorrectlyTest" storage="c:\users\vladyslav.gorbatiuk.synapse\dropbox\bs_work\datapreprocessing\weightedaveragetest\bin\debug\weightedaveragetest.dll" id="0deb66dc-f3dc-fac4-162d-a6780538cbef">
      <Execution id="d023b572-9f83-4ab7-ad2c-c9323f59cd22" />
      <TestMethod codeBase="C:/Users/vladyslav.gorbatiuk.SYNAPSE/Dropbox/BS_Work/DataPreprocessing/WeightedAverageTest/bin/Debug/WeightedAverageTest.DLL" adapterTypeName="Microsoft.VisualStudio.TestTools.TestTypes.Unit.UnitTestAdapter, Microsoft.VisualStudio.QualityTools.Tips.UnitTest.Adapter, Version=10.0.0.0, Culture=neutral, PublicKeyToken=b03f5f7f11d50a3a" className="WeightedAverageTest.WeightedAverageTest, WeightedAverageTest, Version=1.0.0.0, Culture=neutral, PublicKeyToken=null" name="WeightedAverageConstructorCalculatesWeightsSumCorrectlyTest" />
    </UnitTest>
    <UnitTest name="ProcessTest" storage="c:\users\vladyslav.gorbatiuk.synapse\dropbox\bs_work\datapreprocessing\testmedianprocessor\bin\debug\testmedianprocessor.dll" id="1875a93a-f552-02e5-6f9e-7740719a86d2">
      <Execution id="bce160c2-6500-42c3-8976-72984c9325fe" />
      <TestMethod codeBase="C:/Users/vladyslav.gorbatiuk.SYNAPSE/Dropbox/BS_Work/DataPreprocessing/TestMedianProcessor/bin/Debug/TestMedianProcessor.DLL" adapterTypeName="Microsoft.VisualStudio.TestTools.TestTypes.Unit.UnitTestAdapter, Microsoft.VisualStudio.QualityTools.Tips.UnitTest.Adapter, Version=10.0.0.0, Culture=neutral, PublicKeyToken=b03f5f7f11d50a3a" className="TestMedianProcessor.MedianPreprocessorTest, TestMedianProcessor, Version=1.0.0.0, Culture=neutral, PublicKeyToken=null" name="ProcessTest" />
    </UnitTest>
    <UnitTest name="ProcessUnordinaryWindowSizesTest" storage="c:\users\vladyslav.gorbatiuk.synapse\dropbox\bs_work\datapreprocessing\testmedianprocessor\bin\debug\testmedianprocessor.dll" id="1fbe4fc4-4125-8ba2-c054-349323ecb993">
      <Execution id="0747c233-2be4-44f7-8dcf-46a518bb0cc3" />
      <TestMethod codeBase="C:/Users/vladyslav.gorbatiuk.SYNAPSE/Dropbox/BS_Work/DataPreprocessing/TestMedianProcessor/bin/Debug/TestMedianProcessor.DLL" adapterTypeName="Microsoft.VisualStudio.TestTools.TestTypes.Unit.UnitTestAdapter, Microsoft.VisualStudio.QualityTools.Tips.UnitTest.Adapter, Version=10.0.0.0, Culture=neutral, PublicKeyToken=b03f5f7f11d50a3a" className="TestMedianProcessor.MedianPreprocessorTest, TestMedianProcessor, Version=1.0.0.0, Culture=neutral, PublicKeyToken=null" name="ProcessUnordinaryWindowSizesTest" />
    </UnitTest>
    <UnitTest name="MedianPreprocessorConstructorTest" storage="c:\users\vladyslav.gorbatiuk.synapse\dropbox\bs_work\datapreprocessing\testmedianprocessor\bin\debug\testmedianprocessor.dll" id="e4c3f4e3-9eeb-063e-cd56-570432f53cee">
      <Execution id="2589f558-da90-4173-a245-7eb11c8a9ded" />
      <TestMethod codeBase="C:/Users/vladyslav.gorbatiuk.SYNAPSE/Dropbox/BS_Work/DataPreprocessing/TestMedianProcessor/bin/Debug/TestMedianProcessor.DLL" adapterTypeName="Microsoft.VisualStudio.TestTools.TestTypes.Unit.UnitTestAdapter, Microsoft.VisualStudio.QualityTools.Tips.UnitTest.Adapter, Version=10.0.0.0, Culture=neutral, PublicKeyToken=b03f5f7f11d50a3a" className="TestMedianProcessor.MedianPreprocessorTest, TestMedianProcessor, Version=1.0.0.0, Culture=neutral, PublicKeyToken=null" name="MedianPreprocessorConstructorTest" />
    </UnitTest>
    <UnitTest name="ProcessTest" storage="c:\users\vladyslav.gorbatiuk.synapse\dropbox\bs_work\datapreprocessing\testmeanprocessor\bin\debug\testmeanprocessor.dll" id="998fee1e-2376-fa93-e67e-ac5c0c37d915">
      <Execution id="461fd3a7-60df-4c2b-9632-fc61df9c8f8c" />
      <TestMethod codeBase="C:/Users/vladyslav.gorbatiuk.SYNAPSE/Dropbox/BS_Work/DataPreprocessing/TestMeanProcessor/bin/Debug/TestMeanProcessor.DLL" adapterTypeName="Microsoft.VisualStudio.TestTools.TestTypes.Unit.UnitTestAdapter, Microsoft.VisualStudio.QualityTools.Tips.UnitTest.Adapter, Version=10.0.0.0, Culture=neutral, PublicKeyToken=b03f5f7f11d50a3a" className="TestMeanProcessor.MeanPreprocessorTest, TestMeanProcessor, Version=1.0.0.0, Culture=neutral, PublicKeyToken=null" name="ProcessTest" />
    </UnitTest>
  </TestDefinitions>
  <TestLists>
    <TestList name="Results Not in a List" id="8c84fa94-04c1-424b-9868-57a2d4851a1d" />
    <TestList name="All Loaded Results" id="19431567-8539-422a-85d7-44ee4e166bda" />
  </TestLists>
  <TestEntries>
    <TestEntry testId="0a5d8a87-71b3-96f7-9b96-d7eb0f7bc09b" executionId="e88f5900-a4af-47dd-9f2e-a54761a5661c" testListId="8c84fa94-04c1-424b-9868-57a2d4851a1d" />
    <TestEntry testId="0deb66dc-f3dc-fac4-162d-a6780538cbef" executionId="d023b572-9f83-4ab7-ad2c-c9323f59cd22" testListId="8c84fa94-04c1-424b-9868-57a2d4851a1d" />
    <TestEntry testId="0f43129b-a67f-8f4b-602b-4316a4b0cbfa" executionId="47ce128c-bffd-43c2-8309-f0de180b339a" testListId="8c84fa94-04c1-424b-9868-57a2d4851a1d" />
    <TestEntry testId="1581adcd-ba83-3a4b-a664-0368187374d1" executionId="8e685afb-360a-44c0-ad61-63e5c88715c1" testListId="8c84fa94-04c1-424b-9868-57a2d4851a1d" />
    <TestEntry testId="1875a93a-f552-02e5-6f9e-7740719a86d2" executionId="bce160c2-6500-42c3-8976-72984c9325fe" testListId="8c84fa94-04c1-424b-9868-57a2d4851a1d" />
    <TestEntry testId="1fbe4fc4-4125-8ba2-c054-349323ecb993" executionId="0747c233-2be4-44f7-8dcf-46a518bb0cc3" testListId="8c84fa94-04c1-424b-9868-57a2d4851a1d" />
    <TestEntry testId="7adc5048-9fc6-28b1-020d-2cab5e2848a1" executionId="6c64f118-6948-4e42-a0ac-25e23c9339ec" testListId="8c84fa94-04c1-424b-9868-57a2d4851a1d" />
    <TestEntry testId="998fee1e-2376-fa93-e67e-ac5c0c37d915" executionId="461fd3a7-60df-4c2b-9632-fc61df9c8f8c" testListId="8c84fa94-04c1-424b-9868-57a2d4851a1d" />
    <TestEntry testId="a8ad0b78-a3ab-6d92-b20b-ec2d378fd148" executionId="75a5b8b5-0e7c-4d32-889a-56f772a3e9da" testListId="8c84fa94-04c1-424b-9868-57a2d4851a1d" />
    <TestEntry testId="c1afeb03-2e4d-7ec4-7311-eae06cb26823" executionId="ccb6a451-9b6b-430d-b29b-cd3b87d56352" testListId="8c84fa94-04c1-424b-9868-57a2d4851a1d" />
    <TestEntry testId="cd384c3b-0762-84cc-c9ff-0a1cf45f5179" executionId="ebc52049-9e70-4fe6-9593-c2c44e3da282" testListId="8c84fa94-04c1-424b-9868-57a2d4851a1d" />
    <TestEntry testId="d132dbb6-21c4-eca4-4e92-1ad53fb6b9d5" executionId="de706837-c4ec-4d1f-b6c9-5fa5563ee3f8" testListId="8c84fa94-04c1-424b-9868-57a2d4851a1d" />
    <TestEntry testId="d6d3d0b6-8f9f-4871-0b45-3e9556e452bd" executionId="cb498ade-ece5-4ac0-a66d-109bba696e60" testListId="8c84fa94-04c1-424b-9868-57a2d4851a1d" />
    <TestEntry testId="d9769cdc-f8a5-63ad-d384-6bca4bf5b519" executionId="a4fc725e-961e-4214-bc1b-e03493b1f466" testListId="8c84fa94-04c1-424b-9868-57a2d4851a1d" />
    <TestEntry testId="e1b6011b-ed00-b6a9-ca3b-a2ecc7a442f8" executionId="00ede848-39d7-45a4-b75a-a1c573983291" testListId="8c84fa94-04c1-424b-9868-57a2d4851a1d" />
    <TestEntry testId="e4c3f4e3-9eeb-063e-cd56-570432f53cee" executionId="2589f558-da90-4173-a245-7eb11c8a9ded" testListId="8c84fa94-04c1-424b-9868-57a2d4851a1d" />
  </TestEntries>
  <Results>
    <UnitTestResult executionId="e88f5900-a4af-47dd-9f2e-a54761a5661c" testId="0a5d8a87-71b3-96f7-9b96-d7eb0f7bc09b" testName="WeightedAverageConstructorGeneralTest" computerName="KBP1-DHP-F24209" duration="00:00:00.0351358" startTime="2012-10-25T22:39:02.8763421+03:00" endTime="2012-10-25T22:39:04.0134558+03:00" testType="13cdc9d9-ddb5-4fa4-a97d-d965ccfc6d4b" outcome="Passed" testListId="8c84fa94-04c1-424b-9868-57a2d4851a1d" relativeResultsDirectory="e88f5900-a4af-47dd-9f2e-a54761a5661c">
    </UnitTestResult>
    <UnitTestResult executionId="d023b572-9f83-4ab7-ad2c-c9323f59cd22" testId="0deb66dc-f3dc-fac4-162d-a6780538cbef" testName="WeightedAverageConstructorCalculatesWeightsSumCorrectlyTest" computerName="KBP1-DHP-F24209" duration="00:00:00.0012820" startTime="2012-10-25T22:39:04.0314576+03:00" endTime="2012-10-25T22:39:04.0474592+03:00" testType="13cdc9d9-ddb5-4fa4-a97d-d965ccfc6d4b" outcome="Passed" testListId="8c84fa94-04c1-424b-9868-57a2d4851a1d" relativeResultsDirectory="d023b572-9f83-4ab7-ad2c-c9323f59cd22">
    </UnitTestResult>
    <UnitTestResult executionId="47ce128c-bffd-43c2-8309-f0de180b339a" testId="0f43129b-a67f-8f4b-602b-4316a4b0cbfa" testName="ProcessMedianForEvenWindowSizeTest" computerName="KBP1-DHP-F24209" duration="00:00:00.0518983" startTime="2012-10-25T22:39:04.0794624+03:00" endTime="2012-10-25T22:39:04.9295474+03:00" testType="13cdc9d9-ddb5-4fa4-a97d-d965ccfc6d4b" outcome="Passed" testListId="8c84fa94-04c1-424b-9868-57a2d4851a1d" relativeResultsDirectory="47ce128c-bffd-43c2-8309-f0de180b339a">
    </UnitTestResult>
    <UnitTestResult executionId="8e685afb-360a-44c0-ad61-63e5c88715c1" testId="1581adcd-ba83-3a4b-a664-0368187374d1" testName="ProcessUnordinaryWindowSizesTest" computerName="KBP1-DHP-F24209" duration="00:00:00.0416386" startTime="2012-10-25T22:39:04.9375482+03:00" endTime="2012-10-25T22:39:05.7406285+03:00" testType="13cdc9d9-ddb5-4fa4-a97d-d965ccfc6d4b" outcome="Passed" testListId="8c84fa94-04c1-424b-9868-57a2d4851a1d" relativeResultsDirectory="8e685afb-360a-44c0-ad61-63e5c88715c1">
    </UnitTestResult>
    <UnitTestResult executionId="bce160c2-6500-42c3-8976-72984c9325fe" testId="1875a93a-f552-02e5-6f9e-7740719a86d2" testName="ProcessTest" computerName="KBP1-DHP-F24209" duration="00:00:00.0003884" startTime="2012-10-25T22:39:05.7556300+03:00" endTime="2012-10-25T22:39:05.7606305+03:00" testType="13cdc9d9-ddb5-4fa4-a97d-d965ccfc6d4b" outcome="Passed" testListId="8c84fa94-04c1-424b-9868-57a2d4851a1d" relativeResultsDirectory="bce160c2-6500-42c3-8976-72984c9325fe">
    </UnitTestResult>
    <UnitTestResult executionId="0747c233-2be4-44f7-8dcf-46a518bb0cc3" testId="1fbe4fc4-4125-8ba2-c054-349323ecb993" testName="ProcessUnordinaryWindowSizesTest" computerName="KBP1-DHP-F24209" duration="00:00:00.0003839" startTime="2012-10-25T22:39:05.7796324+03:00" endTime="2012-10-25T22:39:05.7866331+03:00" testType="13cdc9d9-ddb5-4fa4-a97d-d965ccfc6d4b" outcome="Passed" testListId="8c84fa94-04c1-424b-9868-57a2d4851a1d" relativeResultsDirectory="0747c233-2be4-44f7-8dcf-46a518bb0cc3">
    </UnitTestResult>
    <UnitTestResult executionId="6c64f118-6948-4e42-a0ac-25e23c9339ec" testId="7adc5048-9fc6-28b1-020d-2cab5e2848a1" testName="ProcessTest" computerName="KBP1-DHP-F24209" duration="00:00:00.0236842" startTime="2012-10-25T22:39:05.8006345+03:00" endTime="2012-10-25T22:39:05.8296374+03:00" testType="13cdc9d9-ddb5-4fa4-a97d-d965ccfc6d4b" outcome="Passed" testListId="8c84fa94-04c1-424b-9868-57a2d4851a1d" relativeResultsDirectory="6c64f118-6948-4e42-a0ac-25e23c9339ec">
    </UnitTestResult>
    <UnitTestResult executionId="461fd3a7-60df-4c2b-9632-fc61df9c8f8c" testId="998fee1e-2376-fa93-e67e-ac5c0c37d915" testName="ProcessTest" computerName="KBP1-DHP-F24209" duration="00:00:00.0005196" startTime="2012-10-25T22:39:05.8416386+03:00" endTime="2012-10-25T22:39:05.8476392+03:00" testType="13cdc9d9-ddb5-4fa4-a97d-d965ccfc6d4b" outcome="Passed" testListId="8c84fa94-04c1-424b-9868-57a2d4851a1d" relativeResultsDirectory="461fd3a7-60df-4c2b-9632-fc61df9c8f8c">
    </UnitTestResult>
    <UnitTestResult executionId="75a5b8b5-0e7c-4d32-889a-56f772a3e9da" testId="a8ad0b78-a3ab-6d92-b20b-ec2d378fd148" testName="RegressionTests" computerName="KBP1-DHP-F24209" duration="00:00:00.0538883" startTime="2012-10-25T22:39:05.8576402+03:00" endTime="2012-10-25T22:39:06.6557200+03:00" testType="13cdc9d9-ddb5-4fa4-a97d-d965ccfc6d4b" outcome="Passed" testListId="8c84fa94-04c1-424b-9868-57a2d4851a1d" relativeResultsDirectory="75a5b8b5-0e7c-4d32-889a-56f772a3e9da">
    </UnitTestResult>
    <UnitTestResult executionId="ccb6a451-9b6b-430d-b29b-cd3b87d56352" testId="c1afeb03-2e4d-7ec4-7311-eae06cb26823" testName="WeightedAverageConstructorThrowsExceptionTest" computerName="KBP1-DHP-F24209" duration="00:00:00.0225500" startTime="2012-10-25T22:39:06.6627207+03:00" endTime="2012-10-25T22:39:06.6927237+03:00" testType="13cdc9d9-ddb5-4fa4-a97d-d965ccfc6d4b" outcome="Passed" testListId="8c84fa94-04c1-424b-9868-57a2d4851a1d" relativeResultsDirectory="ccb6a451-9b6b-430d-b29b-cd3b87d56352">
    </UnitTestResult>
    <UnitTestResult executionId="ebc52049-9e70-4fe6-9593-c2c44e3da282" testId="cd384c3b-0762-84cc-c9ff-0a1cf45f5179" testName="MeanPreprocessorConstructorWindowSizeOnlyPositiveTest" computerName="KBP1-DHP-F24209" duration="00:00:00.0181013" startTime="2012-10-25T22:39:06.6997244+03:00" endTime="2012-10-25T22:39:06.7227267+03:00" testType="13cdc9d9-ddb5-4fa4-a97d-d965ccfc6d4b" outcome="Passed" testListId="8c84fa94-04c1-424b-9868-57a2d4851a1d" relativeResultsDirectory="ebc52049-9e70-4fe6-9593-c2c44e3da282">
    </UnitTestResult>
    <UnitTestResult executionId="de706837-c4ec-4d1f-b6c9-5fa5563ee3f8" testId="d132dbb6-21c4-eca4-4e92-1ad53fb6b9d5" testName="ProcessTest" computerName="KBP1-DHP-F24209" duration="00:00:00.0006440" startTime="2012-10-25T22:39:06.7297274+03:00" endTime="2012-10-25T22:39:06.7357280+03:00" testType="13cdc9d9-ddb5-4fa4-a97d-d965ccfc6d4b" outcome="Passed" testListId="8c84fa94-04c1-424b-9868-57a2d4851a1d" relativeResultsDirectory="de706837-c4ec-4d1f-b6c9-5fa5563ee3f8">
    </UnitTestResult>
    <UnitTestResult executionId="cb498ade-ece5-4ac0-a66d-109bba696e60" testId="d6d3d0b6-8f9f-4871-0b45-3e9556e452bd" testName="MeanPreprocessorConstructorTest" computerName="KBP1-DHP-F24209" duration="00:00:00.0003695" startTime="2012-10-25T22:39:06.7447289+03:00" endTime="2012-10-25T22:39:06.7497294+03:00" testType="13cdc9d9-ddb5-4fa4-a97d-d965ccfc6d4b" outcome="Passed" testListId="8c84fa94-04c1-424b-9868-57a2d4851a1d" relativeResultsDirectory="cb498ade-ece5-4ac0-a66d-109bba696e60">
    </UnitTestResult>
    <UnitTestResult executionId="a4fc725e-961e-4214-bc1b-e03493b1f466" testId="d9769cdc-f8a5-63ad-d384-6bca4bf5b519" testName="ProcessTest" computerName="KBP1-DHP-F24209" duration="00:00:09.8634075" startTime="2012-10-25T22:39:06.7577302+03:00" endTime="2012-10-25T22:39:17.3567900+03:00" testType="13cdc9d9-ddb5-4fa4-a97d-d965ccfc6d4b" outcome="Failed" testListId="8c84fa94-04c1-424b-9868-57a2d4851a1d" relativeResultsDirectory="a4fc725e-961e-4214-bc1b-e03493b1f466">
      <Output>
        <ErrorInfo>
          <Message>Test method TestFourierPreprocessor.FourierPreprocessorTest.ProcessTest threw exception: 
System.InvalidCastException: Specified cast is not valid.</Message>
          <StackTrace>    at System.Linq.Enumerable.&lt;CastIterator&gt;d__b1`1.MoveNext()
   at System.Linq.Buffer`1..ctor(IEnumerable`1 source)
   at System.Linq.Enumerable.ToArray[TSource](IEnumerable`1 source)
   at DataPreprocessing.FourierPreprocessor.Process(DataObject iObject) in C:\Users\vladyslav.gorbatiuk.SYNAPSE\Dropbox\BS_Work\DataPreprocessing\DataPreprocessing\Preprocessors.cs:line 271
   at TestFourierPreprocessor.FourierPreprocessorTest.ProcessTest() in C:\Users\vladyslav.gorbatiuk.SYNAPSE\Dropbox\BS_Work\DataPreprocessing\FourierPreprocessor\FourierPreprocessorTest.cs:line 85
</StackTrace>
        </ErrorInfo>
      </Output>
    </UnitTestResult>
    <UnitTestResult executionId="00ede848-39d7-45a4-b75a-a1c573983291" testId="e1b6011b-ed00-b6a9-ca3b-a2ecc7a442f8" testName="MedianPreprocessorConstructorWindowSizeOnlyPositiveTest" computerName="KBP1-DHP-F24209" duration="00:00:00.0196111" startTime="2012-10-25T22:39:17.3737917+03:00" endTime="2012-10-25T22:39:17.4007944+03:00" testType="13cdc9d9-ddb5-4fa4-a97d-d965ccfc6d4b" outcome="Passed" testListId="8c84fa94-04c1-424b-9868-57a2d4851a1d" relativeResultsDirectory="00ede848-39d7-45a4-b75a-a1c573983291">
    </UnitTestResult>
    <UnitTestResult executionId="2589f558-da90-4173-a245-7eb11c8a9ded" testId="e4c3f4e3-9eeb-063e-cd56-570432f53cee" testName="MedianPreprocessorConstructorTest" computerName="KBP1-DHP-F24209" duration="00:00:00.0003541" startTime="2012-10-25T22:39:17.4167960+03:00" endTime="2012-10-25T22:39:17.4227966+03:00" testType="13cdc9d9-ddb5-4fa4-a97d-d965ccfc6d4b" outcome="Passed" testListId="8c84fa94-04c1-424b-9868-57a2d4851a1d" relativeResultsDirectory="2589f558-da90-4173-a245-7eb11c8a9ded">
    </UnitTestResult>
  </Results>
</TestRun>