<?xml version="1.0" encoding="UTF-8"?>
<TestRun id="9ca925fe-bdd5-48a3-b482-eca878aa50fb" name="vladyslav.gorbatiuk@KBP1-DHP-F24209 2012-10-25 22:43:08" runUser="SYNAPSE\vladyslav.gorbatiuk" xmlns="http://microsoft.com/schemas/VisualStudio/TeamTest/2010">
  <TestSettings name="Local" id="8ec6e025-1e2a-4a48-ba26-658fa7723179">
    <Description>These are default test settings for a local test run.</Description>
    <Deployment enabled="false" runDeploymentRoot="vladyslav.gorbatiuk_KBP1-DHP-F24209 2012-10-25 22_43_08">
      <DeploymentItem filename="C:\Users\vladyslav.gorbatiuk.SYNAPSE\Dropbox\BS_Work\DataObject\DataObject\bin\Debug\DataObject.dll" />
      <DeploymentItem filename="C:\Users\vladyslav.gorbatiuk.SYNAPSE\Dropbox\BS_Work\DataPreprocessing\DataPreprocessing\bin\Debug\DataPreprocessing.dll" />
      <DeploymentItem filename="C:\Program Files (x86)\AForge.NET\Framework\Release\AForge.Math.dll" />
    </Deployment>
    <Execution>
      <TestTypeSpecific />
      <AgentRule name="Execution Agents">
      </AgentRule>
    </Execution>
  </TestSettings>
  <Times creation="2012-10-25T22:43:08.8129333+03:00" queuing="2012-10-25T22:43:11.3391859+03:00" start="2012-10-25T22:43:11.4521972+03:00" finish="2012-10-25T22:44:31.8182330+03:00" />
  <ResultSummary outcome="Failed">
    <Counters total="16" executed="16" passed="15" error="0" failed="1" timeout="0" aborted="0" inconclusive="0" passedButRunAborted="0" notRunnable="0" notExecuted="0" disconnected="0" warning="0" completed="0" inProgress="0" pending="0" />
  </ResultSummary>
  <TestDefinitions>
    <UnitTest name="MedianPreprocessorConstructorWindowSizeOnlyPositiveTest" storage="c:\users\vladyslav.gorbatiuk.synapse\dropbox\bs_work\datapreprocessing\testmedianprocessor\bin\debug\testmedianprocessor.dll" id="e1b6011b-ed00-b6a9-ca3b-a2ecc7a442f8">
      <Execution id="d7a2c837-2201-48d0-a280-d64d03d851ae" />
      <TestMethod codeBase="C:/Users/vladyslav.gorbatiuk.SYNAPSE/Dropbox/BS_Work/DataPreprocessing/TestMedianProcessor/bin/Debug/TestMedianProcessor.DLL" adapterTypeName="Microsoft.VisualStudio.TestTools.TestTypes.Unit.UnitTestAdapter, Microsoft.VisualStudio.QualityTools.Tips.UnitTest.Adapter, Version=10.0.0.0, Culture=neutral, PublicKeyToken=b03f5f7f11d50a3a" className="TestMedianProcessor.MedianPreprocessorTest, TestMedianProcessor, Version=1.0.0.0, Culture=neutral, PublicKeyToken=null" name="MedianPreprocessorConstructorWindowSizeOnlyPositiveTest" />
    </UnitTest>
    <UnitTest name="WeightedAverageConstructorGeneralTest" storage="c:\users\vladyslav.gorbatiuk.synapse\dropbox\bs_work\datapreprocessing\weightedaveragetest\bin\debug\weightedaveragetest.dll" id="0a5d8a87-71b3-96f7-9b96-d7eb0f7bc09b">
      <Execution id="8c537290-a0d4-4e9e-bf36-a6cf12361b5d" />
      <TestMethod codeBase="C:/Users/vladyslav.gorbatiuk.SYNAPSE/Dropbox/BS_Work/DataPreprocessing/WeightedAverageTest/bin/Debug/WeightedAverageTest.DLL" adapterTypeName="Microsoft.VisualStudio.TestTools.TestTypes.Unit.UnitTestAdapter, Microsoft.VisualStudio.QualityTools.Tips.UnitTest.Adapter, Version=10.0.0.0, Culture=neutral, PublicKeyToken=b03f5f7f11d50a3a" className="WeightedAverageTest.WeightedAverageTest, WeightedAverageTest, Version=1.0.0.0, Culture=neutral, PublicKeyToken=null" name="WeightedAverageConstructorGeneralTest" />
    </UnitTest>
    <UnitTest name="MeanPreprocessorConstructorWindowSizeOnlyPositiveTest" storage="c:\users\vladyslav.gorbatiuk.synapse\dropbox\bs_work\datapreprocessing\testmeanprocessor\bin\debug\testmeanprocessor.dll" id="cd384c3b-0762-84cc-c9ff-0a1cf45f5179">
      <Execution id="a6290442-449e-4cfe-971f-9b719338d5d9" />
      <TestMethod codeBase="C:/Users/vladyslav.gorbatiuk.SYNAPSE/Dropbox/BS_Work/DataPreprocessing/TestMeanProcessor/bin/Debug/TestMeanProcessor.DLL" adapterTypeName="Microsoft.VisualStudio.TestTools.TestTypes.Unit.UnitTestAdapter, Microsoft.VisualStudio.QualityTools.Tips.UnitTest.Adapter, Version=10.0.0.0, Culture=neutral, PublicKeyToken=b03f5f7f11d50a3a" className="TestMeanProcessor.MeanPreprocessorTest, TestMeanProcessor, Version=1.0.0.0, Culture=neutral, PublicKeyToken=null" name="MeanPreprocessorConstructorWindowSizeOnlyPositiveTest" />
    </UnitTest>
    <UnitTest name="ProcessTest" storage="c:\users\vladyslav.gorbatiuk.synapse\dropbox\bs_work\datapreprocessing\weightedaveragetest\bin\debug\weightedaveragetest.dll" id="7adc5048-9fc6-28b1-020d-2cab5e2848a1">
      <Execution id="3d2de974-146d-4f6c-a24d-2dc140a2e13a" />
      <TestMethod codeBase="C:/Users/vladyslav.gorbatiuk.SYNAPSE/Dropbox/BS_Work/DataPreprocessing/WeightedAverageTest/bin/Debug/WeightedAverageTest.DLL" adapterTypeName="Microsoft.VisualStudio.TestTools.TestTypes.Unit.UnitTestAdapter, Microsoft.VisualStudio.QualityTools.Tips.UnitTest.Adapter, Version=10.0.0.0, Culture=neutral, PublicKeyToken=b03f5f7f11d50a3a" className="WeightedAverageTest.WeightedAverageTest, WeightedAverageTest, Version=1.0.0.0, Culture=neutral, PublicKeyToken=null" name="ProcessTest" />
    </UnitTest>
    <UnitTest name="ProcessMedianForEvenWindowSizeTest" storage="c:\users\vladyslav.gorbatiuk.synapse\dropbox\bs_work\datapreprocessing\testmedianprocessor\bin\debug\testmedianprocessor.dll" id="0f43129b-a67f-8f4b-602b-4316a4b0cbfa">
      <Execution id="418b1174-5454-4308-bfd0-6002799c01fb" />
      <TestMethod codeBase="C:/Users/vladyslav.gorbatiuk.SYNAPSE/Dropbox/BS_Work/DataPreprocessing/TestMedianProcessor/bin/Debug/TestMedianProcessor.DLL" adapterTypeName="Microsoft.VisualStudio.TestTools.TestTypes.Unit.UnitTestAdapter, Microsoft.VisualStudio.QualityTools.Tips.UnitTest.Adapter, Version=10.0.0.0, Culture=neutral, PublicKeyToken=b03f5f7f11d50a3a" className="TestMedianProcessor.MedianPreprocessorTest, TestMedianProcessor, Version=1.0.0.0, Culture=neutral, PublicKeyToken=null" name="ProcessMedianForEvenWindowSizeTest" />
    </UnitTest>
    <UnitTest name="ProcessUnordinaryWindowSizesTest" storage="c:\users\vladyslav.gorbatiuk.synapse\dropbox\bs_work\datapreprocessing\testmeanprocessor\bin\debug\testmeanprocessor.dll" id="1581adcd-ba83-3a4b-a664-0368187374d1">
      <Execution id="a5f57cf8-ae4b-4c91-ae79-780360fa2789" />
      <TestMethod codeBase="C:/Users/vladyslav.gorbatiuk.SYNAPSE/Dropbox/BS_Work/DataPreprocessing/TestMeanProcessor/bin/Debug/TestMeanProcessor.DLL" adapterTypeName="Microsoft.VisualStudio.TestTools.TestTypes.Unit.UnitTestAdapter, Microsoft.VisualStudio.QualityTools.Tips.UnitTest.Adapter, Version=10.0.0.0, Culture=neutral, PublicKeyToken=b03f5f7f11d50a3a" className="TestMeanProcessor.MeanPreprocessorTest, TestMeanProcessor, Version=1.0.0.0, Culture=neutral, PublicKeyToken=null" name="ProcessUnordinaryWindowSizesTest" />
    </UnitTest>
    <UnitTest name="ProcessTest" storage="c:\users\vladyslav.gorbatiuk.synapse\dropbox\bs_work\datapreprocessing\fourierpreprocessor\bin\debug\fourierpreprocessor.dll" id="d9769cdc-f8a5-63ad-d384-6bca4bf5b519">
      <Execution id="555efb00-87a7-49f5-a4af-9be592acce27" />
      <TestMethod codeBase="C:/Users/vladyslav.gorbatiuk.SYNAPSE/Dropbox/BS_Work/DataPreprocessing/FourierPreprocessor/bin/Debug/FourierPreprocessor.DLL" adapterTypeName="Microsoft.VisualStudio.TestTools.TestTypes.Unit.UnitTestAdapter, Microsoft.VisualStudio.QualityTools.Tips.UnitTest.Adapter, Version=10.0.0.0, Culture=neutral, PublicKeyToken=b03f5f7f11d50a3a" className="TestFourierPreprocessor.FourierPreprocessorTest, FourierPreprocessor, Version=1.0.0.0, Culture=neutral, PublicKeyToken=null" name="ProcessTest" />
    </UnitTest>
    <UnitTest name="WeightedAverageConstructorThrowsExceptionTest" storage="c:\users\vladyslav.gorbatiuk.synapse\dropbox\bs_work\datapreprocessing\weightedaveragetest\bin\debug\weightedaveragetest.dll" id="c1afeb03-2e4d-7ec4-7311-eae06cb26823">
      <Execution id="5586f52e-ed46-4a9e-98b7-e2a0e4c2fb20" />
      <TestMethod codeBase="C:/Users/vladyslav.gorbatiuk.SYNAPSE/Dropbox/BS_Work/DataPreprocessing/WeightedAverageTest/bin/Debug/WeightedAverageTest.DLL" adapterTypeName="Microsoft.VisualStudio.TestTools.TestTypes.Unit.UnitTestAdapter, Microsoft.VisualStudio.QualityTools.Tips.UnitTest.Adapter, Version=10.0.0.0, Culture=neutral, PublicKeyToken=b03f5f7f11d50a3a" className="WeightedAverageTest.WeightedAverageTest, WeightedAverageTest, Version=1.0.0.0, Culture=neutral, PublicKeyToken=null" name="WeightedAverageConstructorThrowsExceptionTest" />
    </UnitTest>
    <UnitTest name="ProcessTest" storage="c:\users\vladyslav.gorbatiuk.synapse\dropbox\bs_work\datapreprocessing\testtukey53hpreprocessor\bin\debug\testtukey53hpreprocessor.dll" id="d132dbb6-21c4-eca4-4e92-1ad53fb6b9d5">
      <Execution id="c2231d9b-0964-4632-be58-4a2bd942e7cf" />
      <TestMethod codeBase="C:/Users/vladyslav.gorbatiuk.SYNAPSE/Dropbox/BS_Work/DataPreprocessing/TestTukey53HPreprocessor/bin/Debug/TestTukey53HPreprocessor.DLL" adapterTypeName="Microsoft.VisualStudio.TestTools.TestTypes.Unit.UnitTestAdapter, Microsoft.VisualStudio.QualityTools.Tips.UnitTest.Adapter, Version=10.0.0.0, Culture=neutral, PublicKeyToken=b03f5f7f11d50a3a" className="TestTukey53HPreprocessor.Tukey53HPreprocessorTest, TestTukey53HPreprocessor, Version=1.0.0.0, Culture=neutral, PublicKeyToken=null" name="ProcessTest" />
    </UnitTest>
    <UnitTest name="MeanPreprocessorConstructorTest" storage="c:\users\vladyslav.gorbatiuk.synapse\dropbox\bs_work\datapreprocessing\testmeanprocessor\bin\debug\testmeanprocessor.dll" id="d6d3d0b6-8f9f-4871-0b45-3e9556e452bd">
      <Execution id="8a3f9677-469f-44b2-ab7e-9d055fd95c67" />
      <TestMethod codeBase="C:/Users/vladyslav.gorbatiuk.SYNAPSE/Dropbox/BS_Work/DataPreprocessing/TestMeanProcessor/bin/Debug/TestMeanProcessor.DLL" adapterTypeName="Microsoft.VisualStudio.TestTools.TestTypes.Unit.UnitTestAdapter, Microsoft.VisualStudio.QualityTools.Tips.UnitTest.Adapter, Version=10.0.0.0, Culture=neutral, PublicKeyToken=b03f5f7f11d50a3a" className="TestMeanProcessor.MeanPreprocessorTest, TestMeanProcessor, Version=1.0.0.0, Culture=neutral, PublicKeyToken=null" name="MeanPreprocessorConstructorTest" />
    </UnitTest>
    <UnitTest name="RegressionTests" storage="c:\users\vladyslav.gorbatiuk.synapse\dropbox\bs_work\datapreprocessing\testtukey53hpreprocessor\bin\debug\testtukey53hpreprocessor.dll" id="a8ad0b78-a3ab-6d92-b20b-ec2d378fd148">
      <Execution id="c783993c-c16d-4dd8-b1b9-c062d08aeaa1" />
      <TestMethod codeBase="C:/Users/vladyslav.gorbatiuk.SYNAPSE/Dropbox/BS_Work/DataPreprocessing/TestTukey53HPreprocessor/bin/Debug/TestTukey53HPreprocessor.DLL" adapterTypeName="Microsoft.VisualStudio.TestTools.TestTypes.Unit.UnitTestAdapter, Microsoft.VisualStudio.QualityTools.Tips.UnitTest.Adapter, Version=10.0.0.0, Culture=neutral, PublicKeyToken=b03f5f7f11d50a3a" className="TestTukey53HPreprocessor.Tukey53HPreprocessorTest, TestTukey53HPreprocessor, Version=1.0.0.0, Culture=neutral, PublicKeyToken=null" name="RegressionTests" />
    </UnitTest>
    <UnitTest name="WeightedAverageConstructorCalculatesWeightsSumCorrectlyTest" storage="c:\users\vladyslav.gorbatiuk.synapse\dropbox\bs_work\datapreprocessing\weightedaveragetest\bin\debug\weightedaveragetest.dll" id="0deb66dc-f3dc-fac4-162d-a6780538cbef">
      <Execution id="8e6e09ed-b783-4bc0-bb35-93412a73d8f8" />
      <TestMethod codeBase="C:/Users/vladyslav.gorbatiuk.SYNAPSE/Dropbox/BS_Work/DataPreprocessing/WeightedAverageTest/bin/Debug/WeightedAverageTest.DLL" adapterTypeName="Microsoft.VisualStudio.TestTools.TestTypes.Unit.UnitTestAdapter, Microsoft.VisualStudio.QualityTools.Tips.UnitTest.Adapter, Version=10.0.0.0, Culture=neutral, PublicKeyToken=b03f5f7f11d50a3a" className="WeightedAverageTest.WeightedAverageTest, WeightedAverageTest, Version=1.0.0.0, Culture=neutral, PublicKeyToken=null" name="WeightedAverageConstructorCalculatesWeightsSumCorrectlyTest" />
    </UnitTest>
    <UnitTest name="ProcessTest" storage="c:\users\vladyslav.gorbatiuk.synapse\dropbox\bs_work\datapreprocessing\testmedianprocessor\bin\debug\testmedianprocessor.dll" id="1875a93a-f552-02e5-6f9e-7740719a86d2">
      <Execution id="a7d53772-bacf-4173-84d2-c62ffc9e90bb" />
      <TestMethod codeBase="C:/Users/vladyslav.gorbatiuk.SYNAPSE/Dropbox/BS_Work/DataPreprocessing/TestMedianProcessor/bin/Debug/TestMedianProcessor.DLL" adapterTypeName="Microsoft.VisualStudio.TestTools.TestTypes.Unit.UnitTestAdapter, Microsoft.VisualStudio.QualityTools.Tips.UnitTest.Adapter, Version=10.0.0.0, Culture=neutral, PublicKeyToken=b03f5f7f11d50a3a" className="TestMedianProcessor.MedianPreprocessorTest, TestMedianProcessor, Version=1.0.0.0, Culture=neutral, PublicKeyToken=null" name="ProcessTest" />
    </UnitTest>
    <UnitTest name="ProcessUnordinaryWindowSizesTest" storage="c:\users\vladyslav.gorbatiuk.synapse\dropbox\bs_work\datapreprocessing\testmedianprocessor\bin\debug\testmedianprocessor.dll" id="1fbe4fc4-4125-8ba2-c054-349323ecb993">
      <Execution id="aab7c5a3-d68a-4a85-914b-9a68a00fec47" />
      <TestMethod codeBase="C:/Users/vladyslav.gorbatiuk.SYNAPSE/Dropbox/BS_Work/DataPreprocessing/TestMedianProcessor/bin/Debug/TestMedianProcessor.DLL" adapterTypeName="Microsoft.VisualStudio.TestTools.TestTypes.Unit.UnitTestAdapter, Microsoft.VisualStudio.QualityTools.Tips.UnitTest.Adapter, Version=10.0.0.0, Culture=neutral, PublicKeyToken=b03f5f7f11d50a3a" className="TestMedianProcessor.MedianPreprocessorTest, TestMedianProcessor, Version=1.0.0.0, Culture=neutral, PublicKeyToken=null" name="ProcessUnordinaryWindowSizesTest" />
    </UnitTest>
    <UnitTest name="MedianPreprocessorConstructorTest" storage="c:\users\vladyslav.gorbatiuk.synapse\dropbox\bs_work\datapreprocessing\testmedianprocessor\bin\debug\testmedianprocessor.dll" id="e4c3f4e3-9eeb-063e-cd56-570432f53cee">
      <Execution id="af454192-eef5-47a0-9751-f73887dbd046" />
      <TestMethod codeBase="C:/Users/vladyslav.gorbatiuk.SYNAPSE/Dropbox/BS_Work/DataPreprocessing/TestMedianProcessor/bin/Debug/TestMedianProcessor.DLL" adapterTypeName="Microsoft.VisualStudio.TestTools.TestTypes.Unit.UnitTestAdapter, Microsoft.VisualStudio.QualityTools.Tips.UnitTest.Adapter, Version=10.0.0.0, Culture=neutral, PublicKeyToken=b03f5f7f11d50a3a" className="TestMedianProcessor.MedianPreprocessorTest, TestMedianProcessor, Version=1.0.0.0, Culture=neutral, PublicKeyToken=null" name="MedianPreprocessorConstructorTest" />
    </UnitTest>
    <UnitTest name="ProcessTest" storage="c:\users\vladyslav.gorbatiuk.synapse\dropbox\bs_work\datapreprocessing\testmeanprocessor\bin\debug\testmeanprocessor.dll" id="998fee1e-2376-fa93-e67e-ac5c0c37d915">
      <Execution id="b0401deb-8e02-4aed-bf5f-a09edaf6b8fa" />
      <TestMethod codeBase="C:/Users/vladyslav.gorbatiuk.SYNAPSE/Dropbox/BS_Work/DataPreprocessing/TestMeanProcessor/bin/Debug/TestMeanProcessor.DLL" adapterTypeName="Microsoft.VisualStudio.TestTools.TestTypes.Unit.UnitTestAdapter, Microsoft.VisualStudio.QualityTools.Tips.UnitTest.Adapter, Version=10.0.0.0, Culture=neutral, PublicKeyToken=b03f5f7f11d50a3a" className="TestMeanProcessor.MeanPreprocessorTest, TestMeanProcessor, Version=1.0.0.0, Culture=neutral, PublicKeyToken=null" name="ProcessTest" />
    </UnitTest>
  </TestDefinitions>
  <TestLists>
    <TestList name="Results Not in a List" id="8c84fa94-04c1-424b-9868-57a2d4851a1d" />
    <TestList name="All Loaded Results" id="19431567-8539-422a-85d7-44ee4e166bda" />
  </TestLists>
  <TestEntries>
    <TestEntry testId="0a5d8a87-71b3-96f7-9b96-d7eb0f7bc09b" executionId="8c537290-a0d4-4e9e-bf36-a6cf12361b5d" testListId="8c84fa94-04c1-424b-9868-57a2d4851a1d" />
    <TestEntry testId="0deb66dc-f3dc-fac4-162d-a6780538cbef" executionId="8e6e09ed-b783-4bc0-bb35-93412a73d8f8" testListId="8c84fa94-04c1-424b-9868-57a2d4851a1d" />
    <TestEntry testId="0f43129b-a67f-8f4b-602b-4316a4b0cbfa" executionId="418b1174-5454-4308-bfd0-6002799c01fb" testListId="8c84fa94-04c1-424b-9868-57a2d4851a1d" />
    <TestEntry testId="1581adcd-ba83-3a4b-a664-0368187374d1" executionId="a5f57cf8-ae4b-4c91-ae79-780360fa2789" testListId="8c84fa94-04c1-424b-9868-57a2d4851a1d" />
    <TestEntry testId="1875a93a-f552-02e5-6f9e-7740719a86d2" executionId="a7d53772-bacf-4173-84d2-c62ffc9e90bb" testListId="8c84fa94-04c1-424b-9868-57a2d4851a1d" />
    <TestEntry testId="1fbe4fc4-4125-8ba2-c054-349323ecb993" executionId="aab7c5a3-d68a-4a85-914b-9a68a00fec47" testListId="8c84fa94-04c1-424b-9868-57a2d4851a1d" />
    <TestEntry testId="7adc5048-9fc6-28b1-020d-2cab5e2848a1" executionId="3d2de974-146d-4f6c-a24d-2dc140a2e13a" testListId="8c84fa94-04c1-424b-9868-57a2d4851a1d" />
    <TestEntry testId="998fee1e-2376-fa93-e67e-ac5c0c37d915" executionId="b0401deb-8e02-4aed-bf5f-a09edaf6b8fa" testListId="8c84fa94-04c1-424b-9868-57a2d4851a1d" />
    <TestEntry testId="a8ad0b78-a3ab-6d92-b20b-ec2d378fd148" executionId="c783993c-c16d-4dd8-b1b9-c062d08aeaa1" testListId="8c84fa94-04c1-424b-9868-57a2d4851a1d" />
    <TestEntry testId="c1afeb03-2e4d-7ec4-7311-eae06cb26823" executionId="5586f52e-ed46-4a9e-98b7-e2a0e4c2fb20" testListId="8c84fa94-04c1-424b-9868-57a2d4851a1d" />
    <TestEntry testId="cd384c3b-0762-84cc-c9ff-0a1cf45f5179" executionId="a6290442-449e-4cfe-971f-9b719338d5d9" testListId="8c84fa94-04c1-424b-9868-57a2d4851a1d" />
    <TestEntry testId="d132dbb6-21c4-eca4-4e92-1ad53fb6b9d5" executionId="c2231d9b-0964-4632-be58-4a2bd942e7cf" testListId="8c84fa94-04c1-424b-9868-57a2d4851a1d" />
    <TestEntry testId="d6d3d0b6-8f9f-4871-0b45-3e9556e452bd" executionId="8a3f9677-469f-44b2-ab7e-9d055fd95c67" testListId="8c84fa94-04c1-424b-9868-57a2d4851a1d" />
    <TestEntry testId="d9769cdc-f8a5-63ad-d384-6bca4bf5b519" executionId="555efb00-87a7-49f5-a4af-9be592acce27" testListId="8c84fa94-04c1-424b-9868-57a2d4851a1d" />
    <TestEntry testId="e1b6011b-ed00-b6a9-ca3b-a2ecc7a442f8" executionId="d7a2c837-2201-48d0-a280-d64d03d851ae" testListId="8c84fa94-04c1-424b-9868-57a2d4851a1d" />
    <TestEntry testId="e4c3f4e3-9eeb-063e-cd56-570432f53cee" executionId="af454192-eef5-47a0-9751-f73887dbd046" testListId="8c84fa94-04c1-424b-9868-57a2d4851a1d" />
  </TestEntries>
  <Results>
    <UnitTestResult executionId="8c537290-a0d4-4e9e-bf36-a6cf12361b5d" testId="0a5d8a87-71b3-96f7-9b96-d7eb0f7bc09b" testName="WeightedAverageConstructorGeneralTest" computerName="KBP1-DHP-F24209" duration="00:00:00.0424845" startTime="2012-10-25T22:43:11.5562076+03:00" endTime="2012-10-25T22:43:12.9123432+03:00" testType="13cdc9d9-ddb5-4fa4-a97d-d965ccfc6d4b" outcome="Passed" testListId="8c84fa94-04c1-424b-9868-57a2d4851a1d" relativeResultsDirectory="8c537290-a0d4-4e9e-bf36-a6cf12361b5d">
    </UnitTestResult>
    <UnitTestResult executionId="8e6e09ed-b783-4bc0-bb35-93412a73d8f8" testId="0deb66dc-f3dc-fac4-162d-a6780538cbef" testName="WeightedAverageConstructorCalculatesWeightsSumCorrectlyTest" computerName="KBP1-DHP-F24209" duration="00:00:00.0005783" startTime="2012-10-25T22:43:12.9303450+03:00" endTime="2012-10-25T22:43:12.9373457+03:00" testType="13cdc9d9-ddb5-4fa4-a97d-d965ccfc6d4b" outcome="Passed" testListId="8c84fa94-04c1-424b-9868-57a2d4851a1d" relativeResultsDirectory="8e6e09ed-b783-4bc0-bb35-93412a73d8f8">
    </UnitTestResult>
    <UnitTestResult executionId="418b1174-5454-4308-bfd0-6002799c01fb" testId="0f43129b-a67f-8f4b-602b-4316a4b0cbfa" testName="ProcessMedianForEvenWindowSizeTest" computerName="KBP1-DHP-F24209" duration="00:00:00.0516067" startTime="2012-10-25T22:43:12.9513471+03:00" endTime="2012-10-25T22:43:14.0444564+03:00" testType="13cdc9d9-ddb5-4fa4-a97d-d965ccfc6d4b" outcome="Passed" testListId="8c84fa94-04c1-424b-9868-57a2d4851a1d" relativeResultsDirectory="418b1174-5454-4308-bfd0-6002799c01fb">
    </UnitTestResult>
    <UnitTestResult executionId="a5f57cf8-ae4b-4c91-ae79-780360fa2789" testId="1581adcd-ba83-3a4b-a664-0368187374d1" testName="ProcessUnordinaryWindowSizesTest" computerName="KBP1-DHP-F24209" duration="00:00:00.0686928" startTime="2012-10-25T22:43:14.0554575+03:00" endTime="2012-10-25T22:43:15.2035723+03:00" testType="13cdc9d9-ddb5-4fa4-a97d-d965ccfc6d4b" outcome="Passed" testListId="8c84fa94-04c1-424b-9868-57a2d4851a1d" relativeResultsDirectory="a5f57cf8-ae4b-4c91-ae79-780360fa2789">
    </UnitTestResult>
    <UnitTestResult executionId="a7d53772-bacf-4173-84d2-c62ffc9e90bb" testId="1875a93a-f552-02e5-6f9e-7740719a86d2" testName="ProcessTest" computerName="KBP1-DHP-F24209" duration="00:00:00.0005748" startTime="2012-10-25T22:43:15.2185738+03:00" endTime="2012-10-25T22:43:15.2255745+03:00" testType="13cdc9d9-ddb5-4fa4-a97d-d965ccfc6d4b" outcome="Passed" testListId="8c84fa94-04c1-424b-9868-57a2d4851a1d" relativeResultsDirectory="a7d53772-bacf-4173-84d2-c62ffc9e90bb">
    </UnitTestResult>
    <UnitTestResult executionId="aab7c5a3-d68a-4a85-914b-9a68a00fec47" testId="1fbe4fc4-4125-8ba2-c054-349323ecb993" testName="ProcessUnordinaryWindowSizesTest" computerName="KBP1-DHP-F24209" duration="00:00:00.0005173" startTime="2012-10-25T22:43:15.2405760+03:00" endTime="2012-10-25T22:43:15.2465766+03:00" testType="13cdc9d9-ddb5-4fa4-a97d-d965ccfc6d4b" outcome="Passed" testListId="8c84fa94-04c1-424b-9868-57a2d4851a1d" relativeResultsDirectory="aab7c5a3-d68a-4a85-914b-9a68a00fec47">
    </UnitTestResult>
    <UnitTestResult executionId="3d2de974-146d-4f6c-a24d-2dc140a2e13a" testId="7adc5048-9fc6-28b1-020d-2cab5e2848a1" testName="ProcessTest" computerName="KBP1-DHP-F24209" duration="00:00:00.0225599" startTime="2012-10-25T22:43:15.2635783+03:00" endTime="2012-10-25T22:43:15.2925812+03:00" testType="13cdc9d9-ddb5-4fa4-a97d-d965ccfc6d4b" outcome="Passed" testListId="8c84fa94-04c1-424b-9868-57a2d4851a1d" relativeResultsDirectory="3d2de974-146d-4f6c-a24d-2dc140a2e13a">
    </UnitTestResult>
    <UnitTestResult executionId="b0401deb-8e02-4aed-bf5f-a09edaf6b8fa" testId="998fee1e-2376-fa93-e67e-ac5c0c37d915" testName="ProcessTest" computerName="KBP1-DHP-F24209" duration="00:00:00.0003983" startTime="2012-10-25T22:43:15.3025822+03:00" endTime="2012-10-25T22:43:15.3105830+03:00" testType="13cdc9d9-ddb5-4fa4-a97d-d965ccfc6d4b" outcome="Passed" testListId="8c84fa94-04c1-424b-9868-57a2d4851a1d" relativeResultsDirectory="b0401deb-8e02-4aed-bf5f-a09edaf6b8fa">
    </UnitTestResult>
    <UnitTestResult executionId="c783993c-c16d-4dd8-b1b9-c062d08aeaa1" testId="a8ad0b78-a3ab-6d92-b20b-ec2d378fd148" testName="RegressionTests" computerName="KBP1-DHP-F24209" duration="00:00:00.0538601" startTime="2012-10-25T22:43:15.3205840+03:00" endTime="2012-10-25T22:43:16.4546974+03:00" testType="13cdc9d9-ddb5-4fa4-a97d-d965ccfc6d4b" outcome="Passed" testListId="8c84fa94-04c1-424b-9868-57a2d4851a1d" relativeResultsDirectory="c783993c-c16d-4dd8-b1b9-c062d08aeaa1">
    </UnitTestResult>
    <UnitTestResult executionId="5586f52e-ed46-4a9e-98b7-e2a0e4c2fb20" testId="c1afeb03-2e4d-7ec4-7311-eae06cb26823" testName="WeightedAverageConstructorThrowsExceptionTest" computerName="KBP1-DHP-F24209" duration="00:00:00.0234949" startTime="2012-10-25T22:43:16.4676987+03:00" endTime="2012-10-25T22:43:16.4957015+03:00" testType="13cdc9d9-ddb5-4fa4-a97d-d965ccfc6d4b" outcome="Passed" testListId="8c84fa94-04c1-424b-9868-57a2d4851a1d" relativeResultsDirectory="5586f52e-ed46-4a9e-98b7-e2a0e4c2fb20">
    </UnitTestResult>
    <UnitTestResult executionId="a6290442-449e-4cfe-971f-9b719338d5d9" testId="cd384c3b-0762-84cc-c9ff-0a1cf45f5179" testName="MeanPreprocessorConstructorWindowSizeOnlyPositiveTest" computerName="KBP1-DHP-F24209" duration="00:00:00.0185157" startTime="2012-10-25T22:43:16.5107030+03:00" endTime="2012-10-25T22:43:16.5347054+03:00" testType="13cdc9d9-ddb5-4fa4-a97d-d965ccfc6d4b" outcome="Passed" testListId="8c84fa94-04c1-424b-9868-57a2d4851a1d" relativeResultsDirectory="a6290442-449e-4cfe-971f-9b719338d5d9">
    </UnitTestResult>
    <UnitTestResult executionId="c2231d9b-0964-4632-be58-4a2bd942e7cf" testId="d132dbb6-21c4-eca4-4e92-1ad53fb6b9d5" testName="ProcessTest" computerName="KBP1-DHP-F24209" duration="00:00:00.0006367" startTime="2012-10-25T22:43:16.5497069+03:00" endTime="2012-10-25T22:43:16.5567076+03:00" testType="13cdc9d9-ddb5-4fa4-a97d-d965ccfc6d4b" outcome="Passed" testListId="8c84fa94-04c1-424b-9868-57a2d4851a1d" relativeResultsDirectory="c2231d9b-0964-4632-be58-4a2bd942e7cf">
    </UnitTestResult>
    <UnitTestResult executionId="8a3f9677-469f-44b2-ab7e-9d055fd95c67" testId="d6d3d0b6-8f9f-4871-0b45-3e9556e452bd" testName="MeanPreprocessorConstructorTest" computerName="KBP1-DHP-F24209" duration="00:00:00.0003714" startTime="2012-10-25T22:43:16.5757095+03:00" endTime="2012-10-25T22:43:16.5807100+03:00" testType="13cdc9d9-ddb5-4fa4-a97d-d965ccfc6d4b" outcome="Passed" testListId="8c84fa94-04c1-424b-9868-57a2d4851a1d" relativeResultsDirectory="8a3f9677-469f-44b2-ab7e-9d055fd95c67">
    </UnitTestResult>
    <UnitTestResult executionId="555efb00-87a7-49f5-a4af-9be592acce27" testId="d9769cdc-f8a5-63ad-d384-6bca4bf5b519" testName="ProcessTest" computerName="KBP1-DHP-F24209" duration="00:01:13.8787227" startTime="2012-10-25T22:43:16.5887108+03:00" endTime="2012-10-25T22:44:31.5552067+03:00" testType="13cdc9d9-ddb5-4fa4-a97d-d965ccfc6d4b" outcome="Failed" testListId="8c84fa94-04c1-424b-9868-57a2d4851a1d" relativeResultsDirectory="555efb00-87a7-49f5-a4af-9be592acce27">
      <Output>
        <ErrorInfo>
          <Message>Test method TestFourierPreprocessor.FourierPreprocessorTest.ProcessTest threw exception: 
System.InvalidCastException: Unable to cast object of type 'WhereSelectArrayIterator`2[AForge.Math.Complex,System.Double]' to type 'System.Double[]'.</Message>
          <StackTrace>    at DataPreprocessing.FourierPreprocessor.Process(DataObject iObject) in C:\Users\vladyslav.gorbatiuk.SYNAPSE\Dropbox\BS_Work\DataPreprocessing\DataPreprocessing\Preprocessors.cs:line 273
   at TestFourierPreprocessor.FourierPreprocessorTest.ProcessTest() in C:\Users\vladyslav.gorbatiuk.SYNAPSE\Dropbox\BS_Work\DataPreprocessing\FourierPreprocessor\FourierPreprocessorTest.cs:line 85
</StackTrace>
        </ErrorInfo>
      </Output>
    </UnitTestResult>
    <UnitTestResult executionId="d7a2c837-2201-48d0-a280-d64d03d851ae" testId="e1b6011b-ed00-b6a9-ca3b-a2ecc7a442f8" testName="MedianPreprocessorConstructorWindowSizeOnlyPositiveTest" computerName="KBP1-DHP-F24209" duration="00:00:00.0215716" startTime="2012-10-25T22:44:31.5752087+03:00" endTime="2012-10-25T22:44:31.6072119+03:00" testType="13cdc9d9-ddb5-4fa4-a97d-d965ccfc6d4b" outcome="Passed" testListId="8c84fa94-04c1-424b-9868-57a2d4851a1d" relativeResultsDirectory="d7a2c837-2201-48d0-a280-d64d03d851ae">
    </UnitTestResult>
    <UnitTestResult executionId="af454192-eef5-47a0-9751-f73887dbd046" testId="e4c3f4e3-9eeb-063e-cd56-570432f53cee" testName="MedianPreprocessorConstructorTest" computerName="KBP1-DHP-F24209" duration="00:00:00.0005728" startTime="2012-10-25T22:44:31.6222134+03:00" endTime="2012-10-25T22:44:31.6292141+03:00" testType="13cdc9d9-ddb5-4fa4-a97d-d965ccfc6d4b" outcome="Passed" testListId="8c84fa94-04c1-424b-9868-57a2d4851a1d" relativeResultsDirectory="af454192-eef5-47a0-9751-f73887dbd046">
    </UnitTestResult>
  </Results>
</TestRun>