<?xml version="1.0" encoding="UTF-8"?>
<TestRun id="4c94e7c8-7c64-44fd-a67a-f4deb98896e5" name="vladyslav.gorbatiuk@KBP1-DHP-F24209 2012-08-22 11:27:46" runUser="SYNAPSE\vladyslav.gorbatiuk" xmlns="http://microsoft.com/schemas/VisualStudio/TeamTest/2010">
  <TestSettings name="Local" id="8ec6e025-1e2a-4a48-ba26-658fa7723179">
    <Description>These are default test settings for a local test run.</Description>
    <Deployment enabled="false" runDeploymentRoot="vladyslav.gorbatiuk_KBP1-DHP-F24209 2012-08-22 11_27_46">
      <DeploymentItem filename="C:\Users\vladyslav.gorbatiuk.SYNAPSE\Documents\Visual Studio 2010\Projects\DataObject\DataObject\bin\Debug\DataObject.dll" />
      <DeploymentItem filename="C:\Users\vladyslav.gorbatiuk.SYNAPSE\Documents\Visual Studio 2010\Projects\DataPreprocessing\DataPreprocessing\bin\Debug\DataPreprocessing.dll" />
    </Deployment>
    <Execution>
      <TestTypeSpecific />
      <AgentRule name="Execution Agents">
      </AgentRule>
    </Execution>
  </TestSettings>
  <Times creation="2012-08-22T11:27:46.6861493+03:00" queuing="2012-08-22T11:27:47.9212728+03:00" start="2012-08-22T11:27:48.0022809+03:00" finish="2012-08-22T11:27:52.7587565+03:00" />
  <ResultSummary outcome="Completed">
    <Counters total="15" executed="15" passed="15" error="0" failed="0" timeout="0" aborted="0" inconclusive="0" passedButRunAborted="0" notRunnable="0" notExecuted="0" disconnected="0" warning="0" completed="0" inProgress="0" pending="0" />
  </ResultSummary>
  <TestDefinitions>
    <UnitTest name="MedianPreprocessorConstructorWindowSizeOnlyPositiveTest" storage="c:\users\vladyslav.gorbatiuk.synapse\documents\visual studio 2010\projects\datapreprocessing\testmedianprocessor\bin\debug\testmedianprocessor.dll" id="e1b6011b-ed00-b6a9-ca3b-a2ecc7a442f8">
      <Execution id="44575d12-568d-407d-8d4c-0f22fddde5c0" />
      <TestMethod codeBase="C:/Users/vladyslav.gorbatiuk.SYNAPSE/Documents/Visual Studio 2010/Projects/DataPreprocessing/TestMedianProcessor/bin/Debug/TestMedianProcessor.DLL" adapterTypeName="Microsoft.VisualStudio.TestTools.TestTypes.Unit.UnitTestAdapter, Microsoft.VisualStudio.QualityTools.Tips.UnitTest.Adapter, Version=10.0.0.0, Culture=neutral, PublicKeyToken=b03f5f7f11d50a3a" className="TestMedianProcessor.MedianPreprocessorTest, TestMedianProcessor, Version=1.0.0.0, Culture=neutral, PublicKeyToken=null" name="MedianPreprocessorConstructorWindowSizeOnlyPositiveTest" />
    </UnitTest>
    <UnitTest name="WeightedAverageConstructorGeneralTest" storage="c:\users\vladyslav.gorbatiuk.synapse\documents\visual studio 2010\projects\datapreprocessing\weightedaveragetest\bin\debug\weightedaveragetest.dll" id="0a5d8a87-71b3-96f7-9b96-d7eb0f7bc09b">
      <Execution id="c9fb3dc2-47dc-486f-bc1e-12f6abc0fa4f" />
      <TestMethod codeBase="C:/Users/vladyslav.gorbatiuk.SYNAPSE/Documents/Visual Studio 2010/Projects/DataPreprocessing/WeightedAverageTest/bin/Debug/WeightedAverageTest.DLL" adapterTypeName="Microsoft.VisualStudio.TestTools.TestTypes.Unit.UnitTestAdapter, Microsoft.VisualStudio.QualityTools.Tips.UnitTest.Adapter, Version=10.0.0.0, Culture=neutral, PublicKeyToken=b03f5f7f11d50a3a" className="WeightedAverageTest.WeightedAverageTest, WeightedAverageTest, Version=1.0.0.0, Culture=neutral, PublicKeyToken=null" name="WeightedAverageConstructorGeneralTest" />
    </UnitTest>
    <UnitTest name="MeanPreprocessorConstructorWindowSizeOnlyPositiveTest" storage="c:\users\vladyslav.gorbatiuk.synapse\documents\visual studio 2010\projects\datapreprocessing\testmeanprocessor\bin\debug\testmeanprocessor.dll" id="cd384c3b-0762-84cc-c9ff-0a1cf45f5179">
      <Execution id="57320e40-f231-4b76-9ebf-aae99172a9e1" />
      <TestMethod codeBase="C:/Users/vladyslav.gorbatiuk.SYNAPSE/Documents/Visual Studio 2010/Projects/DataPreprocessing/TestMeanProcessor/bin/Debug/TestMeanProcessor.DLL" adapterTypeName="Microsoft.VisualStudio.TestTools.TestTypes.Unit.UnitTestAdapter, Microsoft.VisualStudio.QualityTools.Tips.UnitTest.Adapter, Version=10.0.0.0, Culture=neutral, PublicKeyToken=b03f5f7f11d50a3a" className="TestMeanProcessor.MeanPreprocessorTest, TestMeanProcessor, Version=1.0.0.0, Culture=neutral, PublicKeyToken=null" name="MeanPreprocessorConstructorWindowSizeOnlyPositiveTest" />
    </UnitTest>
    <UnitTest name="ProcessTest" storage="c:\users\vladyslav.gorbatiuk.synapse\documents\visual studio 2010\projects\datapreprocessing\weightedaveragetest\bin\debug\weightedaveragetest.dll" id="7adc5048-9fc6-28b1-020d-2cab5e2848a1">
      <Execution id="0f4fc50a-73b4-4bc6-b10e-5905f4235f80" />
      <TestMethod codeBase="C:/Users/vladyslav.gorbatiuk.SYNAPSE/Documents/Visual Studio 2010/Projects/DataPreprocessing/WeightedAverageTest/bin/Debug/WeightedAverageTest.DLL" adapterTypeName="Microsoft.VisualStudio.TestTools.TestTypes.Unit.UnitTestAdapter, Microsoft.VisualStudio.QualityTools.Tips.UnitTest.Adapter, Version=10.0.0.0, Culture=neutral, PublicKeyToken=b03f5f7f11d50a3a" className="WeightedAverageTest.WeightedAverageTest, WeightedAverageTest, Version=1.0.0.0, Culture=neutral, PublicKeyToken=null" name="ProcessTest" />
    </UnitTest>
    <UnitTest name="ProcessMedianForEvenWindowSizeTest" storage="c:\users\vladyslav.gorbatiuk.synapse\documents\visual studio 2010\projects\datapreprocessing\testmedianprocessor\bin\debug\testmedianprocessor.dll" id="0f43129b-a67f-8f4b-602b-4316a4b0cbfa">
      <Execution id="9525ad47-89eb-4522-909b-01f18490079f" />
      <TestMethod codeBase="C:/Users/vladyslav.gorbatiuk.SYNAPSE/Documents/Visual Studio 2010/Projects/DataPreprocessing/TestMedianProcessor/bin/Debug/TestMedianProcessor.DLL" adapterTypeName="Microsoft.VisualStudio.TestTools.TestTypes.Unit.UnitTestAdapter, Microsoft.VisualStudio.QualityTools.Tips.UnitTest.Adapter, Version=10.0.0.0, Culture=neutral, PublicKeyToken=b03f5f7f11d50a3a" className="TestMedianProcessor.MedianPreprocessorTest, TestMedianProcessor, Version=1.0.0.0, Culture=neutral, PublicKeyToken=null" name="ProcessMedianForEvenWindowSizeTest" />
    </UnitTest>
    <UnitTest name="ProcessUnordinaryWindowSizesTest" storage="c:\users\vladyslav.gorbatiuk.synapse\documents\visual studio 2010\projects\datapreprocessing\testmeanprocessor\bin\debug\testmeanprocessor.dll" id="1581adcd-ba83-3a4b-a664-0368187374d1">
      <Execution id="7bfb02b0-963d-40ec-ba59-60a901afa724" />
      <TestMethod codeBase="C:/Users/vladyslav.gorbatiuk.SYNAPSE/Documents/Visual Studio 2010/Projects/DataPreprocessing/TestMeanProcessor/bin/Debug/TestMeanProcessor.DLL" adapterTypeName="Microsoft.VisualStudio.TestTools.TestTypes.Unit.UnitTestAdapter, Microsoft.VisualStudio.QualityTools.Tips.UnitTest.Adapter, Version=10.0.0.0, Culture=neutral, PublicKeyToken=b03f5f7f11d50a3a" className="TestMeanProcessor.MeanPreprocessorTest, TestMeanProcessor, Version=1.0.0.0, Culture=neutral, PublicKeyToken=null" name="ProcessUnordinaryWindowSizesTest" />
    </UnitTest>
    <UnitTest name="WeightedAverageConstructorThrowsExceptionTest" storage="c:\users\vladyslav.gorbatiuk.synapse\documents\visual studio 2010\projects\datapreprocessing\weightedaveragetest\bin\debug\weightedaveragetest.dll" id="c1afeb03-2e4d-7ec4-7311-eae06cb26823">
      <Execution id="af624c31-f3e1-4116-b4a6-1be95ff7dedb" />
      <TestMethod codeBase="C:/Users/vladyslav.gorbatiuk.SYNAPSE/Documents/Visual Studio 2010/Projects/DataPreprocessing/WeightedAverageTest/bin/Debug/WeightedAverageTest.DLL" adapterTypeName="Microsoft.VisualStudio.TestTools.TestTypes.Unit.UnitTestAdapter, Microsoft.VisualStudio.QualityTools.Tips.UnitTest.Adapter, Version=10.0.0.0, Culture=neutral, PublicKeyToken=b03f5f7f11d50a3a" className="WeightedAverageTest.WeightedAverageTest, WeightedAverageTest, Version=1.0.0.0, Culture=neutral, PublicKeyToken=null" name="WeightedAverageConstructorThrowsExceptionTest" />
    </UnitTest>
    <UnitTest name="ProcessTest" storage="c:\users\vladyslav.gorbatiuk.synapse\documents\visual studio 2010\projects\datapreprocessing\testtukey53hpreprocessor\bin\debug\testtukey53hpreprocessor.dll" id="d132dbb6-21c4-eca4-4e92-1ad53fb6b9d5">
      <Execution id="4deaf0a7-6fc1-40f4-b485-6a73d0a5643b" />
      <TestMethod codeBase="C:/Users/vladyslav.gorbatiuk.SYNAPSE/Documents/Visual Studio 2010/Projects/DataPreprocessing/TestTukey53HPreprocessor/bin/Debug/TestTukey53HPreprocessor.DLL" adapterTypeName="Microsoft.VisualStudio.TestTools.TestTypes.Unit.UnitTestAdapter, Microsoft.VisualStudio.QualityTools.Tips.UnitTest.Adapter, Version=10.0.0.0, Culture=neutral, PublicKeyToken=b03f5f7f11d50a3a" className="TestTukey53HPreprocessor.Tukey53HPreprocessorTest, TestTukey53HPreprocessor, Version=1.0.0.0, Culture=neutral, PublicKeyToken=null" name="ProcessTest" />
    </UnitTest>
    <UnitTest name="MeanPreprocessorConstructorTest" storage="c:\users\vladyslav.gorbatiuk.synapse\documents\visual studio 2010\projects\datapreprocessing\testmeanprocessor\bin\debug\testmeanprocessor.dll" id="d6d3d0b6-8f9f-4871-0b45-3e9556e452bd">
      <Execution id="bcd5e19f-97f5-43b0-85d1-c53118d8d5d5" />
      <TestMethod codeBase="C:/Users/vladyslav.gorbatiuk.SYNAPSE/Documents/Visual Studio 2010/Projects/DataPreprocessing/TestMeanProcessor/bin/Debug/TestMeanProcessor.DLL" adapterTypeName="Microsoft.VisualStudio.TestTools.TestTypes.Unit.UnitTestAdapter, Microsoft.VisualStudio.QualityTools.Tips.UnitTest.Adapter, Version=10.0.0.0, Culture=neutral, PublicKeyToken=b03f5f7f11d50a3a" className="TestMeanProcessor.MeanPreprocessorTest, TestMeanProcessor, Version=1.0.0.0, Culture=neutral, PublicKeyToken=null" name="MeanPreprocessorConstructorTest" />
    </UnitTest>
    <UnitTest name="RegressionTests" storage="c:\users\vladyslav.gorbatiuk.synapse\documents\visual studio 2010\projects\datapreprocessing\testtukey53hpreprocessor\bin\debug\testtukey53hpreprocessor.dll" id="a8ad0b78-a3ab-6d92-b20b-ec2d378fd148">
      <Execution id="7d1e77d1-87ea-41f3-9fbd-c1ad8e1bbf8d" />
      <TestMethod codeBase="C:/Users/vladyslav.gorbatiuk.SYNAPSE/Documents/Visual Studio 2010/Projects/DataPreprocessing/TestTukey53HPreprocessor/bin/Debug/TestTukey53HPreprocessor.DLL" adapterTypeName="Microsoft.VisualStudio.TestTools.TestTypes.Unit.UnitTestAdapter, Microsoft.VisualStudio.QualityTools.Tips.UnitTest.Adapter, Version=10.0.0.0, Culture=neutral, PublicKeyToken=b03f5f7f11d50a3a" className="TestTukey53HPreprocessor.Tukey53HPreprocessorTest, TestTukey53HPreprocessor, Version=1.0.0.0, Culture=neutral, PublicKeyToken=null" name="RegressionTests" />
    </UnitTest>
    <UnitTest name="WeightedAverageConstructorCalculatesWeightsSumCorrectlyTest" storage="c:\users\vladyslav.gorbatiuk.synapse\documents\visual studio 2010\projects\datapreprocessing\weightedaveragetest\bin\debug\weightedaveragetest.dll" id="0deb66dc-f3dc-fac4-162d-a6780538cbef">
      <Execution id="a060dc47-3719-496a-926e-8ee03235c632" />
      <TestMethod codeBase="C:/Users/vladyslav.gorbatiuk.SYNAPSE/Documents/Visual Studio 2010/Projects/DataPreprocessing/WeightedAverageTest/bin/Debug/WeightedAverageTest.DLL" adapterTypeName="Microsoft.VisualStudio.TestTools.TestTypes.Unit.UnitTestAdapter, Microsoft.VisualStudio.QualityTools.Tips.UnitTest.Adapter, Version=10.0.0.0, Culture=neutral, PublicKeyToken=b03f5f7f11d50a3a" className="WeightedAverageTest.WeightedAverageTest, WeightedAverageTest, Version=1.0.0.0, Culture=neutral, PublicKeyToken=null" name="WeightedAverageConstructorCalculatesWeightsSumCorrectlyTest" />
    </UnitTest>
    <UnitTest name="ProcessTest" storage="c:\users\vladyslav.gorbatiuk.synapse\documents\visual studio 2010\projects\datapreprocessing\testmedianprocessor\bin\debug\testmedianprocessor.dll" id="1875a93a-f552-02e5-6f9e-7740719a86d2">
      <Execution id="bcae8714-985d-4ee8-bbb1-361593a12e24" />
      <TestMethod codeBase="C:/Users/vladyslav.gorbatiuk.SYNAPSE/Documents/Visual Studio 2010/Projects/DataPreprocessing/TestMedianProcessor/bin/Debug/TestMedianProcessor.DLL" adapterTypeName="Microsoft.VisualStudio.TestTools.TestTypes.Unit.UnitTestAdapter, Microsoft.VisualStudio.QualityTools.Tips.UnitTest.Adapter, Version=10.0.0.0, Culture=neutral, PublicKeyToken=b03f5f7f11d50a3a" className="TestMedianProcessor.MedianPreprocessorTest, TestMedianProcessor, Version=1.0.0.0, Culture=neutral, PublicKeyToken=null" name="ProcessTest" />
    </UnitTest>
    <UnitTest name="ProcessUnordinaryWindowSizesTest" storage="c:\users\vladyslav.gorbatiuk.synapse\documents\visual studio 2010\projects\datapreprocessing\testmedianprocessor\bin\debug\testmedianprocessor.dll" id="1fbe4fc4-4125-8ba2-c054-349323ecb993">
      <Execution id="9af6c33a-6a63-41c7-bea3-6c9086c90a27" />
      <TestMethod codeBase="C:/Users/vladyslav.gorbatiuk.SYNAPSE/Documents/Visual Studio 2010/Projects/DataPreprocessing/TestMedianProcessor/bin/Debug/TestMedianProcessor.DLL" adapterTypeName="Microsoft.VisualStudio.TestTools.TestTypes.Unit.UnitTestAdapter, Microsoft.VisualStudio.QualityTools.Tips.UnitTest.Adapter, Version=10.0.0.0, Culture=neutral, PublicKeyToken=b03f5f7f11d50a3a" className="TestMedianProcessor.MedianPreprocessorTest, TestMedianProcessor, Version=1.0.0.0, Culture=neutral, PublicKeyToken=null" name="ProcessUnordinaryWindowSizesTest" />
    </UnitTest>
    <UnitTest name="MedianPreprocessorConstructorTest" storage="c:\users\vladyslav.gorbatiuk.synapse\documents\visual studio 2010\projects\datapreprocessing\testmedianprocessor\bin\debug\testmedianprocessor.dll" id="e4c3f4e3-9eeb-063e-cd56-570432f53cee">
      <Execution id="938ec36d-6733-4088-b383-7a291b767355" />
      <TestMethod codeBase="C:/Users/vladyslav.gorbatiuk.SYNAPSE/Documents/Visual Studio 2010/Projects/DataPreprocessing/TestMedianProcessor/bin/Debug/TestMedianProcessor.DLL" adapterTypeName="Microsoft.VisualStudio.TestTools.TestTypes.Unit.UnitTestAdapter, Microsoft.VisualStudio.QualityTools.Tips.UnitTest.Adapter, Version=10.0.0.0, Culture=neutral, PublicKeyToken=b03f5f7f11d50a3a" className="TestMedianProcessor.MedianPreprocessorTest, TestMedianProcessor, Version=1.0.0.0, Culture=neutral, PublicKeyToken=null" name="MedianPreprocessorConstructorTest" />
    </UnitTest>
    <UnitTest name="ProcessTest" storage="c:\users\vladyslav.gorbatiuk.synapse\documents\visual studio 2010\projects\datapreprocessing\testmeanprocessor\bin\debug\testmeanprocessor.dll" id="998fee1e-2376-fa93-e67e-ac5c0c37d915">
      <Execution id="5b4611fd-94e1-42e7-bd74-f660c368468e" />
      <TestMethod codeBase="C:/Users/vladyslav.gorbatiuk.SYNAPSE/Documents/Visual Studio 2010/Projects/DataPreprocessing/TestMeanProcessor/bin/Debug/TestMeanProcessor.DLL" adapterTypeName="Microsoft.VisualStudio.TestTools.TestTypes.Unit.UnitTestAdapter, Microsoft.VisualStudio.QualityTools.Tips.UnitTest.Adapter, Version=10.0.0.0, Culture=neutral, PublicKeyToken=b03f5f7f11d50a3a" className="TestMeanProcessor.MeanPreprocessorTest, TestMeanProcessor, Version=1.0.0.0, Culture=neutral, PublicKeyToken=null" name="ProcessTest" />
    </UnitTest>
  </TestDefinitions>
  <TestLists>
    <TestList name="Results Not in a List" id="8c84fa94-04c1-424b-9868-57a2d4851a1d" />
    <TestList name="All Loaded Results" id="19431567-8539-422a-85d7-44ee4e166bda" />
  </TestLists>
  <TestEntries>
    <TestEntry testId="0a5d8a87-71b3-96f7-9b96-d7eb0f7bc09b" executionId="c9fb3dc2-47dc-486f-bc1e-12f6abc0fa4f" testListId="8c84fa94-04c1-424b-9868-57a2d4851a1d" />
    <TestEntry testId="0deb66dc-f3dc-fac4-162d-a6780538cbef" executionId="a060dc47-3719-496a-926e-8ee03235c632" testListId="8c84fa94-04c1-424b-9868-57a2d4851a1d" />
    <TestEntry testId="0f43129b-a67f-8f4b-602b-4316a4b0cbfa" executionId="9525ad47-89eb-4522-909b-01f18490079f" testListId="8c84fa94-04c1-424b-9868-57a2d4851a1d" />
    <TestEntry testId="1581adcd-ba83-3a4b-a664-0368187374d1" executionId="7bfb02b0-963d-40ec-ba59-60a901afa724" testListId="8c84fa94-04c1-424b-9868-57a2d4851a1d" />
    <TestEntry testId="1875a93a-f552-02e5-6f9e-7740719a86d2" executionId="bcae8714-985d-4ee8-bbb1-361593a12e24" testListId="8c84fa94-04c1-424b-9868-57a2d4851a1d" />
    <TestEntry testId="1fbe4fc4-4125-8ba2-c054-349323ecb993" executionId="9af6c33a-6a63-41c7-bea3-6c9086c90a27" testListId="8c84fa94-04c1-424b-9868-57a2d4851a1d" />
    <TestEntry testId="7adc5048-9fc6-28b1-020d-2cab5e2848a1" executionId="0f4fc50a-73b4-4bc6-b10e-5905f4235f80" testListId="8c84fa94-04c1-424b-9868-57a2d4851a1d" />
    <TestEntry testId="998fee1e-2376-fa93-e67e-ac5c0c37d915" executionId="5b4611fd-94e1-42e7-bd74-f660c368468e" testListId="8c84fa94-04c1-424b-9868-57a2d4851a1d" />
    <TestEntry testId="a8ad0b78-a3ab-6d92-b20b-ec2d378fd148" executionId="7d1e77d1-87ea-41f3-9fbd-c1ad8e1bbf8d" testListId="8c84fa94-04c1-424b-9868-57a2d4851a1d" />
    <TestEntry testId="c1afeb03-2e4d-7ec4-7311-eae06cb26823" executionId="af624c31-f3e1-4116-b4a6-1be95ff7dedb" testListId="8c84fa94-04c1-424b-9868-57a2d4851a1d" />
    <TestEntry testId="cd384c3b-0762-84cc-c9ff-0a1cf45f5179" executionId="57320e40-f231-4b76-9ebf-aae99172a9e1" testListId="8c84fa94-04c1-424b-9868-57a2d4851a1d" />
    <TestEntry testId="d132dbb6-21c4-eca4-4e92-1ad53fb6b9d5" executionId="4deaf0a7-6fc1-40f4-b485-6a73d0a5643b" testListId="8c84fa94-04c1-424b-9868-57a2d4851a1d" />
    <TestEntry testId="d6d3d0b6-8f9f-4871-0b45-3e9556e452bd" executionId="bcd5e19f-97f5-43b0-85d1-c53118d8d5d5" testListId="8c84fa94-04c1-424b-9868-57a2d4851a1d" />
    <TestEntry testId="e1b6011b-ed00-b6a9-ca3b-a2ecc7a442f8" executionId="44575d12-568d-407d-8d4c-0f22fddde5c0" testListId="8c84fa94-04c1-424b-9868-57a2d4851a1d" />
    <TestEntry testId="e4c3f4e3-9eeb-063e-cd56-570432f53cee" executionId="938ec36d-6733-4088-b383-7a291b767355" testListId="8c84fa94-04c1-424b-9868-57a2d4851a1d" />
  </TestEntries>
  <Results>
    <UnitTestResult executionId="c9fb3dc2-47dc-486f-bc1e-12f6abc0fa4f" testId="0a5d8a87-71b3-96f7-9b96-d7eb0f7bc09b" testName="WeightedAverageConstructorGeneralTest" computerName="KBP1-DHP-F24209" duration="00:00:00.0451347" startTime="2012-08-22T11:27:48.0602867+03:00" endTime="2012-08-22T11:27:49.3234130+03:00" testType="13cdc9d9-ddb5-4fa4-a97d-d965ccfc6d4b" outcome="Passed" testListId="8c84fa94-04c1-424b-9868-57a2d4851a1d" relativeResultsDirectory="c9fb3dc2-47dc-486f-bc1e-12f6abc0fa4f">
    </UnitTestResult>
    <UnitTestResult executionId="a060dc47-3719-496a-926e-8ee03235c632" testId="0deb66dc-f3dc-fac4-162d-a6780538cbef" testName="WeightedAverageConstructorCalculatesWeightsSumCorrectlyTest" computerName="KBP1-DHP-F24209" duration="00:00:00.0005709" startTime="2012-08-22T11:27:49.3354142+03:00" endTime="2012-08-22T11:27:49.3494156+03:00" testType="13cdc9d9-ddb5-4fa4-a97d-d965ccfc6d4b" outcome="Passed" testListId="8c84fa94-04c1-424b-9868-57a2d4851a1d" relativeResultsDirectory="a060dc47-3719-496a-926e-8ee03235c632">
    </UnitTestResult>
    <UnitTestResult executionId="9525ad47-89eb-4522-909b-01f18490079f" testId="0f43129b-a67f-8f4b-602b-4316a4b0cbfa" testName="ProcessMedianForEvenWindowSizeTest" computerName="KBP1-DHP-F24209" duration="00:00:00.0476694" startTime="2012-08-22T11:27:49.3584165+03:00" endTime="2012-08-22T11:27:50.4235230+03:00" testType="13cdc9d9-ddb5-4fa4-a97d-d965ccfc6d4b" outcome="Passed" testListId="8c84fa94-04c1-424b-9868-57a2d4851a1d" relativeResultsDirectory="9525ad47-89eb-4522-909b-01f18490079f">
    </UnitTestResult>
    <UnitTestResult executionId="7bfb02b0-963d-40ec-ba59-60a901afa724" testId="1581adcd-ba83-3a4b-a664-0368187374d1" testName="ProcessUnordinaryWindowSizesTest" computerName="KBP1-DHP-F24209" duration="00:00:00.0511034" startTime="2012-08-22T11:27:50.4335240+03:00" endTime="2012-08-22T11:27:51.3896196+03:00" testType="13cdc9d9-ddb5-4fa4-a97d-d965ccfc6d4b" outcome="Passed" testListId="8c84fa94-04c1-424b-9868-57a2d4851a1d" relativeResultsDirectory="7bfb02b0-963d-40ec-ba59-60a901afa724">
    </UnitTestResult>
    <UnitTestResult executionId="bcae8714-985d-4ee8-bbb1-361593a12e24" testId="1875a93a-f552-02e5-6f9e-7740719a86d2" testName="ProcessTest" computerName="KBP1-DHP-F24209" duration="00:00:00.0003823" startTime="2012-08-22T11:27:51.4076214+03:00" endTime="2012-08-22T11:27:51.4136220+03:00" testType="13cdc9d9-ddb5-4fa4-a97d-d965ccfc6d4b" outcome="Passed" testListId="8c84fa94-04c1-424b-9868-57a2d4851a1d" relativeResultsDirectory="bcae8714-985d-4ee8-bbb1-361593a12e24">
    </UnitTestResult>
    <UnitTestResult executionId="9af6c33a-6a63-41c7-bea3-6c9086c90a27" testId="1fbe4fc4-4125-8ba2-c054-349323ecb993" testName="ProcessUnordinaryWindowSizesTest" computerName="KBP1-DHP-F24209" duration="00:00:00.0004442" startTime="2012-08-22T11:27:51.4276234+03:00" endTime="2012-08-22T11:27:51.4326239+03:00" testType="13cdc9d9-ddb5-4fa4-a97d-d965ccfc6d4b" outcome="Passed" testListId="8c84fa94-04c1-424b-9868-57a2d4851a1d" relativeResultsDirectory="9af6c33a-6a63-41c7-bea3-6c9086c90a27">
    </UnitTestResult>
    <UnitTestResult executionId="0f4fc50a-73b4-4bc6-b10e-5905f4235f80" testId="7adc5048-9fc6-28b1-020d-2cab5e2848a1" testName="ProcessTest" computerName="KBP1-DHP-F24209" duration="00:00:00.0181713" startTime="2012-08-22T11:27:51.4436250+03:00" endTime="2012-08-22T11:27:51.4666273+03:00" testType="13cdc9d9-ddb5-4fa4-a97d-d965ccfc6d4b" outcome="Passed" testListId="8c84fa94-04c1-424b-9868-57a2d4851a1d" relativeResultsDirectory="0f4fc50a-73b4-4bc6-b10e-5905f4235f80">
    </UnitTestResult>
    <UnitTestResult executionId="5b4611fd-94e1-42e7-bd74-f660c368468e" testId="998fee1e-2376-fa93-e67e-ac5c0c37d915" testName="ProcessTest" computerName="KBP1-DHP-F24209" duration="00:00:00.0003890" startTime="2012-08-22T11:27:51.4746281+03:00" endTime="2012-08-22T11:27:51.4786285+03:00" testType="13cdc9d9-ddb5-4fa4-a97d-d965ccfc6d4b" outcome="Passed" testListId="8c84fa94-04c1-424b-9868-57a2d4851a1d" relativeResultsDirectory="5b4611fd-94e1-42e7-bd74-f660c368468e">
    </UnitTestResult>
    <UnitTestResult executionId="7d1e77d1-87ea-41f3-9fbd-c1ad8e1bbf8d" testId="a8ad0b78-a3ab-6d92-b20b-ec2d378fd148" testName="RegressionTests" computerName="KBP1-DHP-F24209" duration="00:00:00.0638254" startTime="2012-08-22T11:27:51.4856292+03:00" endTime="2012-08-22T11:27:52.4217228+03:00" testType="13cdc9d9-ddb5-4fa4-a97d-d965ccfc6d4b" outcome="Passed" testListId="8c84fa94-04c1-424b-9868-57a2d4851a1d" relativeResultsDirectory="7d1e77d1-87ea-41f3-9fbd-c1ad8e1bbf8d">
    </UnitTestResult>
    <UnitTestResult executionId="af624c31-f3e1-4116-b4a6-1be95ff7dedb" testId="c1afeb03-2e4d-7ec4-7311-eae06cb26823" testName="WeightedAverageConstructorThrowsExceptionTest" computerName="KBP1-DHP-F24209" duration="00:00:00.0263343" startTime="2012-08-22T11:27:52.4477254+03:00" endTime="2012-08-22T11:27:52.4937300+03:00" testType="13cdc9d9-ddb5-4fa4-a97d-d965ccfc6d4b" outcome="Passed" testListId="8c84fa94-04c1-424b-9868-57a2d4851a1d" relativeResultsDirectory="af624c31-f3e1-4116-b4a6-1be95ff7dedb">
    </UnitTestResult>
    <UnitTestResult executionId="57320e40-f231-4b76-9ebf-aae99172a9e1" testId="cd384c3b-0762-84cc-c9ff-0a1cf45f5179" testName="MeanPreprocessorConstructorWindowSizeOnlyPositiveTest" computerName="KBP1-DHP-F24209" duration="00:00:00.0180959" startTime="2012-08-22T11:27:52.5017308+03:00" endTime="2012-08-22T11:27:52.5267333+03:00" testType="13cdc9d9-ddb5-4fa4-a97d-d965ccfc6d4b" outcome="Passed" testListId="8c84fa94-04c1-424b-9868-57a2d4851a1d" relativeResultsDirectory="57320e40-f231-4b76-9ebf-aae99172a9e1">
    </UnitTestResult>
    <UnitTestResult executionId="4deaf0a7-6fc1-40f4-b485-6a73d0a5643b" testId="d132dbb6-21c4-eca4-4e92-1ad53fb6b9d5" testName="ProcessTest" computerName="KBP1-DHP-F24209" duration="00:00:00.0009561" startTime="2012-08-22T11:27:52.5357342+03:00" endTime="2012-08-22T11:27:52.5427349+03:00" testType="13cdc9d9-ddb5-4fa4-a97d-d965ccfc6d4b" outcome="Passed" testListId="8c84fa94-04c1-424b-9868-57a2d4851a1d" relativeResultsDirectory="4deaf0a7-6fc1-40f4-b485-6a73d0a5643b">
    </UnitTestResult>
    <UnitTestResult executionId="bcd5e19f-97f5-43b0-85d1-c53118d8d5d5" testId="d6d3d0b6-8f9f-4871-0b45-3e9556e452bd" testName="MeanPreprocessorConstructorTest" computerName="KBP1-DHP-F24209" duration="00:00:00.0003557" startTime="2012-08-22T11:27:52.5497356+03:00" endTime="2012-08-22T11:27:52.5627369+03:00" testType="13cdc9d9-ddb5-4fa4-a97d-d965ccfc6d4b" outcome="Passed" testListId="8c84fa94-04c1-424b-9868-57a2d4851a1d" relativeResultsDirectory="bcd5e19f-97f5-43b0-85d1-c53118d8d5d5">
    </UnitTestResult>
    <UnitTestResult executionId="44575d12-568d-407d-8d4c-0f22fddde5c0" testId="e1b6011b-ed00-b6a9-ca3b-a2ecc7a442f8" testName="MedianPreprocessorConstructorWindowSizeOnlyPositiveTest" computerName="KBP1-DHP-F24209" duration="00:00:00.0168148" startTime="2012-08-22T11:27:52.5687375+03:00" endTime="2012-08-22T11:27:52.5897396+03:00" testType="13cdc9d9-ddb5-4fa4-a97d-d965ccfc6d4b" outcome="Passed" testListId="8c84fa94-04c1-424b-9868-57a2d4851a1d" relativeResultsDirectory="44575d12-568d-407d-8d4c-0f22fddde5c0">
    </UnitTestResult>
    <UnitTestResult executionId="938ec36d-6733-4088-b383-7a291b767355" testId="e4c3f4e3-9eeb-063e-cd56-570432f53cee" testName="MedianPreprocessorConstructorTest" computerName="KBP1-DHP-F24209" duration="00:00:00.0003666" startTime="2012-08-22T11:27:52.5957402+03:00" endTime="2012-08-22T11:27:52.5987405+03:00" testType="13cdc9d9-ddb5-4fa4-a97d-d965ccfc6d4b" outcome="Passed" testListId="8c84fa94-04c1-424b-9868-57a2d4851a1d" relativeResultsDirectory="938ec36d-6733-4088-b383-7a291b767355">
    </UnitTestResult>
  </Results>
</TestRun>