<?xml version="1.0" encoding="UTF-8"?>
<TestRun id="7407df65-0546-48ba-9d35-2ac38ed4df3d" name="vladyslav.gorbatiuk@KBP1-DHP-F24209 2012-08-21 21:49:57" runUser="SYNAPSE\vladyslav.gorbatiuk" xmlns="http://microsoft.com/schemas/VisualStudio/TeamTest/2010">
  <TestSettings name="Local" id="f8763762-7093-4cc0-a95c-17d296214aa3">
    <Description>These are default test settings for a local test run.</Description>
    <Deployment enabled="false" runDeploymentRoot="vladyslav.gorbatiuk_KBP1-DHP-F24209 2012-08-21 21_49_57">
      <DeploymentItem filename="C:\Users\vladyslav.gorbatiuk.SYNAPSE\Documents\Visual Studio 2010\Projects\DataObjectsSupply\DataObjectsSupply\bin\Debug\DataObjectsSupply.dll" />
      <DeploymentItem filename="C:\Users\vladyslav.gorbatiuk.SYNAPSE\Documents\Visual Studio 2010\Projects\DataObject\DataObject\bin\Debug\DataObject.dll" />
    </Deployment>
    <Execution>
      <TestTypeSpecific />
      <AgentRule name="Execution Agents">
      </AgentRule>
    </Execution>
  </TestSettings>
  <Times creation="2012-08-21T21:49:57.8483062+03:00" queuing="2012-08-21T21:49:58.8474061+03:00" start="2012-08-21T21:49:58.9894203+03:00" finish="2012-08-21T21:50:41.0296239+03:00" />
  <ResultSummary outcome="Error">
    <Counters total="1" executed="1" error="0" failed="0" timeout="0" aborted="1" inconclusive="0" passedButRunAborted="0" notRunnable="0" notExecuted="0" disconnected="0" warning="0" passed="0" completed="0" inProgress="0" pending="0" />
    <RunInfos>
      <RunInfo computerName="KBP1-DHP-F24209" outcome="Error" timestamp="2012-08-21T21:50:41.0276237+03:00">
        <Text>Test host process exited unexpectedly.</Text>
      </RunInfo>
    </RunInfos>
  </ResultSummary>
  <TestDefinitions>
    <UnitTest name="GetDataObjectForStreamTest" storage="c:\users\vladyslav.gorbatiuk.synapse\documents\visual studio 2010\projects\dataobjectssupply\testdatasupplier\bin\debug\testdatasupplier.dll" id="8bb0281b-6670-fc46-3f03-e8e5a87eace0">
      <Execution id="032e10f8-0acf-4c47-905d-d0897307e38c" />
      <TestMethod codeBase="C:/Users/vladyslav.gorbatiuk.SYNAPSE/Documents/Visual Studio 2010/Projects/DataObjectsSupply/TestDataSupplier/bin/Debug/TestDataSupplier.DLL" adapterTypeName="Microsoft.VisualStudio.TestTools.TestTypes.Unit.UnitTestAdapter, Microsoft.VisualStudio.QualityTools.Tips.UnitTest.Adapter, Version=10.0.0.0, Culture=neutral, PublicKeyToken=b03f5f7f11d50a3a" className="TestDataSupplier.DataObjectSupplierTest, TestDataSupplier, Version=1.0.0.0, Culture=neutral, PublicKeyToken=null" name="GetDataObjectForStreamTest" />
    </UnitTest>
  </TestDefinitions>
  <TestLists>
    <TestList name="Results Not in a List" id="8c84fa94-04c1-424b-9868-57a2d4851a1d" />
    <TestList name="All Loaded Results" id="19431567-8539-422a-85d7-44ee4e166bda" />
  </TestLists>
  <TestEntries>
    <TestEntry testId="8bb0281b-6670-fc46-3f03-e8e5a87eace0" executionId="032e10f8-0acf-4c47-905d-d0897307e38c" testListId="8c84fa94-04c1-424b-9868-57a2d4851a1d" />
  </TestEntries>
  <Results>
    <UnitTestResult executionId="032e10f8-0acf-4c47-905d-d0897307e38c" testId="8bb0281b-6670-fc46-3f03-e8e5a87eace0" testName="GetDataObjectForStreamTest" computerName="KBP1-DHP-F24209" duration="00:00:41.9061902" startTime="2012-08-21T21:49:59.1234337+03:00" endTime="2012-08-21T21:50:41.0296239+03:00" testType="13cdc9d9-ddb5-4fa4-a97d-d965ccfc6d4b" outcome="Aborted" testListId="8c84fa94-04c1-424b-9868-57a2d4851a1d" relativeResultsDirectory="032e10f8-0acf-4c47-905d-d0897307e38c">
    </UnitTestResult>
  </Results>
</TestRun>