<?xml version="1.0" encoding="UTF-8"?>
<TestRun id="663a3caa-f6a4-40d0-bf4f-bbefbaa26119" name="vladyslav.gorbatiuk@KBP1-DHP-F24209 2012-08-16 13:03:50" runUser="SYNAPSE\vladyslav.gorbatiuk" xmlns="http://microsoft.com/schemas/VisualStudio/TeamTest/2010">
  <TestSettings name="Local" id="6962cc40-9450-40ca-969d-a1862a1e5b17">
    <Description>These are default test settings for a local test run.</Description>
    <Deployment enabled="false" runDeploymentRoot="vladyslav.gorbatiuk_KBP1-DHP-F24209 2012-08-16 13_03_50">
      <DeploymentItem filename="C:\Users\vladyslav.gorbatiuk.SYNAPSE\Documents\Visual Studio 2010\Projects\DataObject\DataObject\bin\Debug\DataObject.dll" />
      <DeploymentItem filename="C:\Users\vladyslav.gorbatiuk.SYNAPSE\Documents\Visual Studio 2010\Projects\Graph\Graph\bin\Debug\Graph.exe" />
      <DeploymentItem filename="C:\Users\vladyslav.gorbatiuk.SYNAPSE\Documents\Visual Studio 2010\Projects\DataVisualization\DataVisualization\bin\Debug\DataVisualization.dll" />
    </Deployment>
    <Execution>
      <TestTypeSpecific />
      <AgentRule name="Execution Agents">
      </AgentRule>
    </Execution>
  </TestSettings>
  <Times creation="2012-08-16T13:03:50.7999509+03:00" queuing="2012-08-16T13:03:51.6061121+03:00" start="2012-08-16T13:03:51.7341377+03:00" finish="2012-08-16T14:57:24.4421169+03:00" />
  <ResultSummary outcome="Completed">
    <Counters total="1" executed="1" passed="1" error="0" failed="0" timeout="0" aborted="0" inconclusive="0" passedButRunAborted="0" notRunnable="0" notExecuted="0" disconnected="0" warning="0" completed="0" inProgress="0" pending="0" />
  </ResultSummary>
  <TestDefinitions>
    <UnitTest name="VisualizeTest" storage="c:\users\vladyslav.gorbatiuk.synapse\documents\visual studio 2010\projects\datavisualization\viasualizertest\bin\debug\viasualizertest.dll" id="318a293f-f14e-a16d-ea5b-6406ff7c4727">
      <Execution id="1ee4a278-208a-4093-bff9-e36856092da9" />
      <TestMethod codeBase="C:/Users/vladyslav.gorbatiuk.SYNAPSE/Documents/Visual Studio 2010/Projects/DataVisualization/ViasualizerTest/bin/Debug/ViasualizerTest.DLL" adapterTypeName="Microsoft.VisualStudio.TestTools.TestTypes.Unit.UnitTestAdapter, Microsoft.VisualStudio.QualityTools.Tips.UnitTest.Adapter, Version=10.0.0.0, Culture=neutral, PublicKeyToken=b03f5f7f11d50a3a" className="ViasualizerTest.SimpleVisualizerTest, ViasualizerTest, Version=1.0.0.0, Culture=neutral, PublicKeyToken=null" name="VisualizeTest" />
    </UnitTest>
  </TestDefinitions>
  <TestLists>
    <TestList name="Results Not in a List" id="8c84fa94-04c1-424b-9868-57a2d4851a1d" />
    <TestList name="All Loaded Results" id="19431567-8539-422a-85d7-44ee4e166bda" />
  </TestLists>
  <TestEntries>
    <TestEntry testId="318a293f-f14e-a16d-ea5b-6406ff7c4727" executionId="1ee4a278-208a-4093-bff9-e36856092da9" testListId="8c84fa94-04c1-424b-9868-57a2d4851a1d" />
  </TestEntries>
  <Results>
    <UnitTestResult executionId="1ee4a278-208a-4093-bff9-e36856092da9" testId="318a293f-f14e-a16d-ea5b-6406ff7c4727" testName="VisualizeTest" computerName="KBP1-DHP-F24209" duration="01:53:30.3674175" startTime="2012-08-16T13:03:51.8521613+03:00" endTime="2012-08-16T14:57:23.7559797+03:00" testType="13cdc9d9-ddb5-4fa4-a97d-d965ccfc6d4b" outcome="Passed" testListId="8c84fa94-04c1-424b-9868-57a2d4851a1d" relativeResultsDirectory="1ee4a278-208a-4093-bff9-e36856092da9">
    </UnitTestResult>
  </Results>
</TestRun>