<?xml version="1.0" encoding="UTF-8"?>
<TestRun id="cd8d8fb9-f027-4207-9b2f-8314b8ccee2e" name="vladyslav.gorbatiuk@KBP1-DHP-F24209 2012-08-16 15:20:24" runUser="SYNAPSE\vladyslav.gorbatiuk" xmlns="http://microsoft.com/schemas/VisualStudio/TeamTest/2010">
  <TestSettings name="Local" id="6962cc40-9450-40ca-969d-a1862a1e5b17">
    <Description>These are default test settings for a local test run.</Description>
    <Deployment enabled="false" runDeploymentRoot="vladyslav.gorbatiuk_KBP1-DHP-F24209 2012-08-16 15_20_24">
      <DeploymentItem filename="C:\Users\vladyslav.gorbatiuk.SYNAPSE\Documents\Visual Studio 2010\Projects\DataObject\DataObject\bin\Debug\DataObject.dll" />
      <DeploymentItem filename="C:\Users\vladyslav.gorbatiuk.SYNAPSE\Documents\Visual Studio 2010\Projects\Graph\Graph\bin\Debug\Graph.exe" />
      <DeploymentItem filename="C:\Users\vladyslav.gorbatiuk.SYNAPSE\Documents\Visual Studio 2010\Projects\DataVisualization\DataVisualization\bin\Debug\DataVisualization.dll" />
    </Deployment>
    <Execution>
      <TestTypeSpecific />
      <AgentRule name="Execution Agents">
      </AgentRule>
    </Execution>
  </TestSettings>
  <Times creation="2012-08-16T15:20:24.8846283+03:00" queuing="2012-08-16T15:20:25.7787177+03:00" start="2012-08-16T15:20:25.8457244+03:00" finish="2012-08-16T15:20:27.2998698+03:00" />
  <ResultSummary outcome="Failed">
    <Counters total="1" executed="1" error="0" failed="1" timeout="0" aborted="0" inconclusive="0" passedButRunAborted="0" notRunnable="0" notExecuted="0" disconnected="0" warning="0" passed="0" completed="0" inProgress="0" pending="0" />
  </ResultSummary>
  <TestDefinitions>
    <UnitTest name="VisualizeTest" storage="c:\users\vladyslav.gorbatiuk.synapse\documents\visual studio 2010\projects\datavisualization\viasualizertest\bin\debug\viasualizertest.dll" id="318a293f-f14e-a16d-ea5b-6406ff7c4727">
      <Execution id="893252be-2b53-4558-845a-a8b9815024c9" />
      <TestMethod codeBase="C:/Users/vladyslav.gorbatiuk.SYNAPSE/Documents/Visual Studio 2010/Projects/DataVisualization/ViasualizerTest/bin/Debug/ViasualizerTest.DLL" adapterTypeName="Microsoft.VisualStudio.TestTools.TestTypes.Unit.UnitTestAdapter, Microsoft.VisualStudio.QualityTools.Tips.UnitTest.Adapter, Version=10.0.0.0, Culture=neutral, PublicKeyToken=b03f5f7f11d50a3a" className="ViasualizerTest.SimpleVisualizerTest, ViasualizerTest, Version=1.0.0.0, Culture=neutral, PublicKeyToken=null" name="VisualizeTest" />
    </UnitTest>
  </TestDefinitions>
  <TestLists>
    <TestList name="Results Not in a List" id="8c84fa94-04c1-424b-9868-57a2d4851a1d" />
    <TestList name="All Loaded Results" id="19431567-8539-422a-85d7-44ee4e166bda" />
  </TestLists>
  <TestEntries>
    <TestEntry testId="318a293f-f14e-a16d-ea5b-6406ff7c4727" executionId="893252be-2b53-4558-845a-a8b9815024c9" testListId="8c84fa94-04c1-424b-9868-57a2d4851a1d" />
  </TestEntries>
  <Results>
    <UnitTestResult executionId="893252be-2b53-4558-845a-a8b9815024c9" testId="318a293f-f14e-a16d-ea5b-6406ff7c4727" testName="VisualizeTest" computerName="KBP1-DHP-F24209" duration="00:00:00.1646803" startTime="2012-08-16T15:20:25.9097308+03:00" endTime="2012-08-16T15:20:27.2488647+03:00" testType="13cdc9d9-ddb5-4fa4-a97d-d965ccfc6d4b" outcome="Failed" testListId="8c84fa94-04c1-424b-9868-57a2d4851a1d" relativeResultsDirectory="893252be-2b53-4558-845a-a8b9815024c9">
      <Output>
        <ErrorInfo>
          <Message>Test method ViasualizerTest.SimpleVisualizerTest.VisualizeTest threw exception: 
System.NullReferenceException: Object reference not set to an instance of an object.</Message>
          <StackTrace>    at DataVisualization.SimpleVisualizationHandler.AddToDictAndGraphForm(DataObject iObj, ConsoleColor iColor) in C:\Users\vladyslav.gorbatiuk.SYNAPSE\Documents\Visual Studio 2010\Projects\DataVisualization\DataVisualization\SimpleVisualizationHandler.cs:line 82
   at DataVisualization.SimpleVisualizationHandler.AddToGraph(DataObject iObj) in C:\Users\vladyslav.gorbatiuk.SYNAPSE\Documents\Visual Studio 2010\Projects\DataVisualization\DataVisualization\SimpleVisualizationHandler.cs:line 58
   at ViasualizerTest.SimpleVisualizerTest.VisualizeTest() in C:\Users\vladyslav.gorbatiuk.SYNAPSE\Documents\Visual Studio 2010\Projects\DataVisualization\ViasualizerTest\SimpleVisualizerTest.cs:line 77
</StackTrace>
        </ErrorInfo>
      </Output>
    </UnitTestResult>
  </Results>
</TestRun>