<?xml version="1.0" encoding="UTF-8"?>
<TestRun id="64af15b3-8568-4fef-bbfc-aee1dad755d3" name="vladyslav.gorbatiuk@KBP1-DHP-F24209 2012-12-11 12:37:16" runUser="SYNAPSE\vladyslav.gorbatiuk" xmlns="http://microsoft.com/schemas/VisualStudio/TeamTest/2010">
  <TestSettings name="Local" id="7159334a-a785-4a40-af17-d1e4952132f1">
    <Description>These are default test settings for a local test run.</Description>
    <Deployment enabled="false" runDeploymentRoot="vladyslav.gorbatiuk_KBP1-DHP-F24209 2012-12-11 12_37_16">
      <DeploymentItem filename="C:\Users\vladyslav.gorbatiuk.SYNAPSE\Dropbox\BS_Work\DataVisualization\DataVisualization\bin\Debug\DataVisualization.dll" />
      <DeploymentItem filename="C:\Users\vladyslav.gorbatiuk.SYNAPSE\Dropbox\BS_Work\BSWorkSLN\TimeSeriesForecasting\bin\Debug\TimeSeriesForecasting.dll" />
      <DeploymentItem filename="C:\Users\vladyslav.gorbatiuk.SYNAPSE\Dropbox\BS_Work\DataObjectsSupply\DataObjectsSupply\bin\Debug\DataObjectsSupply.dll" />
      <DeploymentItem filename="C:\Users\vladyslav.gorbatiuk.SYNAPSE\Dropbox\BS_Work\BSWorkSLN\BSRepository\bin\Debug\BSRepository.dll" />
      <DeploymentItem filename="C:\Users\vladyslav.gorbatiuk.SYNAPSE\Dropbox\BS_Work\DataObject\DataObject\bin\Debug\DataObject.dll" />
      <DeploymentItem filename="C:\Program Files (x86)\AForge.NET\Framework\Release\AForge.Math.dll" />
      <DeploymentItem filename="C:\Users\vladyslav.gorbatiuk.SYNAPSE\Dropbox\BS_Work\DataPreprocessing\DataPreprocessing\bin\Debug\DataPreprocessing.dll" />
      <DeploymentItem filename="C:\Users\vladyslav.gorbatiuk.SYNAPSE\Dropbox\BS_Work\BSWorkSLN\packages\Moq.4.0.10827\lib\NET40\Moq.dll" />
      <DeploymentItem filename="C:\Program Files (x86)\AForge.NET\Framework\Release\AForge.Neuro.dll" />
      <DeploymentItem filename="C:\Users\vladyslav.gorbatiuk.SYNAPSE\Dropbox\BS_Work\BSWorkSLN\BSManager\bin\Debug\BSManager.dll" />
      <DeploymentItem filename="C:\Users\vladyslav.gorbatiuk.SYNAPSE\Dropbox\BS_Work\BSWorkSLN\BSComponents\bin\Debug\BSComponents.dll" />
      <DeploymentItem filename="C:\Users\vladyslav.gorbatiuk.SYNAPSE\Dropbox\BS_Work\BSWorkSLN\VisualizationHandling\bin\Debug\VisualizationHandling.dll" />
    </Deployment>
    <Execution>
      <TestTypeSpecific />
      <AgentRule name="Execution Agents">
      </AgentRule>
    </Execution>
  </TestSettings>
  <Times creation="2012-12-11T12:37:16.1138818+02:00" queuing="2012-12-11T12:37:20.7583462+02:00" start="2012-12-11T12:37:20.9473651+02:00" finish="2012-12-11T12:37:33.1205823+02:00" />
  <ResultSummary outcome="Completed">
    <Counters total="43" executed="43" passed="43" error="0" failed="0" timeout="0" aborted="0" inconclusive="0" passedButRunAborted="0" notRunnable="0" notExecuted="0" disconnected="0" warning="0" completed="0" inProgress="0" pending="0" />
  </ResultSummary>
  <TestDefinitions>
    <UnitTest name="ReturnsSuccessorsCorrectly" storage="c:\users\vladyslav.gorbatiuk.synapse\dropbox\bs_work\bsworksln\testbsmanager\bin\debug\testbsmanager.dll" id="6634bd6d-d6d6-93a3-d60a-d76d14393e50">
      <Execution id="c7366b51-5c91-4223-a74e-1a1beacd7838" />
      <TestMethod codeBase="C:/Users/vladyslav.gorbatiuk.SYNAPSE/Dropbox/BS_Work/BSWorkSLN/TestBSManager/bin/Debug/TestBSManager.DLL" adapterTypeName="Microsoft.VisualStudio.TestTools.TestTypes.Unit.UnitTestAdapter, Microsoft.VisualStudio.QualityTools.Tips.UnitTest.Adapter, Version=10.0.0.0, Culture=neutral, PublicKeyToken=b03f5f7f11d50a3a" className="TestBSManager.TestSuccessorsForComponentMethod, TestBSManager, Version=1.0.0.0, Culture=neutral, PublicKeyToken=null" name="ReturnsSuccessorsCorrectly" />
    </UnitTest>
    <UnitTest name="ThrowsFileNotFoundException" storage="c:\users\vladyslav.gorbatiuk.synapse\dropbox\bs_work\bsworksln\testrepository\bin\debug\testrepository.dll" id="439e9ef1-8a87-a82e-9093-73787685d86c">
      <Execution id="18662190-024b-49cc-8add-73399a53ac5c" />
      <TestMethod codeBase="C:/Users/vladyslav.gorbatiuk.SYNAPSE/Dropbox/BS_Work/BSWorkSLN/TestRepository/bin/Debug/TestRepository.DLL" adapterTypeName="Microsoft.VisualStudio.TestTools.TestTypes.Unit.UnitTestAdapter, Microsoft.VisualStudio.QualityTools.Tips.UnitTest.Adapter, Version=10.0.0.0, Culture=neutral, PublicKeyToken=b03f5f7f11d50a3a" className="TestRepository.TestDataObjectFromFileMethod, TestRepository, Version=1.0.0.0, Culture=neutral, PublicKeyToken=null" name="ThrowsFileNotFoundException" />
    </UnitTest>
    <UnitTest name="ThrowsKeyNotFoundException" storage="c:\users\vladyslav.gorbatiuk.synapse\dropbox\bs_work\bsworksln\testbsmanager\bin\debug\testbsmanager.dll" id="d2f1dd7c-8b39-ee24-bffa-827116cf1716">
      <Execution id="4266d28c-e136-4d08-b757-79b9b33f6fc1" />
      <TestMethod codeBase="C:/Users/vladyslav.gorbatiuk.SYNAPSE/Dropbox/BS_Work/BSWorkSLN/TestBSManager/bin/Debug/TestBSManager.DLL" adapterTypeName="Microsoft.VisualStudio.TestTools.TestTypes.Unit.UnitTestAdapter, Microsoft.VisualStudio.QualityTools.Tips.UnitTest.Adapter, Version=10.0.0.0, Culture=neutral, PublicKeyToken=b03f5f7f11d50a3a" className="TestBSManager.TestPredecessorsForComponentMethod, TestBSManager, Version=1.0.0.0, Culture=neutral, PublicKeyToken=null" name="ThrowsKeyNotFoundException" />
    </UnitTest>
    <UnitTest name="DeNormalizeGeneralCorrectnessTest" storage="c:\users\vladyslav.gorbatiuk.synapse\dropbox\bs_work\bsworksln\testtimeseriesforecasting\bin\debug\testtimeseriesforecasting.dll" id="714cc709-4fc1-c7d4-c5e7-561e8727673d">
      <Execution id="0e6fb4bc-7df7-495f-be26-ddb0e78367a1" />
      <TestMethod codeBase="C:/Users/vladyslav.gorbatiuk.SYNAPSE/Dropbox/BS_Work/BSWorkSLN/TestTimeSeriesForecasting/bin/Debug/TestTimeSeriesForecasting.DLL" adapterTypeName="Microsoft.VisualStudio.TestTools.TestTypes.Unit.UnitTestAdapter, Microsoft.VisualStudio.QualityTools.Tips.UnitTest.Adapter, Version=10.0.0.0, Culture=neutral, PublicKeyToken=b03f5f7f11d50a3a" className="TestTimeSeriesForecasting.TestDataNormalizer, TestTimeSeriesForecasting, Version=1.0.0.0, Culture=neutral, PublicKeyToken=null" name="DeNormalizeGeneralCorrectnessTest" />
    </UnitTest>
    <UnitTest name="DataObjectConstructorTest" storage="c:\users\vladyslav.gorbatiuk.synapse\dropbox\bs_work\dataobject\testdataobject\bin\debug\testdataobject.dll" id="f99d417c-f78f-9832-fd6a-5cf102fe28c7">
      <Execution id="15a2be96-99f1-457c-8e13-687a0e977d02" />
      <TestMethod codeBase="C:/Users/vladyslav.gorbatiuk.SYNAPSE/Dropbox/BS_Work/DataObject/TestDataObject/bin/Debug/TestDataObject.DLL" adapterTypeName="Microsoft.VisualStudio.TestTools.TestTypes.Unit.UnitTestAdapter, Microsoft.VisualStudio.QualityTools.Tips.UnitTest.Adapter, Version=10.0.0.0, Culture=neutral, PublicKeyToken=b03f5f7f11d50a3a" className="TestDataObject.DataObjectTest, TestDataObject, Version=1.0.0.0, Culture=neutral, PublicKeyToken=null" name="DataObjectConstructorTest" />
    </UnitTest>
    <UnitTest name="GeneralCorrectnessTest" storage="c:\users\vladyslav.gorbatiuk.synapse\dropbox\bs_work\bsworksln\testtimeseriesforecasting\bin\debug\testtimeseriesforecasting.dll" id="ecb9b643-bcda-dab7-25a3-1d531a237234">
      <Execution id="0a441743-e47b-4e33-9118-e18fec42d47c" />
      <TestMethod codeBase="C:/Users/vladyslav.gorbatiuk.SYNAPSE/Dropbox/BS_Work/BSWorkSLN/TestTimeSeriesForecasting/bin/Debug/TestTimeSeriesForecasting.DLL" adapterTypeName="Microsoft.VisualStudio.TestTools.TestTypes.Unit.UnitTestAdapter, Microsoft.VisualStudio.QualityTools.Tips.UnitTest.Adapter, Version=10.0.0.0, Culture=neutral, PublicKeyToken=b03f5f7f11d50a3a" className="TestTimeSeriesForecasting.TestDataNormalizer, TestTimeSeriesForecasting, Version=1.0.0.0, Culture=neutral, PublicKeyToken=null" name="GeneralCorrectnessTest" />
    </UnitTest>
    <UnitTest name="WorksCorrectlyIfComponentExists" storage="c:\users\vladyslav.gorbatiuk.synapse\dropbox\bs_work\bsworksln\testbsmanager\bin\debug\testbsmanager.dll" id="ae43ffa7-6f12-dd48-8cb2-c1113ab62f04">
      <Execution id="e45661c1-1439-4d59-b348-e0ca31b0e2f1" />
      <TestMethod codeBase="C:/Users/vladyslav.gorbatiuk.SYNAPSE/Dropbox/BS_Work/BSWorkSLN/TestBSManager/bin/Debug/TestBSManager.DLL" adapterTypeName="Microsoft.VisualStudio.TestTools.TestTypes.Unit.UnitTestAdapter, Microsoft.VisualStudio.QualityTools.Tips.UnitTest.Adapter, Version=10.0.0.0, Culture=neutral, PublicKeyToken=b03f5f7f11d50a3a" className="TestBSManager.TestExistsComponentAtPointMethod, TestBSManager, Version=1.0.0.0, Culture=neutral, PublicKeyToken=null" name="WorksCorrectlyIfComponentExists" />
    </UnitTest>
    <UnitTest name="MedianPreprocessorConstructorTest" storage="c:\users\vladyslav.gorbatiuk.synapse\dropbox\bs_work\datapreprocessing\testmedianprocessor\bin\debug\testmedianprocessor.dll" id="e4c3f4e3-9eeb-063e-cd56-570432f53cee">
      <Execution id="831e0d0a-ddc2-4d53-b964-ae32fce32228" />
      <TestMethod codeBase="C:/Users/vladyslav.gorbatiuk.SYNAPSE/Dropbox/BS_Work/DataPreprocessing/TestMedianProcessor/bin/Debug/TestMedianProcessor.DLL" adapterTypeName="Microsoft.VisualStudio.TestTools.TestTypes.Unit.UnitTestAdapter, Microsoft.VisualStudio.QualityTools.Tips.UnitTest.Adapter, Version=10.0.0.0, Culture=neutral, PublicKeyToken=b03f5f7f11d50a3a" className="TestMedianProcessor.MedianPreprocessorTest, TestMedianProcessor, Version=1.0.0.0, Culture=neutral, PublicKeyToken=null" name="MedianPreprocessorConstructorTest" />
    </UnitTest>
    <UnitTest name="ProcessTest" storage="c:\users\vladyslav.gorbatiuk.synapse\dropbox\bs_work\datapreprocessing\weightedaveragetest\bin\debug\weightedaveragetest.dll" id="7adc5048-9fc6-28b1-020d-2cab5e2848a1">
      <Execution id="9194244e-2b14-4170-8df0-6f680b7f9cdc" />
      <TestMethod codeBase="C:/Users/vladyslav.gorbatiuk.SYNAPSE/Dropbox/BS_Work/DataPreprocessing/WeightedAverageTest/bin/Debug/WeightedAverageTest.DLL" adapterTypeName="Microsoft.VisualStudio.TestTools.TestTypes.Unit.UnitTestAdapter, Microsoft.VisualStudio.QualityTools.Tips.UnitTest.Adapter, Version=10.0.0.0, Culture=neutral, PublicKeyToken=b03f5f7f11d50a3a" className="WeightedAverageTest.WeightedAverageTest, WeightedAverageTest, Version=1.0.0.0, Culture=neutral, PublicKeyToken=null" name="ProcessTest" />
    </UnitTest>
    <UnitTest name="AddsPredecessorsSuccessfully" storage="c:\users\vladyslav.gorbatiuk.synapse\dropbox\bs_work\bsworksln\testbsmanager\bin\debug\testbsmanager.dll" id="77e211d6-689f-6075-dafa-c0e9e873d88e">
      <Execution id="38813b2d-059c-4c63-a570-3a929ba7c054" />
      <TestMethod codeBase="C:/Users/vladyslav.gorbatiuk.SYNAPSE/Dropbox/BS_Work/BSWorkSLN/TestBSManager/bin/Debug/TestBSManager.DLL" adapterTypeName="Microsoft.VisualStudio.TestTools.TestTypes.Unit.UnitTestAdapter, Microsoft.VisualStudio.QualityTools.Tips.UnitTest.Adapter, Version=10.0.0.0, Culture=neutral, PublicKeyToken=b03f5f7f11d50a3a" className="TestBSManager.TestAddPredecessorsForComponentMethod, TestBSManager, Version=1.0.0.0, Culture=neutral, PublicKeyToken=null" name="AddsPredecessorsSuccessfully" />
    </UnitTest>
    <UnitTest name="WeightedAverageConstructorGeneralTest" storage="c:\users\vladyslav.gorbatiuk.synapse\dropbox\bs_work\datapreprocessing\weightedaveragetest\bin\debug\weightedaveragetest.dll" id="0a5d8a87-71b3-96f7-9b96-d7eb0f7bc09b">
      <Execution id="b59435cc-244c-43c7-929a-ffc4c59e6afb" />
      <TestMethod codeBase="C:/Users/vladyslav.gorbatiuk.SYNAPSE/Dropbox/BS_Work/DataPreprocessing/WeightedAverageTest/bin/Debug/WeightedAverageTest.DLL" adapterTypeName="Microsoft.VisualStudio.TestTools.TestTypes.Unit.UnitTestAdapter, Microsoft.VisualStudio.QualityTools.Tips.UnitTest.Adapter, Version=10.0.0.0, Culture=neutral, PublicKeyToken=b03f5f7f11d50a3a" className="WeightedAverageTest.WeightedAverageTest, WeightedAverageTest, Version=1.0.0.0, Culture=neutral, PublicKeyToken=null" name="WeightedAverageConstructorGeneralTest" />
    </UnitTest>
    <UnitTest name="MedianPreprocessorConstructorWindowSizeOnlyPositiveTest" storage="c:\users\vladyslav.gorbatiuk.synapse\dropbox\bs_work\datapreprocessing\testmedianprocessor\bin\debug\testmedianprocessor.dll" id="e1b6011b-ed00-b6a9-ca3b-a2ecc7a442f8">
      <Execution id="9d3ede69-3121-477e-aa30-6638003c0d77" />
      <TestMethod codeBase="C:/Users/vladyslav.gorbatiuk.SYNAPSE/Dropbox/BS_Work/DataPreprocessing/TestMedianProcessor/bin/Debug/TestMedianProcessor.DLL" adapterTypeName="Microsoft.VisualStudio.TestTools.TestTypes.Unit.UnitTestAdapter, Microsoft.VisualStudio.QualityTools.Tips.UnitTest.Adapter, Version=10.0.0.0, Culture=neutral, PublicKeyToken=b03f5f7f11d50a3a" className="TestMedianProcessor.MedianPreprocessorTest, TestMedianProcessor, Version=1.0.0.0, Culture=neutral, PublicKeyToken=null" name="MedianPreprocessorConstructorWindowSizeOnlyPositiveTest" />
    </UnitTest>
    <UnitTest name="ThrowsKeyNotFoundException" storage="c:\users\vladyslav.gorbatiuk.synapse\dropbox\bs_work\bsworksln\testbsmanager\bin\debug\testbsmanager.dll" id="2386aef6-9eb6-a41d-f1ef-07a4f744d4b5">
      <Execution id="2d5943f7-be1d-4bf1-96fb-d4d970269bdc" />
      <TestMethod codeBase="C:/Users/vladyslav.gorbatiuk.SYNAPSE/Dropbox/BS_Work/BSWorkSLN/TestBSManager/bin/Debug/TestBSManager.DLL" adapterTypeName="Microsoft.VisualStudio.TestTools.TestTypes.Unit.UnitTestAdapter, Microsoft.VisualStudio.QualityTools.Tips.UnitTest.Adapter, Version=10.0.0.0, Culture=neutral, PublicKeyToken=b03f5f7f11d50a3a" className="TestBSManager.TestSuccessorsForComponentMethod, TestBSManager, Version=1.0.0.0, Culture=neutral, PublicKeyToken=null" name="ThrowsKeyNotFoundException" />
    </UnitTest>
    <UnitTest name="AddsNewComponentCorrectly" storage="c:\users\vladyslav.gorbatiuk.synapse\dropbox\bs_work\bsworksln\testbsmanager\bin\debug\testbsmanager.dll" id="287dda4a-d5ba-364d-7fdf-1a25da6443ec">
      <Execution id="904f95fe-95a7-4d85-a325-23e727669876" />
      <TestMethod codeBase="C:/Users/vladyslav.gorbatiuk.SYNAPSE/Dropbox/BS_Work/BSWorkSLN/TestBSManager/bin/Debug/TestBSManager.DLL" adapterTypeName="Microsoft.VisualStudio.TestTools.TestTypes.Unit.UnitTestAdapter, Microsoft.VisualStudio.QualityTools.Tips.UnitTest.Adapter, Version=10.0.0.0, Culture=neutral, PublicKeyToken=b03f5f7f11d50a3a" className="TestBSManager.TestAddComponentWithNameAndPosition, TestBSManager, Version=1.0.0.0, Culture=neutral, PublicKeyToken=null" name="AddsNewComponentCorrectly" />
    </UnitTest>
    <UnitTest name="WeightedAverageConstructorThrowsExceptionTest" storage="c:\users\vladyslav.gorbatiuk.synapse\dropbox\bs_work\datapreprocessing\weightedaveragetest\bin\debug\weightedaveragetest.dll" id="c1afeb03-2e4d-7ec4-7311-eae06cb26823">
      <Execution id="7af996b9-4df7-4dc3-99e7-d2ce0bb450cb" />
      <TestMethod codeBase="C:/Users/vladyslav.gorbatiuk.SYNAPSE/Dropbox/BS_Work/DataPreprocessing/WeightedAverageTest/bin/Debug/WeightedAverageTest.DLL" adapterTypeName="Microsoft.VisualStudio.TestTools.TestTypes.Unit.UnitTestAdapter, Microsoft.VisualStudio.QualityTools.Tips.UnitTest.Adapter, Version=10.0.0.0, Culture=neutral, PublicKeyToken=b03f5f7f11d50a3a" className="WeightedAverageTest.WeightedAverageTest, WeightedAverageTest, Version=1.0.0.0, Culture=neutral, PublicKeyToken=null" name="WeightedAverageConstructorThrowsExceptionTest" />
    </UnitTest>
    <UnitTest name="ThrowsArgumentNullException" storage="c:\users\vladyslav.gorbatiuk.synapse\dropbox\bs_work\bsworksln\testbsmanager\bin\debug\testbsmanager.dll" id="f1f6b764-199c-eb93-28c5-45e776878a29">
      <Execution id="39fe4e47-64c2-4e38-8d37-94ed3e5ab4d1" />
      <TestMethod codeBase="C:/Users/vladyslav.gorbatiuk.SYNAPSE/Dropbox/BS_Work/BSWorkSLN/TestBSManager/bin/Debug/TestBSManager.DLL" adapterTypeName="Microsoft.VisualStudio.TestTools.TestTypes.Unit.UnitTestAdapter, Microsoft.VisualStudio.QualityTools.Tips.UnitTest.Adapter, Version=10.0.0.0, Culture=neutral, PublicKeyToken=b03f5f7f11d50a3a" className="TestBSManager.TestAddComponentMethod, TestBSManager, Version=1.0.0.0, Culture=neutral, PublicKeyToken=null" name="ThrowsArgumentNullException" />
    </UnitTest>
    <UnitTest name="ReturnsEmptyList" storage="c:\users\vladyslav.gorbatiuk.synapse\dropbox\bs_work\bsworksln\testbsmanager\bin\debug\testbsmanager.dll" id="b70fa8fe-1a28-fd41-7501-f5b3ec0ddfb6">
      <Execution id="184a7c56-5a76-4349-a18a-61f92f563ca1" />
      <TestMethod codeBase="C:/Users/vladyslav.gorbatiuk.SYNAPSE/Dropbox/BS_Work/BSWorkSLN/TestBSManager/bin/Debug/TestBSManager.DLL" adapterTypeName="Microsoft.VisualStudio.TestTools.TestTypes.Unit.UnitTestAdapter, Microsoft.VisualStudio.QualityTools.Tips.UnitTest.Adapter, Version=10.0.0.0, Culture=neutral, PublicKeyToken=b03f5f7f11d50a3a" className="TestBSManager.TestSuccessorsForComponentMethod, TestBSManager, Version=1.0.0.0, Culture=neutral, PublicKeyToken=null" name="ReturnsEmptyList" />
    </UnitTest>
    <UnitTest name="WorksCorrectlyIfNoComponentMatches" storage="c:\users\vladyslav.gorbatiuk.synapse\dropbox\bs_work\bsworksln\testbsmanager\bin\debug\testbsmanager.dll" id="2bb26128-2f4c-b4db-b328-17ba8e0e6c02">
      <Execution id="df5df9b7-c2af-4529-bf60-465de11763c0" />
      <TestMethod codeBase="C:/Users/vladyslav.gorbatiuk.SYNAPSE/Dropbox/BS_Work/BSWorkSLN/TestBSManager/bin/Debug/TestBSManager.DLL" adapterTypeName="Microsoft.VisualStudio.TestTools.TestTypes.Unit.UnitTestAdapter, Microsoft.VisualStudio.QualityTools.Tips.UnitTest.Adapter, Version=10.0.0.0, Culture=neutral, PublicKeyToken=b03f5f7f11d50a3a" className="TestBSManager.TestExistsComponentAtPointMethod, TestBSManager, Version=1.0.0.0, Culture=neutral, PublicKeyToken=null" name="WorksCorrectlyIfNoComponentMatches" />
    </UnitTest>
    <UnitTest name="ProcessTest" storage="c:\users\vladyslav.gorbatiuk.synapse\dropbox\bs_work\datapreprocessing\testtukey53hpreprocessor\bin\debug\testtukey53hpreprocessor.dll" id="d132dbb6-21c4-eca4-4e92-1ad53fb6b9d5">
      <Execution id="28ef57b3-c7df-4200-9dc8-44b5406942f0" />
      <TestMethod codeBase="C:/Users/vladyslav.gorbatiuk.SYNAPSE/Dropbox/BS_Work/DataPreprocessing/TestTukey53HPreprocessor/bin/Debug/TestTukey53HPreprocessor.DLL" adapterTypeName="Microsoft.VisualStudio.TestTools.TestTypes.Unit.UnitTestAdapter, Microsoft.VisualStudio.QualityTools.Tips.UnitTest.Adapter, Version=10.0.0.0, Culture=neutral, PublicKeyToken=b03f5f7f11d50a3a" className="TestTukey53HPreprocessor.Tukey53HPreprocessorTest, TestTukey53HPreprocessor, Version=1.0.0.0, Culture=neutral, PublicKeyToken=null" name="ProcessTest" />
    </UnitTest>
    <UnitTest name="ProcessTest" storage="c:\users\vladyslav.gorbatiuk.synapse\dropbox\bs_work\datapreprocessing\testmeanprocessor\bin\debug\testmeanprocessor.dll" id="998fee1e-2376-fa93-e67e-ac5c0c37d915">
      <Execution id="217d0047-8c50-48e4-90f6-d4a8f1ea9758" />
      <TestMethod codeBase="C:/Users/vladyslav.gorbatiuk.SYNAPSE/Dropbox/BS_Work/DataPreprocessing/TestMeanProcessor/bin/Debug/TestMeanProcessor.DLL" adapterTypeName="Microsoft.VisualStudio.TestTools.TestTypes.Unit.UnitTestAdapter, Microsoft.VisualStudio.QualityTools.Tips.UnitTest.Adapter, Version=10.0.0.0, Culture=neutral, PublicKeyToken=b03f5f7f11d50a3a" className="TestMeanProcessor.MeanPreprocessorTest, TestMeanProcessor, Version=1.0.0.0, Culture=neutral, PublicKeyToken=null" name="ProcessTest" />
    </UnitTest>
    <UnitTest name="ReturnsEmptyList" storage="c:\users\vladyslav.gorbatiuk.synapse\dropbox\bs_work\bsworksln\testbsmanager\bin\debug\testbsmanager.dll" id="8d29bffa-1c1f-3514-19be-f7c339a8d80a">
      <Execution id="eb4692ed-99bf-4b02-a2e4-97ababde1ccb" />
      <TestMethod codeBase="C:/Users/vladyslav.gorbatiuk.SYNAPSE/Dropbox/BS_Work/BSWorkSLN/TestBSManager/bin/Debug/TestBSManager.DLL" adapterTypeName="Microsoft.VisualStudio.TestTools.TestTypes.Unit.UnitTestAdapter, Microsoft.VisualStudio.QualityTools.Tips.UnitTest.Adapter, Version=10.0.0.0, Culture=neutral, PublicKeyToken=b03f5f7f11d50a3a" className="TestBSManager.TestPredecessorsForComponentMethod, TestBSManager, Version=1.0.0.0, Culture=neutral, PublicKeyToken=null" name="ReturnsEmptyList" />
    </UnitTest>
    <UnitTest name="GetBSDataObjectForStreamTest" storage="c:\users\vladyslav.gorbatiuk.synapse\dropbox\bs_work\dataobjectssupply\testdatasupplier\bin\debug\testdatasupplier.dll" id="3c5b0309-a1f9-f2c2-b438-c45b65575fca">
      <Execution id="6756be9f-9f9a-4446-b5a1-3d94ddad7bdb" />
      <TestMethod codeBase="C:/Users/vladyslav.gorbatiuk.SYNAPSE/Dropbox/BS_Work/DataObjectsSupply/TestDataSupplier/bin/Debug/TestDataSupplier.DLL" adapterTypeName="Microsoft.VisualStudio.TestTools.TestTypes.Unit.UnitTestAdapter, Microsoft.VisualStudio.QualityTools.Tips.UnitTest.Adapter, Version=10.0.0.0, Culture=neutral, PublicKeyToken=b03f5f7f11d50a3a" className="TestDataSupplier.BSDataObjectSupplierTest, TestDataSupplier, Version=1.0.0.0, Culture=neutral, PublicKeyToken=null" name="GetBSDataObjectForStreamTest" />
    </UnitTest>
    <UnitTest name="ReturnsPredecessorsCorrectly" storage="c:\users\vladyslav.gorbatiuk.synapse\dropbox\bs_work\bsworksln\testbsmanager\bin\debug\testbsmanager.dll" id="767bb09f-9122-5b4d-66a2-f71cc61e4596">
      <Execution id="769d453f-3cb3-4e73-8c9a-975fa729bd7a" />
      <TestMethod codeBase="C:/Users/vladyslav.gorbatiuk.SYNAPSE/Dropbox/BS_Work/BSWorkSLN/TestBSManager/bin/Debug/TestBSManager.DLL" adapterTypeName="Microsoft.VisualStudio.TestTools.TestTypes.Unit.UnitTestAdapter, Microsoft.VisualStudio.QualityTools.Tips.UnitTest.Adapter, Version=10.0.0.0, Culture=neutral, PublicKeyToken=b03f5f7f11d50a3a" className="TestBSManager.TestPredecessorsForComponentMethod, TestBSManager, Version=1.0.0.0, Culture=neutral, PublicKeyToken=null" name="ReturnsPredecessorsCorrectly" />
    </UnitTest>
    <UnitTest name="ThrowsKeyNotFoundException" storage="c:\users\vladyslav.gorbatiuk.synapse\dropbox\bs_work\bsworksln\testbsmanager\bin\debug\testbsmanager.dll" id="cc4bf252-30c5-8259-81d1-11d0e5d49a7e">
      <Execution id="d882434e-826c-405b-aca6-59fb9431067a" />
      <TestMethod codeBase="C:/Users/vladyslav.gorbatiuk.SYNAPSE/Dropbox/BS_Work/BSWorkSLN/TestBSManager/bin/Debug/TestBSManager.DLL" adapterTypeName="Microsoft.VisualStudio.TestTools.TestTypes.Unit.UnitTestAdapter, Microsoft.VisualStudio.QualityTools.Tips.UnitTest.Adapter, Version=10.0.0.0, Culture=neutral, PublicKeyToken=b03f5f7f11d50a3a" className="TestBSManager.TestAddComponentWithNameAndPosition, TestBSManager, Version=1.0.0.0, Culture=neutral, PublicKeyToken=null" name="ThrowsKeyNotFoundException" />
    </UnitTest>
    <UnitTest name="ProcessMedianForEvenWindowSizeTest" storage="c:\users\vladyslav.gorbatiuk.synapse\dropbox\bs_work\datapreprocessing\testmedianprocessor\bin\debug\testmedianprocessor.dll" id="0f43129b-a67f-8f4b-602b-4316a4b0cbfa">
      <Execution id="905dac74-fde6-44b1-8155-ec5f4413b612" />
      <TestMethod codeBase="C:/Users/vladyslav.gorbatiuk.SYNAPSE/Dropbox/BS_Work/DataPreprocessing/TestMedianProcessor/bin/Debug/TestMedianProcessor.DLL" adapterTypeName="Microsoft.VisualStudio.TestTools.TestTypes.Unit.UnitTestAdapter, Microsoft.VisualStudio.QualityTools.Tips.UnitTest.Adapter, Version=10.0.0.0, Culture=neutral, PublicKeyToken=b03f5f7f11d50a3a" className="TestMedianProcessor.MedianPreprocessorTest, TestMedianProcessor, Version=1.0.0.0, Culture=neutral, PublicKeyToken=null" name="ProcessMedianForEvenWindowSizeTest" />
    </UnitTest>
    <UnitTest name="ThrowsArgumentNullExceptionForNullArgument" storage="c:\users\vladyslav.gorbatiuk.synapse\dropbox\bs_work\bsworksln\testrepository\bin\debug\testrepository.dll" id="31e9081f-f269-9f4a-9ddd-d9d4a7348312">
      <Execution id="378d0f28-7c82-438c-9b5e-349b04c5083f" />
      <TestMethod codeBase="C:/Users/vladyslav.gorbatiuk.SYNAPSE/Dropbox/BS_Work/BSWorkSLN/TestRepository/bin/Debug/TestRepository.DLL" adapterTypeName="Microsoft.VisualStudio.TestTools.TestTypes.Unit.UnitTestAdapter, Microsoft.VisualStudio.QualityTools.Tips.UnitTest.Adapter, Version=10.0.0.0, Culture=neutral, PublicKeyToken=b03f5f7f11d50a3a" className="TestRepository.TestDataObjectFromFileMethod, TestRepository, Version=1.0.0.0, Culture=neutral, PublicKeyToken=null" name="ThrowsArgumentNullExceptionForNullArgument" />
    </UnitTest>
    <UnitTest name="General" storage="c:\users\vladyslav.gorbatiuk.synapse\dropbox\bs_work\bsworksln\testrepository\bin\debug\testrepository.dll" id="57baecd8-f2b7-9d78-5a55-40480ac493a3">
      <Execution id="4018961e-5c83-4c47-bf99-0904dd6ab927" />
      <TestMethod codeBase="C:/Users/vladyslav.gorbatiuk.SYNAPSE/Dropbox/BS_Work/BSWorkSLN/TestRepository/bin/Debug/TestRepository.DLL" adapterTypeName="Microsoft.VisualStudio.TestTools.TestTypes.Unit.UnitTestAdapter, Microsoft.VisualStudio.QualityTools.Tips.UnitTest.Adapter, Version=10.0.0.0, Culture=neutral, PublicKeyToken=b03f5f7f11d50a3a" className="TestRepository.TestDataObjectFromFileMethod, TestRepository, Version=1.0.0.0, Culture=neutral, PublicKeyToken=null" name="General" />
    </UnitTest>
    <UnitTest name="MeanPreprocessorConstructorTest" storage="c:\users\vladyslav.gorbatiuk.synapse\dropbox\bs_work\datapreprocessing\testmeanprocessor\bin\debug\testmeanprocessor.dll" id="d6d3d0b6-8f9f-4871-0b45-3e9556e452bd">
      <Execution id="3a3896b3-241f-4875-9500-628d9228bba4" />
      <TestMethod codeBase="C:/Users/vladyslav.gorbatiuk.SYNAPSE/Dropbox/BS_Work/DataPreprocessing/TestMeanProcessor/bin/Debug/TestMeanProcessor.DLL" adapterTypeName="Microsoft.VisualStudio.TestTools.TestTypes.Unit.UnitTestAdapter, Microsoft.VisualStudio.QualityTools.Tips.UnitTest.Adapter, Version=10.0.0.0, Culture=neutral, PublicKeyToken=b03f5f7f11d50a3a" className="TestMeanProcessor.MeanPreprocessorTest, TestMeanProcessor, Version=1.0.0.0, Culture=neutral, PublicKeyToken=null" name="MeanPreprocessorConstructorTest" />
    </UnitTest>
    <UnitTest name="LinksComponentsSuccessfullyIfEverythingIsGood" storage="c:\users\vladyslav.gorbatiuk.synapse\dropbox\bs_work\bsworksln\testbsmanager\bin\debug\testbsmanager.dll" id="cd0dc327-014e-e0d7-4f97-12b6f09d6f3a">
      <Execution id="12cc9eb1-059e-4e46-917a-025e7992fb0b" />
      <TestMethod codeBase="C:/Users/vladyslav.gorbatiuk.SYNAPSE/Dropbox/BS_Work/BSWorkSLN/TestBSManager/bin/Debug/TestBSManager.DLL" adapterTypeName="Microsoft.VisualStudio.TestTools.TestTypes.Unit.UnitTestAdapter, Microsoft.VisualStudio.QualityTools.Tips.UnitTest.Adapter, Version=10.0.0.0, Culture=neutral, PublicKeyToken=b03f5f7f11d50a3a" className="TestBSManager.TestLinkComponentsAtPointsMethod, TestBSManager, Version=1.0.0.0, Culture=neutral, PublicKeyToken=null" name="LinksComponentsSuccessfullyIfEverythingIsGood" />
    </UnitTest>
    <UnitTest name="ThrowsArgumentNullException" storage="c:\users\vladyslav.gorbatiuk.synapse\dropbox\bs_work\bsworksln\testbsmanager\bin\debug\testbsmanager.dll" id="7a04a3b1-aa99-37f5-711b-4215e2a38353">
      <Execution id="675c4d06-2ae4-4b14-aa24-50c0e6d15198" />
      <TestMethod codeBase="C:/Users/vladyslav.gorbatiuk.SYNAPSE/Dropbox/BS_Work/BSWorkSLN/TestBSManager/bin/Debug/TestBSManager.DLL" adapterTypeName="Microsoft.VisualStudio.TestTools.TestTypes.Unit.UnitTestAdapter, Microsoft.VisualStudio.QualityTools.Tips.UnitTest.Adapter, Version=10.0.0.0, Culture=neutral, PublicKeyToken=b03f5f7f11d50a3a" className="TestBSManager.TestAddComponentWithNameAndPosition, TestBSManager, Version=1.0.0.0, Culture=neutral, PublicKeyToken=null" name="ThrowsArgumentNullException" />
    </UnitTest>
    <UnitTest name="WeightedAverageConstructorCalculatesWeightsSumCorrectlyTest" storage="c:\users\vladyslav.gorbatiuk.synapse\dropbox\bs_work\datapreprocessing\weightedaveragetest\bin\debug\weightedaveragetest.dll" id="0deb66dc-f3dc-fac4-162d-a6780538cbef">
      <Execution id="f9defa99-a3ab-41c5-b18f-35936c053463" />
      <TestMethod codeBase="C:/Users/vladyslav.gorbatiuk.SYNAPSE/Dropbox/BS_Work/DataPreprocessing/WeightedAverageTest/bin/Debug/WeightedAverageTest.DLL" adapterTypeName="Microsoft.VisualStudio.TestTools.TestTypes.Unit.UnitTestAdapter, Microsoft.VisualStudio.QualityTools.Tips.UnitTest.Adapter, Version=10.0.0.0, Culture=neutral, PublicKeyToken=b03f5f7f11d50a3a" className="WeightedAverageTest.WeightedAverageTest, WeightedAverageTest, Version=1.0.0.0, Culture=neutral, PublicKeyToken=null" name="WeightedAverageConstructorCalculatesWeightsSumCorrectlyTest" />
    </UnitTest>
    <UnitTest name="ProcessTest" storage="c:\users\vladyslav.gorbatiuk.synapse\dropbox\bs_work\datapreprocessing\testmedianprocessor\bin\debug\testmedianprocessor.dll" id="1875a93a-f552-02e5-6f9e-7740719a86d2">
      <Execution id="b1577428-23ab-4e2b-ae37-b8c5c3d8ad21" />
      <TestMethod codeBase="C:/Users/vladyslav.gorbatiuk.SYNAPSE/Dropbox/BS_Work/DataPreprocessing/TestMedianProcessor/bin/Debug/TestMedianProcessor.DLL" adapterTypeName="Microsoft.VisualStudio.TestTools.TestTypes.Unit.UnitTestAdapter, Microsoft.VisualStudio.QualityTools.Tips.UnitTest.Adapter, Version=10.0.0.0, Culture=neutral, PublicKeyToken=b03f5f7f11d50a3a" className="TestMedianProcessor.MedianPreprocessorTest, TestMedianProcessor, Version=1.0.0.0, Culture=neutral, PublicKeyToken=null" name="ProcessTest" />
    </UnitTest>
    <UnitTest name="ThrowsArgumentException" storage="c:\users\vladyslav.gorbatiuk.synapse\dropbox\bs_work\bsworksln\testbsmanager\bin\debug\testbsmanager.dll" id="ea4b6903-0b66-8ac4-269c-13a025c66551">
      <Execution id="b375d4b1-b663-45da-ad7b-14c925a9260a" />
      <TestMethod codeBase="C:/Users/vladyslav.gorbatiuk.SYNAPSE/Dropbox/BS_Work/BSWorkSLN/TestBSManager/bin/Debug/TestBSManager.DLL" adapterTypeName="Microsoft.VisualStudio.TestTools.TestTypes.Unit.UnitTestAdapter, Microsoft.VisualStudio.QualityTools.Tips.UnitTest.Adapter, Version=10.0.0.0, Culture=neutral, PublicKeyToken=b03f5f7f11d50a3a" className="TestBSManager.TestAddSuccessorForComponentMethod, TestBSManager, Version=1.0.0.0, Culture=neutral, PublicKeyToken=null" name="ThrowsArgumentException" />
    </UnitTest>
    <UnitTest name="ProcessTest" storage="c:\users\vladyslav.gorbatiuk.synapse\dropbox\bs_work\datapreprocessing\fourierpreprocessor\bin\debug\fourierpreprocessor.dll" id="d9769cdc-f8a5-63ad-d384-6bca4bf5b519">
      <Execution id="d983cc57-9e7c-4312-a456-78b1688aa7c7" />
      <TestMethod codeBase="C:/Users/vladyslav.gorbatiuk.SYNAPSE/Dropbox/BS_Work/DataPreprocessing/FourierPreprocessor/bin/Debug/FourierPreprocessor.DLL" adapterTypeName="Microsoft.VisualStudio.TestTools.TestTypes.Unit.UnitTestAdapter, Microsoft.VisualStudio.QualityTools.Tips.UnitTest.Adapter, Version=10.0.0.0, Culture=neutral, PublicKeyToken=b03f5f7f11d50a3a" className="TestFourierPreprocessor.FourierPreprocessorTest, FourierPreprocessor, Version=1.0.0.0, Culture=neutral, PublicKeyToken=null" name="ProcessTest" />
    </UnitTest>
    <UnitTest name="AddsNewComponentSuccessfully" storage="c:\users\vladyslav.gorbatiuk.synapse\dropbox\bs_work\bsworksln\testbsmanager\bin\debug\testbsmanager.dll" id="f5c49dd7-5c11-ba57-d456-2238bd64584d">
      <Execution id="632e741c-3155-4e83-965d-c180081b4509" />
      <TestMethod codeBase="C:/Users/vladyslav.gorbatiuk.SYNAPSE/Dropbox/BS_Work/BSWorkSLN/TestBSManager/bin/Debug/TestBSManager.DLL" adapterTypeName="Microsoft.VisualStudio.TestTools.TestTypes.Unit.UnitTestAdapter, Microsoft.VisualStudio.QualityTools.Tips.UnitTest.Adapter, Version=10.0.0.0, Culture=neutral, PublicKeyToken=b03f5f7f11d50a3a" className="TestBSManager.TestAddComponentMethod, TestBSManager, Version=1.0.0.0, Culture=neutral, PublicKeyToken=null" name="AddsNewComponentSuccessfully" />
    </UnitTest>
    <UnitTest name="ThrowsComponentsCantBeLinkedExceptionIfComponentsAreOfIncorrectType" storage="c:\users\vladyslav.gorbatiuk.synapse\dropbox\bs_work\bsworksln\testbsmanager\bin\debug\testbsmanager.dll" id="53d2e57f-3026-8931-7e68-12c97cc465b8">
      <Execution id="38dea186-611a-4044-be30-3966ce406c31" />
      <TestMethod codeBase="C:/Users/vladyslav.gorbatiuk.SYNAPSE/Dropbox/BS_Work/BSWorkSLN/TestBSManager/bin/Debug/TestBSManager.DLL" adapterTypeName="Microsoft.VisualStudio.TestTools.TestTypes.Unit.UnitTestAdapter, Microsoft.VisualStudio.QualityTools.Tips.UnitTest.Adapter, Version=10.0.0.0, Culture=neutral, PublicKeyToken=b03f5f7f11d50a3a" className="TestBSManager.TestLinkComponentsAtPointsMethod, TestBSManager, Version=1.0.0.0, Culture=neutral, PublicKeyToken=null" name="ThrowsComponentsCantBeLinkedExceptionIfComponentsAreOfIncorrectType" />
    </UnitTest>
    <UnitTest name="MeanPreprocessorConstructorWindowSizeOnlyPositiveTest" storage="c:\users\vladyslav.gorbatiuk.synapse\dropbox\bs_work\datapreprocessing\testmeanprocessor\bin\debug\testmeanprocessor.dll" id="cd384c3b-0762-84cc-c9ff-0a1cf45f5179">
      <Execution id="ed761494-db03-4b73-9bf4-bb677b4d960c" />
      <TestMethod codeBase="C:/Users/vladyslav.gorbatiuk.SYNAPSE/Dropbox/BS_Work/DataPreprocessing/TestMeanProcessor/bin/Debug/TestMeanProcessor.DLL" adapterTypeName="Microsoft.VisualStudio.TestTools.TestTypes.Unit.UnitTestAdapter, Microsoft.VisualStudio.QualityTools.Tips.UnitTest.Adapter, Version=10.0.0.0, Culture=neutral, PublicKeyToken=b03f5f7f11d50a3a" className="TestMeanProcessor.MeanPreprocessorTest, TestMeanProcessor, Version=1.0.0.0, Culture=neutral, PublicKeyToken=null" name="MeanPreprocessorConstructorWindowSizeOnlyPositiveTest" />
    </UnitTest>
    <UnitTest name="ThrowsComponentsCantBeLinkedExceptionIfComponentsHaveBeenLinkedBefore" storage="c:\users\vladyslav.gorbatiuk.synapse\dropbox\bs_work\bsworksln\testbsmanager\bin\debug\testbsmanager.dll" id="6084581d-c1f9-9504-dba0-54d785a9e1de">
      <Execution id="70ddf509-f7d7-4eb1-9c9c-be81166175a7" />
      <TestMethod codeBase="C:/Users/vladyslav.gorbatiuk.SYNAPSE/Dropbox/BS_Work/BSWorkSLN/TestBSManager/bin/Debug/TestBSManager.DLL" adapterTypeName="Microsoft.VisualStudio.TestTools.TestTypes.Unit.UnitTestAdapter, Microsoft.VisualStudio.QualityTools.Tips.UnitTest.Adapter, Version=10.0.0.0, Culture=neutral, PublicKeyToken=b03f5f7f11d50a3a" className="TestBSManager.TestLinkComponentsAtPointsMethod, TestBSManager, Version=1.0.0.0, Culture=neutral, PublicKeyToken=null" name="ThrowsComponentsCantBeLinkedExceptionIfComponentsHaveBeenLinkedBefore" />
    </UnitTest>
    <UnitTest name="AddsSuccessorSuccessfully" storage="c:\users\vladyslav.gorbatiuk.synapse\dropbox\bs_work\bsworksln\testbsmanager\bin\debug\testbsmanager.dll" id="4ce2c390-acd6-8b00-b5be-46303b393f74">
      <Execution id="7e65dd47-f132-43fd-857a-8eea021cdbcf" />
      <TestMethod codeBase="C:/Users/vladyslav.gorbatiuk.SYNAPSE/Dropbox/BS_Work/BSWorkSLN/TestBSManager/bin/Debug/TestBSManager.DLL" adapterTypeName="Microsoft.VisualStudio.TestTools.TestTypes.Unit.UnitTestAdapter, Microsoft.VisualStudio.QualityTools.Tips.UnitTest.Adapter, Version=10.0.0.0, Culture=neutral, PublicKeyToken=b03f5f7f11d50a3a" className="TestBSManager.TestAddSuccessorForComponentMethod, TestBSManager, Version=1.0.0.0, Culture=neutral, PublicKeyToken=null" name="AddsSuccessorSuccessfully" />
    </UnitTest>
    <UnitTest name="ThrowsArgumentException" storage="c:\users\vladyslav.gorbatiuk.synapse\dropbox\bs_work\bsworksln\testbsmanager\bin\debug\testbsmanager.dll" id="40c25e11-287e-714f-5855-14e7ed589667">
      <Execution id="0462ffc7-54e6-4d61-9a9b-cbe821f845a3" />
      <TestMethod codeBase="C:/Users/vladyslav.gorbatiuk.SYNAPSE/Dropbox/BS_Work/BSWorkSLN/TestBSManager/bin/Debug/TestBSManager.DLL" adapterTypeName="Microsoft.VisualStudio.TestTools.TestTypes.Unit.UnitTestAdapter, Microsoft.VisualStudio.QualityTools.Tips.UnitTest.Adapter, Version=10.0.0.0, Culture=neutral, PublicKeyToken=b03f5f7f11d50a3a" className="TestBSManager.TestAddPredecessorsForComponentMethod, TestBSManager, Version=1.0.0.0, Culture=neutral, PublicKeyToken=null" name="ThrowsArgumentException" />
    </UnitTest>
    <UnitTest name="ProcessUnordinaryWindowSizesTest" storage="c:\users\vladyslav.gorbatiuk.synapse\dropbox\bs_work\datapreprocessing\testmedianprocessor\bin\debug\testmedianprocessor.dll" id="1fbe4fc4-4125-8ba2-c054-349323ecb993">
      <Execution id="77d4d330-4cf2-476b-a295-4f6299931bcd" />
      <TestMethod codeBase="C:/Users/vladyslav.gorbatiuk.SYNAPSE/Dropbox/BS_Work/DataPreprocessing/TestMedianProcessor/bin/Debug/TestMedianProcessor.DLL" adapterTypeName="Microsoft.VisualStudio.TestTools.TestTypes.Unit.UnitTestAdapter, Microsoft.VisualStudio.QualityTools.Tips.UnitTest.Adapter, Version=10.0.0.0, Culture=neutral, PublicKeyToken=b03f5f7f11d50a3a" className="TestMedianProcessor.MedianPreprocessorTest, TestMedianProcessor, Version=1.0.0.0, Culture=neutral, PublicKeyToken=null" name="ProcessUnordinaryWindowSizesTest" />
    </UnitTest>
    <UnitTest name="ProcessUnordinaryWindowSizesTest" storage="c:\users\vladyslav.gorbatiuk.synapse\dropbox\bs_work\datapreprocessing\testmeanprocessor\bin\debug\testmeanprocessor.dll" id="1581adcd-ba83-3a4b-a664-0368187374d1">
      <Execution id="8210d2ff-e78a-4822-8fac-14e4b7483082" />
      <TestMethod codeBase="C:/Users/vladyslav.gorbatiuk.SYNAPSE/Dropbox/BS_Work/DataPreprocessing/TestMeanProcessor/bin/Debug/TestMeanProcessor.DLL" adapterTypeName="Microsoft.VisualStudio.TestTools.TestTypes.Unit.UnitTestAdapter, Microsoft.VisualStudio.QualityTools.Tips.UnitTest.Adapter, Version=10.0.0.0, Culture=neutral, PublicKeyToken=b03f5f7f11d50a3a" className="TestMeanProcessor.MeanPreprocessorTest, TestMeanProcessor, Version=1.0.0.0, Culture=neutral, PublicKeyToken=null" name="ProcessUnordinaryWindowSizesTest" />
    </UnitTest>
    <UnitTest name="RegressionTests" storage="c:\users\vladyslav.gorbatiuk.synapse\dropbox\bs_work\datapreprocessing\testtukey53hpreprocessor\bin\debug\testtukey53hpreprocessor.dll" id="a8ad0b78-a3ab-6d92-b20b-ec2d378fd148">
      <Execution id="6ca96544-c7d9-4f3e-9a3d-6d67de110ba8" />
      <TestMethod codeBase="C:/Users/vladyslav.gorbatiuk.SYNAPSE/Dropbox/BS_Work/DataPreprocessing/TestTukey53HPreprocessor/bin/Debug/TestTukey53HPreprocessor.DLL" adapterTypeName="Microsoft.VisualStudio.TestTools.TestTypes.Unit.UnitTestAdapter, Microsoft.VisualStudio.QualityTools.Tips.UnitTest.Adapter, Version=10.0.0.0, Culture=neutral, PublicKeyToken=b03f5f7f11d50a3a" className="TestTukey53HPreprocessor.Tukey53HPreprocessorTest, TestTukey53HPreprocessor, Version=1.0.0.0, Culture=neutral, PublicKeyToken=null" name="RegressionTests" />
    </UnitTest>
  </TestDefinitions>
  <TestLists>
    <TestList name="Results Not in a List" id="8c84fa94-04c1-424b-9868-57a2d4851a1d" />
    <TestList name="All Loaded Results" id="19431567-8539-422a-85d7-44ee4e166bda" />
  </TestLists>
  <TestEntries>
    <TestEntry testId="0a5d8a87-71b3-96f7-9b96-d7eb0f7bc09b" executionId="b59435cc-244c-43c7-929a-ffc4c59e6afb" testListId="8c84fa94-04c1-424b-9868-57a2d4851a1d" />
    <TestEntry testId="0deb66dc-f3dc-fac4-162d-a6780538cbef" executionId="f9defa99-a3ab-41c5-b18f-35936c053463" testListId="8c84fa94-04c1-424b-9868-57a2d4851a1d" />
    <TestEntry testId="0f43129b-a67f-8f4b-602b-4316a4b0cbfa" executionId="905dac74-fde6-44b1-8155-ec5f4413b612" testListId="8c84fa94-04c1-424b-9868-57a2d4851a1d" />
    <TestEntry testId="1581adcd-ba83-3a4b-a664-0368187374d1" executionId="8210d2ff-e78a-4822-8fac-14e4b7483082" testListId="8c84fa94-04c1-424b-9868-57a2d4851a1d" />
    <TestEntry testId="1875a93a-f552-02e5-6f9e-7740719a86d2" executionId="b1577428-23ab-4e2b-ae37-b8c5c3d8ad21" testListId="8c84fa94-04c1-424b-9868-57a2d4851a1d" />
    <TestEntry testId="1fbe4fc4-4125-8ba2-c054-349323ecb993" executionId="77d4d330-4cf2-476b-a295-4f6299931bcd" testListId="8c84fa94-04c1-424b-9868-57a2d4851a1d" />
    <TestEntry testId="2386aef6-9eb6-a41d-f1ef-07a4f744d4b5" executionId="2d5943f7-be1d-4bf1-96fb-d4d970269bdc" testListId="8c84fa94-04c1-424b-9868-57a2d4851a1d" />
    <TestEntry testId="287dda4a-d5ba-364d-7fdf-1a25da6443ec" executionId="904f95fe-95a7-4d85-a325-23e727669876" testListId="8c84fa94-04c1-424b-9868-57a2d4851a1d" />
    <TestEntry testId="2bb26128-2f4c-b4db-b328-17ba8e0e6c02" executionId="df5df9b7-c2af-4529-bf60-465de11763c0" testListId="8c84fa94-04c1-424b-9868-57a2d4851a1d" />
    <TestEntry testId="31e9081f-f269-9f4a-9ddd-d9d4a7348312" executionId="378d0f28-7c82-438c-9b5e-349b04c5083f" testListId="8c84fa94-04c1-424b-9868-57a2d4851a1d" />
    <TestEntry testId="3c5b0309-a1f9-f2c2-b438-c45b65575fca" executionId="6756be9f-9f9a-4446-b5a1-3d94ddad7bdb" testListId="8c84fa94-04c1-424b-9868-57a2d4851a1d" />
    <TestEntry testId="40c25e11-287e-714f-5855-14e7ed589667" executionId="0462ffc7-54e6-4d61-9a9b-cbe821f845a3" testListId="8c84fa94-04c1-424b-9868-57a2d4851a1d" />
    <TestEntry testId="439e9ef1-8a87-a82e-9093-73787685d86c" executionId="18662190-024b-49cc-8add-73399a53ac5c" testListId="8c84fa94-04c1-424b-9868-57a2d4851a1d" />
    <TestEntry testId="4ce2c390-acd6-8b00-b5be-46303b393f74" executionId="7e65dd47-f132-43fd-857a-8eea021cdbcf" testListId="8c84fa94-04c1-424b-9868-57a2d4851a1d" />
    <TestEntry testId="53d2e57f-3026-8931-7e68-12c97cc465b8" executionId="38dea186-611a-4044-be30-3966ce406c31" testListId="8c84fa94-04c1-424b-9868-57a2d4851a1d" />
    <TestEntry testId="57baecd8-f2b7-9d78-5a55-40480ac493a3" executionId="4018961e-5c83-4c47-bf99-0904dd6ab927" testListId="8c84fa94-04c1-424b-9868-57a2d4851a1d" />
    <TestEntry testId="6084581d-c1f9-9504-dba0-54d785a9e1de" executionId="70ddf509-f7d7-4eb1-9c9c-be81166175a7" testListId="8c84fa94-04c1-424b-9868-57a2d4851a1d" />
    <TestEntry testId="6634bd6d-d6d6-93a3-d60a-d76d14393e50" executionId="c7366b51-5c91-4223-a74e-1a1beacd7838" testListId="8c84fa94-04c1-424b-9868-57a2d4851a1d" />
    <TestEntry testId="714cc709-4fc1-c7d4-c5e7-561e8727673d" executionId="0e6fb4bc-7df7-495f-be26-ddb0e78367a1" testListId="8c84fa94-04c1-424b-9868-57a2d4851a1d" />
    <TestEntry testId="767bb09f-9122-5b4d-66a2-f71cc61e4596" executionId="769d453f-3cb3-4e73-8c9a-975fa729bd7a" testListId="8c84fa94-04c1-424b-9868-57a2d4851a1d" />
    <TestEntry testId="77e211d6-689f-6075-dafa-c0e9e873d88e" executionId="38813b2d-059c-4c63-a570-3a929ba7c054" testListId="8c84fa94-04c1-424b-9868-57a2d4851a1d" />
    <TestEntry testId="7a04a3b1-aa99-37f5-711b-4215e2a38353" executionId="675c4d06-2ae4-4b14-aa24-50c0e6d15198" testListId="8c84fa94-04c1-424b-9868-57a2d4851a1d" />
    <TestEntry testId="7adc5048-9fc6-28b1-020d-2cab5e2848a1" executionId="9194244e-2b14-4170-8df0-6f680b7f9cdc" testListId="8c84fa94-04c1-424b-9868-57a2d4851a1d" />
    <TestEntry testId="8d29bffa-1c1f-3514-19be-f7c339a8d80a" executionId="eb4692ed-99bf-4b02-a2e4-97ababde1ccb" testListId="8c84fa94-04c1-424b-9868-57a2d4851a1d" />
    <TestEntry testId="998fee1e-2376-fa93-e67e-ac5c0c37d915" executionId="217d0047-8c50-48e4-90f6-d4a8f1ea9758" testListId="8c84fa94-04c1-424b-9868-57a2d4851a1d" />
    <TestEntry testId="a8ad0b78-a3ab-6d92-b20b-ec2d378fd148" executionId="6ca96544-c7d9-4f3e-9a3d-6d67de110ba8" testListId="8c84fa94-04c1-424b-9868-57a2d4851a1d" />
    <TestEntry testId="ae43ffa7-6f12-dd48-8cb2-c1113ab62f04" executionId="e45661c1-1439-4d59-b348-e0ca31b0e2f1" testListId="8c84fa94-04c1-424b-9868-57a2d4851a1d" />
    <TestEntry testId="b70fa8fe-1a28-fd41-7501-f5b3ec0ddfb6" executionId="184a7c56-5a76-4349-a18a-61f92f563ca1" testListId="8c84fa94-04c1-424b-9868-57a2d4851a1d" />
    <TestEntry testId="c1afeb03-2e4d-7ec4-7311-eae06cb26823" executionId="7af996b9-4df7-4dc3-99e7-d2ce0bb450cb" testListId="8c84fa94-04c1-424b-9868-57a2d4851a1d" />
    <TestEntry testId="cc4bf252-30c5-8259-81d1-11d0e5d49a7e" executionId="d882434e-826c-405b-aca6-59fb9431067a" testListId="8c84fa94-04c1-424b-9868-57a2d4851a1d" />
    <TestEntry testId="cd0dc327-014e-e0d7-4f97-12b6f09d6f3a" executionId="12cc9eb1-059e-4e46-917a-025e7992fb0b" testListId="8c84fa94-04c1-424b-9868-57a2d4851a1d" />
    <TestEntry testId="cd384c3b-0762-84cc-c9ff-0a1cf45f5179" executionId="ed761494-db03-4b73-9bf4-bb677b4d960c" testListId="8c84fa94-04c1-424b-9868-57a2d4851a1d" />
    <TestEntry testId="d132dbb6-21c4-eca4-4e92-1ad53fb6b9d5" executionId="28ef57b3-c7df-4200-9dc8-44b5406942f0" testListId="8c84fa94-04c1-424b-9868-57a2d4851a1d" />
    <TestEntry testId="d2f1dd7c-8b39-ee24-bffa-827116cf1716" executionId="4266d28c-e136-4d08-b757-79b9b33f6fc1" testListId="8c84fa94-04c1-424b-9868-57a2d4851a1d" />
    <TestEntry testId="d6d3d0b6-8f9f-4871-0b45-3e9556e452bd" executionId="3a3896b3-241f-4875-9500-628d9228bba4" testListId="8c84fa94-04c1-424b-9868-57a2d4851a1d" />
    <TestEntry testId="d9769cdc-f8a5-63ad-d384-6bca4bf5b519" executionId="d983cc57-9e7c-4312-a456-78b1688aa7c7" testListId="8c84fa94-04c1-424b-9868-57a2d4851a1d" />
    <TestEntry testId="e1b6011b-ed00-b6a9-ca3b-a2ecc7a442f8" executionId="9d3ede69-3121-477e-aa30-6638003c0d77" testListId="8c84fa94-04c1-424b-9868-57a2d4851a1d" />
    <TestEntry testId="e4c3f4e3-9eeb-063e-cd56-570432f53cee" executionId="831e0d0a-ddc2-4d53-b964-ae32fce32228" testListId="8c84fa94-04c1-424b-9868-57a2d4851a1d" />
    <TestEntry testId="ea4b6903-0b66-8ac4-269c-13a025c66551" executionId="b375d4b1-b663-45da-ad7b-14c925a9260a" testListId="8c84fa94-04c1-424b-9868-57a2d4851a1d" />
    <TestEntry testId="ecb9b643-bcda-dab7-25a3-1d531a237234" executionId="0a441743-e47b-4e33-9118-e18fec42d47c" testListId="8c84fa94-04c1-424b-9868-57a2d4851a1d" />
    <TestEntry testId="f1f6b764-199c-eb93-28c5-45e776878a29" executionId="39fe4e47-64c2-4e38-8d37-94ed3e5ab4d1" testListId="8c84fa94-04c1-424b-9868-57a2d4851a1d" />
    <TestEntry testId="f5c49dd7-5c11-ba57-d456-2238bd64584d" executionId="632e741c-3155-4e83-965d-c180081b4509" testListId="8c84fa94-04c1-424b-9868-57a2d4851a1d" />
    <TestEntry testId="f99d417c-f78f-9832-fd6a-5cf102fe28c7" executionId="15a2be96-99f1-457c-8e13-687a0e977d02" testListId="8c84fa94-04c1-424b-9868-57a2d4851a1d" />
  </TestEntries>
  <Results>
    <UnitTestResult executionId="b59435cc-244c-43c7-929a-ffc4c59e6afb" testId="0a5d8a87-71b3-96f7-9b96-d7eb0f7bc09b" testName="WeightedAverageConstructorGeneralTest" computerName="KBP1-DHP-F24209" duration="00:00:00.0537720" startTime="2012-12-11T12:37:21.0373741+02:00" endTime="2012-12-11T12:37:22.4135117+02:00" testType="13cdc9d9-ddb5-4fa4-a97d-d965ccfc6d4b" outcome="Passed" testListId="8c84fa94-04c1-424b-9868-57a2d4851a1d" relativeResultsDirectory="b59435cc-244c-43c7-929a-ffc4c59e6afb">
    </UnitTestResult>
    <UnitTestResult executionId="f9defa99-a3ab-41c5-b18f-35936c053463" testId="0deb66dc-f3dc-fac4-162d-a6780538cbef" testName="WeightedAverageConstructorCalculatesWeightsSumCorrectlyTest" computerName="KBP1-DHP-F24209" duration="00:00:00.0005837" startTime="2012-12-11T12:37:22.4565160+02:00" endTime="2012-12-11T12:37:22.4995203+02:00" testType="13cdc9d9-ddb5-4fa4-a97d-d965ccfc6d4b" outcome="Passed" testListId="8c84fa94-04c1-424b-9868-57a2d4851a1d" relativeResultsDirectory="f9defa99-a3ab-41c5-b18f-35936c053463">
    </UnitTestResult>
    <UnitTestResult executionId="905dac74-fde6-44b1-8155-ec5f4413b612" testId="0f43129b-a67f-8f4b-602b-4316a4b0cbfa" testName="ProcessMedianForEvenWindowSizeTest" computerName="KBP1-DHP-F24209" duration="00:00:00.0494180" startTime="2012-12-11T12:37:22.5205224+02:00" endTime="2012-12-11T12:37:23.4646168+02:00" testType="13cdc9d9-ddb5-4fa4-a97d-d965ccfc6d4b" outcome="Passed" testListId="8c84fa94-04c1-424b-9868-57a2d4851a1d" relativeResultsDirectory="905dac74-fde6-44b1-8155-ec5f4413b612">
    </UnitTestResult>
    <UnitTestResult executionId="8210d2ff-e78a-4822-8fac-14e4b7483082" testId="1581adcd-ba83-3a4b-a664-0368187374d1" testName="ProcessUnordinaryWindowSizesTest" computerName="KBP1-DHP-F24209" duration="00:00:00.0578806" startTime="2012-12-11T12:37:23.4786182+02:00" endTime="2012-12-11T12:37:24.4327136+02:00" testType="13cdc9d9-ddb5-4fa4-a97d-d965ccfc6d4b" outcome="Passed" testListId="8c84fa94-04c1-424b-9868-57a2d4851a1d" relativeResultsDirectory="8210d2ff-e78a-4822-8fac-14e4b7483082">
    </UnitTestResult>
    <UnitTestResult executionId="b1577428-23ab-4e2b-ae37-b8c5c3d8ad21" testId="1875a93a-f552-02e5-6f9e-7740719a86d2" testName="ProcessTest" computerName="KBP1-DHP-F24209" duration="00:00:00.0004493" startTime="2012-12-11T12:37:24.4377141+02:00" endTime="2012-12-11T12:37:24.4427146+02:00" testType="13cdc9d9-ddb5-4fa4-a97d-d965ccfc6d4b" outcome="Passed" testListId="8c84fa94-04c1-424b-9868-57a2d4851a1d" relativeResultsDirectory="b1577428-23ab-4e2b-ae37-b8c5c3d8ad21">
    </UnitTestResult>
    <UnitTestResult executionId="77d4d330-4cf2-476b-a295-4f6299931bcd" testId="1fbe4fc4-4125-8ba2-c054-349323ecb993" testName="ProcessUnordinaryWindowSizesTest" computerName="KBP1-DHP-F24209" duration="00:00:00.0005375" startTime="2012-12-11T12:37:24.4487152+02:00" endTime="2012-12-11T12:37:24.4547158+02:00" testType="13cdc9d9-ddb5-4fa4-a97d-d965ccfc6d4b" outcome="Passed" testListId="8c84fa94-04c1-424b-9868-57a2d4851a1d" relativeResultsDirectory="77d4d330-4cf2-476b-a295-4f6299931bcd">
    </UnitTestResult>
    <UnitTestResult executionId="2d5943f7-be1d-4bf1-96fb-d4d970269bdc" testId="2386aef6-9eb6-a41d-f1ef-07a4f744d4b5" testName="ThrowsKeyNotFoundException" computerName="KBP1-DHP-F24209" duration="00:00:00.3686905" startTime="2012-12-11T12:37:24.4607164+02:00" endTime="2012-12-11T12:37:25.8018505+02:00" testType="13cdc9d9-ddb5-4fa4-a97d-d965ccfc6d4b" outcome="Passed" testListId="8c84fa94-04c1-424b-9868-57a2d4851a1d" relativeResultsDirectory="2d5943f7-be1d-4bf1-96fb-d4d970269bdc">
    </UnitTestResult>
    <UnitTestResult executionId="904f95fe-95a7-4d85-a325-23e727669876" testId="287dda4a-d5ba-364d-7fdf-1a25da6443ec" testName="AddsNewComponentCorrectly" computerName="KBP1-DHP-F24209" duration="00:00:00.0226545" startTime="2012-12-11T12:37:25.8168520+02:00" endTime="2012-12-11T12:37:25.8438547+02:00" testType="13cdc9d9-ddb5-4fa4-a97d-d965ccfc6d4b" outcome="Passed" testListId="8c84fa94-04c1-424b-9868-57a2d4851a1d" relativeResultsDirectory="904f95fe-95a7-4d85-a325-23e727669876">
    </UnitTestResult>
    <UnitTestResult executionId="df5df9b7-c2af-4529-bf60-465de11763c0" testId="2bb26128-2f4c-b4db-b328-17ba8e0e6c02" testName="WorksCorrectlyIfNoComponentMatches" computerName="KBP1-DHP-F24209" duration="00:00:00.0019512" startTime="2012-12-11T12:37:25.8508554+02:00" endTime="2012-12-11T12:37:25.8588562+02:00" testType="13cdc9d9-ddb5-4fa4-a97d-d965ccfc6d4b" outcome="Passed" testListId="8c84fa94-04c1-424b-9868-57a2d4851a1d" relativeResultsDirectory="df5df9b7-c2af-4529-bf60-465de11763c0">
    </UnitTestResult>
    <UnitTestResult executionId="378d0f28-7c82-438c-9b5e-349b04c5083f" testId="31e9081f-f269-9f4a-9ddd-d9d4a7348312" testName="ThrowsArgumentNullExceptionForNullArgument" computerName="KBP1-DHP-F24209" duration="00:00:00.1012860" startTime="2012-12-11T12:37:25.8638567+02:00" endTime="2012-12-11T12:37:26.8929596+02:00" testType="13cdc9d9-ddb5-4fa4-a97d-d965ccfc6d4b" outcome="Passed" testListId="8c84fa94-04c1-424b-9868-57a2d4851a1d" relativeResultsDirectory="378d0f28-7c82-438c-9b5e-349b04c5083f">
    </UnitTestResult>
    <UnitTestResult executionId="6756be9f-9f9a-4446-b5a1-3d94ddad7bdb" testId="3c5b0309-a1f9-f2c2-b438-c45b65575fca" testName="GetBSDataObjectForStreamTest" computerName="KBP1-DHP-F24209" duration="00:00:00.0587018" startTime="2012-12-11T12:37:26.9309634+02:00" endTime="2012-12-11T12:37:27.8930596+02:00" testType="13cdc9d9-ddb5-4fa4-a97d-d965ccfc6d4b" outcome="Passed" testListId="8c84fa94-04c1-424b-9868-57a2d4851a1d" relativeResultsDirectory="6756be9f-9f9a-4446-b5a1-3d94ddad7bdb">
    </UnitTestResult>
    <UnitTestResult executionId="0462ffc7-54e6-4d61-9a9b-cbe821f845a3" testId="40c25e11-287e-714f-5855-14e7ed589667" testName="ThrowsArgumentException" computerName="KBP1-DHP-F24209" duration="00:00:00.0162344" startTime="2012-12-11T12:37:27.9210624+02:00" endTime="2012-12-11T12:37:27.9410644+02:00" testType="13cdc9d9-ddb5-4fa4-a97d-d965ccfc6d4b" outcome="Passed" testListId="8c84fa94-04c1-424b-9868-57a2d4851a1d" relativeResultsDirectory="0462ffc7-54e6-4d61-9a9b-cbe821f845a3">
    </UnitTestResult>
    <UnitTestResult executionId="18662190-024b-49cc-8add-73399a53ac5c" testId="439e9ef1-8a87-a82e-9093-73787685d86c" testName="ThrowsFileNotFoundException" computerName="KBP1-DHP-F24209" duration="00:00:00.0339315" startTime="2012-12-11T12:37:27.9550658+02:00" endTime="2012-12-11T12:37:27.9960699+02:00" testType="13cdc9d9-ddb5-4fa4-a97d-d965ccfc6d4b" outcome="Passed" testListId="8c84fa94-04c1-424b-9868-57a2d4851a1d" relativeResultsDirectory="18662190-024b-49cc-8add-73399a53ac5c">
    </UnitTestResult>
    <UnitTestResult executionId="7e65dd47-f132-43fd-857a-8eea021cdbcf" testId="4ce2c390-acd6-8b00-b5be-46303b393f74" testName="AddsSuccessorSuccessfully" computerName="KBP1-DHP-F24209" duration="00:00:00.0012519" startTime="2012-12-11T12:37:28.0030706+02:00" endTime="2012-12-11T12:37:28.0080711+02:00" testType="13cdc9d9-ddb5-4fa4-a97d-d965ccfc6d4b" outcome="Passed" testListId="8c84fa94-04c1-424b-9868-57a2d4851a1d" relativeResultsDirectory="7e65dd47-f132-43fd-857a-8eea021cdbcf">
    </UnitTestResult>
    <UnitTestResult executionId="38dea186-611a-4044-be30-3966ce406c31" testId="53d2e57f-3026-8931-7e68-12c97cc465b8" testName="ThrowsComponentsCantBeLinkedExceptionIfComponentsAreOfIncorrectType" computerName="KBP1-DHP-F24209" duration="00:00:00.0403205" startTime="2012-12-11T12:37:28.0160719+02:00" endTime="2012-12-11T12:37:28.0610764+02:00" testType="13cdc9d9-ddb5-4fa4-a97d-d965ccfc6d4b" outcome="Passed" testListId="8c84fa94-04c1-424b-9868-57a2d4851a1d" relativeResultsDirectory="38dea186-611a-4044-be30-3966ce406c31">
    </UnitTestResult>
    <UnitTestResult executionId="4018961e-5c83-4c47-bf99-0904dd6ab927" testId="57baecd8-f2b7-9d78-5a55-40480ac493a3" testName="General" computerName="KBP1-DHP-F24209" duration="00:00:00.0139262" startTime="2012-12-11T12:37:28.0660769+02:00" endTime="2012-12-11T12:37:28.0850788+02:00" testType="13cdc9d9-ddb5-4fa4-a97d-d965ccfc6d4b" outcome="Passed" testListId="8c84fa94-04c1-424b-9868-57a2d4851a1d" relativeResultsDirectory="4018961e-5c83-4c47-bf99-0904dd6ab927">
    </UnitTestResult>
    <UnitTestResult executionId="70ddf509-f7d7-4eb1-9c9c-be81166175a7" testId="6084581d-c1f9-9504-dba0-54d785a9e1de" testName="ThrowsComponentsCantBeLinkedExceptionIfComponentsHaveBeenLinkedBefore" computerName="KBP1-DHP-F24209" duration="00:00:00.0129790" startTime="2012-12-11T12:37:28.0910794+02:00" endTime="2012-12-11T12:37:28.1080811+02:00" testType="13cdc9d9-ddb5-4fa4-a97d-d965ccfc6d4b" outcome="Passed" testListId="8c84fa94-04c1-424b-9868-57a2d4851a1d" relativeResultsDirectory="70ddf509-f7d7-4eb1-9c9c-be81166175a7">
    </UnitTestResult>
    <UnitTestResult executionId="c7366b51-5c91-4223-a74e-1a1beacd7838" testId="6634bd6d-d6d6-93a3-d60a-d76d14393e50" testName="ReturnsSuccessorsCorrectly" computerName="KBP1-DHP-F24209" duration="00:00:00.0002813" startTime="2012-12-11T12:37:28.1190822+02:00" endTime="2012-12-11T12:37:28.1240827+02:00" testType="13cdc9d9-ddb5-4fa4-a97d-d965ccfc6d4b" outcome="Passed" testListId="8c84fa94-04c1-424b-9868-57a2d4851a1d" relativeResultsDirectory="c7366b51-5c91-4223-a74e-1a1beacd7838">
    </UnitTestResult>
    <UnitTestResult executionId="0e6fb4bc-7df7-495f-be26-ddb0e78367a1" testId="714cc709-4fc1-c7d4-c5e7-561e8727673d" testName="DeNormalizeGeneralCorrectnessTest" computerName="KBP1-DHP-F24209" duration="00:00:00.2956897" startTime="2012-12-11T12:37:28.1290832+02:00" endTime="2012-12-11T12:37:29.3022005+02:00" testType="13cdc9d9-ddb5-4fa4-a97d-d965ccfc6d4b" outcome="Passed" testListId="8c84fa94-04c1-424b-9868-57a2d4851a1d" relativeResultsDirectory="0e6fb4bc-7df7-495f-be26-ddb0e78367a1">
    </UnitTestResult>
    <UnitTestResult executionId="769d453f-3cb3-4e73-8c9a-975fa729bd7a" testId="767bb09f-9122-5b4d-66a2-f71cc61e4596" testName="ReturnsPredecessorsCorrectly" computerName="KBP1-DHP-F24209" duration="00:00:00.0017196" startTime="2012-12-11T12:37:29.3082011+02:00" endTime="2012-12-11T12:37:29.3162019+02:00" testType="13cdc9d9-ddb5-4fa4-a97d-d965ccfc6d4b" outcome="Passed" testListId="8c84fa94-04c1-424b-9868-57a2d4851a1d" relativeResultsDirectory="769d453f-3cb3-4e73-8c9a-975fa729bd7a">
    </UnitTestResult>
    <UnitTestResult executionId="38813b2d-059c-4c63-a570-3a929ba7c054" testId="77e211d6-689f-6075-dafa-c0e9e873d88e" testName="AddsPredecessorsSuccessfully" computerName="KBP1-DHP-F24209" duration="00:00:00.0001587" startTime="2012-12-11T12:37:29.3222025+02:00" endTime="2012-12-11T12:37:29.3262029+02:00" testType="13cdc9d9-ddb5-4fa4-a97d-d965ccfc6d4b" outcome="Passed" testListId="8c84fa94-04c1-424b-9868-57a2d4851a1d" relativeResultsDirectory="38813b2d-059c-4c63-a570-3a929ba7c054">
    </UnitTestResult>
    <UnitTestResult executionId="675c4d06-2ae4-4b14-aa24-50c0e6d15198" testId="7a04a3b1-aa99-37f5-711b-4215e2a38353" testName="ThrowsArgumentNullException" computerName="KBP1-DHP-F24209" duration="00:00:00.0484547" startTime="2012-12-11T12:37:29.3312034+02:00" endTime="2012-12-11T12:37:29.3842087+02:00" testType="13cdc9d9-ddb5-4fa4-a97d-d965ccfc6d4b" outcome="Passed" testListId="8c84fa94-04c1-424b-9868-57a2d4851a1d" relativeResultsDirectory="675c4d06-2ae4-4b14-aa24-50c0e6d15198">
    </UnitTestResult>
    <UnitTestResult executionId="9194244e-2b14-4170-8df0-6f680b7f9cdc" testId="7adc5048-9fc6-28b1-020d-2cab5e2848a1" testName="ProcessTest" computerName="KBP1-DHP-F24209" duration="00:00:00.0203973" startTime="2012-12-11T12:37:29.3892092+02:00" endTime="2012-12-11T12:37:29.4142117+02:00" testType="13cdc9d9-ddb5-4fa4-a97d-d965ccfc6d4b" outcome="Passed" testListId="8c84fa94-04c1-424b-9868-57a2d4851a1d" relativeResultsDirectory="9194244e-2b14-4170-8df0-6f680b7f9cdc">
    </UnitTestResult>
    <UnitTestResult executionId="eb4692ed-99bf-4b02-a2e4-97ababde1ccb" testId="8d29bffa-1c1f-3514-19be-f7c339a8d80a" testName="ReturnsEmptyList" computerName="KBP1-DHP-F24209" duration="00:00:00.0005885" startTime="2012-12-11T12:37:29.4202123+02:00" endTime="2012-12-11T12:37:29.4262129+02:00" testType="13cdc9d9-ddb5-4fa4-a97d-d965ccfc6d4b" outcome="Passed" testListId="8c84fa94-04c1-424b-9868-57a2d4851a1d" relativeResultsDirectory="eb4692ed-99bf-4b02-a2e4-97ababde1ccb">
    </UnitTestResult>
    <UnitTestResult executionId="217d0047-8c50-48e4-90f6-d4a8f1ea9758" testId="998fee1e-2376-fa93-e67e-ac5c0c37d915" testName="ProcessTest" computerName="KBP1-DHP-F24209" duration="00:00:00.0004750" startTime="2012-12-11T12:37:29.4322135+02:00" endTime="2012-12-11T12:37:29.4382141+02:00" testType="13cdc9d9-ddb5-4fa4-a97d-d965ccfc6d4b" outcome="Passed" testListId="8c84fa94-04c1-424b-9868-57a2d4851a1d" relativeResultsDirectory="217d0047-8c50-48e4-90f6-d4a8f1ea9758">
    </UnitTestResult>
    <UnitTestResult executionId="6ca96544-c7d9-4f3e-9a3d-6d67de110ba8" testId="a8ad0b78-a3ab-6d92-b20b-ec2d378fd148" testName="RegressionTests" computerName="KBP1-DHP-F24209" duration="00:00:00.0724176" startTime="2012-12-11T12:37:29.4482151+02:00" endTime="2012-12-11T12:37:30.4013104+02:00" testType="13cdc9d9-ddb5-4fa4-a97d-d965ccfc6d4b" outcome="Passed" testListId="8c84fa94-04c1-424b-9868-57a2d4851a1d" relativeResultsDirectory="6ca96544-c7d9-4f3e-9a3d-6d67de110ba8">
    </UnitTestResult>
    <UnitTestResult executionId="e45661c1-1439-4d59-b348-e0ca31b0e2f1" testId="ae43ffa7-6f12-dd48-8cb2-c1113ab62f04" testName="WorksCorrectlyIfComponentExists" computerName="KBP1-DHP-F24209" duration="00:00:00.0002906" startTime="2012-12-11T12:37:30.4143117+02:00" endTime="2012-12-11T12:37:30.4213124+02:00" testType="13cdc9d9-ddb5-4fa4-a97d-d965ccfc6d4b" outcome="Passed" testListId="8c84fa94-04c1-424b-9868-57a2d4851a1d" relativeResultsDirectory="e45661c1-1439-4d59-b348-e0ca31b0e2f1">
    </UnitTestResult>
    <UnitTestResult executionId="184a7c56-5a76-4349-a18a-61f92f563ca1" testId="b70fa8fe-1a28-fd41-7501-f5b3ec0ddfb6" testName="ReturnsEmptyList" computerName="KBP1-DHP-F24209" duration="00:00:00.0003823" startTime="2012-12-11T12:37:30.4373140+02:00" endTime="2012-12-11T12:37:30.4423145+02:00" testType="13cdc9d9-ddb5-4fa4-a97d-d965ccfc6d4b" outcome="Passed" testListId="8c84fa94-04c1-424b-9868-57a2d4851a1d" relativeResultsDirectory="184a7c56-5a76-4349-a18a-61f92f563ca1">
    </UnitTestResult>
    <UnitTestResult executionId="7af996b9-4df7-4dc3-99e7-d2ce0bb450cb" testId="c1afeb03-2e4d-7ec4-7311-eae06cb26823" testName="WeightedAverageConstructorThrowsExceptionTest" computerName="KBP1-DHP-F24209" duration="00:00:00.0207507" startTime="2012-12-11T12:37:30.4573160+02:00" endTime="2012-12-11T12:37:30.4823185+02:00" testType="13cdc9d9-ddb5-4fa4-a97d-d965ccfc6d4b" outcome="Passed" testListId="8c84fa94-04c1-424b-9868-57a2d4851a1d" relativeResultsDirectory="7af996b9-4df7-4dc3-99e7-d2ce0bb450cb">
    </UnitTestResult>
    <UnitTestResult executionId="d882434e-826c-405b-aca6-59fb9431067a" testId="cc4bf252-30c5-8259-81d1-11d0e5d49a7e" testName="ThrowsKeyNotFoundException" computerName="KBP1-DHP-F24209" duration="00:00:00.0140689" startTime="2012-12-11T12:37:30.4973200+02:00" endTime="2012-12-11T12:37:30.5153218+02:00" testType="13cdc9d9-ddb5-4fa4-a97d-d965ccfc6d4b" outcome="Passed" testListId="8c84fa94-04c1-424b-9868-57a2d4851a1d" relativeResultsDirectory="d882434e-826c-405b-aca6-59fb9431067a">
    </UnitTestResult>
    <UnitTestResult executionId="12cc9eb1-059e-4e46-917a-025e7992fb0b" testId="cd0dc327-014e-e0d7-4f97-12b6f09d6f3a" testName="LinksComponentsSuccessfullyIfEverythingIsGood" computerName="KBP1-DHP-F24209" duration="00:00:00.0005821" startTime="2012-12-11T12:37:30.5223225+02:00" endTime="2012-12-11T12:37:30.5293232+02:00" testType="13cdc9d9-ddb5-4fa4-a97d-d965ccfc6d4b" outcome="Passed" testListId="8c84fa94-04c1-424b-9868-57a2d4851a1d" relativeResultsDirectory="12cc9eb1-059e-4e46-917a-025e7992fb0b">
    </UnitTestResult>
    <UnitTestResult executionId="ed761494-db03-4b73-9bf4-bb677b4d960c" testId="cd384c3b-0762-84cc-c9ff-0a1cf45f5179" testName="MeanPreprocessorConstructorWindowSizeOnlyPositiveTest" computerName="KBP1-DHP-F24209" duration="00:00:00.0243879" startTime="2012-12-11T12:37:30.5353238+02:00" endTime="2012-12-11T12:37:30.5663269+02:00" testType="13cdc9d9-ddb5-4fa4-a97d-d965ccfc6d4b" outcome="Passed" testListId="8c84fa94-04c1-424b-9868-57a2d4851a1d" relativeResultsDirectory="ed761494-db03-4b73-9bf4-bb677b4d960c">
    </UnitTestResult>
    <UnitTestResult executionId="28ef57b3-c7df-4200-9dc8-44b5406942f0" testId="d132dbb6-21c4-eca4-4e92-1ad53fb6b9d5" testName="ProcessTest" computerName="KBP1-DHP-F24209" duration="00:00:00.0006912" startTime="2012-12-11T12:37:30.5753278+02:00" endTime="2012-12-11T12:37:30.5813284+02:00" testType="13cdc9d9-ddb5-4fa4-a97d-d965ccfc6d4b" outcome="Passed" testListId="8c84fa94-04c1-424b-9868-57a2d4851a1d" relativeResultsDirectory="28ef57b3-c7df-4200-9dc8-44b5406942f0">
    </UnitTestResult>
    <UnitTestResult executionId="4266d28c-e136-4d08-b757-79b9b33f6fc1" testId="d2f1dd7c-8b39-ee24-bffa-827116cf1716" testName="ThrowsKeyNotFoundException" computerName="KBP1-DHP-F24209" duration="00:00:00.0135223" startTime="2012-12-11T12:37:30.5873290+02:00" endTime="2012-12-11T12:37:30.6073310+02:00" testType="13cdc9d9-ddb5-4fa4-a97d-d965ccfc6d4b" outcome="Passed" testListId="8c84fa94-04c1-424b-9868-57a2d4851a1d" relativeResultsDirectory="4266d28c-e136-4d08-b757-79b9b33f6fc1">
    </UnitTestResult>
    <UnitTestResult executionId="3a3896b3-241f-4875-9500-628d9228bba4" testId="d6d3d0b6-8f9f-4871-0b45-3e9556e452bd" testName="MeanPreprocessorConstructorTest" computerName="KBP1-DHP-F24209" duration="00:00:00.0003752" startTime="2012-12-11T12:37:30.6173320+02:00" endTime="2012-12-11T12:37:30.6223325+02:00" testType="13cdc9d9-ddb5-4fa4-a97d-d965ccfc6d4b" outcome="Passed" testListId="8c84fa94-04c1-424b-9868-57a2d4851a1d" relativeResultsDirectory="3a3896b3-241f-4875-9500-628d9228bba4">
    </UnitTestResult>
    <UnitTestResult executionId="d983cc57-9e7c-4312-a456-78b1688aa7c7" testId="d9769cdc-f8a5-63ad-d384-6bca4bf5b519" testName="ProcessTest" computerName="KBP1-DHP-F24209" duration="00:00:00.1190832" startTime="2012-12-11T12:37:30.6273330+02:00" endTime="2012-12-11T12:37:31.6364339+02:00" testType="13cdc9d9-ddb5-4fa4-a97d-d965ccfc6d4b" outcome="Passed" testListId="8c84fa94-04c1-424b-9868-57a2d4851a1d" relativeResultsDirectory="d983cc57-9e7c-4312-a456-78b1688aa7c7">
    </UnitTestResult>
    <UnitTestResult executionId="9d3ede69-3121-477e-aa30-6638003c0d77" testId="e1b6011b-ed00-b6a9-ca3b-a2ecc7a442f8" testName="MedianPreprocessorConstructorWindowSizeOnlyPositiveTest" computerName="KBP1-DHP-F24209" duration="00:00:00.0198853" startTime="2012-12-11T12:37:31.6504353+02:00" endTime="2012-12-11T12:37:31.6774380+02:00" testType="13cdc9d9-ddb5-4fa4-a97d-d965ccfc6d4b" outcome="Passed" testListId="8c84fa94-04c1-424b-9868-57a2d4851a1d" relativeResultsDirectory="9d3ede69-3121-477e-aa30-6638003c0d77">
    </UnitTestResult>
    <UnitTestResult executionId="831e0d0a-ddc2-4d53-b964-ae32fce32228" testId="e4c3f4e3-9eeb-063e-cd56-570432f53cee" testName="MedianPreprocessorConstructorTest" computerName="KBP1-DHP-F24209" duration="00:00:00.0005350" startTime="2012-12-11T12:37:31.6824385+02:00" endTime="2012-12-11T12:37:31.6884391+02:00" testType="13cdc9d9-ddb5-4fa4-a97d-d965ccfc6d4b" outcome="Passed" testListId="8c84fa94-04c1-424b-9868-57a2d4851a1d" relativeResultsDirectory="831e0d0a-ddc2-4d53-b964-ae32fce32228">
    </UnitTestResult>
    <UnitTestResult executionId="b375d4b1-b663-45da-ad7b-14c925a9260a" testId="ea4b6903-0b66-8ac4-269c-13a025c66551" testName="ThrowsArgumentException" computerName="KBP1-DHP-F24209" duration="00:00:00.0174026" startTime="2012-12-11T12:37:31.6994402+02:00" endTime="2012-12-11T12:37:31.7214424+02:00" testType="13cdc9d9-ddb5-4fa4-a97d-d965ccfc6d4b" outcome="Passed" testListId="8c84fa94-04c1-424b-9868-57a2d4851a1d" relativeResultsDirectory="b375d4b1-b663-45da-ad7b-14c925a9260a">
    </UnitTestResult>
    <UnitTestResult executionId="0a441743-e47b-4e33-9118-e18fec42d47c" testId="ecb9b643-bcda-dab7-25a3-1d531a237234" testName="GeneralCorrectnessTest" computerName="KBP1-DHP-F24209" duration="00:00:00.0004689" startTime="2012-12-11T12:37:31.7284431+02:00" endTime="2012-12-11T12:37:31.7354438+02:00" testType="13cdc9d9-ddb5-4fa4-a97d-d965ccfc6d4b" outcome="Passed" testListId="8c84fa94-04c1-424b-9868-57a2d4851a1d" relativeResultsDirectory="0a441743-e47b-4e33-9118-e18fec42d47c">
    </UnitTestResult>
    <UnitTestResult executionId="39fe4e47-64c2-4e38-8d37-94ed3e5ab4d1" testId="f1f6b764-199c-eb93-28c5-45e776878a29" testName="ThrowsArgumentNullException" computerName="KBP1-DHP-F24209" duration="00:00:00.0139438" startTime="2012-12-11T12:37:31.7404443+02:00" endTime="2012-12-11T12:37:31.7604463+02:00" testType="13cdc9d9-ddb5-4fa4-a97d-d965ccfc6d4b" outcome="Passed" testListId="8c84fa94-04c1-424b-9868-57a2d4851a1d" relativeResultsDirectory="39fe4e47-64c2-4e38-8d37-94ed3e5ab4d1">
    </UnitTestResult>
    <UnitTestResult executionId="632e741c-3155-4e83-965d-c180081b4509" testId="f5c49dd7-5c11-ba57-d456-2238bd64584d" testName="AddsNewComponentSuccessfully" computerName="KBP1-DHP-F24209" duration="00:00:00.0008432" startTime="2012-12-11T12:37:31.7654468+02:00" endTime="2012-12-11T12:37:31.7704473+02:00" testType="13cdc9d9-ddb5-4fa4-a97d-d965ccfc6d4b" outcome="Passed" testListId="8c84fa94-04c1-424b-9868-57a2d4851a1d" relativeResultsDirectory="632e741c-3155-4e83-965d-c180081b4509">
    </UnitTestResult>
    <UnitTestResult executionId="15a2be96-99f1-457c-8e13-687a0e977d02" testId="f99d417c-f78f-9832-fd6a-5cf102fe28c7" testName="DataObjectConstructorTest" computerName="KBP1-DHP-F24209" duration="00:00:00.0251978" startTime="2012-12-11T12:37:31.7764479+02:00" endTime="2012-12-11T12:37:32.7265429+02:00" testType="13cdc9d9-ddb5-4fa4-a97d-d965ccfc6d4b" outcome="Passed" testListId="8c84fa94-04c1-424b-9868-57a2d4851a1d" relativeResultsDirectory="15a2be96-99f1-457c-8e13-687a0e977d02">
    </UnitTestResult>
  </Results>
</TestRun>