<?xml version="1.0" encoding="UTF-8"?>
<TestRun id="d9d94196-1d1e-4d62-bdf7-176cd341cf76" name="vladyslav.gorbatiuk@KBP1-DHP-F24209 2013-02-22 21:52:52" runUser="SYNAPSE\vladyslav.gorbatiuk" xmlns="http://microsoft.com/schemas/VisualStudio/TeamTest/2010">
  <TestSettings name="Local" id="7159334a-a785-4a40-af17-d1e4952132f1">
    <Description>These are default test settings for a local test run.</Description>
    <Deployment enabled="false" runDeploymentRoot="vladyslav.gorbatiuk_KBP1-DHP-F24209 2013-02-22 21_52_52">
      <DeploymentItem filename="C:\Users\vladyslav.gorbatiuk.SYNAPSE\Dropbox\BS_Work\BSWorkSLN\TimeSeriesForecasting\bin\Debug\TimeSeriesForecasting.dll" />
      <DeploymentItem filename="C:\Users\vladyslav.gorbatiuk.SYNAPSE\Dropbox\BS_Work\BSWorkSLN\DataPreprocessing\DataPreprocessing\bin\Debug\DataPreprocessing.dll" />
      <DeploymentItem filename="C:\Users\vladyslav.gorbatiuk.SYNAPSE\Dropbox\BS_Work\BSWorkSLN\DataObjectsSupply\DataObjectsSupply\bin\Debug\DataObjectsSupply.dll" />
      <DeploymentItem filename="C:\Users\vladyslav.gorbatiuk.SYNAPSE\Dropbox\BS_Work\BSWorkSLN\BSRepository\bin\Debug\BSRepository.dll" />
      <DeploymentItem filename="C:\Program Files (x86)\AForge.NET\Framework\Release\AForge.Math.dll" />
      <DeploymentItem filename="C:\Users\vladyslav.gorbatiuk.SYNAPSE\Dropbox\BS_Work\BSWorkSLN\VisualizationHandling\bin\Debug\VisualizationHandling.dll" />
      <DeploymentItem filename="C:\Users\vladyslav.gorbatiuk.SYNAPSE\Dropbox\BS_Work\BSWorkSLN\DataObject\DataObject\bin\Debug\DataObject.dll" />
      <DeploymentItem filename="C:\Program Files (x86)\AForge.NET\Framework\Release\AForge.Neuro.dll" />
      <DeploymentItem filename="C:\Users\vladyslav.gorbatiuk.SYNAPSE\Dropbox\BS_Work\BSWorkSLN\BSManager\bin\Debug\BSManager.dll" />
      <DeploymentItem filename="C:\Users\vladyslav.gorbatiuk.SYNAPSE\Dropbox\BS_Work\BSWorkSLN\BSComponents\bin\Debug\BSComponents.dll" />
      <DeploymentItem filename="C:\Users\vladyslav.gorbatiuk.SYNAPSE\Dropbox\BS_Work\BSWorkSLN\DataVisualization\DataVisualization\bin\Debug\DataVisualization.dll" />
      <DeploymentItem filename="C:\Users\vladyslav.gorbatiuk.SYNAPSE\Dropbox\BS_Work\BSWorkSLN\packages\Moq.4.0.10827\lib\NET40\Moq.dll" />
    </Deployment>
    <Execution>
      <TestTypeSpecific />
      <AgentRule name="Execution Agents">
      </AgentRule>
    </Execution>
  </TestSettings>
  <Times creation="2013-02-22T21:52:52.2849159+02:00" queuing="2013-02-22T21:52:59.1303266+02:00" start="2013-02-22T21:52:59.4803476+02:00" finish="2013-02-22T21:53:13.9082133+02:00" />
  <ResultSummary outcome="Completed">
    <Counters total="43" executed="43" passed="43" error="0" failed="0" timeout="0" aborted="0" inconclusive="0" passedButRunAborted="0" notRunnable="0" notExecuted="0" disconnected="0" warning="0" completed="0" inProgress="0" pending="0" />
  </ResultSummary>
  <TestDefinitions>
    <UnitTest name="ReturnsSuccessorsCorrectly" storage="c:\users\vladyslav.gorbatiuk.synapse\dropbox\bs_work\bsworksln\testbsmanager\bin\debug\testbsmanager.dll" id="6634bd6d-d6d6-93a3-d60a-d76d14393e50">
      <Execution id="5136ac13-ee07-4bfe-bd73-f4ce28e911f9" />
      <TestMethod codeBase="C:/Users/vladyslav.gorbatiuk.SYNAPSE/Dropbox/BS_Work/BSWorkSLN/TestBSManager/bin/Debug/TestBSManager.DLL" adapterTypeName="Microsoft.VisualStudio.TestTools.TestTypes.Unit.UnitTestAdapter, Microsoft.VisualStudio.QualityTools.Tips.UnitTest.Adapter, Version=10.0.0.0, Culture=neutral, PublicKeyToken=b03f5f7f11d50a3a" className="TestBSManager.TestSuccessorsForComponentMethod, TestBSManager, Version=1.0.0.0, Culture=neutral, PublicKeyToken=null" name="ReturnsSuccessorsCorrectly" />
    </UnitTest>
    <UnitTest name="ThrowsFileNotFoundException" storage="c:\users\vladyslav.gorbatiuk.synapse\dropbox\bs_work\bsworksln\testrepository\bin\debug\testrepository.dll" id="439e9ef1-8a87-a82e-9093-73787685d86c">
      <Execution id="6a2e9ecb-2e1f-44be-84c2-d8efe7e011ab" />
      <TestMethod codeBase="C:/Users/vladyslav.gorbatiuk.SYNAPSE/Dropbox/BS_Work/BSWorkSLN/TestRepository/bin/Debug/TestRepository.DLL" adapterTypeName="Microsoft.VisualStudio.TestTools.TestTypes.Unit.UnitTestAdapter, Microsoft.VisualStudio.QualityTools.Tips.UnitTest.Adapter, Version=10.0.0.0, Culture=neutral, PublicKeyToken=b03f5f7f11d50a3a" className="TestRepository.TestDataObjectFromFileMethod, TestRepository, Version=1.0.0.0, Culture=neutral, PublicKeyToken=null" name="ThrowsFileNotFoundException" />
    </UnitTest>
    <UnitTest name="ThrowsKeyNotFoundException" storage="c:\users\vladyslav.gorbatiuk.synapse\dropbox\bs_work\bsworksln\testbsmanager\bin\debug\testbsmanager.dll" id="d2f1dd7c-8b39-ee24-bffa-827116cf1716">
      <Execution id="cca16200-c0d0-47db-9b5f-330c5e523741" />
      <TestMethod codeBase="C:/Users/vladyslav.gorbatiuk.SYNAPSE/Dropbox/BS_Work/BSWorkSLN/TestBSManager/bin/Debug/TestBSManager.DLL" adapterTypeName="Microsoft.VisualStudio.TestTools.TestTypes.Unit.UnitTestAdapter, Microsoft.VisualStudio.QualityTools.Tips.UnitTest.Adapter, Version=10.0.0.0, Culture=neutral, PublicKeyToken=b03f5f7f11d50a3a" className="TestBSManager.TestPredecessorsForComponentMethod, TestBSManager, Version=1.0.0.0, Culture=neutral, PublicKeyToken=null" name="ThrowsKeyNotFoundException" />
    </UnitTest>
    <UnitTest name="DeNormalizeGeneralCorrectnessTest" storage="c:\users\vladyslav.gorbatiuk.synapse\dropbox\bs_work\bsworksln\testtimeseriesforecasting\bin\debug\testtimeseriesforecasting.dll" id="714cc709-4fc1-c7d4-c5e7-561e8727673d">
      <Execution id="efecbbb7-e2c8-48cd-8089-1bfec97a7495" />
      <TestMethod codeBase="C:/Users/vladyslav.gorbatiuk.SYNAPSE/Dropbox/BS_Work/BSWorkSLN/TestTimeSeriesForecasting/bin/Debug/TestTimeSeriesForecasting.DLL" adapterTypeName="Microsoft.VisualStudio.TestTools.TestTypes.Unit.UnitTestAdapter, Microsoft.VisualStudio.QualityTools.Tips.UnitTest.Adapter, Version=10.0.0.0, Culture=neutral, PublicKeyToken=b03f5f7f11d50a3a" className="TestTimeSeriesForecasting.TestDataNormalizer, TestTimeSeriesForecasting, Version=1.0.0.0, Culture=neutral, PublicKeyToken=null" name="DeNormalizeGeneralCorrectnessTest" />
    </UnitTest>
    <UnitTest name="DataObjectConstructorTest" storage="c:\users\vladyslav.gorbatiuk.synapse\dropbox\bs_work\bsworksln\dataobject\testdataobject\bin\debug\testdataobject.dll" id="f99d417c-f78f-9832-fd6a-5cf102fe28c7">
      <Execution id="26e4ec03-3507-4ca2-a75e-91bb46c5dc8a" />
      <TestMethod codeBase="C:/Users/vladyslav.gorbatiuk.SYNAPSE/Dropbox/BS_Work/BSWorkSLN/DataObject/TestDataObject/bin/Debug/TestDataObject.DLL" adapterTypeName="Microsoft.VisualStudio.TestTools.TestTypes.Unit.UnitTestAdapter, Microsoft.VisualStudio.QualityTools.Tips.UnitTest.Adapter, Version=10.0.0.0, Culture=neutral, PublicKeyToken=b03f5f7f11d50a3a" className="TestDataObject.DataObjectTest, TestDataObject, Version=1.0.0.0, Culture=neutral, PublicKeyToken=null" name="DataObjectConstructorTest" />
    </UnitTest>
    <UnitTest name="GeneralCorrectnessTest" storage="c:\users\vladyslav.gorbatiuk.synapse\dropbox\bs_work\bsworksln\testtimeseriesforecasting\bin\debug\testtimeseriesforecasting.dll" id="ecb9b643-bcda-dab7-25a3-1d531a237234">
      <Execution id="37bb8f8f-53f4-46f8-baf6-e727889573bb" />
      <TestMethod codeBase="C:/Users/vladyslav.gorbatiuk.SYNAPSE/Dropbox/BS_Work/BSWorkSLN/TestTimeSeriesForecasting/bin/Debug/TestTimeSeriesForecasting.DLL" adapterTypeName="Microsoft.VisualStudio.TestTools.TestTypes.Unit.UnitTestAdapter, Microsoft.VisualStudio.QualityTools.Tips.UnitTest.Adapter, Version=10.0.0.0, Culture=neutral, PublicKeyToken=b03f5f7f11d50a3a" className="TestTimeSeriesForecasting.TestDataNormalizer, TestTimeSeriesForecasting, Version=1.0.0.0, Culture=neutral, PublicKeyToken=null" name="GeneralCorrectnessTest" />
    </UnitTest>
    <UnitTest name="WorksCorrectlyIfComponentExists" storage="c:\users\vladyslav.gorbatiuk.synapse\dropbox\bs_work\bsworksln\testbsmanager\bin\debug\testbsmanager.dll" id="ae43ffa7-6f12-dd48-8cb2-c1113ab62f04">
      <Execution id="46845ccf-3197-4e6a-b45c-0f861227fe9c" />
      <TestMethod codeBase="C:/Users/vladyslav.gorbatiuk.SYNAPSE/Dropbox/BS_Work/BSWorkSLN/TestBSManager/bin/Debug/TestBSManager.DLL" adapterTypeName="Microsoft.VisualStudio.TestTools.TestTypes.Unit.UnitTestAdapter, Microsoft.VisualStudio.QualityTools.Tips.UnitTest.Adapter, Version=10.0.0.0, Culture=neutral, PublicKeyToken=b03f5f7f11d50a3a" className="TestBSManager.TestExistsComponentAtPointMethod, TestBSManager, Version=1.0.0.0, Culture=neutral, PublicKeyToken=null" name="WorksCorrectlyIfComponentExists" />
    </UnitTest>
    <UnitTest name="MedianPreprocessorConstructorTest" storage="c:\users\vladyslav.gorbatiuk.synapse\dropbox\bs_work\bsworksln\datapreprocessing\testmedianprocessor\bin\debug\testmedianprocessor.dll" id="e4c3f4e3-9eeb-063e-cd56-570432f53cee">
      <Execution id="ab63e830-b074-4508-ae47-25ea649883d5" />
      <TestMethod codeBase="C:/Users/vladyslav.gorbatiuk.SYNAPSE/Dropbox/BS_Work/BSWorkSLN/DataPreprocessing/TestMedianProcessor/bin/Debug/TestMedianProcessor.DLL" adapterTypeName="Microsoft.VisualStudio.TestTools.TestTypes.Unit.UnitTestAdapter, Microsoft.VisualStudio.QualityTools.Tips.UnitTest.Adapter, Version=10.0.0.0, Culture=neutral, PublicKeyToken=b03f5f7f11d50a3a" className="TestMedianProcessor.MedianPreprocessorTest, TestMedianProcessor, Version=1.0.0.0, Culture=neutral, PublicKeyToken=null" name="MedianPreprocessorConstructorTest" />
    </UnitTest>
    <UnitTest name="ProcessTest" storage="c:\users\vladyslav.gorbatiuk.synapse\dropbox\bs_work\bsworksln\datapreprocessing\weightedaveragetest\bin\debug\weightedaveragetest.dll" id="7adc5048-9fc6-28b1-020d-2cab5e2848a1">
      <Execution id="be2f896a-92d2-4c23-8f67-74daad6bfd00" />
      <TestMethod codeBase="C:/Users/vladyslav.gorbatiuk.SYNAPSE/Dropbox/BS_Work/BSWorkSLN/DataPreprocessing/WeightedAverageTest/bin/Debug/WeightedAverageTest.DLL" adapterTypeName="Microsoft.VisualStudio.TestTools.TestTypes.Unit.UnitTestAdapter, Microsoft.VisualStudio.QualityTools.Tips.UnitTest.Adapter, Version=10.0.0.0, Culture=neutral, PublicKeyToken=b03f5f7f11d50a3a" className="WeightedAverageTest.WeightedAverageTest, WeightedAverageTest, Version=1.0.0.0, Culture=neutral, PublicKeyToken=null" name="ProcessTest" />
    </UnitTest>
    <UnitTest name="AddsPredecessorsSuccessfully" storage="c:\users\vladyslav.gorbatiuk.synapse\dropbox\bs_work\bsworksln\testbsmanager\bin\debug\testbsmanager.dll" id="77e211d6-689f-6075-dafa-c0e9e873d88e">
      <Execution id="4372b0ff-0c5b-44b8-8821-b71c629891a8" />
      <TestMethod codeBase="C:/Users/vladyslav.gorbatiuk.SYNAPSE/Dropbox/BS_Work/BSWorkSLN/TestBSManager/bin/Debug/TestBSManager.DLL" adapterTypeName="Microsoft.VisualStudio.TestTools.TestTypes.Unit.UnitTestAdapter, Microsoft.VisualStudio.QualityTools.Tips.UnitTest.Adapter, Version=10.0.0.0, Culture=neutral, PublicKeyToken=b03f5f7f11d50a3a" className="TestBSManager.TestAddPredecessorsForComponentMethod, TestBSManager, Version=1.0.0.0, Culture=neutral, PublicKeyToken=null" name="AddsPredecessorsSuccessfully" />
    </UnitTest>
    <UnitTest name="WeightedAverageConstructorGeneralTest" storage="c:\users\vladyslav.gorbatiuk.synapse\dropbox\bs_work\bsworksln\datapreprocessing\weightedaveragetest\bin\debug\weightedaveragetest.dll" id="0a5d8a87-71b3-96f7-9b96-d7eb0f7bc09b">
      <Execution id="9746bb20-6a00-48cf-9450-03a56ca136b8" />
      <TestMethod codeBase="C:/Users/vladyslav.gorbatiuk.SYNAPSE/Dropbox/BS_Work/BSWorkSLN/DataPreprocessing/WeightedAverageTest/bin/Debug/WeightedAverageTest.DLL" adapterTypeName="Microsoft.VisualStudio.TestTools.TestTypes.Unit.UnitTestAdapter, Microsoft.VisualStudio.QualityTools.Tips.UnitTest.Adapter, Version=10.0.0.0, Culture=neutral, PublicKeyToken=b03f5f7f11d50a3a" className="WeightedAverageTest.WeightedAverageTest, WeightedAverageTest, Version=1.0.0.0, Culture=neutral, PublicKeyToken=null" name="WeightedAverageConstructorGeneralTest" />
    </UnitTest>
    <UnitTest name="MedianPreprocessorConstructorWindowSizeOnlyPositiveTest" storage="c:\users\vladyslav.gorbatiuk.synapse\dropbox\bs_work\bsworksln\datapreprocessing\testmedianprocessor\bin\debug\testmedianprocessor.dll" id="e1b6011b-ed00-b6a9-ca3b-a2ecc7a442f8">
      <Execution id="8cac6d04-7c28-43a5-9754-9209dd351279" />
      <TestMethod codeBase="C:/Users/vladyslav.gorbatiuk.SYNAPSE/Dropbox/BS_Work/BSWorkSLN/DataPreprocessing/TestMedianProcessor/bin/Debug/TestMedianProcessor.DLL" adapterTypeName="Microsoft.VisualStudio.TestTools.TestTypes.Unit.UnitTestAdapter, Microsoft.VisualStudio.QualityTools.Tips.UnitTest.Adapter, Version=10.0.0.0, Culture=neutral, PublicKeyToken=b03f5f7f11d50a3a" className="TestMedianProcessor.MedianPreprocessorTest, TestMedianProcessor, Version=1.0.0.0, Culture=neutral, PublicKeyToken=null" name="MedianPreprocessorConstructorWindowSizeOnlyPositiveTest" />
    </UnitTest>
    <UnitTest name="ThrowsKeyNotFoundException" storage="c:\users\vladyslav.gorbatiuk.synapse\dropbox\bs_work\bsworksln\testbsmanager\bin\debug\testbsmanager.dll" id="2386aef6-9eb6-a41d-f1ef-07a4f744d4b5">
      <Execution id="4bffa459-7cdc-4355-81e5-58050b904350" />
      <TestMethod codeBase="C:/Users/vladyslav.gorbatiuk.SYNAPSE/Dropbox/BS_Work/BSWorkSLN/TestBSManager/bin/Debug/TestBSManager.DLL" adapterTypeName="Microsoft.VisualStudio.TestTools.TestTypes.Unit.UnitTestAdapter, Microsoft.VisualStudio.QualityTools.Tips.UnitTest.Adapter, Version=10.0.0.0, Culture=neutral, PublicKeyToken=b03f5f7f11d50a3a" className="TestBSManager.TestSuccessorsForComponentMethod, TestBSManager, Version=1.0.0.0, Culture=neutral, PublicKeyToken=null" name="ThrowsKeyNotFoundException" />
    </UnitTest>
    <UnitTest name="AddsNewComponentCorrectly" storage="c:\users\vladyslav.gorbatiuk.synapse\dropbox\bs_work\bsworksln\testbsmanager\bin\debug\testbsmanager.dll" id="287dda4a-d5ba-364d-7fdf-1a25da6443ec">
      <Execution id="b532567b-d54c-4c07-b0b1-93c84914e753" />
      <TestMethod codeBase="C:/Users/vladyslav.gorbatiuk.SYNAPSE/Dropbox/BS_Work/BSWorkSLN/TestBSManager/bin/Debug/TestBSManager.DLL" adapterTypeName="Microsoft.VisualStudio.TestTools.TestTypes.Unit.UnitTestAdapter, Microsoft.VisualStudio.QualityTools.Tips.UnitTest.Adapter, Version=10.0.0.0, Culture=neutral, PublicKeyToken=b03f5f7f11d50a3a" className="TestBSManager.TestAddComponentWithNameAndPosition, TestBSManager, Version=1.0.0.0, Culture=neutral, PublicKeyToken=null" name="AddsNewComponentCorrectly" />
    </UnitTest>
    <UnitTest name="WeightedAverageConstructorThrowsExceptionTest" storage="c:\users\vladyslav.gorbatiuk.synapse\dropbox\bs_work\bsworksln\datapreprocessing\weightedaveragetest\bin\debug\weightedaveragetest.dll" id="c1afeb03-2e4d-7ec4-7311-eae06cb26823">
      <Execution id="5519c330-22ee-423e-bf46-9ed9a8723b54" />
      <TestMethod codeBase="C:/Users/vladyslav.gorbatiuk.SYNAPSE/Dropbox/BS_Work/BSWorkSLN/DataPreprocessing/WeightedAverageTest/bin/Debug/WeightedAverageTest.DLL" adapterTypeName="Microsoft.VisualStudio.TestTools.TestTypes.Unit.UnitTestAdapter, Microsoft.VisualStudio.QualityTools.Tips.UnitTest.Adapter, Version=10.0.0.0, Culture=neutral, PublicKeyToken=b03f5f7f11d50a3a" className="WeightedAverageTest.WeightedAverageTest, WeightedAverageTest, Version=1.0.0.0, Culture=neutral, PublicKeyToken=null" name="WeightedAverageConstructorThrowsExceptionTest" />
    </UnitTest>
    <UnitTest name="ThrowsArgumentNullException" storage="c:\users\vladyslav.gorbatiuk.synapse\dropbox\bs_work\bsworksln\testbsmanager\bin\debug\testbsmanager.dll" id="f1f6b764-199c-eb93-28c5-45e776878a29">
      <Execution id="0573b45c-4cfa-489f-bdef-e552690ecee1" />
      <TestMethod codeBase="C:/Users/vladyslav.gorbatiuk.SYNAPSE/Dropbox/BS_Work/BSWorkSLN/TestBSManager/bin/Debug/TestBSManager.DLL" adapterTypeName="Microsoft.VisualStudio.TestTools.TestTypes.Unit.UnitTestAdapter, Microsoft.VisualStudio.QualityTools.Tips.UnitTest.Adapter, Version=10.0.0.0, Culture=neutral, PublicKeyToken=b03f5f7f11d50a3a" className="TestBSManager.TestAddComponentMethod, TestBSManager, Version=1.0.0.0, Culture=neutral, PublicKeyToken=null" name="ThrowsArgumentNullException" />
    </UnitTest>
    <UnitTest name="ReturnsEmptyList" storage="c:\users\vladyslav.gorbatiuk.synapse\dropbox\bs_work\bsworksln\testbsmanager\bin\debug\testbsmanager.dll" id="b70fa8fe-1a28-fd41-7501-f5b3ec0ddfb6">
      <Execution id="50ffb914-830d-4995-b280-b9fac29a66b2" />
      <TestMethod codeBase="C:/Users/vladyslav.gorbatiuk.SYNAPSE/Dropbox/BS_Work/BSWorkSLN/TestBSManager/bin/Debug/TestBSManager.DLL" adapterTypeName="Microsoft.VisualStudio.TestTools.TestTypes.Unit.UnitTestAdapter, Microsoft.VisualStudio.QualityTools.Tips.UnitTest.Adapter, Version=10.0.0.0, Culture=neutral, PublicKeyToken=b03f5f7f11d50a3a" className="TestBSManager.TestSuccessorsForComponentMethod, TestBSManager, Version=1.0.0.0, Culture=neutral, PublicKeyToken=null" name="ReturnsEmptyList" />
    </UnitTest>
    <UnitTest name="WorksCorrectlyIfNoComponentMatches" storage="c:\users\vladyslav.gorbatiuk.synapse\dropbox\bs_work\bsworksln\testbsmanager\bin\debug\testbsmanager.dll" id="2bb26128-2f4c-b4db-b328-17ba8e0e6c02">
      <Execution id="599c662f-bd80-48ad-b425-7e6f2f4e73c6" />
      <TestMethod codeBase="C:/Users/vladyslav.gorbatiuk.SYNAPSE/Dropbox/BS_Work/BSWorkSLN/TestBSManager/bin/Debug/TestBSManager.DLL" adapterTypeName="Microsoft.VisualStudio.TestTools.TestTypes.Unit.UnitTestAdapter, Microsoft.VisualStudio.QualityTools.Tips.UnitTest.Adapter, Version=10.0.0.0, Culture=neutral, PublicKeyToken=b03f5f7f11d50a3a" className="TestBSManager.TestExistsComponentAtPointMethod, TestBSManager, Version=1.0.0.0, Culture=neutral, PublicKeyToken=null" name="WorksCorrectlyIfNoComponentMatches" />
    </UnitTest>
    <UnitTest name="ProcessTest" storage="c:\users\vladyslav.gorbatiuk.synapse\dropbox\bs_work\bsworksln\datapreprocessing\testtukey53hpreprocessor\bin\debug\testtukey53hpreprocessor.dll" id="d132dbb6-21c4-eca4-4e92-1ad53fb6b9d5">
      <Execution id="b7b58c77-8d39-4f3e-9357-e1abb098fa97" />
      <TestMethod codeBase="C:/Users/vladyslav.gorbatiuk.SYNAPSE/Dropbox/BS_Work/BSWorkSLN/DataPreprocessing/TestTukey53HPreprocessor/bin/Debug/TestTukey53HPreprocessor.DLL" adapterTypeName="Microsoft.VisualStudio.TestTools.TestTypes.Unit.UnitTestAdapter, Microsoft.VisualStudio.QualityTools.Tips.UnitTest.Adapter, Version=10.0.0.0, Culture=neutral, PublicKeyToken=b03f5f7f11d50a3a" className="TestTukey53HPreprocessor.Tukey53HPreprocessorTest, TestTukey53HPreprocessor, Version=1.0.0.0, Culture=neutral, PublicKeyToken=null" name="ProcessTest" />
    </UnitTest>
    <UnitTest name="ProcessTest" storage="c:\users\vladyslav.gorbatiuk.synapse\dropbox\bs_work\bsworksln\datapreprocessing\testmeanprocessor\bin\debug\testmeanprocessor.dll" id="998fee1e-2376-fa93-e67e-ac5c0c37d915">
      <Execution id="638e86b0-1e6e-45cd-a765-7810c51820ad" />
      <TestMethod codeBase="C:/Users/vladyslav.gorbatiuk.SYNAPSE/Dropbox/BS_Work/BSWorkSLN/DataPreprocessing/TestMeanProcessor/bin/Debug/TestMeanProcessor.DLL" adapterTypeName="Microsoft.VisualStudio.TestTools.TestTypes.Unit.UnitTestAdapter, Microsoft.VisualStudio.QualityTools.Tips.UnitTest.Adapter, Version=10.0.0.0, Culture=neutral, PublicKeyToken=b03f5f7f11d50a3a" className="TestMeanProcessor.MeanPreprocessorTest, TestMeanProcessor, Version=1.0.0.0, Culture=neutral, PublicKeyToken=null" name="ProcessTest" />
    </UnitTest>
    <UnitTest name="ReturnsEmptyList" storage="c:\users\vladyslav.gorbatiuk.synapse\dropbox\bs_work\bsworksln\testbsmanager\bin\debug\testbsmanager.dll" id="8d29bffa-1c1f-3514-19be-f7c339a8d80a">
      <Execution id="04ebc3fe-30a7-4f06-8878-1cfb9cd28690" />
      <TestMethod codeBase="C:/Users/vladyslav.gorbatiuk.SYNAPSE/Dropbox/BS_Work/BSWorkSLN/TestBSManager/bin/Debug/TestBSManager.DLL" adapterTypeName="Microsoft.VisualStudio.TestTools.TestTypes.Unit.UnitTestAdapter, Microsoft.VisualStudio.QualityTools.Tips.UnitTest.Adapter, Version=10.0.0.0, Culture=neutral, PublicKeyToken=b03f5f7f11d50a3a" className="TestBSManager.TestPredecessorsForComponentMethod, TestBSManager, Version=1.0.0.0, Culture=neutral, PublicKeyToken=null" name="ReturnsEmptyList" />
    </UnitTest>
    <UnitTest name="GetBSDataObjectForStreamTest" storage="c:\users\vladyslav.gorbatiuk.synapse\dropbox\bs_work\bsworksln\dataobjectssupply\testdatasupplier\bin\debug\testdatasupplier.dll" id="3c5b0309-a1f9-f2c2-b438-c45b65575fca">
      <Execution id="2fcb607f-5174-4770-9a4a-3ecff552bb25" />
      <TestMethod codeBase="C:/Users/vladyslav.gorbatiuk.SYNAPSE/Dropbox/BS_Work/BSWorkSLN/DataObjectsSupply/TestDataSupplier/bin/Debug/TestDataSupplier.DLL" adapterTypeName="Microsoft.VisualStudio.TestTools.TestTypes.Unit.UnitTestAdapter, Microsoft.VisualStudio.QualityTools.Tips.UnitTest.Adapter, Version=10.0.0.0, Culture=neutral, PublicKeyToken=b03f5f7f11d50a3a" className="TestDataSupplier.BSDataObjectSupplierTest, TestDataSupplier, Version=1.0.0.0, Culture=neutral, PublicKeyToken=null" name="GetBSDataObjectForStreamTest" />
    </UnitTest>
    <UnitTest name="ReturnsPredecessorsCorrectly" storage="c:\users\vladyslav.gorbatiuk.synapse\dropbox\bs_work\bsworksln\testbsmanager\bin\debug\testbsmanager.dll" id="767bb09f-9122-5b4d-66a2-f71cc61e4596">
      <Execution id="5473798e-71f5-4473-8aeb-a796a5b50d67" />
      <TestMethod codeBase="C:/Users/vladyslav.gorbatiuk.SYNAPSE/Dropbox/BS_Work/BSWorkSLN/TestBSManager/bin/Debug/TestBSManager.DLL" adapterTypeName="Microsoft.VisualStudio.TestTools.TestTypes.Unit.UnitTestAdapter, Microsoft.VisualStudio.QualityTools.Tips.UnitTest.Adapter, Version=10.0.0.0, Culture=neutral, PublicKeyToken=b03f5f7f11d50a3a" className="TestBSManager.TestPredecessorsForComponentMethod, TestBSManager, Version=1.0.0.0, Culture=neutral, PublicKeyToken=null" name="ReturnsPredecessorsCorrectly" />
    </UnitTest>
    <UnitTest name="ThrowsKeyNotFoundException" storage="c:\users\vladyslav.gorbatiuk.synapse\dropbox\bs_work\bsworksln\testbsmanager\bin\debug\testbsmanager.dll" id="cc4bf252-30c5-8259-81d1-11d0e5d49a7e">
      <Execution id="4e78fe9c-eff8-424e-8491-aef1dbacab4d" />
      <TestMethod codeBase="C:/Users/vladyslav.gorbatiuk.SYNAPSE/Dropbox/BS_Work/BSWorkSLN/TestBSManager/bin/Debug/TestBSManager.DLL" adapterTypeName="Microsoft.VisualStudio.TestTools.TestTypes.Unit.UnitTestAdapter, Microsoft.VisualStudio.QualityTools.Tips.UnitTest.Adapter, Version=10.0.0.0, Culture=neutral, PublicKeyToken=b03f5f7f11d50a3a" className="TestBSManager.TestAddComponentWithNameAndPosition, TestBSManager, Version=1.0.0.0, Culture=neutral, PublicKeyToken=null" name="ThrowsKeyNotFoundException" />
    </UnitTest>
    <UnitTest name="ProcessMedianForEvenWindowSizeTest" storage="c:\users\vladyslav.gorbatiuk.synapse\dropbox\bs_work\bsworksln\datapreprocessing\testmedianprocessor\bin\debug\testmedianprocessor.dll" id="0f43129b-a67f-8f4b-602b-4316a4b0cbfa">
      <Execution id="de1061f3-d469-4aa3-ac39-85f3c1576e13" />
      <TestMethod codeBase="C:/Users/vladyslav.gorbatiuk.SYNAPSE/Dropbox/BS_Work/BSWorkSLN/DataPreprocessing/TestMedianProcessor/bin/Debug/TestMedianProcessor.DLL" adapterTypeName="Microsoft.VisualStudio.TestTools.TestTypes.Unit.UnitTestAdapter, Microsoft.VisualStudio.QualityTools.Tips.UnitTest.Adapter, Version=10.0.0.0, Culture=neutral, PublicKeyToken=b03f5f7f11d50a3a" className="TestMedianProcessor.MedianPreprocessorTest, TestMedianProcessor, Version=1.0.0.0, Culture=neutral, PublicKeyToken=null" name="ProcessMedianForEvenWindowSizeTest" />
    </UnitTest>
    <UnitTest name="ThrowsArgumentNullExceptionForNullArgument" storage="c:\users\vladyslav.gorbatiuk.synapse\dropbox\bs_work\bsworksln\testrepository\bin\debug\testrepository.dll" id="31e9081f-f269-9f4a-9ddd-d9d4a7348312">
      <Execution id="12bf105c-c766-490d-ab6b-4e44c99d9670" />
      <TestMethod codeBase="C:/Users/vladyslav.gorbatiuk.SYNAPSE/Dropbox/BS_Work/BSWorkSLN/TestRepository/bin/Debug/TestRepository.DLL" adapterTypeName="Microsoft.VisualStudio.TestTools.TestTypes.Unit.UnitTestAdapter, Microsoft.VisualStudio.QualityTools.Tips.UnitTest.Adapter, Version=10.0.0.0, Culture=neutral, PublicKeyToken=b03f5f7f11d50a3a" className="TestRepository.TestDataObjectFromFileMethod, TestRepository, Version=1.0.0.0, Culture=neutral, PublicKeyToken=null" name="ThrowsArgumentNullExceptionForNullArgument" />
    </UnitTest>
    <UnitTest name="General" storage="c:\users\vladyslav.gorbatiuk.synapse\dropbox\bs_work\bsworksln\testrepository\bin\debug\testrepository.dll" id="57baecd8-f2b7-9d78-5a55-40480ac493a3">
      <Execution id="614c0ff4-cfba-498c-8e48-b8dd705a3215" />
      <TestMethod codeBase="C:/Users/vladyslav.gorbatiuk.SYNAPSE/Dropbox/BS_Work/BSWorkSLN/TestRepository/bin/Debug/TestRepository.DLL" adapterTypeName="Microsoft.VisualStudio.TestTools.TestTypes.Unit.UnitTestAdapter, Microsoft.VisualStudio.QualityTools.Tips.UnitTest.Adapter, Version=10.0.0.0, Culture=neutral, PublicKeyToken=b03f5f7f11d50a3a" className="TestRepository.TestDataObjectFromFileMethod, TestRepository, Version=1.0.0.0, Culture=neutral, PublicKeyToken=null" name="General" />
    </UnitTest>
    <UnitTest name="MeanPreprocessorConstructorTest" storage="c:\users\vladyslav.gorbatiuk.synapse\dropbox\bs_work\bsworksln\datapreprocessing\testmeanprocessor\bin\debug\testmeanprocessor.dll" id="d6d3d0b6-8f9f-4871-0b45-3e9556e452bd">
      <Execution id="efd499ff-b656-4f00-8989-5bd320ae100a" />
      <TestMethod codeBase="C:/Users/vladyslav.gorbatiuk.SYNAPSE/Dropbox/BS_Work/BSWorkSLN/DataPreprocessing/TestMeanProcessor/bin/Debug/TestMeanProcessor.DLL" adapterTypeName="Microsoft.VisualStudio.TestTools.TestTypes.Unit.UnitTestAdapter, Microsoft.VisualStudio.QualityTools.Tips.UnitTest.Adapter, Version=10.0.0.0, Culture=neutral, PublicKeyToken=b03f5f7f11d50a3a" className="TestMeanProcessor.MeanPreprocessorTest, TestMeanProcessor, Version=1.0.0.0, Culture=neutral, PublicKeyToken=null" name="MeanPreprocessorConstructorTest" />
    </UnitTest>
    <UnitTest name="LinksComponentsSuccessfullyIfEverythingIsGood" storage="c:\users\vladyslav.gorbatiuk.synapse\dropbox\bs_work\bsworksln\testbsmanager\bin\debug\testbsmanager.dll" id="cd0dc327-014e-e0d7-4f97-12b6f09d6f3a">
      <Execution id="94ca7c14-cd6b-41ed-97a9-ad82476769c6" />
      <TestMethod codeBase="C:/Users/vladyslav.gorbatiuk.SYNAPSE/Dropbox/BS_Work/BSWorkSLN/TestBSManager/bin/Debug/TestBSManager.DLL" adapterTypeName="Microsoft.VisualStudio.TestTools.TestTypes.Unit.UnitTestAdapter, Microsoft.VisualStudio.QualityTools.Tips.UnitTest.Adapter, Version=10.0.0.0, Culture=neutral, PublicKeyToken=b03f5f7f11d50a3a" className="TestBSManager.TestLinkComponentsAtPointsMethod, TestBSManager, Version=1.0.0.0, Culture=neutral, PublicKeyToken=null" name="LinksComponentsSuccessfullyIfEverythingIsGood" />
    </UnitTest>
    <UnitTest name="ThrowsArgumentNullException" storage="c:\users\vladyslav.gorbatiuk.synapse\dropbox\bs_work\bsworksln\testbsmanager\bin\debug\testbsmanager.dll" id="7a04a3b1-aa99-37f5-711b-4215e2a38353">
      <Execution id="1818a275-b401-4681-a318-c57d060a5dc4" />
      <TestMethod codeBase="C:/Users/vladyslav.gorbatiuk.SYNAPSE/Dropbox/BS_Work/BSWorkSLN/TestBSManager/bin/Debug/TestBSManager.DLL" adapterTypeName="Microsoft.VisualStudio.TestTools.TestTypes.Unit.UnitTestAdapter, Microsoft.VisualStudio.QualityTools.Tips.UnitTest.Adapter, Version=10.0.0.0, Culture=neutral, PublicKeyToken=b03f5f7f11d50a3a" className="TestBSManager.TestAddComponentWithNameAndPosition, TestBSManager, Version=1.0.0.0, Culture=neutral, PublicKeyToken=null" name="ThrowsArgumentNullException" />
    </UnitTest>
    <UnitTest name="WeightedAverageConstructorCalculatesWeightsSumCorrectlyTest" storage="c:\users\vladyslav.gorbatiuk.synapse\dropbox\bs_work\bsworksln\datapreprocessing\weightedaveragetest\bin\debug\weightedaveragetest.dll" id="0deb66dc-f3dc-fac4-162d-a6780538cbef">
      <Execution id="6668dcc4-23b6-4f1c-8360-5547bb966269" />
      <TestMethod codeBase="C:/Users/vladyslav.gorbatiuk.SYNAPSE/Dropbox/BS_Work/BSWorkSLN/DataPreprocessing/WeightedAverageTest/bin/Debug/WeightedAverageTest.DLL" adapterTypeName="Microsoft.VisualStudio.TestTools.TestTypes.Unit.UnitTestAdapter, Microsoft.VisualStudio.QualityTools.Tips.UnitTest.Adapter, Version=10.0.0.0, Culture=neutral, PublicKeyToken=b03f5f7f11d50a3a" className="WeightedAverageTest.WeightedAverageTest, WeightedAverageTest, Version=1.0.0.0, Culture=neutral, PublicKeyToken=null" name="WeightedAverageConstructorCalculatesWeightsSumCorrectlyTest" />
    </UnitTest>
    <UnitTest name="ProcessTest" storage="c:\users\vladyslav.gorbatiuk.synapse\dropbox\bs_work\bsworksln\datapreprocessing\testmedianprocessor\bin\debug\testmedianprocessor.dll" id="1875a93a-f552-02e5-6f9e-7740719a86d2">
      <Execution id="282dd16f-f22a-4b11-8837-db554afc303b" />
      <TestMethod codeBase="C:/Users/vladyslav.gorbatiuk.SYNAPSE/Dropbox/BS_Work/BSWorkSLN/DataPreprocessing/TestMedianProcessor/bin/Debug/TestMedianProcessor.DLL" adapterTypeName="Microsoft.VisualStudio.TestTools.TestTypes.Unit.UnitTestAdapter, Microsoft.VisualStudio.QualityTools.Tips.UnitTest.Adapter, Version=10.0.0.0, Culture=neutral, PublicKeyToken=b03f5f7f11d50a3a" className="TestMedianProcessor.MedianPreprocessorTest, TestMedianProcessor, Version=1.0.0.0, Culture=neutral, PublicKeyToken=null" name="ProcessTest" />
    </UnitTest>
    <UnitTest name="ThrowsArgumentException" storage="c:\users\vladyslav.gorbatiuk.synapse\dropbox\bs_work\bsworksln\testbsmanager\bin\debug\testbsmanager.dll" id="ea4b6903-0b66-8ac4-269c-13a025c66551">
      <Execution id="4f4066ed-3987-415b-b2cb-d129bf2819d9" />
      <TestMethod codeBase="C:/Users/vladyslav.gorbatiuk.SYNAPSE/Dropbox/BS_Work/BSWorkSLN/TestBSManager/bin/Debug/TestBSManager.DLL" adapterTypeName="Microsoft.VisualStudio.TestTools.TestTypes.Unit.UnitTestAdapter, Microsoft.VisualStudio.QualityTools.Tips.UnitTest.Adapter, Version=10.0.0.0, Culture=neutral, PublicKeyToken=b03f5f7f11d50a3a" className="TestBSManager.TestAddSuccessorForComponentMethod, TestBSManager, Version=1.0.0.0, Culture=neutral, PublicKeyToken=null" name="ThrowsArgumentException" />
    </UnitTest>
    <UnitTest name="ProcessTest" storage="c:\users\vladyslav.gorbatiuk.synapse\dropbox\bs_work\bsworksln\datapreprocessing\fourierpreprocessor\bin\debug\fourierpreprocessor.dll" id="d9769cdc-f8a5-63ad-d384-6bca4bf5b519">
      <Execution id="a739f1c5-1d2c-4e53-95e0-54653c4d2da9" />
      <TestMethod codeBase="C:/Users/vladyslav.gorbatiuk.SYNAPSE/Dropbox/BS_Work/BSWorkSLN/DataPreprocessing/FourierPreprocessor/bin/Debug/FourierPreprocessor.DLL" adapterTypeName="Microsoft.VisualStudio.TestTools.TestTypes.Unit.UnitTestAdapter, Microsoft.VisualStudio.QualityTools.Tips.UnitTest.Adapter, Version=10.0.0.0, Culture=neutral, PublicKeyToken=b03f5f7f11d50a3a" className="TestFourierPreprocessor.FourierPreprocessorTest, FourierPreprocessor, Version=1.0.0.0, Culture=neutral, PublicKeyToken=null" name="ProcessTest" />
    </UnitTest>
    <UnitTest name="AddsNewComponentSuccessfully" storage="c:\users\vladyslav.gorbatiuk.synapse\dropbox\bs_work\bsworksln\testbsmanager\bin\debug\testbsmanager.dll" id="f5c49dd7-5c11-ba57-d456-2238bd64584d">
      <Execution id="c38b6917-6b1c-46f2-8ebf-aed9e0fafb28" />
      <TestMethod codeBase="C:/Users/vladyslav.gorbatiuk.SYNAPSE/Dropbox/BS_Work/BSWorkSLN/TestBSManager/bin/Debug/TestBSManager.DLL" adapterTypeName="Microsoft.VisualStudio.TestTools.TestTypes.Unit.UnitTestAdapter, Microsoft.VisualStudio.QualityTools.Tips.UnitTest.Adapter, Version=10.0.0.0, Culture=neutral, PublicKeyToken=b03f5f7f11d50a3a" className="TestBSManager.TestAddComponentMethod, TestBSManager, Version=1.0.0.0, Culture=neutral, PublicKeyToken=null" name="AddsNewComponentSuccessfully" />
    </UnitTest>
    <UnitTest name="ThrowsComponentsCantBeLinkedExceptionIfComponentsAreOfIncorrectType" storage="c:\users\vladyslav.gorbatiuk.synapse\dropbox\bs_work\bsworksln\testbsmanager\bin\debug\testbsmanager.dll" id="53d2e57f-3026-8931-7e68-12c97cc465b8">
      <Execution id="daaa595d-1901-47b6-8f3f-def310ac8386" />
      <TestMethod codeBase="C:/Users/vladyslav.gorbatiuk.SYNAPSE/Dropbox/BS_Work/BSWorkSLN/TestBSManager/bin/Debug/TestBSManager.DLL" adapterTypeName="Microsoft.VisualStudio.TestTools.TestTypes.Unit.UnitTestAdapter, Microsoft.VisualStudio.QualityTools.Tips.UnitTest.Adapter, Version=10.0.0.0, Culture=neutral, PublicKeyToken=b03f5f7f11d50a3a" className="TestBSManager.TestLinkComponentsAtPointsMethod, TestBSManager, Version=1.0.0.0, Culture=neutral, PublicKeyToken=null" name="ThrowsComponentsCantBeLinkedExceptionIfComponentsAreOfIncorrectType" />
    </UnitTest>
    <UnitTest name="MeanPreprocessorConstructorWindowSizeOnlyPositiveTest" storage="c:\users\vladyslav.gorbatiuk.synapse\dropbox\bs_work\bsworksln\datapreprocessing\testmeanprocessor\bin\debug\testmeanprocessor.dll" id="cd384c3b-0762-84cc-c9ff-0a1cf45f5179">
      <Execution id="c43fd197-1bc5-41c2-81d1-1c88d9e45804" />
      <TestMethod codeBase="C:/Users/vladyslav.gorbatiuk.SYNAPSE/Dropbox/BS_Work/BSWorkSLN/DataPreprocessing/TestMeanProcessor/bin/Debug/TestMeanProcessor.DLL" adapterTypeName="Microsoft.VisualStudio.TestTools.TestTypes.Unit.UnitTestAdapter, Microsoft.VisualStudio.QualityTools.Tips.UnitTest.Adapter, Version=10.0.0.0, Culture=neutral, PublicKeyToken=b03f5f7f11d50a3a" className="TestMeanProcessor.MeanPreprocessorTest, TestMeanProcessor, Version=1.0.0.0, Culture=neutral, PublicKeyToken=null" name="MeanPreprocessorConstructorWindowSizeOnlyPositiveTest" />
    </UnitTest>
    <UnitTest name="ThrowsComponentsCantBeLinkedExceptionIfComponentsHaveBeenLinkedBefore" storage="c:\users\vladyslav.gorbatiuk.synapse\dropbox\bs_work\bsworksln\testbsmanager\bin\debug\testbsmanager.dll" id="6084581d-c1f9-9504-dba0-54d785a9e1de">
      <Execution id="16aa5f8d-ec9b-4dea-aed1-728f8cd3ecb1" />
      <TestMethod codeBase="C:/Users/vladyslav.gorbatiuk.SYNAPSE/Dropbox/BS_Work/BSWorkSLN/TestBSManager/bin/Debug/TestBSManager.DLL" adapterTypeName="Microsoft.VisualStudio.TestTools.TestTypes.Unit.UnitTestAdapter, Microsoft.VisualStudio.QualityTools.Tips.UnitTest.Adapter, Version=10.0.0.0, Culture=neutral, PublicKeyToken=b03f5f7f11d50a3a" className="TestBSManager.TestLinkComponentsAtPointsMethod, TestBSManager, Version=1.0.0.0, Culture=neutral, PublicKeyToken=null" name="ThrowsComponentsCantBeLinkedExceptionIfComponentsHaveBeenLinkedBefore" />
    </UnitTest>
    <UnitTest name="AddsSuccessorSuccessfully" storage="c:\users\vladyslav.gorbatiuk.synapse\dropbox\bs_work\bsworksln\testbsmanager\bin\debug\testbsmanager.dll" id="4ce2c390-acd6-8b00-b5be-46303b393f74">
      <Execution id="2a440937-74a3-45e6-9251-18942d0c20ef" />
      <TestMethod codeBase="C:/Users/vladyslav.gorbatiuk.SYNAPSE/Dropbox/BS_Work/BSWorkSLN/TestBSManager/bin/Debug/TestBSManager.DLL" adapterTypeName="Microsoft.VisualStudio.TestTools.TestTypes.Unit.UnitTestAdapter, Microsoft.VisualStudio.QualityTools.Tips.UnitTest.Adapter, Version=10.0.0.0, Culture=neutral, PublicKeyToken=b03f5f7f11d50a3a" className="TestBSManager.TestAddSuccessorForComponentMethod, TestBSManager, Version=1.0.0.0, Culture=neutral, PublicKeyToken=null" name="AddsSuccessorSuccessfully" />
    </UnitTest>
    <UnitTest name="ThrowsArgumentException" storage="c:\users\vladyslav.gorbatiuk.synapse\dropbox\bs_work\bsworksln\testbsmanager\bin\debug\testbsmanager.dll" id="40c25e11-287e-714f-5855-14e7ed589667">
      <Execution id="4fc62f33-446e-42f0-a2b7-53a61c955202" />
      <TestMethod codeBase="C:/Users/vladyslav.gorbatiuk.SYNAPSE/Dropbox/BS_Work/BSWorkSLN/TestBSManager/bin/Debug/TestBSManager.DLL" adapterTypeName="Microsoft.VisualStudio.TestTools.TestTypes.Unit.UnitTestAdapter, Microsoft.VisualStudio.QualityTools.Tips.UnitTest.Adapter, Version=10.0.0.0, Culture=neutral, PublicKeyToken=b03f5f7f11d50a3a" className="TestBSManager.TestAddPredecessorsForComponentMethod, TestBSManager, Version=1.0.0.0, Culture=neutral, PublicKeyToken=null" name="ThrowsArgumentException" />
    </UnitTest>
    <UnitTest name="ProcessUnordinaryWindowSizesTest" storage="c:\users\vladyslav.gorbatiuk.synapse\dropbox\bs_work\bsworksln\datapreprocessing\testmedianprocessor\bin\debug\testmedianprocessor.dll" id="1fbe4fc4-4125-8ba2-c054-349323ecb993">
      <Execution id="214f6cc9-a3f4-4c15-9780-4d728c3dc3ca" />
      <TestMethod codeBase="C:/Users/vladyslav.gorbatiuk.SYNAPSE/Dropbox/BS_Work/BSWorkSLN/DataPreprocessing/TestMedianProcessor/bin/Debug/TestMedianProcessor.DLL" adapterTypeName="Microsoft.VisualStudio.TestTools.TestTypes.Unit.UnitTestAdapter, Microsoft.VisualStudio.QualityTools.Tips.UnitTest.Adapter, Version=10.0.0.0, Culture=neutral, PublicKeyToken=b03f5f7f11d50a3a" className="TestMedianProcessor.MedianPreprocessorTest, TestMedianProcessor, Version=1.0.0.0, Culture=neutral, PublicKeyToken=null" name="ProcessUnordinaryWindowSizesTest" />
    </UnitTest>
    <UnitTest name="ProcessUnordinaryWindowSizesTest" storage="c:\users\vladyslav.gorbatiuk.synapse\dropbox\bs_work\bsworksln\datapreprocessing\testmeanprocessor\bin\debug\testmeanprocessor.dll" id="1581adcd-ba83-3a4b-a664-0368187374d1">
      <Execution id="5f55d0cb-10c2-4c3c-84bc-980bcbe396bf" />
      <TestMethod codeBase="C:/Users/vladyslav.gorbatiuk.SYNAPSE/Dropbox/BS_Work/BSWorkSLN/DataPreprocessing/TestMeanProcessor/bin/Debug/TestMeanProcessor.DLL" adapterTypeName="Microsoft.VisualStudio.TestTools.TestTypes.Unit.UnitTestAdapter, Microsoft.VisualStudio.QualityTools.Tips.UnitTest.Adapter, Version=10.0.0.0, Culture=neutral, PublicKeyToken=b03f5f7f11d50a3a" className="TestMeanProcessor.MeanPreprocessorTest, TestMeanProcessor, Version=1.0.0.0, Culture=neutral, PublicKeyToken=null" name="ProcessUnordinaryWindowSizesTest" />
    </UnitTest>
    <UnitTest name="RegressionTests" storage="c:\users\vladyslav.gorbatiuk.synapse\dropbox\bs_work\bsworksln\datapreprocessing\testtukey53hpreprocessor\bin\debug\testtukey53hpreprocessor.dll" id="a8ad0b78-a3ab-6d92-b20b-ec2d378fd148">
      <Execution id="de7275b3-40fa-4a5e-bac3-91377e56e569" />
      <TestMethod codeBase="C:/Users/vladyslav.gorbatiuk.SYNAPSE/Dropbox/BS_Work/BSWorkSLN/DataPreprocessing/TestTukey53HPreprocessor/bin/Debug/TestTukey53HPreprocessor.DLL" adapterTypeName="Microsoft.VisualStudio.TestTools.TestTypes.Unit.UnitTestAdapter, Microsoft.VisualStudio.QualityTools.Tips.UnitTest.Adapter, Version=10.0.0.0, Culture=neutral, PublicKeyToken=b03f5f7f11d50a3a" className="TestTukey53HPreprocessor.Tukey53HPreprocessorTest, TestTukey53HPreprocessor, Version=1.0.0.0, Culture=neutral, PublicKeyToken=null" name="RegressionTests" />
    </UnitTest>
  </TestDefinitions>
  <TestLists>
    <TestList name="Results Not in a List" id="8c84fa94-04c1-424b-9868-57a2d4851a1d" />
    <TestList name="All Loaded Results" id="19431567-8539-422a-85d7-44ee4e166bda" />
  </TestLists>
  <TestEntries>
    <TestEntry testId="0a5d8a87-71b3-96f7-9b96-d7eb0f7bc09b" executionId="9746bb20-6a00-48cf-9450-03a56ca136b8" testListId="8c84fa94-04c1-424b-9868-57a2d4851a1d" />
    <TestEntry testId="0deb66dc-f3dc-fac4-162d-a6780538cbef" executionId="6668dcc4-23b6-4f1c-8360-5547bb966269" testListId="8c84fa94-04c1-424b-9868-57a2d4851a1d" />
    <TestEntry testId="0f43129b-a67f-8f4b-602b-4316a4b0cbfa" executionId="de1061f3-d469-4aa3-ac39-85f3c1576e13" testListId="8c84fa94-04c1-424b-9868-57a2d4851a1d" />
    <TestEntry testId="1581adcd-ba83-3a4b-a664-0368187374d1" executionId="5f55d0cb-10c2-4c3c-84bc-980bcbe396bf" testListId="8c84fa94-04c1-424b-9868-57a2d4851a1d" />
    <TestEntry testId="1875a93a-f552-02e5-6f9e-7740719a86d2" executionId="282dd16f-f22a-4b11-8837-db554afc303b" testListId="8c84fa94-04c1-424b-9868-57a2d4851a1d" />
    <TestEntry testId="1fbe4fc4-4125-8ba2-c054-349323ecb993" executionId="214f6cc9-a3f4-4c15-9780-4d728c3dc3ca" testListId="8c84fa94-04c1-424b-9868-57a2d4851a1d" />
    <TestEntry testId="2386aef6-9eb6-a41d-f1ef-07a4f744d4b5" executionId="4bffa459-7cdc-4355-81e5-58050b904350" testListId="8c84fa94-04c1-424b-9868-57a2d4851a1d" />
    <TestEntry testId="287dda4a-d5ba-364d-7fdf-1a25da6443ec" executionId="b532567b-d54c-4c07-b0b1-93c84914e753" testListId="8c84fa94-04c1-424b-9868-57a2d4851a1d" />
    <TestEntry testId="2bb26128-2f4c-b4db-b328-17ba8e0e6c02" executionId="599c662f-bd80-48ad-b425-7e6f2f4e73c6" testListId="8c84fa94-04c1-424b-9868-57a2d4851a1d" />
    <TestEntry testId="31e9081f-f269-9f4a-9ddd-d9d4a7348312" executionId="12bf105c-c766-490d-ab6b-4e44c99d9670" testListId="8c84fa94-04c1-424b-9868-57a2d4851a1d" />
    <TestEntry testId="3c5b0309-a1f9-f2c2-b438-c45b65575fca" executionId="2fcb607f-5174-4770-9a4a-3ecff552bb25" testListId="8c84fa94-04c1-424b-9868-57a2d4851a1d" />
    <TestEntry testId="40c25e11-287e-714f-5855-14e7ed589667" executionId="4fc62f33-446e-42f0-a2b7-53a61c955202" testListId="8c84fa94-04c1-424b-9868-57a2d4851a1d" />
    <TestEntry testId="439e9ef1-8a87-a82e-9093-73787685d86c" executionId="6a2e9ecb-2e1f-44be-84c2-d8efe7e011ab" testListId="8c84fa94-04c1-424b-9868-57a2d4851a1d" />
    <TestEntry testId="4ce2c390-acd6-8b00-b5be-46303b393f74" executionId="2a440937-74a3-45e6-9251-18942d0c20ef" testListId="8c84fa94-04c1-424b-9868-57a2d4851a1d" />
    <TestEntry testId="53d2e57f-3026-8931-7e68-12c97cc465b8" executionId="daaa595d-1901-47b6-8f3f-def310ac8386" testListId="8c84fa94-04c1-424b-9868-57a2d4851a1d" />
    <TestEntry testId="57baecd8-f2b7-9d78-5a55-40480ac493a3" executionId="614c0ff4-cfba-498c-8e48-b8dd705a3215" testListId="8c84fa94-04c1-424b-9868-57a2d4851a1d" />
    <TestEntry testId="6084581d-c1f9-9504-dba0-54d785a9e1de" executionId="16aa5f8d-ec9b-4dea-aed1-728f8cd3ecb1" testListId="8c84fa94-04c1-424b-9868-57a2d4851a1d" />
    <TestEntry testId="6634bd6d-d6d6-93a3-d60a-d76d14393e50" executionId="5136ac13-ee07-4bfe-bd73-f4ce28e911f9" testListId="8c84fa94-04c1-424b-9868-57a2d4851a1d" />
    <TestEntry testId="714cc709-4fc1-c7d4-c5e7-561e8727673d" executionId="efecbbb7-e2c8-48cd-8089-1bfec97a7495" testListId="8c84fa94-04c1-424b-9868-57a2d4851a1d" />
    <TestEntry testId="767bb09f-9122-5b4d-66a2-f71cc61e4596" executionId="5473798e-71f5-4473-8aeb-a796a5b50d67" testListId="8c84fa94-04c1-424b-9868-57a2d4851a1d" />
    <TestEntry testId="77e211d6-689f-6075-dafa-c0e9e873d88e" executionId="4372b0ff-0c5b-44b8-8821-b71c629891a8" testListId="8c84fa94-04c1-424b-9868-57a2d4851a1d" />
    <TestEntry testId="7a04a3b1-aa99-37f5-711b-4215e2a38353" executionId="1818a275-b401-4681-a318-c57d060a5dc4" testListId="8c84fa94-04c1-424b-9868-57a2d4851a1d" />
    <TestEntry testId="7adc5048-9fc6-28b1-020d-2cab5e2848a1" executionId="be2f896a-92d2-4c23-8f67-74daad6bfd00" testListId="8c84fa94-04c1-424b-9868-57a2d4851a1d" />
    <TestEntry testId="8d29bffa-1c1f-3514-19be-f7c339a8d80a" executionId="04ebc3fe-30a7-4f06-8878-1cfb9cd28690" testListId="8c84fa94-04c1-424b-9868-57a2d4851a1d" />
    <TestEntry testId="998fee1e-2376-fa93-e67e-ac5c0c37d915" executionId="638e86b0-1e6e-45cd-a765-7810c51820ad" testListId="8c84fa94-04c1-424b-9868-57a2d4851a1d" />
    <TestEntry testId="a8ad0b78-a3ab-6d92-b20b-ec2d378fd148" executionId="de7275b3-40fa-4a5e-bac3-91377e56e569" testListId="8c84fa94-04c1-424b-9868-57a2d4851a1d" />
    <TestEntry testId="ae43ffa7-6f12-dd48-8cb2-c1113ab62f04" executionId="46845ccf-3197-4e6a-b45c-0f861227fe9c" testListId="8c84fa94-04c1-424b-9868-57a2d4851a1d" />
    <TestEntry testId="b70fa8fe-1a28-fd41-7501-f5b3ec0ddfb6" executionId="50ffb914-830d-4995-b280-b9fac29a66b2" testListId="8c84fa94-04c1-424b-9868-57a2d4851a1d" />
    <TestEntry testId="c1afeb03-2e4d-7ec4-7311-eae06cb26823" executionId="5519c330-22ee-423e-bf46-9ed9a8723b54" testListId="8c84fa94-04c1-424b-9868-57a2d4851a1d" />
    <TestEntry testId="cc4bf252-30c5-8259-81d1-11d0e5d49a7e" executionId="4e78fe9c-eff8-424e-8491-aef1dbacab4d" testListId="8c84fa94-04c1-424b-9868-57a2d4851a1d" />
    <TestEntry testId="cd0dc327-014e-e0d7-4f97-12b6f09d6f3a" executionId="94ca7c14-cd6b-41ed-97a9-ad82476769c6" testListId="8c84fa94-04c1-424b-9868-57a2d4851a1d" />
    <TestEntry testId="cd384c3b-0762-84cc-c9ff-0a1cf45f5179" executionId="c43fd197-1bc5-41c2-81d1-1c88d9e45804" testListId="8c84fa94-04c1-424b-9868-57a2d4851a1d" />
    <TestEntry testId="d132dbb6-21c4-eca4-4e92-1ad53fb6b9d5" executionId="b7b58c77-8d39-4f3e-9357-e1abb098fa97" testListId="8c84fa94-04c1-424b-9868-57a2d4851a1d" />
    <TestEntry testId="d2f1dd7c-8b39-ee24-bffa-827116cf1716" executionId="cca16200-c0d0-47db-9b5f-330c5e523741" testListId="8c84fa94-04c1-424b-9868-57a2d4851a1d" />
    <TestEntry testId="d6d3d0b6-8f9f-4871-0b45-3e9556e452bd" executionId="efd499ff-b656-4f00-8989-5bd320ae100a" testListId="8c84fa94-04c1-424b-9868-57a2d4851a1d" />
    <TestEntry testId="d9769cdc-f8a5-63ad-d384-6bca4bf5b519" executionId="a739f1c5-1d2c-4e53-95e0-54653c4d2da9" testListId="8c84fa94-04c1-424b-9868-57a2d4851a1d" />
    <TestEntry testId="e1b6011b-ed00-b6a9-ca3b-a2ecc7a442f8" executionId="8cac6d04-7c28-43a5-9754-9209dd351279" testListId="8c84fa94-04c1-424b-9868-57a2d4851a1d" />
    <TestEntry testId="e4c3f4e3-9eeb-063e-cd56-570432f53cee" executionId="ab63e830-b074-4508-ae47-25ea649883d5" testListId="8c84fa94-04c1-424b-9868-57a2d4851a1d" />
    <TestEntry testId="ea4b6903-0b66-8ac4-269c-13a025c66551" executionId="4f4066ed-3987-415b-b2cb-d129bf2819d9" testListId="8c84fa94-04c1-424b-9868-57a2d4851a1d" />
    <TestEntry testId="ecb9b643-bcda-dab7-25a3-1d531a237234" executionId="37bb8f8f-53f4-46f8-baf6-e727889573bb" testListId="8c84fa94-04c1-424b-9868-57a2d4851a1d" />
    <TestEntry testId="f1f6b764-199c-eb93-28c5-45e776878a29" executionId="0573b45c-4cfa-489f-bdef-e552690ecee1" testListId="8c84fa94-04c1-424b-9868-57a2d4851a1d" />
    <TestEntry testId="f5c49dd7-5c11-ba57-d456-2238bd64584d" executionId="c38b6917-6b1c-46f2-8ebf-aed9e0fafb28" testListId="8c84fa94-04c1-424b-9868-57a2d4851a1d" />
    <TestEntry testId="f99d417c-f78f-9832-fd6a-5cf102fe28c7" executionId="26e4ec03-3507-4ca2-a75e-91bb46c5dc8a" testListId="8c84fa94-04c1-424b-9868-57a2d4851a1d" />
  </TestEntries>
  <Results>
    <UnitTestResult executionId="9746bb20-6a00-48cf-9450-03a56ca136b8" testId="0a5d8a87-71b3-96f7-9b96-d7eb0f7bc09b" testName="WeightedAverageConstructorGeneralTest" computerName="KBP1-DHP-F24209" duration="00:00:00.0187659" startTime="2013-02-22T21:52:59.6403572+02:00" endTime="2013-02-22T21:53:01.4614665+02:00" testType="13cdc9d9-ddb5-4fa4-a97d-d965ccfc6d4b" outcome="Passed" testListId="8c84fa94-04c1-424b-9868-57a2d4851a1d" relativeResultsDirectory="9746bb20-6a00-48cf-9450-03a56ca136b8">
    </UnitTestResult>
    <UnitTestResult executionId="6668dcc4-23b6-4f1c-8360-5547bb966269" testId="0deb66dc-f3dc-fac4-162d-a6780538cbef" testName="WeightedAverageConstructorCalculatesWeightsSumCorrectlyTest" computerName="KBP1-DHP-F24209" duration="00:00:00.0006036" startTime="2013-02-22T21:53:01.4864680+02:00" endTime="2013-02-22T21:53:01.4964686+02:00" testType="13cdc9d9-ddb5-4fa4-a97d-d965ccfc6d4b" outcome="Passed" testListId="8c84fa94-04c1-424b-9868-57a2d4851a1d" relativeResultsDirectory="6668dcc4-23b6-4f1c-8360-5547bb966269">
    </UnitTestResult>
    <UnitTestResult executionId="de1061f3-d469-4aa3-ac39-85f3c1576e13" testId="0f43129b-a67f-8f4b-602b-4316a4b0cbfa" testName="ProcessMedianForEvenWindowSizeTest" computerName="KBP1-DHP-F24209" duration="00:00:00.2690196" startTime="2013-02-22T21:53:01.5414713+02:00" endTime="2013-02-22T21:53:02.8815517+02:00" testType="13cdc9d9-ddb5-4fa4-a97d-d965ccfc6d4b" outcome="Passed" testListId="8c84fa94-04c1-424b-9868-57a2d4851a1d" relativeResultsDirectory="de1061f3-d469-4aa3-ac39-85f3c1576e13">
    </UnitTestResult>
    <UnitTestResult executionId="5f55d0cb-10c2-4c3c-84bc-980bcbe396bf" testId="1581adcd-ba83-3a4b-a664-0368187374d1" testName="ProcessUnordinaryWindowSizesTest" computerName="KBP1-DHP-F24209" duration="00:00:00.0253630" startTime="2013-02-22T21:53:02.9115535+02:00" endTime="2013-02-22T21:53:03.8416093+02:00" testType="13cdc9d9-ddb5-4fa4-a97d-d965ccfc6d4b" outcome="Passed" testListId="8c84fa94-04c1-424b-9868-57a2d4851a1d" relativeResultsDirectory="5f55d0cb-10c2-4c3c-84bc-980bcbe396bf">
    </UnitTestResult>
    <UnitTestResult executionId="282dd16f-f22a-4b11-8837-db554afc303b" testId="1875a93a-f552-02e5-6f9e-7740719a86d2" testName="ProcessTest" computerName="KBP1-DHP-F24209" duration="00:00:00.0005193" startTime="2013-02-22T21:53:03.8516099+02:00" endTime="2013-02-22T21:53:03.8616105+02:00" testType="13cdc9d9-ddb5-4fa4-a97d-d965ccfc6d4b" outcome="Passed" testListId="8c84fa94-04c1-424b-9868-57a2d4851a1d" relativeResultsDirectory="282dd16f-f22a-4b11-8837-db554afc303b">
    </UnitTestResult>
    <UnitTestResult executionId="214f6cc9-a3f4-4c15-9780-4d728c3dc3ca" testId="1fbe4fc4-4125-8ba2-c054-349323ecb993" testName="ProcessUnordinaryWindowSizesTest" computerName="KBP1-DHP-F24209" duration="00:00:00.0003910" startTime="2013-02-22T21:53:03.8716111+02:00" endTime="2013-02-22T21:53:04.0316207+02:00" testType="13cdc9d9-ddb5-4fa4-a97d-d965ccfc6d4b" outcome="Passed" testListId="8c84fa94-04c1-424b-9868-57a2d4851a1d" relativeResultsDirectory="214f6cc9-a3f4-4c15-9780-4d728c3dc3ca">
    </UnitTestResult>
    <UnitTestResult executionId="4bffa459-7cdc-4355-81e5-58050b904350" testId="2386aef6-9eb6-a41d-f1ef-07a4f744d4b5" testName="ThrowsKeyNotFoundException" computerName="KBP1-DHP-F24209" duration="00:00:01.0043598" startTime="2013-02-22T21:53:04.0366210+02:00" endTime="2013-02-22T21:53:05.9417353+02:00" testType="13cdc9d9-ddb5-4fa4-a97d-d965ccfc6d4b" outcome="Passed" testListId="8c84fa94-04c1-424b-9868-57a2d4851a1d" relativeResultsDirectory="4bffa459-7cdc-4355-81e5-58050b904350">
    </UnitTestResult>
    <UnitTestResult executionId="b532567b-d54c-4c07-b0b1-93c84914e753" testId="287dda4a-d5ba-364d-7fdf-1a25da6443ec" testName="AddsNewComponentCorrectly" computerName="KBP1-DHP-F24209" duration="00:00:00.0381306" startTime="2013-02-22T21:53:05.9567362+02:00" endTime="2013-02-22T21:53:06.0017389+02:00" testType="13cdc9d9-ddb5-4fa4-a97d-d965ccfc6d4b" outcome="Passed" testListId="8c84fa94-04c1-424b-9868-57a2d4851a1d" relativeResultsDirectory="b532567b-d54c-4c07-b0b1-93c84914e753">
    </UnitTestResult>
    <UnitTestResult executionId="599c662f-bd80-48ad-b425-7e6f2f4e73c6" testId="2bb26128-2f4c-b4db-b328-17ba8e0e6c02" testName="WorksCorrectlyIfNoComponentMatches" computerName="KBP1-DHP-F24209" duration="00:00:00.2453232" startTime="2013-02-22T21:53:06.0217401+02:00" endTime="2013-02-22T21:53:06.2767554+02:00" testType="13cdc9d9-ddb5-4fa4-a97d-d965ccfc6d4b" outcome="Passed" testListId="8c84fa94-04c1-424b-9868-57a2d4851a1d" relativeResultsDirectory="599c662f-bd80-48ad-b425-7e6f2f4e73c6">
    </UnitTestResult>
    <UnitTestResult executionId="12bf105c-c766-490d-ab6b-4e44c99d9670" testId="31e9081f-f269-9f4a-9ddd-d9d4a7348312" testName="ThrowsArgumentNullExceptionForNullArgument" computerName="KBP1-DHP-F24209" duration="00:00:00.1188051" startTime="2013-02-22T21:53:06.2917563+02:00" endTime="2013-02-22T21:53:07.3018169+02:00" testType="13cdc9d9-ddb5-4fa4-a97d-d965ccfc6d4b" outcome="Passed" testListId="8c84fa94-04c1-424b-9868-57a2d4851a1d" relativeResultsDirectory="12bf105c-c766-490d-ab6b-4e44c99d9670">
    </UnitTestResult>
    <UnitTestResult executionId="2fcb607f-5174-4770-9a4a-3ecff552bb25" testId="3c5b0309-a1f9-f2c2-b438-c45b65575fca" testName="GetBSDataObjectForStreamTest" computerName="KBP1-DHP-F24209" duration="00:00:00.0426396" startTime="2013-02-22T21:53:07.3068172+02:00" endTime="2013-02-22T21:53:08.3168778+02:00" testType="13cdc9d9-ddb5-4fa4-a97d-d965ccfc6d4b" outcome="Passed" testListId="8c84fa94-04c1-424b-9868-57a2d4851a1d" relativeResultsDirectory="2fcb607f-5174-4770-9a4a-3ecff552bb25">
    </UnitTestResult>
    <UnitTestResult executionId="4fc62f33-446e-42f0-a2b7-53a61c955202" testId="40c25e11-287e-714f-5855-14e7ed589667" testName="ThrowsArgumentException" computerName="KBP1-DHP-F24209" duration="00:00:00.0152250" startTime="2013-02-22T21:53:08.3218781+02:00" endTime="2013-02-22T21:53:08.3468796+02:00" testType="13cdc9d9-ddb5-4fa4-a97d-d965ccfc6d4b" outcome="Passed" testListId="8c84fa94-04c1-424b-9868-57a2d4851a1d" relativeResultsDirectory="4fc62f33-446e-42f0-a2b7-53a61c955202">
    </UnitTestResult>
    <UnitTestResult executionId="6a2e9ecb-2e1f-44be-84c2-d8efe7e011ab" testId="439e9ef1-8a87-a82e-9093-73787685d86c" testName="ThrowsFileNotFoundException" computerName="KBP1-DHP-F24209" duration="00:00:00.0336416" startTime="2013-02-22T21:53:08.3718811+02:00" endTime="2013-02-22T21:53:08.4118835+02:00" testType="13cdc9d9-ddb5-4fa4-a97d-d965ccfc6d4b" outcome="Passed" testListId="8c84fa94-04c1-424b-9868-57a2d4851a1d" relativeResultsDirectory="6a2e9ecb-2e1f-44be-84c2-d8efe7e011ab">
    </UnitTestResult>
    <UnitTestResult executionId="2a440937-74a3-45e6-9251-18942d0c20ef" testId="4ce2c390-acd6-8b00-b5be-46303b393f74" testName="AddsSuccessorSuccessfully" computerName="KBP1-DHP-F24209" duration="00:00:00.0013285" startTime="2013-02-22T21:53:08.4218841+02:00" endTime="2013-02-22T21:53:08.4268844+02:00" testType="13cdc9d9-ddb5-4fa4-a97d-d965ccfc6d4b" outcome="Passed" testListId="8c84fa94-04c1-424b-9868-57a2d4851a1d" relativeResultsDirectory="2a440937-74a3-45e6-9251-18942d0c20ef">
    </UnitTestResult>
    <UnitTestResult executionId="daaa595d-1901-47b6-8f3f-def310ac8386" testId="53d2e57f-3026-8931-7e68-12c97cc465b8" testName="ThrowsComponentsCantBeLinkedExceptionIfComponentsAreOfIncorrectType" computerName="KBP1-DHP-F24209" duration="00:00:00.0600673" startTime="2013-02-22T21:53:08.4518859+02:00" endTime="2013-02-22T21:53:08.5218901+02:00" testType="13cdc9d9-ddb5-4fa4-a97d-d965ccfc6d4b" outcome="Passed" testListId="8c84fa94-04c1-424b-9868-57a2d4851a1d" relativeResultsDirectory="daaa595d-1901-47b6-8f3f-def310ac8386">
    </UnitTestResult>
    <UnitTestResult executionId="614c0ff4-cfba-498c-8e48-b8dd705a3215" testId="57baecd8-f2b7-9d78-5a55-40480ac493a3" testName="General" computerName="KBP1-DHP-F24209" duration="00:00:00.0169657" startTime="2013-02-22T21:53:08.5268904+02:00" endTime="2013-02-22T21:53:08.5518919+02:00" testType="13cdc9d9-ddb5-4fa4-a97d-d965ccfc6d4b" outcome="Passed" testListId="8c84fa94-04c1-424b-9868-57a2d4851a1d" relativeResultsDirectory="614c0ff4-cfba-498c-8e48-b8dd705a3215">
    </UnitTestResult>
    <UnitTestResult executionId="16aa5f8d-ec9b-4dea-aed1-728f8cd3ecb1" testId="6084581d-c1f9-9504-dba0-54d785a9e1de" testName="ThrowsComponentsCantBeLinkedExceptionIfComponentsHaveBeenLinkedBefore" computerName="KBP1-DHP-F24209" duration="00:00:00.0160451" startTime="2013-02-22T21:53:08.5668928+02:00" endTime="2013-02-22T21:53:08.5868940+02:00" testType="13cdc9d9-ddb5-4fa4-a97d-d965ccfc6d4b" outcome="Passed" testListId="8c84fa94-04c1-424b-9868-57a2d4851a1d" relativeResultsDirectory="16aa5f8d-ec9b-4dea-aed1-728f8cd3ecb1">
    </UnitTestResult>
    <UnitTestResult executionId="5136ac13-ee07-4bfe-bd73-f4ce28e911f9" testId="6634bd6d-d6d6-93a3-d60a-d76d14393e50" testName="ReturnsSuccessorsCorrectly" computerName="KBP1-DHP-F24209" duration="00:00:00.0004115" startTime="2013-02-22T21:53:08.5918943+02:00" endTime="2013-02-22T21:53:08.5968946+02:00" testType="13cdc9d9-ddb5-4fa4-a97d-d965ccfc6d4b" outcome="Passed" testListId="8c84fa94-04c1-424b-9868-57a2d4851a1d" relativeResultsDirectory="5136ac13-ee07-4bfe-bd73-f4ce28e911f9">
    </UnitTestResult>
    <UnitTestResult executionId="efecbbb7-e2c8-48cd-8089-1bfec97a7495" testId="714cc709-4fc1-c7d4-c5e7-561e8727673d" testName="DeNormalizeGeneralCorrectnessTest" computerName="KBP1-DHP-F24209" duration="00:00:00.2427571" startTime="2013-02-22T21:53:08.6068952+02:00" endTime="2013-02-22T21:53:09.7419633+02:00" testType="13cdc9d9-ddb5-4fa4-a97d-d965ccfc6d4b" outcome="Passed" testListId="8c84fa94-04c1-424b-9868-57a2d4851a1d" relativeResultsDirectory="efecbbb7-e2c8-48cd-8089-1bfec97a7495">
    </UnitTestResult>
    <UnitTestResult executionId="5473798e-71f5-4473-8aeb-a796a5b50d67" testId="767bb09f-9122-5b4d-66a2-f71cc61e4596" testName="ReturnsPredecessorsCorrectly" computerName="KBP1-DHP-F24209" duration="00:00:00.0012605" startTime="2013-02-22T21:53:09.7619645+02:00" endTime="2013-02-22T21:53:09.7669648+02:00" testType="13cdc9d9-ddb5-4fa4-a97d-d965ccfc6d4b" outcome="Passed" testListId="8c84fa94-04c1-424b-9868-57a2d4851a1d" relativeResultsDirectory="5473798e-71f5-4473-8aeb-a796a5b50d67">
    </UnitTestResult>
    <UnitTestResult executionId="4372b0ff-0c5b-44b8-8821-b71c629891a8" testId="77e211d6-689f-6075-dafa-c0e9e873d88e" testName="AddsPredecessorsSuccessfully" computerName="KBP1-DHP-F24209" duration="00:00:00.0001574" startTime="2013-02-22T21:53:09.7719651+02:00" endTime="2013-02-22T21:53:09.7769654+02:00" testType="13cdc9d9-ddb5-4fa4-a97d-d965ccfc6d4b" outcome="Passed" testListId="8c84fa94-04c1-424b-9868-57a2d4851a1d" relativeResultsDirectory="4372b0ff-0c5b-44b8-8821-b71c629891a8">
    </UnitTestResult>
    <UnitTestResult executionId="1818a275-b401-4681-a318-c57d060a5dc4" testId="7a04a3b1-aa99-37f5-711b-4215e2a38353" testName="ThrowsArgumentNullException" computerName="KBP1-DHP-F24209" duration="00:00:00.0929766" startTime="2013-02-22T21:53:09.7869660+02:00" endTime="2013-02-22T21:53:09.8869720+02:00" testType="13cdc9d9-ddb5-4fa4-a97d-d965ccfc6d4b" outcome="Passed" testListId="8c84fa94-04c1-424b-9868-57a2d4851a1d" relativeResultsDirectory="1818a275-b401-4681-a318-c57d060a5dc4">
    </UnitTestResult>
    <UnitTestResult executionId="be2f896a-92d2-4c23-8f67-74daad6bfd00" testId="7adc5048-9fc6-28b1-020d-2cab5e2848a1" testName="ProcessTest" computerName="KBP1-DHP-F24209" duration="00:00:00.0299537" startTime="2013-02-22T21:53:09.8919723+02:00" endTime="2013-02-22T21:53:09.9319747+02:00" testType="13cdc9d9-ddb5-4fa4-a97d-d965ccfc6d4b" outcome="Passed" testListId="8c84fa94-04c1-424b-9868-57a2d4851a1d" relativeResultsDirectory="be2f896a-92d2-4c23-8f67-74daad6bfd00">
    </UnitTestResult>
    <UnitTestResult executionId="04ebc3fe-30a7-4f06-8878-1cfb9cd28690" testId="8d29bffa-1c1f-3514-19be-f7c339a8d80a" testName="ReturnsEmptyList" computerName="KBP1-DHP-F24209" duration="00:00:00.0004121" startTime="2013-02-22T21:53:09.9369750+02:00" endTime="2013-02-22T21:53:09.9419753+02:00" testType="13cdc9d9-ddb5-4fa4-a97d-d965ccfc6d4b" outcome="Passed" testListId="8c84fa94-04c1-424b-9868-57a2d4851a1d" relativeResultsDirectory="04ebc3fe-30a7-4f06-8878-1cfb9cd28690">
    </UnitTestResult>
    <UnitTestResult executionId="638e86b0-1e6e-45cd-a765-7810c51820ad" testId="998fee1e-2376-fa93-e67e-ac5c0c37d915" testName="ProcessTest" computerName="KBP1-DHP-F24209" duration="00:00:00.0004150" startTime="2013-02-22T21:53:09.9519759+02:00" endTime="2013-02-22T21:53:09.9619765+02:00" testType="13cdc9d9-ddb5-4fa4-a97d-d965ccfc6d4b" outcome="Passed" testListId="8c84fa94-04c1-424b-9868-57a2d4851a1d" relativeResultsDirectory="638e86b0-1e6e-45cd-a765-7810c51820ad">
    </UnitTestResult>
    <UnitTestResult executionId="de7275b3-40fa-4a5e-bac3-91377e56e569" testId="a8ad0b78-a3ab-6d92-b20b-ec2d378fd148" testName="RegressionTests" computerName="KBP1-DHP-F24209" duration="00:00:00.1065291" startTime="2013-02-22T21:53:09.9669768+02:00" endTime="2013-02-22T21:53:10.9980387+02:00" testType="13cdc9d9-ddb5-4fa4-a97d-d965ccfc6d4b" outcome="Passed" testListId="8c84fa94-04c1-424b-9868-57a2d4851a1d" relativeResultsDirectory="de7275b3-40fa-4a5e-bac3-91377e56e569">
    </UnitTestResult>
    <UnitTestResult executionId="46845ccf-3197-4e6a-b45c-0f861227fe9c" testId="ae43ffa7-6f12-dd48-8cb2-c1113ab62f04" testName="WorksCorrectlyIfComponentExists" computerName="KBP1-DHP-F24209" duration="00:00:00.0002816" startTime="2013-02-22T21:53:11.0130396+02:00" endTime="2013-02-22T21:53:11.0180399+02:00" testType="13cdc9d9-ddb5-4fa4-a97d-d965ccfc6d4b" outcome="Passed" testListId="8c84fa94-04c1-424b-9868-57a2d4851a1d" relativeResultsDirectory="46845ccf-3197-4e6a-b45c-0f861227fe9c">
    </UnitTestResult>
    <UnitTestResult executionId="50ffb914-830d-4995-b280-b9fac29a66b2" testId="b70fa8fe-1a28-fd41-7501-f5b3ec0ddfb6" testName="ReturnsEmptyList" computerName="KBP1-DHP-F24209" duration="00:00:00.0004612" startTime="2013-02-22T21:53:11.0380411+02:00" endTime="2013-02-22T21:53:11.0430414+02:00" testType="13cdc9d9-ddb5-4fa4-a97d-d965ccfc6d4b" outcome="Passed" testListId="8c84fa94-04c1-424b-9868-57a2d4851a1d" relativeResultsDirectory="50ffb914-830d-4995-b280-b9fac29a66b2">
    </UnitTestResult>
    <UnitTestResult executionId="5519c330-22ee-423e-bf46-9ed9a8723b54" testId="c1afeb03-2e4d-7ec4-7311-eae06cb26823" testName="WeightedAverageConstructorThrowsExceptionTest" computerName="KBP1-DHP-F24209" duration="00:00:00.0234397" startTime="2013-02-22T21:53:11.0630426+02:00" endTime="2013-02-22T21:53:11.0930444+02:00" testType="13cdc9d9-ddb5-4fa4-a97d-d965ccfc6d4b" outcome="Passed" testListId="8c84fa94-04c1-424b-9868-57a2d4851a1d" relativeResultsDirectory="5519c330-22ee-423e-bf46-9ed9a8723b54">
    </UnitTestResult>
    <UnitTestResult executionId="4e78fe9c-eff8-424e-8491-aef1dbacab4d" testId="cc4bf252-30c5-8259-81d1-11d0e5d49a7e" testName="ThrowsKeyNotFoundException" computerName="KBP1-DHP-F24209" duration="00:00:00.0151483" startTime="2013-02-22T21:53:11.1030450+02:00" endTime="2013-02-22T21:53:11.1230462+02:00" testType="13cdc9d9-ddb5-4fa4-a97d-d965ccfc6d4b" outcome="Passed" testListId="8c84fa94-04c1-424b-9868-57a2d4851a1d" relativeResultsDirectory="4e78fe9c-eff8-424e-8491-aef1dbacab4d">
    </UnitTestResult>
    <UnitTestResult executionId="94ca7c14-cd6b-41ed-97a9-ad82476769c6" testId="cd0dc327-014e-e0d7-4f97-12b6f09d6f3a" testName="LinksComponentsSuccessfullyIfEverythingIsGood" computerName="KBP1-DHP-F24209" duration="00:00:00.0005469" startTime="2013-02-22T21:53:11.1330468+02:00" endTime="2013-02-22T21:53:11.1430474+02:00" testType="13cdc9d9-ddb5-4fa4-a97d-d965ccfc6d4b" outcome="Passed" testListId="8c84fa94-04c1-424b-9868-57a2d4851a1d" relativeResultsDirectory="94ca7c14-cd6b-41ed-97a9-ad82476769c6">
    </UnitTestResult>
    <UnitTestResult executionId="c43fd197-1bc5-41c2-81d1-1c88d9e45804" testId="cd384c3b-0762-84cc-c9ff-0a1cf45f5179" testName="MeanPreprocessorConstructorWindowSizeOnlyPositiveTest" computerName="KBP1-DHP-F24209" duration="00:00:00.0207879" startTime="2013-02-22T21:53:11.1530480+02:00" endTime="2013-02-22T21:53:11.1780495+02:00" testType="13cdc9d9-ddb5-4fa4-a97d-d965ccfc6d4b" outcome="Passed" testListId="8c84fa94-04c1-424b-9868-57a2d4851a1d" relativeResultsDirectory="c43fd197-1bc5-41c2-81d1-1c88d9e45804">
    </UnitTestResult>
    <UnitTestResult executionId="b7b58c77-8d39-4f3e-9357-e1abb098fa97" testId="d132dbb6-21c4-eca4-4e92-1ad53fb6b9d5" testName="ProcessTest" computerName="KBP1-DHP-F24209" duration="00:00:00.0006578" startTime="2013-02-22T21:53:11.1980507+02:00" endTime="2013-02-22T21:53:11.2030510+02:00" testType="13cdc9d9-ddb5-4fa4-a97d-d965ccfc6d4b" outcome="Passed" testListId="8c84fa94-04c1-424b-9868-57a2d4851a1d" relativeResultsDirectory="b7b58c77-8d39-4f3e-9357-e1abb098fa97">
    </UnitTestResult>
    <UnitTestResult executionId="cca16200-c0d0-47db-9b5f-330c5e523741" testId="d2f1dd7c-8b39-ee24-bffa-827116cf1716" testName="ThrowsKeyNotFoundException" computerName="KBP1-DHP-F24209" duration="00:00:00.0141356" startTime="2013-02-22T21:53:11.2130516+02:00" endTime="2013-02-22T21:53:11.2330528+02:00" testType="13cdc9d9-ddb5-4fa4-a97d-d965ccfc6d4b" outcome="Passed" testListId="8c84fa94-04c1-424b-9868-57a2d4851a1d" relativeResultsDirectory="cca16200-c0d0-47db-9b5f-330c5e523741">
    </UnitTestResult>
    <UnitTestResult executionId="efd499ff-b656-4f00-8989-5bd320ae100a" testId="d6d3d0b6-8f9f-4871-0b45-3e9556e452bd" testName="MeanPreprocessorConstructorTest" computerName="KBP1-DHP-F24209" duration="00:00:00.0003971" startTime="2013-02-22T21:53:11.2380531+02:00" endTime="2013-02-22T21:53:11.2480537+02:00" testType="13cdc9d9-ddb5-4fa4-a97d-d965ccfc6d4b" outcome="Passed" testListId="8c84fa94-04c1-424b-9868-57a2d4851a1d" relativeResultsDirectory="efd499ff-b656-4f00-8989-5bd320ae100a">
    </UnitTestResult>
    <UnitTestResult executionId="a739f1c5-1d2c-4e53-95e0-54653c4d2da9" testId="d9769cdc-f8a5-63ad-d384-6bca4bf5b519" testName="ProcessTest" computerName="KBP1-DHP-F24209" duration="00:00:00.1783172" startTime="2013-02-22T21:53:11.2580543+02:00" endTime="2013-02-22T21:53:12.3131176+02:00" testType="13cdc9d9-ddb5-4fa4-a97d-d965ccfc6d4b" outcome="Passed" testListId="8c84fa94-04c1-424b-9868-57a2d4851a1d" relativeResultsDirectory="a739f1c5-1d2c-4e53-95e0-54653c4d2da9">
    </UnitTestResult>
    <UnitTestResult executionId="8cac6d04-7c28-43a5-9754-9209dd351279" testId="e1b6011b-ed00-b6a9-ca3b-a2ecc7a442f8" testName="MedianPreprocessorConstructorWindowSizeOnlyPositiveTest" computerName="KBP1-DHP-F24209" duration="00:00:00.0218449" startTime="2013-02-22T21:53:12.3181179+02:00" endTime="2013-02-22T21:53:12.3481197+02:00" testType="13cdc9d9-ddb5-4fa4-a97d-d965ccfc6d4b" outcome="Passed" testListId="8c84fa94-04c1-424b-9868-57a2d4851a1d" relativeResultsDirectory="8cac6d04-7c28-43a5-9754-9209dd351279">
    </UnitTestResult>
    <UnitTestResult executionId="ab63e830-b074-4508-ae47-25ea649883d5" testId="e4c3f4e3-9eeb-063e-cd56-570432f53cee" testName="MedianPreprocessorConstructorTest" computerName="KBP1-DHP-F24209" duration="00:00:00.0003897" startTime="2013-02-22T21:53:12.3531200+02:00" endTime="2013-02-22T21:53:12.3581203+02:00" testType="13cdc9d9-ddb5-4fa4-a97d-d965ccfc6d4b" outcome="Passed" testListId="8c84fa94-04c1-424b-9868-57a2d4851a1d" relativeResultsDirectory="ab63e830-b074-4508-ae47-25ea649883d5">
    </UnitTestResult>
    <UnitTestResult executionId="4f4066ed-3987-415b-b2cb-d129bf2819d9" testId="ea4b6903-0b66-8ac4-269c-13a025c66551" testName="ThrowsArgumentException" computerName="KBP1-DHP-F24209" duration="00:00:00.0203825" startTime="2013-02-22T21:53:12.3681209+02:00" endTime="2013-02-22T21:53:12.3931224+02:00" testType="13cdc9d9-ddb5-4fa4-a97d-d965ccfc6d4b" outcome="Passed" testListId="8c84fa94-04c1-424b-9868-57a2d4851a1d" relativeResultsDirectory="4f4066ed-3987-415b-b2cb-d129bf2819d9">
    </UnitTestResult>
    <UnitTestResult executionId="37bb8f8f-53f4-46f8-baf6-e727889573bb" testId="ecb9b643-bcda-dab7-25a3-1d531a237234" testName="GeneralCorrectnessTest" computerName="KBP1-DHP-F24209" duration="00:00:00.0004599" startTime="2013-02-22T21:53:12.4031230+02:00" endTime="2013-02-22T21:53:12.4081233+02:00" testType="13cdc9d9-ddb5-4fa4-a97d-d965ccfc6d4b" outcome="Passed" testListId="8c84fa94-04c1-424b-9868-57a2d4851a1d" relativeResultsDirectory="37bb8f8f-53f4-46f8-baf6-e727889573bb">
    </UnitTestResult>
    <UnitTestResult executionId="0573b45c-4cfa-489f-bdef-e552690ecee1" testId="f1f6b764-199c-eb93-28c5-45e776878a29" testName="ThrowsArgumentNullException" computerName="KBP1-DHP-F24209" duration="00:00:00.0176817" startTime="2013-02-22T21:53:12.4181239+02:00" endTime="2013-02-22T21:53:12.4381251+02:00" testType="13cdc9d9-ddb5-4fa4-a97d-d965ccfc6d4b" outcome="Passed" testListId="8c84fa94-04c1-424b-9868-57a2d4851a1d" relativeResultsDirectory="0573b45c-4cfa-489f-bdef-e552690ecee1">
    </UnitTestResult>
    <UnitTestResult executionId="c38b6917-6b1c-46f2-8ebf-aed9e0fafb28" testId="f5c49dd7-5c11-ba57-d456-2238bd64584d" testName="AddsNewComponentSuccessfully" computerName="KBP1-DHP-F24209" duration="00:00:00.0007666" startTime="2013-02-22T21:53:12.4481257+02:00" endTime="2013-02-22T21:53:12.4531260+02:00" testType="13cdc9d9-ddb5-4fa4-a97d-d965ccfc6d4b" outcome="Passed" testListId="8c84fa94-04c1-424b-9868-57a2d4851a1d" relativeResultsDirectory="c38b6917-6b1c-46f2-8ebf-aed9e0fafb28">
    </UnitTestResult>
    <UnitTestResult executionId="26e4ec03-3507-4ca2-a75e-91bb46c5dc8a" testId="f99d417c-f78f-9832-fd6a-5cf102fe28c7" testName="DataObjectConstructorTest" computerName="KBP1-DHP-F24209" duration="00:00:00.0172580" startTime="2013-02-22T21:53:12.4681269+02:00" endTime="2013-02-22T21:53:13.4131836+02:00" testType="13cdc9d9-ddb5-4fa4-a97d-d965ccfc6d4b" outcome="Passed" testListId="8c84fa94-04c1-424b-9868-57a2d4851a1d" relativeResultsDirectory="26e4ec03-3507-4ca2-a75e-91bb46c5dc8a">
    </UnitTestResult>
  </Results>
</TestRun>