<?xml version="1.0" encoding="UTF-8"?>
<TestRun id="1ea1e9fb-40fa-4dc8-a84e-a80c6f8e6c20" name="vladyslav.gorbatiuk@KBP1-DHP-F24209 2013-03-22 12:02:37" runUser="SYNAPSE\vladyslav.gorbatiuk" xmlns="http://microsoft.com/schemas/VisualStudio/TeamTest/2010">
  <TestSettings name="Local" id="7159334a-a785-4a40-af17-d1e4952132f1">
    <Description>These are default test settings for a local test run.</Description>
    <Deployment enabled="false" runDeploymentRoot="vladyslav.gorbatiuk_KBP1-DHP-F24209 2013-03-22 12_02_37">
      <DeploymentItem filename="C:\Users\vladyslav.gorbatiuk.SYNAPSE\Dropbox\BS_Work\BSWorkSLN\TimeSeriesForecasting\bin\Debug\TimeSeriesForecasting.dll" />
      <DeploymentItem filename="C:\Users\vladyslav.gorbatiuk.SYNAPSE\Dropbox\BS_Work\BSWorkSLN\DataPreprocessing\DataPreprocessing\bin\Debug\DataPreprocessing.dll" />
      <DeploymentItem filename="C:\Users\vladyslav.gorbatiuk.SYNAPSE\Dropbox\BS_Work\BSWorkSLN\DataObjectsSupply\DataObjectsSupply\bin\Debug\DataObjectsSupply.dll" />
      <DeploymentItem filename="C:\Users\vladyslav.gorbatiuk.SYNAPSE\Dropbox\BS_Work\BSWorkSLN\BSRepository\bin\Debug\BSRepository.dll" />
      <DeploymentItem filename="C:\Program Files (x86)\AForge.NET\Framework\Release\AForge.Math.dll" />
      <DeploymentItem filename="C:\Users\vladyslav.gorbatiuk.SYNAPSE\Dropbox\BS_Work\BSWorkSLN\VisualizationHandling\bin\Debug\VisualizationHandling.dll" />
      <DeploymentItem filename="C:\Users\vladyslav.gorbatiuk.SYNAPSE\Dropbox\BS_Work\BSWorkSLN\DataObject\DataObject\bin\Debug\DataObject.dll" />
      <DeploymentItem filename="C:\Users\vladyslav.gorbatiuk.SYNAPSE\Dropbox\BS_Work\BSWorkSLN\BSManager\bin\Debug\BSManager.dll" />
      <DeploymentItem filename="C:\Users\vladyslav.gorbatiuk.SYNAPSE\Dropbox\BS_Work\BSWorkSLN\BSComponents\bin\Debug\BSComponents.dll" />
      <DeploymentItem filename="C:\Users\vladyslav.gorbatiuk.SYNAPSE\Dropbox\BS_Work\BSWorkSLN\DataVisualization\DataVisualization\bin\Debug\DataVisualization.dll" />
      <DeploymentItem filename="C:\Users\vladyslav.gorbatiuk.SYNAPSE\Dropbox\BS_Work\BSWorkSLN\packages\Moq.4.0.10827\lib\NET40\Moq.dll" />
    </Deployment>
    <Execution>
      <TestTypeSpecific />
      <AgentRule name="Execution Agents">
      </AgentRule>
    </Execution>
  </TestSettings>
  <Times creation="2013-03-22T12:02:37.7537317+02:00" queuing="2013-03-22T12:02:44.0289212+02:00" start="2013-03-22T12:02:44.1939278+02:00" finish="2013-03-22T12:02:58.0304822+02:00" />
  <ResultSummary outcome="Completed">
    <Counters total="43" executed="43" passed="43" error="0" failed="0" timeout="0" aborted="0" inconclusive="0" passedButRunAborted="0" notRunnable="0" notExecuted="0" disconnected="0" warning="0" completed="0" inProgress="0" pending="0" />
  </ResultSummary>
  <TestDefinitions>
    <UnitTest name="ReturnsSuccessorsCorrectly" storage="c:\users\vladyslav.gorbatiuk.synapse\dropbox\bs_work\bsworksln\testbsmanager\bin\debug\testbsmanager.dll" id="6634bd6d-d6d6-93a3-d60a-d76d14393e50">
      <Execution id="df8fc058-59e1-44bc-8981-96f29fd4001b" />
      <TestMethod codeBase="C:/Users/vladyslav.gorbatiuk.SYNAPSE/Dropbox/BS_Work/BSWorkSLN/TestBSManager/bin/Debug/TestBSManager.DLL" adapterTypeName="Microsoft.VisualStudio.TestTools.TestTypes.Unit.UnitTestAdapter, Microsoft.VisualStudio.QualityTools.Tips.UnitTest.Adapter, Version=10.0.0.0, Culture=neutral, PublicKeyToken=b03f5f7f11d50a3a" className="TestBSManager.TestSuccessorsForComponentMethod, TestBSManager, Version=1.0.0.0, Culture=neutral, PublicKeyToken=null" name="ReturnsSuccessorsCorrectly" />
    </UnitTest>
    <UnitTest name="ThrowsFileNotFoundException" storage="c:\users\vladyslav.gorbatiuk.synapse\dropbox\bs_work\bsworksln\testrepository\bin\debug\testrepository.dll" id="439e9ef1-8a87-a82e-9093-73787685d86c">
      <Execution id="229bd270-138a-4155-8136-e86780d9cfb4" />
      <TestMethod codeBase="C:/Users/vladyslav.gorbatiuk.SYNAPSE/Dropbox/BS_Work/BSWorkSLN/TestRepository/bin/Debug/TestRepository.DLL" adapterTypeName="Microsoft.VisualStudio.TestTools.TestTypes.Unit.UnitTestAdapter, Microsoft.VisualStudio.QualityTools.Tips.UnitTest.Adapter, Version=10.0.0.0, Culture=neutral, PublicKeyToken=b03f5f7f11d50a3a" className="TestRepository.TestDataObjectFromFileMethod, TestRepository, Version=1.0.0.0, Culture=neutral, PublicKeyToken=null" name="ThrowsFileNotFoundException" />
    </UnitTest>
    <UnitTest name="ThrowsKeyNotFoundException" storage="c:\users\vladyslav.gorbatiuk.synapse\dropbox\bs_work\bsworksln\testbsmanager\bin\debug\testbsmanager.dll" id="d2f1dd7c-8b39-ee24-bffa-827116cf1716">
      <Execution id="9cc23ab7-1140-4a31-adf2-fe361514d5eb" />
      <TestMethod codeBase="C:/Users/vladyslav.gorbatiuk.SYNAPSE/Dropbox/BS_Work/BSWorkSLN/TestBSManager/bin/Debug/TestBSManager.DLL" adapterTypeName="Microsoft.VisualStudio.TestTools.TestTypes.Unit.UnitTestAdapter, Microsoft.VisualStudio.QualityTools.Tips.UnitTest.Adapter, Version=10.0.0.0, Culture=neutral, PublicKeyToken=b03f5f7f11d50a3a" className="TestBSManager.TestPredecessorsForComponentMethod, TestBSManager, Version=1.0.0.0, Culture=neutral, PublicKeyToken=null" name="ThrowsKeyNotFoundException" />
    </UnitTest>
    <UnitTest name="DeNormalizeGeneralCorrectnessTest" storage="c:\users\vladyslav.gorbatiuk.synapse\dropbox\bs_work\bsworksln\testtimeseriesforecasting\bin\debug\testtimeseriesforecasting.dll" id="714cc709-4fc1-c7d4-c5e7-561e8727673d">
      <Execution id="2a7ec0c8-c7bc-4880-b773-82634e1855be" />
      <TestMethod codeBase="C:/Users/vladyslav.gorbatiuk.SYNAPSE/Dropbox/BS_Work/BSWorkSLN/TestTimeSeriesForecasting/bin/Debug/TestTimeSeriesForecasting.DLL" adapterTypeName="Microsoft.VisualStudio.TestTools.TestTypes.Unit.UnitTestAdapter, Microsoft.VisualStudio.QualityTools.Tips.UnitTest.Adapter, Version=10.0.0.0, Culture=neutral, PublicKeyToken=b03f5f7f11d50a3a" className="TestTimeSeriesForecasting.TestDataNormalizer, TestTimeSeriesForecasting, Version=1.0.0.0, Culture=neutral, PublicKeyToken=null" name="DeNormalizeGeneralCorrectnessTest" />
    </UnitTest>
    <UnitTest name="DataObjectConstructorTest" storage="c:\users\vladyslav.gorbatiuk.synapse\dropbox\bs_work\bsworksln\dataobject\testdataobject\bin\debug\testdataobject.dll" id="f99d417c-f78f-9832-fd6a-5cf102fe28c7">
      <Execution id="83f41664-c3b6-49ff-8851-e9be4e88ac71" />
      <TestMethod codeBase="C:/Users/vladyslav.gorbatiuk.SYNAPSE/Dropbox/BS_Work/BSWorkSLN/DataObject/TestDataObject/bin/Debug/TestDataObject.DLL" adapterTypeName="Microsoft.VisualStudio.TestTools.TestTypes.Unit.UnitTestAdapter, Microsoft.VisualStudio.QualityTools.Tips.UnitTest.Adapter, Version=10.0.0.0, Culture=neutral, PublicKeyToken=b03f5f7f11d50a3a" className="TestDataObject.DataObjectTest, TestDataObject, Version=1.0.0.0, Culture=neutral, PublicKeyToken=null" name="DataObjectConstructorTest" />
    </UnitTest>
    <UnitTest name="GeneralCorrectnessTest" storage="c:\users\vladyslav.gorbatiuk.synapse\dropbox\bs_work\bsworksln\testtimeseriesforecasting\bin\debug\testtimeseriesforecasting.dll" id="ecb9b643-bcda-dab7-25a3-1d531a237234">
      <Execution id="f5b0dd77-f484-4cdd-bc4a-b7c179db827d" />
      <TestMethod codeBase="C:/Users/vladyslav.gorbatiuk.SYNAPSE/Dropbox/BS_Work/BSWorkSLN/TestTimeSeriesForecasting/bin/Debug/TestTimeSeriesForecasting.DLL" adapterTypeName="Microsoft.VisualStudio.TestTools.TestTypes.Unit.UnitTestAdapter, Microsoft.VisualStudio.QualityTools.Tips.UnitTest.Adapter, Version=10.0.0.0, Culture=neutral, PublicKeyToken=b03f5f7f11d50a3a" className="TestTimeSeriesForecasting.TestDataNormalizer, TestTimeSeriesForecasting, Version=1.0.0.0, Culture=neutral, PublicKeyToken=null" name="GeneralCorrectnessTest" />
    </UnitTest>
    <UnitTest name="WorksCorrectlyIfComponentExists" storage="c:\users\vladyslav.gorbatiuk.synapse\dropbox\bs_work\bsworksln\testbsmanager\bin\debug\testbsmanager.dll" id="ae43ffa7-6f12-dd48-8cb2-c1113ab62f04">
      <Execution id="dae53eb8-927e-4561-9ca3-edb88d2d091b" />
      <TestMethod codeBase="C:/Users/vladyslav.gorbatiuk.SYNAPSE/Dropbox/BS_Work/BSWorkSLN/TestBSManager/bin/Debug/TestBSManager.DLL" adapterTypeName="Microsoft.VisualStudio.TestTools.TestTypes.Unit.UnitTestAdapter, Microsoft.VisualStudio.QualityTools.Tips.UnitTest.Adapter, Version=10.0.0.0, Culture=neutral, PublicKeyToken=b03f5f7f11d50a3a" className="TestBSManager.TestExistsComponentAtPointMethod, TestBSManager, Version=1.0.0.0, Culture=neutral, PublicKeyToken=null" name="WorksCorrectlyIfComponentExists" />
    </UnitTest>
    <UnitTest name="MedianPreprocessorConstructorTest" storage="c:\users\vladyslav.gorbatiuk.synapse\dropbox\bs_work\bsworksln\datapreprocessing\testmedianprocessor\bin\debug\testmedianprocessor.dll" id="e4c3f4e3-9eeb-063e-cd56-570432f53cee">
      <Execution id="9302c955-cdd3-4046-91ab-5e8c35dd49ba" />
      <TestMethod codeBase="C:/Users/vladyslav.gorbatiuk.SYNAPSE/Dropbox/BS_Work/BSWorkSLN/DataPreprocessing/TestMedianProcessor/bin/Debug/TestMedianProcessor.DLL" adapterTypeName="Microsoft.VisualStudio.TestTools.TestTypes.Unit.UnitTestAdapter, Microsoft.VisualStudio.QualityTools.Tips.UnitTest.Adapter, Version=10.0.0.0, Culture=neutral, PublicKeyToken=b03f5f7f11d50a3a" className="TestMedianProcessor.MedianPreprocessorTest, TestMedianProcessor, Version=1.0.0.0, Culture=neutral, PublicKeyToken=null" name="MedianPreprocessorConstructorTest" />
    </UnitTest>
    <UnitTest name="ProcessTest" storage="c:\users\vladyslav.gorbatiuk.synapse\dropbox\bs_work\bsworksln\datapreprocessing\weightedaveragetest\bin\debug\weightedaveragetest.dll" id="7adc5048-9fc6-28b1-020d-2cab5e2848a1">
      <Execution id="281a5560-e407-4497-8391-b815143d1581" />
      <TestMethod codeBase="C:/Users/vladyslav.gorbatiuk.SYNAPSE/Dropbox/BS_Work/BSWorkSLN/DataPreprocessing/WeightedAverageTest/bin/Debug/WeightedAverageTest.DLL" adapterTypeName="Microsoft.VisualStudio.TestTools.TestTypes.Unit.UnitTestAdapter, Microsoft.VisualStudio.QualityTools.Tips.UnitTest.Adapter, Version=10.0.0.0, Culture=neutral, PublicKeyToken=b03f5f7f11d50a3a" className="WeightedAverageTest.WeightedAverageTest, WeightedAverageTest, Version=1.0.0.0, Culture=neutral, PublicKeyToken=null" name="ProcessTest" />
    </UnitTest>
    <UnitTest name="AddsPredecessorsSuccessfully" storage="c:\users\vladyslav.gorbatiuk.synapse\dropbox\bs_work\bsworksln\testbsmanager\bin\debug\testbsmanager.dll" id="77e211d6-689f-6075-dafa-c0e9e873d88e">
      <Execution id="8d75218f-aa32-47d4-9543-47504edf8749" />
      <TestMethod codeBase="C:/Users/vladyslav.gorbatiuk.SYNAPSE/Dropbox/BS_Work/BSWorkSLN/TestBSManager/bin/Debug/TestBSManager.DLL" adapterTypeName="Microsoft.VisualStudio.TestTools.TestTypes.Unit.UnitTestAdapter, Microsoft.VisualStudio.QualityTools.Tips.UnitTest.Adapter, Version=10.0.0.0, Culture=neutral, PublicKeyToken=b03f5f7f11d50a3a" className="TestBSManager.TestAddPredecessorsForComponentMethod, TestBSManager, Version=1.0.0.0, Culture=neutral, PublicKeyToken=null" name="AddsPredecessorsSuccessfully" />
    </UnitTest>
    <UnitTest name="WeightedAverageConstructorGeneralTest" storage="c:\users\vladyslav.gorbatiuk.synapse\dropbox\bs_work\bsworksln\datapreprocessing\weightedaveragetest\bin\debug\weightedaveragetest.dll" id="0a5d8a87-71b3-96f7-9b96-d7eb0f7bc09b">
      <Execution id="be7beaef-92af-478b-ae23-a847529e0742" />
      <TestMethod codeBase="C:/Users/vladyslav.gorbatiuk.SYNAPSE/Dropbox/BS_Work/BSWorkSLN/DataPreprocessing/WeightedAverageTest/bin/Debug/WeightedAverageTest.DLL" adapterTypeName="Microsoft.VisualStudio.TestTools.TestTypes.Unit.UnitTestAdapter, Microsoft.VisualStudio.QualityTools.Tips.UnitTest.Adapter, Version=10.0.0.0, Culture=neutral, PublicKeyToken=b03f5f7f11d50a3a" className="WeightedAverageTest.WeightedAverageTest, WeightedAverageTest, Version=1.0.0.0, Culture=neutral, PublicKeyToken=null" name="WeightedAverageConstructorGeneralTest" />
    </UnitTest>
    <UnitTest name="MedianPreprocessorConstructorWindowSizeOnlyPositiveTest" storage="c:\users\vladyslav.gorbatiuk.synapse\dropbox\bs_work\bsworksln\datapreprocessing\testmedianprocessor\bin\debug\testmedianprocessor.dll" id="e1b6011b-ed00-b6a9-ca3b-a2ecc7a442f8">
      <Execution id="570d7803-d80c-4905-b1cc-2c3950611f0e" />
      <TestMethod codeBase="C:/Users/vladyslav.gorbatiuk.SYNAPSE/Dropbox/BS_Work/BSWorkSLN/DataPreprocessing/TestMedianProcessor/bin/Debug/TestMedianProcessor.DLL" adapterTypeName="Microsoft.VisualStudio.TestTools.TestTypes.Unit.UnitTestAdapter, Microsoft.VisualStudio.QualityTools.Tips.UnitTest.Adapter, Version=10.0.0.0, Culture=neutral, PublicKeyToken=b03f5f7f11d50a3a" className="TestMedianProcessor.MedianPreprocessorTest, TestMedianProcessor, Version=1.0.0.0, Culture=neutral, PublicKeyToken=null" name="MedianPreprocessorConstructorWindowSizeOnlyPositiveTest" />
    </UnitTest>
    <UnitTest name="ThrowsKeyNotFoundException" storage="c:\users\vladyslav.gorbatiuk.synapse\dropbox\bs_work\bsworksln\testbsmanager\bin\debug\testbsmanager.dll" id="2386aef6-9eb6-a41d-f1ef-07a4f744d4b5">
      <Execution id="b324bbcc-3f13-42dc-9605-59a7b5a7f946" />
      <TestMethod codeBase="C:/Users/vladyslav.gorbatiuk.SYNAPSE/Dropbox/BS_Work/BSWorkSLN/TestBSManager/bin/Debug/TestBSManager.DLL" adapterTypeName="Microsoft.VisualStudio.TestTools.TestTypes.Unit.UnitTestAdapter, Microsoft.VisualStudio.QualityTools.Tips.UnitTest.Adapter, Version=10.0.0.0, Culture=neutral, PublicKeyToken=b03f5f7f11d50a3a" className="TestBSManager.TestSuccessorsForComponentMethod, TestBSManager, Version=1.0.0.0, Culture=neutral, PublicKeyToken=null" name="ThrowsKeyNotFoundException" />
    </UnitTest>
    <UnitTest name="AddsNewComponentCorrectly" storage="c:\users\vladyslav.gorbatiuk.synapse\dropbox\bs_work\bsworksln\testbsmanager\bin\debug\testbsmanager.dll" id="287dda4a-d5ba-364d-7fdf-1a25da6443ec">
      <Execution id="61f55203-cada-46c3-b4da-03e70b7f3e00" />
      <TestMethod codeBase="C:/Users/vladyslav.gorbatiuk.SYNAPSE/Dropbox/BS_Work/BSWorkSLN/TestBSManager/bin/Debug/TestBSManager.DLL" adapterTypeName="Microsoft.VisualStudio.TestTools.TestTypes.Unit.UnitTestAdapter, Microsoft.VisualStudio.QualityTools.Tips.UnitTest.Adapter, Version=10.0.0.0, Culture=neutral, PublicKeyToken=b03f5f7f11d50a3a" className="TestBSManager.TestAddComponentWithNameAndPosition, TestBSManager, Version=1.0.0.0, Culture=neutral, PublicKeyToken=null" name="AddsNewComponentCorrectly" />
    </UnitTest>
    <UnitTest name="WeightedAverageConstructorThrowsExceptionTest" storage="c:\users\vladyslav.gorbatiuk.synapse\dropbox\bs_work\bsworksln\datapreprocessing\weightedaveragetest\bin\debug\weightedaveragetest.dll" id="c1afeb03-2e4d-7ec4-7311-eae06cb26823">
      <Execution id="25a6e1b6-585f-4fa6-8bd5-fb57f2f50419" />
      <TestMethod codeBase="C:/Users/vladyslav.gorbatiuk.SYNAPSE/Dropbox/BS_Work/BSWorkSLN/DataPreprocessing/WeightedAverageTest/bin/Debug/WeightedAverageTest.DLL" adapterTypeName="Microsoft.VisualStudio.TestTools.TestTypes.Unit.UnitTestAdapter, Microsoft.VisualStudio.QualityTools.Tips.UnitTest.Adapter, Version=10.0.0.0, Culture=neutral, PublicKeyToken=b03f5f7f11d50a3a" className="WeightedAverageTest.WeightedAverageTest, WeightedAverageTest, Version=1.0.0.0, Culture=neutral, PublicKeyToken=null" name="WeightedAverageConstructorThrowsExceptionTest" />
    </UnitTest>
    <UnitTest name="ThrowsArgumentNullException" storage="c:\users\vladyslav.gorbatiuk.synapse\dropbox\bs_work\bsworksln\testbsmanager\bin\debug\testbsmanager.dll" id="f1f6b764-199c-eb93-28c5-45e776878a29">
      <Execution id="6487c00e-0074-40b2-a627-19a6930f8f97" />
      <TestMethod codeBase="C:/Users/vladyslav.gorbatiuk.SYNAPSE/Dropbox/BS_Work/BSWorkSLN/TestBSManager/bin/Debug/TestBSManager.DLL" adapterTypeName="Microsoft.VisualStudio.TestTools.TestTypes.Unit.UnitTestAdapter, Microsoft.VisualStudio.QualityTools.Tips.UnitTest.Adapter, Version=10.0.0.0, Culture=neutral, PublicKeyToken=b03f5f7f11d50a3a" className="TestBSManager.TestAddComponentMethod, TestBSManager, Version=1.0.0.0, Culture=neutral, PublicKeyToken=null" name="ThrowsArgumentNullException" />
    </UnitTest>
    <UnitTest name="ReturnsEmptyList" storage="c:\users\vladyslav.gorbatiuk.synapse\dropbox\bs_work\bsworksln\testbsmanager\bin\debug\testbsmanager.dll" id="b70fa8fe-1a28-fd41-7501-f5b3ec0ddfb6">
      <Execution id="cf48ff91-b271-4daf-bcee-e2809997813e" />
      <TestMethod codeBase="C:/Users/vladyslav.gorbatiuk.SYNAPSE/Dropbox/BS_Work/BSWorkSLN/TestBSManager/bin/Debug/TestBSManager.DLL" adapterTypeName="Microsoft.VisualStudio.TestTools.TestTypes.Unit.UnitTestAdapter, Microsoft.VisualStudio.QualityTools.Tips.UnitTest.Adapter, Version=10.0.0.0, Culture=neutral, PublicKeyToken=b03f5f7f11d50a3a" className="TestBSManager.TestSuccessorsForComponentMethod, TestBSManager, Version=1.0.0.0, Culture=neutral, PublicKeyToken=null" name="ReturnsEmptyList" />
    </UnitTest>
    <UnitTest name="WorksCorrectlyIfNoComponentMatches" storage="c:\users\vladyslav.gorbatiuk.synapse\dropbox\bs_work\bsworksln\testbsmanager\bin\debug\testbsmanager.dll" id="2bb26128-2f4c-b4db-b328-17ba8e0e6c02">
      <Execution id="7643e152-fed2-4aaf-a7aa-cc9337b5537b" />
      <TestMethod codeBase="C:/Users/vladyslav.gorbatiuk.SYNAPSE/Dropbox/BS_Work/BSWorkSLN/TestBSManager/bin/Debug/TestBSManager.DLL" adapterTypeName="Microsoft.VisualStudio.TestTools.TestTypes.Unit.UnitTestAdapter, Microsoft.VisualStudio.QualityTools.Tips.UnitTest.Adapter, Version=10.0.0.0, Culture=neutral, PublicKeyToken=b03f5f7f11d50a3a" className="TestBSManager.TestExistsComponentAtPointMethod, TestBSManager, Version=1.0.0.0, Culture=neutral, PublicKeyToken=null" name="WorksCorrectlyIfNoComponentMatches" />
    </UnitTest>
    <UnitTest name="ProcessTest" storage="c:\users\vladyslav.gorbatiuk.synapse\dropbox\bs_work\bsworksln\datapreprocessing\testtukey53hpreprocessor\bin\debug\testtukey53hpreprocessor.dll" id="d132dbb6-21c4-eca4-4e92-1ad53fb6b9d5">
      <Execution id="ba625e1b-13f7-435b-a80b-887b6f8e2fa3" />
      <TestMethod codeBase="C:/Users/vladyslav.gorbatiuk.SYNAPSE/Dropbox/BS_Work/BSWorkSLN/DataPreprocessing/TestTukey53HPreprocessor/bin/Debug/TestTukey53HPreprocessor.DLL" adapterTypeName="Microsoft.VisualStudio.TestTools.TestTypes.Unit.UnitTestAdapter, Microsoft.VisualStudio.QualityTools.Tips.UnitTest.Adapter, Version=10.0.0.0, Culture=neutral, PublicKeyToken=b03f5f7f11d50a3a" className="TestTukey53HPreprocessor.Tukey53HPreprocessorTest, TestTukey53HPreprocessor, Version=1.0.0.0, Culture=neutral, PublicKeyToken=null" name="ProcessTest" />
    </UnitTest>
    <UnitTest name="ProcessTest" storage="c:\users\vladyslav.gorbatiuk.synapse\dropbox\bs_work\bsworksln\datapreprocessing\testmeanprocessor\bin\debug\testmeanprocessor.dll" id="998fee1e-2376-fa93-e67e-ac5c0c37d915">
      <Execution id="a8b1efb6-4f1f-4d02-901d-8d3c8aede838" />
      <TestMethod codeBase="C:/Users/vladyslav.gorbatiuk.SYNAPSE/Dropbox/BS_Work/BSWorkSLN/DataPreprocessing/TestMeanProcessor/bin/Debug/TestMeanProcessor.DLL" adapterTypeName="Microsoft.VisualStudio.TestTools.TestTypes.Unit.UnitTestAdapter, Microsoft.VisualStudio.QualityTools.Tips.UnitTest.Adapter, Version=10.0.0.0, Culture=neutral, PublicKeyToken=b03f5f7f11d50a3a" className="TestMeanProcessor.MeanPreprocessorTest, TestMeanProcessor, Version=1.0.0.0, Culture=neutral, PublicKeyToken=null" name="ProcessTest" />
    </UnitTest>
    <UnitTest name="ReturnsEmptyList" storage="c:\users\vladyslav.gorbatiuk.synapse\dropbox\bs_work\bsworksln\testbsmanager\bin\debug\testbsmanager.dll" id="8d29bffa-1c1f-3514-19be-f7c339a8d80a">
      <Execution id="ca4f212c-24f1-4462-b27a-a62c7f737a8f" />
      <TestMethod codeBase="C:/Users/vladyslav.gorbatiuk.SYNAPSE/Dropbox/BS_Work/BSWorkSLN/TestBSManager/bin/Debug/TestBSManager.DLL" adapterTypeName="Microsoft.VisualStudio.TestTools.TestTypes.Unit.UnitTestAdapter, Microsoft.VisualStudio.QualityTools.Tips.UnitTest.Adapter, Version=10.0.0.0, Culture=neutral, PublicKeyToken=b03f5f7f11d50a3a" className="TestBSManager.TestPredecessorsForComponentMethod, TestBSManager, Version=1.0.0.0, Culture=neutral, PublicKeyToken=null" name="ReturnsEmptyList" />
    </UnitTest>
    <UnitTest name="GetBSDataObjectForStreamTest" storage="c:\users\vladyslav.gorbatiuk.synapse\dropbox\bs_work\bsworksln\dataobjectssupply\testdatasupplier\bin\debug\testdatasupplier.dll" id="3c5b0309-a1f9-f2c2-b438-c45b65575fca">
      <Execution id="78d507d2-c4eb-41fb-80e0-75e8c0059e92" />
      <TestMethod codeBase="C:/Users/vladyslav.gorbatiuk.SYNAPSE/Dropbox/BS_Work/BSWorkSLN/DataObjectsSupply/TestDataSupplier/bin/Debug/TestDataSupplier.DLL" adapterTypeName="Microsoft.VisualStudio.TestTools.TestTypes.Unit.UnitTestAdapter, Microsoft.VisualStudio.QualityTools.Tips.UnitTest.Adapter, Version=10.0.0.0, Culture=neutral, PublicKeyToken=b03f5f7f11d50a3a" className="TestDataSupplier.BSDataObjectSupplierTest, TestDataSupplier, Version=1.0.0.0, Culture=neutral, PublicKeyToken=null" name="GetBSDataObjectForStreamTest" />
    </UnitTest>
    <UnitTest name="ReturnsPredecessorsCorrectly" storage="c:\users\vladyslav.gorbatiuk.synapse\dropbox\bs_work\bsworksln\testbsmanager\bin\debug\testbsmanager.dll" id="767bb09f-9122-5b4d-66a2-f71cc61e4596">
      <Execution id="d67f9ea4-4a45-40f3-aeb2-1d3c75ef369e" />
      <TestMethod codeBase="C:/Users/vladyslav.gorbatiuk.SYNAPSE/Dropbox/BS_Work/BSWorkSLN/TestBSManager/bin/Debug/TestBSManager.DLL" adapterTypeName="Microsoft.VisualStudio.TestTools.TestTypes.Unit.UnitTestAdapter, Microsoft.VisualStudio.QualityTools.Tips.UnitTest.Adapter, Version=10.0.0.0, Culture=neutral, PublicKeyToken=b03f5f7f11d50a3a" className="TestBSManager.TestPredecessorsForComponentMethod, TestBSManager, Version=1.0.0.0, Culture=neutral, PublicKeyToken=null" name="ReturnsPredecessorsCorrectly" />
    </UnitTest>
    <UnitTest name="ThrowsKeyNotFoundException" storage="c:\users\vladyslav.gorbatiuk.synapse\dropbox\bs_work\bsworksln\testbsmanager\bin\debug\testbsmanager.dll" id="cc4bf252-30c5-8259-81d1-11d0e5d49a7e">
      <Execution id="b66ece0e-7b5b-431e-9b19-5e2b6810f2ce" />
      <TestMethod codeBase="C:/Users/vladyslav.gorbatiuk.SYNAPSE/Dropbox/BS_Work/BSWorkSLN/TestBSManager/bin/Debug/TestBSManager.DLL" adapterTypeName="Microsoft.VisualStudio.TestTools.TestTypes.Unit.UnitTestAdapter, Microsoft.VisualStudio.QualityTools.Tips.UnitTest.Adapter, Version=10.0.0.0, Culture=neutral, PublicKeyToken=b03f5f7f11d50a3a" className="TestBSManager.TestAddComponentWithNameAndPosition, TestBSManager, Version=1.0.0.0, Culture=neutral, PublicKeyToken=null" name="ThrowsKeyNotFoundException" />
    </UnitTest>
    <UnitTest name="ProcessMedianForEvenWindowSizeTest" storage="c:\users\vladyslav.gorbatiuk.synapse\dropbox\bs_work\bsworksln\datapreprocessing\testmedianprocessor\bin\debug\testmedianprocessor.dll" id="0f43129b-a67f-8f4b-602b-4316a4b0cbfa">
      <Execution id="dda03603-8fc6-4ec8-b7d6-25057e34f3df" />
      <TestMethod codeBase="C:/Users/vladyslav.gorbatiuk.SYNAPSE/Dropbox/BS_Work/BSWorkSLN/DataPreprocessing/TestMedianProcessor/bin/Debug/TestMedianProcessor.DLL" adapterTypeName="Microsoft.VisualStudio.TestTools.TestTypes.Unit.UnitTestAdapter, Microsoft.VisualStudio.QualityTools.Tips.UnitTest.Adapter, Version=10.0.0.0, Culture=neutral, PublicKeyToken=b03f5f7f11d50a3a" className="TestMedianProcessor.MedianPreprocessorTest, TestMedianProcessor, Version=1.0.0.0, Culture=neutral, PublicKeyToken=null" name="ProcessMedianForEvenWindowSizeTest" />
    </UnitTest>
    <UnitTest name="ThrowsArgumentNullExceptionForNullArgument" storage="c:\users\vladyslav.gorbatiuk.synapse\dropbox\bs_work\bsworksln\testrepository\bin\debug\testrepository.dll" id="31e9081f-f269-9f4a-9ddd-d9d4a7348312">
      <Execution id="553b9e26-027a-4f5e-b5b7-fc0202426fb8" />
      <TestMethod codeBase="C:/Users/vladyslav.gorbatiuk.SYNAPSE/Dropbox/BS_Work/BSWorkSLN/TestRepository/bin/Debug/TestRepository.DLL" adapterTypeName="Microsoft.VisualStudio.TestTools.TestTypes.Unit.UnitTestAdapter, Microsoft.VisualStudio.QualityTools.Tips.UnitTest.Adapter, Version=10.0.0.0, Culture=neutral, PublicKeyToken=b03f5f7f11d50a3a" className="TestRepository.TestDataObjectFromFileMethod, TestRepository, Version=1.0.0.0, Culture=neutral, PublicKeyToken=null" name="ThrowsArgumentNullExceptionForNullArgument" />
    </UnitTest>
    <UnitTest name="General" storage="c:\users\vladyslav.gorbatiuk.synapse\dropbox\bs_work\bsworksln\testrepository\bin\debug\testrepository.dll" id="57baecd8-f2b7-9d78-5a55-40480ac493a3">
      <Execution id="e9cbe051-e544-4727-ad28-00fdc2bfcd22" />
      <TestMethod codeBase="C:/Users/vladyslav.gorbatiuk.SYNAPSE/Dropbox/BS_Work/BSWorkSLN/TestRepository/bin/Debug/TestRepository.DLL" adapterTypeName="Microsoft.VisualStudio.TestTools.TestTypes.Unit.UnitTestAdapter, Microsoft.VisualStudio.QualityTools.Tips.UnitTest.Adapter, Version=10.0.0.0, Culture=neutral, PublicKeyToken=b03f5f7f11d50a3a" className="TestRepository.TestDataObjectFromFileMethod, TestRepository, Version=1.0.0.0, Culture=neutral, PublicKeyToken=null" name="General" />
    </UnitTest>
    <UnitTest name="MeanPreprocessorConstructorTest" storage="c:\users\vladyslav.gorbatiuk.synapse\dropbox\bs_work\bsworksln\datapreprocessing\testmeanprocessor\bin\debug\testmeanprocessor.dll" id="d6d3d0b6-8f9f-4871-0b45-3e9556e452bd">
      <Execution id="dbcf2ab9-77a3-4f9e-b37a-eff0e91b4c23" />
      <TestMethod codeBase="C:/Users/vladyslav.gorbatiuk.SYNAPSE/Dropbox/BS_Work/BSWorkSLN/DataPreprocessing/TestMeanProcessor/bin/Debug/TestMeanProcessor.DLL" adapterTypeName="Microsoft.VisualStudio.TestTools.TestTypes.Unit.UnitTestAdapter, Microsoft.VisualStudio.QualityTools.Tips.UnitTest.Adapter, Version=10.0.0.0, Culture=neutral, PublicKeyToken=b03f5f7f11d50a3a" className="TestMeanProcessor.MeanPreprocessorTest, TestMeanProcessor, Version=1.0.0.0, Culture=neutral, PublicKeyToken=null" name="MeanPreprocessorConstructorTest" />
    </UnitTest>
    <UnitTest name="LinksComponentsSuccessfullyIfEverythingIsGood" storage="c:\users\vladyslav.gorbatiuk.synapse\dropbox\bs_work\bsworksln\testbsmanager\bin\debug\testbsmanager.dll" id="cd0dc327-014e-e0d7-4f97-12b6f09d6f3a">
      <Execution id="f3846eaa-42ec-4b53-8482-17d40b0e0997" />
      <TestMethod codeBase="C:/Users/vladyslav.gorbatiuk.SYNAPSE/Dropbox/BS_Work/BSWorkSLN/TestBSManager/bin/Debug/TestBSManager.DLL" adapterTypeName="Microsoft.VisualStudio.TestTools.TestTypes.Unit.UnitTestAdapter, Microsoft.VisualStudio.QualityTools.Tips.UnitTest.Adapter, Version=10.0.0.0, Culture=neutral, PublicKeyToken=b03f5f7f11d50a3a" className="TestBSManager.TestLinkComponentsAtPointsMethod, TestBSManager, Version=1.0.0.0, Culture=neutral, PublicKeyToken=null" name="LinksComponentsSuccessfullyIfEverythingIsGood" />
    </UnitTest>
    <UnitTest name="ThrowsArgumentNullException" storage="c:\users\vladyslav.gorbatiuk.synapse\dropbox\bs_work\bsworksln\testbsmanager\bin\debug\testbsmanager.dll" id="7a04a3b1-aa99-37f5-711b-4215e2a38353">
      <Execution id="fd0108e3-11ae-40b8-b768-566436caa006" />
      <TestMethod codeBase="C:/Users/vladyslav.gorbatiuk.SYNAPSE/Dropbox/BS_Work/BSWorkSLN/TestBSManager/bin/Debug/TestBSManager.DLL" adapterTypeName="Microsoft.VisualStudio.TestTools.TestTypes.Unit.UnitTestAdapter, Microsoft.VisualStudio.QualityTools.Tips.UnitTest.Adapter, Version=10.0.0.0, Culture=neutral, PublicKeyToken=b03f5f7f11d50a3a" className="TestBSManager.TestAddComponentWithNameAndPosition, TestBSManager, Version=1.0.0.0, Culture=neutral, PublicKeyToken=null" name="ThrowsArgumentNullException" />
    </UnitTest>
    <UnitTest name="WeightedAverageConstructorCalculatesWeightsSumCorrectlyTest" storage="c:\users\vladyslav.gorbatiuk.synapse\dropbox\bs_work\bsworksln\datapreprocessing\weightedaveragetest\bin\debug\weightedaveragetest.dll" id="0deb66dc-f3dc-fac4-162d-a6780538cbef">
      <Execution id="66f5d24f-0565-4e9c-a1e7-e93ce4103eef" />
      <TestMethod codeBase="C:/Users/vladyslav.gorbatiuk.SYNAPSE/Dropbox/BS_Work/BSWorkSLN/DataPreprocessing/WeightedAverageTest/bin/Debug/WeightedAverageTest.DLL" adapterTypeName="Microsoft.VisualStudio.TestTools.TestTypes.Unit.UnitTestAdapter, Microsoft.VisualStudio.QualityTools.Tips.UnitTest.Adapter, Version=10.0.0.0, Culture=neutral, PublicKeyToken=b03f5f7f11d50a3a" className="WeightedAverageTest.WeightedAverageTest, WeightedAverageTest, Version=1.0.0.0, Culture=neutral, PublicKeyToken=null" name="WeightedAverageConstructorCalculatesWeightsSumCorrectlyTest" />
    </UnitTest>
    <UnitTest name="ProcessTest" storage="c:\users\vladyslav.gorbatiuk.synapse\dropbox\bs_work\bsworksln\datapreprocessing\testmedianprocessor\bin\debug\testmedianprocessor.dll" id="1875a93a-f552-02e5-6f9e-7740719a86d2">
      <Execution id="dab61e66-de62-4a30-9d88-c7f4f4d2ae96" />
      <TestMethod codeBase="C:/Users/vladyslav.gorbatiuk.SYNAPSE/Dropbox/BS_Work/BSWorkSLN/DataPreprocessing/TestMedianProcessor/bin/Debug/TestMedianProcessor.DLL" adapterTypeName="Microsoft.VisualStudio.TestTools.TestTypes.Unit.UnitTestAdapter, Microsoft.VisualStudio.QualityTools.Tips.UnitTest.Adapter, Version=10.0.0.0, Culture=neutral, PublicKeyToken=b03f5f7f11d50a3a" className="TestMedianProcessor.MedianPreprocessorTest, TestMedianProcessor, Version=1.0.0.0, Culture=neutral, PublicKeyToken=null" name="ProcessTest" />
    </UnitTest>
    <UnitTest name="ThrowsArgumentException" storage="c:\users\vladyslav.gorbatiuk.synapse\dropbox\bs_work\bsworksln\testbsmanager\bin\debug\testbsmanager.dll" id="ea4b6903-0b66-8ac4-269c-13a025c66551">
      <Execution id="91d86496-84f7-4ea3-8fc1-ef43f999cffe" />
      <TestMethod codeBase="C:/Users/vladyslav.gorbatiuk.SYNAPSE/Dropbox/BS_Work/BSWorkSLN/TestBSManager/bin/Debug/TestBSManager.DLL" adapterTypeName="Microsoft.VisualStudio.TestTools.TestTypes.Unit.UnitTestAdapter, Microsoft.VisualStudio.QualityTools.Tips.UnitTest.Adapter, Version=10.0.0.0, Culture=neutral, PublicKeyToken=b03f5f7f11d50a3a" className="TestBSManager.TestAddSuccessorForComponentMethod, TestBSManager, Version=1.0.0.0, Culture=neutral, PublicKeyToken=null" name="ThrowsArgumentException" />
    </UnitTest>
    <UnitTest name="ProcessTest" storage="c:\users\vladyslav.gorbatiuk.synapse\dropbox\bs_work\bsworksln\datapreprocessing\fourierpreprocessor\bin\debug\fourierpreprocessor.dll" id="d9769cdc-f8a5-63ad-d384-6bca4bf5b519">
      <Execution id="2d61512c-4f11-4425-a885-2ffae40ae36b" />
      <TestMethod codeBase="C:/Users/vladyslav.gorbatiuk.SYNAPSE/Dropbox/BS_Work/BSWorkSLN/DataPreprocessing/FourierPreprocessor/bin/Debug/FourierPreprocessor.DLL" adapterTypeName="Microsoft.VisualStudio.TestTools.TestTypes.Unit.UnitTestAdapter, Microsoft.VisualStudio.QualityTools.Tips.UnitTest.Adapter, Version=10.0.0.0, Culture=neutral, PublicKeyToken=b03f5f7f11d50a3a" className="TestFourierPreprocessor.FourierPreprocessorTest, FourierPreprocessor, Version=1.0.0.0, Culture=neutral, PublicKeyToken=null" name="ProcessTest" />
    </UnitTest>
    <UnitTest name="AddsNewComponentSuccessfully" storage="c:\users\vladyslav.gorbatiuk.synapse\dropbox\bs_work\bsworksln\testbsmanager\bin\debug\testbsmanager.dll" id="f5c49dd7-5c11-ba57-d456-2238bd64584d">
      <Execution id="457a0a31-c91a-4222-8044-6bdd084b155f" />
      <TestMethod codeBase="C:/Users/vladyslav.gorbatiuk.SYNAPSE/Dropbox/BS_Work/BSWorkSLN/TestBSManager/bin/Debug/TestBSManager.DLL" adapterTypeName="Microsoft.VisualStudio.TestTools.TestTypes.Unit.UnitTestAdapter, Microsoft.VisualStudio.QualityTools.Tips.UnitTest.Adapter, Version=10.0.0.0, Culture=neutral, PublicKeyToken=b03f5f7f11d50a3a" className="TestBSManager.TestAddComponentMethod, TestBSManager, Version=1.0.0.0, Culture=neutral, PublicKeyToken=null" name="AddsNewComponentSuccessfully" />
    </UnitTest>
    <UnitTest name="ThrowsComponentsCantBeLinkedExceptionIfComponentsAreOfIncorrectType" storage="c:\users\vladyslav.gorbatiuk.synapse\dropbox\bs_work\bsworksln\testbsmanager\bin\debug\testbsmanager.dll" id="53d2e57f-3026-8931-7e68-12c97cc465b8">
      <Execution id="e4874576-4d59-4b7a-810c-6520308fa13b" />
      <TestMethod codeBase="C:/Users/vladyslav.gorbatiuk.SYNAPSE/Dropbox/BS_Work/BSWorkSLN/TestBSManager/bin/Debug/TestBSManager.DLL" adapterTypeName="Microsoft.VisualStudio.TestTools.TestTypes.Unit.UnitTestAdapter, Microsoft.VisualStudio.QualityTools.Tips.UnitTest.Adapter, Version=10.0.0.0, Culture=neutral, PublicKeyToken=b03f5f7f11d50a3a" className="TestBSManager.TestLinkComponentsAtPointsMethod, TestBSManager, Version=1.0.0.0, Culture=neutral, PublicKeyToken=null" name="ThrowsComponentsCantBeLinkedExceptionIfComponentsAreOfIncorrectType" />
    </UnitTest>
    <UnitTest name="MeanPreprocessorConstructorWindowSizeOnlyPositiveTest" storage="c:\users\vladyslav.gorbatiuk.synapse\dropbox\bs_work\bsworksln\datapreprocessing\testmeanprocessor\bin\debug\testmeanprocessor.dll" id="cd384c3b-0762-84cc-c9ff-0a1cf45f5179">
      <Execution id="fca3682d-da58-4a46-b5d9-529e337a5ff3" />
      <TestMethod codeBase="C:/Users/vladyslav.gorbatiuk.SYNAPSE/Dropbox/BS_Work/BSWorkSLN/DataPreprocessing/TestMeanProcessor/bin/Debug/TestMeanProcessor.DLL" adapterTypeName="Microsoft.VisualStudio.TestTools.TestTypes.Unit.UnitTestAdapter, Microsoft.VisualStudio.QualityTools.Tips.UnitTest.Adapter, Version=10.0.0.0, Culture=neutral, PublicKeyToken=b03f5f7f11d50a3a" className="TestMeanProcessor.MeanPreprocessorTest, TestMeanProcessor, Version=1.0.0.0, Culture=neutral, PublicKeyToken=null" name="MeanPreprocessorConstructorWindowSizeOnlyPositiveTest" />
    </UnitTest>
    <UnitTest name="ThrowsComponentsCantBeLinkedExceptionIfComponentsHaveBeenLinkedBefore" storage="c:\users\vladyslav.gorbatiuk.synapse\dropbox\bs_work\bsworksln\testbsmanager\bin\debug\testbsmanager.dll" id="6084581d-c1f9-9504-dba0-54d785a9e1de">
      <Execution id="640edfab-7f6c-47c8-a699-db8b893d1ebd" />
      <TestMethod codeBase="C:/Users/vladyslav.gorbatiuk.SYNAPSE/Dropbox/BS_Work/BSWorkSLN/TestBSManager/bin/Debug/TestBSManager.DLL" adapterTypeName="Microsoft.VisualStudio.TestTools.TestTypes.Unit.UnitTestAdapter, Microsoft.VisualStudio.QualityTools.Tips.UnitTest.Adapter, Version=10.0.0.0, Culture=neutral, PublicKeyToken=b03f5f7f11d50a3a" className="TestBSManager.TestLinkComponentsAtPointsMethod, TestBSManager, Version=1.0.0.0, Culture=neutral, PublicKeyToken=null" name="ThrowsComponentsCantBeLinkedExceptionIfComponentsHaveBeenLinkedBefore" />
    </UnitTest>
    <UnitTest name="AddsSuccessorSuccessfully" storage="c:\users\vladyslav.gorbatiuk.synapse\dropbox\bs_work\bsworksln\testbsmanager\bin\debug\testbsmanager.dll" id="4ce2c390-acd6-8b00-b5be-46303b393f74">
      <Execution id="36d80572-f6f5-4eb8-b5d1-768fd663be55" />
      <TestMethod codeBase="C:/Users/vladyslav.gorbatiuk.SYNAPSE/Dropbox/BS_Work/BSWorkSLN/TestBSManager/bin/Debug/TestBSManager.DLL" adapterTypeName="Microsoft.VisualStudio.TestTools.TestTypes.Unit.UnitTestAdapter, Microsoft.VisualStudio.QualityTools.Tips.UnitTest.Adapter, Version=10.0.0.0, Culture=neutral, PublicKeyToken=b03f5f7f11d50a3a" className="TestBSManager.TestAddSuccessorForComponentMethod, TestBSManager, Version=1.0.0.0, Culture=neutral, PublicKeyToken=null" name="AddsSuccessorSuccessfully" />
    </UnitTest>
    <UnitTest name="ThrowsArgumentException" storage="c:\users\vladyslav.gorbatiuk.synapse\dropbox\bs_work\bsworksln\testbsmanager\bin\debug\testbsmanager.dll" id="40c25e11-287e-714f-5855-14e7ed589667">
      <Execution id="e747c4fe-af12-4d7b-96a0-ca7e69c46cd3" />
      <TestMethod codeBase="C:/Users/vladyslav.gorbatiuk.SYNAPSE/Dropbox/BS_Work/BSWorkSLN/TestBSManager/bin/Debug/TestBSManager.DLL" adapterTypeName="Microsoft.VisualStudio.TestTools.TestTypes.Unit.UnitTestAdapter, Microsoft.VisualStudio.QualityTools.Tips.UnitTest.Adapter, Version=10.0.0.0, Culture=neutral, PublicKeyToken=b03f5f7f11d50a3a" className="TestBSManager.TestAddPredecessorsForComponentMethod, TestBSManager, Version=1.0.0.0, Culture=neutral, PublicKeyToken=null" name="ThrowsArgumentException" />
    </UnitTest>
    <UnitTest name="ProcessUnordinaryWindowSizesTest" storage="c:\users\vladyslav.gorbatiuk.synapse\dropbox\bs_work\bsworksln\datapreprocessing\testmedianprocessor\bin\debug\testmedianprocessor.dll" id="1fbe4fc4-4125-8ba2-c054-349323ecb993">
      <Execution id="cd5ae951-3d29-4760-97c8-88749a2698a2" />
      <TestMethod codeBase="C:/Users/vladyslav.gorbatiuk.SYNAPSE/Dropbox/BS_Work/BSWorkSLN/DataPreprocessing/TestMedianProcessor/bin/Debug/TestMedianProcessor.DLL" adapterTypeName="Microsoft.VisualStudio.TestTools.TestTypes.Unit.UnitTestAdapter, Microsoft.VisualStudio.QualityTools.Tips.UnitTest.Adapter, Version=10.0.0.0, Culture=neutral, PublicKeyToken=b03f5f7f11d50a3a" className="TestMedianProcessor.MedianPreprocessorTest, TestMedianProcessor, Version=1.0.0.0, Culture=neutral, PublicKeyToken=null" name="ProcessUnordinaryWindowSizesTest" />
    </UnitTest>
    <UnitTest name="ProcessUnordinaryWindowSizesTest" storage="c:\users\vladyslav.gorbatiuk.synapse\dropbox\bs_work\bsworksln\datapreprocessing\testmeanprocessor\bin\debug\testmeanprocessor.dll" id="1581adcd-ba83-3a4b-a664-0368187374d1">
      <Execution id="833b15c7-ef15-464e-8152-07f247d02c17" />
      <TestMethod codeBase="C:/Users/vladyslav.gorbatiuk.SYNAPSE/Dropbox/BS_Work/BSWorkSLN/DataPreprocessing/TestMeanProcessor/bin/Debug/TestMeanProcessor.DLL" adapterTypeName="Microsoft.VisualStudio.TestTools.TestTypes.Unit.UnitTestAdapter, Microsoft.VisualStudio.QualityTools.Tips.UnitTest.Adapter, Version=10.0.0.0, Culture=neutral, PublicKeyToken=b03f5f7f11d50a3a" className="TestMeanProcessor.MeanPreprocessorTest, TestMeanProcessor, Version=1.0.0.0, Culture=neutral, PublicKeyToken=null" name="ProcessUnordinaryWindowSizesTest" />
    </UnitTest>
    <UnitTest name="RegressionTests" storage="c:\users\vladyslav.gorbatiuk.synapse\dropbox\bs_work\bsworksln\datapreprocessing\testtukey53hpreprocessor\bin\debug\testtukey53hpreprocessor.dll" id="a8ad0b78-a3ab-6d92-b20b-ec2d378fd148">
      <Execution id="5f190bc1-508e-45cd-9255-9db1b586ada5" />
      <TestMethod codeBase="C:/Users/vladyslav.gorbatiuk.SYNAPSE/Dropbox/BS_Work/BSWorkSLN/DataPreprocessing/TestTukey53HPreprocessor/bin/Debug/TestTukey53HPreprocessor.DLL" adapterTypeName="Microsoft.VisualStudio.TestTools.TestTypes.Unit.UnitTestAdapter, Microsoft.VisualStudio.QualityTools.Tips.UnitTest.Adapter, Version=10.0.0.0, Culture=neutral, PublicKeyToken=b03f5f7f11d50a3a" className="TestTukey53HPreprocessor.Tukey53HPreprocessorTest, TestTukey53HPreprocessor, Version=1.0.0.0, Culture=neutral, PublicKeyToken=null" name="RegressionTests" />
    </UnitTest>
  </TestDefinitions>
  <TestLists>
    <TestList name="Results Not in a List" id="8c84fa94-04c1-424b-9868-57a2d4851a1d" />
    <TestList name="All Loaded Results" id="19431567-8539-422a-85d7-44ee4e166bda" />
  </TestLists>
  <TestEntries>
    <TestEntry testId="0a5d8a87-71b3-96f7-9b96-d7eb0f7bc09b" executionId="be7beaef-92af-478b-ae23-a847529e0742" testListId="8c84fa94-04c1-424b-9868-57a2d4851a1d" />
    <TestEntry testId="0deb66dc-f3dc-fac4-162d-a6780538cbef" executionId="66f5d24f-0565-4e9c-a1e7-e93ce4103eef" testListId="8c84fa94-04c1-424b-9868-57a2d4851a1d" />
    <TestEntry testId="0f43129b-a67f-8f4b-602b-4316a4b0cbfa" executionId="dda03603-8fc6-4ec8-b7d6-25057e34f3df" testListId="8c84fa94-04c1-424b-9868-57a2d4851a1d" />
    <TestEntry testId="1581adcd-ba83-3a4b-a664-0368187374d1" executionId="833b15c7-ef15-464e-8152-07f247d02c17" testListId="8c84fa94-04c1-424b-9868-57a2d4851a1d" />
    <TestEntry testId="1875a93a-f552-02e5-6f9e-7740719a86d2" executionId="dab61e66-de62-4a30-9d88-c7f4f4d2ae96" testListId="8c84fa94-04c1-424b-9868-57a2d4851a1d" />
    <TestEntry testId="1fbe4fc4-4125-8ba2-c054-349323ecb993" executionId="cd5ae951-3d29-4760-97c8-88749a2698a2" testListId="8c84fa94-04c1-424b-9868-57a2d4851a1d" />
    <TestEntry testId="2386aef6-9eb6-a41d-f1ef-07a4f744d4b5" executionId="b324bbcc-3f13-42dc-9605-59a7b5a7f946" testListId="8c84fa94-04c1-424b-9868-57a2d4851a1d" />
    <TestEntry testId="287dda4a-d5ba-364d-7fdf-1a25da6443ec" executionId="61f55203-cada-46c3-b4da-03e70b7f3e00" testListId="8c84fa94-04c1-424b-9868-57a2d4851a1d" />
    <TestEntry testId="2bb26128-2f4c-b4db-b328-17ba8e0e6c02" executionId="7643e152-fed2-4aaf-a7aa-cc9337b5537b" testListId="8c84fa94-04c1-424b-9868-57a2d4851a1d" />
    <TestEntry testId="31e9081f-f269-9f4a-9ddd-d9d4a7348312" executionId="553b9e26-027a-4f5e-b5b7-fc0202426fb8" testListId="8c84fa94-04c1-424b-9868-57a2d4851a1d" />
    <TestEntry testId="3c5b0309-a1f9-f2c2-b438-c45b65575fca" executionId="78d507d2-c4eb-41fb-80e0-75e8c0059e92" testListId="8c84fa94-04c1-424b-9868-57a2d4851a1d" />
    <TestEntry testId="40c25e11-287e-714f-5855-14e7ed589667" executionId="e747c4fe-af12-4d7b-96a0-ca7e69c46cd3" testListId="8c84fa94-04c1-424b-9868-57a2d4851a1d" />
    <TestEntry testId="439e9ef1-8a87-a82e-9093-73787685d86c" executionId="229bd270-138a-4155-8136-e86780d9cfb4" testListId="8c84fa94-04c1-424b-9868-57a2d4851a1d" />
    <TestEntry testId="4ce2c390-acd6-8b00-b5be-46303b393f74" executionId="36d80572-f6f5-4eb8-b5d1-768fd663be55" testListId="8c84fa94-04c1-424b-9868-57a2d4851a1d" />
    <TestEntry testId="53d2e57f-3026-8931-7e68-12c97cc465b8" executionId="e4874576-4d59-4b7a-810c-6520308fa13b" testListId="8c84fa94-04c1-424b-9868-57a2d4851a1d" />
    <TestEntry testId="57baecd8-f2b7-9d78-5a55-40480ac493a3" executionId="e9cbe051-e544-4727-ad28-00fdc2bfcd22" testListId="8c84fa94-04c1-424b-9868-57a2d4851a1d" />
    <TestEntry testId="6084581d-c1f9-9504-dba0-54d785a9e1de" executionId="640edfab-7f6c-47c8-a699-db8b893d1ebd" testListId="8c84fa94-04c1-424b-9868-57a2d4851a1d" />
    <TestEntry testId="6634bd6d-d6d6-93a3-d60a-d76d14393e50" executionId="df8fc058-59e1-44bc-8981-96f29fd4001b" testListId="8c84fa94-04c1-424b-9868-57a2d4851a1d" />
    <TestEntry testId="714cc709-4fc1-c7d4-c5e7-561e8727673d" executionId="2a7ec0c8-c7bc-4880-b773-82634e1855be" testListId="8c84fa94-04c1-424b-9868-57a2d4851a1d" />
    <TestEntry testId="767bb09f-9122-5b4d-66a2-f71cc61e4596" executionId="d67f9ea4-4a45-40f3-aeb2-1d3c75ef369e" testListId="8c84fa94-04c1-424b-9868-57a2d4851a1d" />
    <TestEntry testId="77e211d6-689f-6075-dafa-c0e9e873d88e" executionId="8d75218f-aa32-47d4-9543-47504edf8749" testListId="8c84fa94-04c1-424b-9868-57a2d4851a1d" />
    <TestEntry testId="7a04a3b1-aa99-37f5-711b-4215e2a38353" executionId="fd0108e3-11ae-40b8-b768-566436caa006" testListId="8c84fa94-04c1-424b-9868-57a2d4851a1d" />
    <TestEntry testId="7adc5048-9fc6-28b1-020d-2cab5e2848a1" executionId="281a5560-e407-4497-8391-b815143d1581" testListId="8c84fa94-04c1-424b-9868-57a2d4851a1d" />
    <TestEntry testId="8d29bffa-1c1f-3514-19be-f7c339a8d80a" executionId="ca4f212c-24f1-4462-b27a-a62c7f737a8f" testListId="8c84fa94-04c1-424b-9868-57a2d4851a1d" />
    <TestEntry testId="998fee1e-2376-fa93-e67e-ac5c0c37d915" executionId="a8b1efb6-4f1f-4d02-901d-8d3c8aede838" testListId="8c84fa94-04c1-424b-9868-57a2d4851a1d" />
    <TestEntry testId="a8ad0b78-a3ab-6d92-b20b-ec2d378fd148" executionId="5f190bc1-508e-45cd-9255-9db1b586ada5" testListId="8c84fa94-04c1-424b-9868-57a2d4851a1d" />
    <TestEntry testId="ae43ffa7-6f12-dd48-8cb2-c1113ab62f04" executionId="dae53eb8-927e-4561-9ca3-edb88d2d091b" testListId="8c84fa94-04c1-424b-9868-57a2d4851a1d" />
    <TestEntry testId="b70fa8fe-1a28-fd41-7501-f5b3ec0ddfb6" executionId="cf48ff91-b271-4daf-bcee-e2809997813e" testListId="8c84fa94-04c1-424b-9868-57a2d4851a1d" />
    <TestEntry testId="c1afeb03-2e4d-7ec4-7311-eae06cb26823" executionId="25a6e1b6-585f-4fa6-8bd5-fb57f2f50419" testListId="8c84fa94-04c1-424b-9868-57a2d4851a1d" />
    <TestEntry testId="cc4bf252-30c5-8259-81d1-11d0e5d49a7e" executionId="b66ece0e-7b5b-431e-9b19-5e2b6810f2ce" testListId="8c84fa94-04c1-424b-9868-57a2d4851a1d" />
    <TestEntry testId="cd0dc327-014e-e0d7-4f97-12b6f09d6f3a" executionId="f3846eaa-42ec-4b53-8482-17d40b0e0997" testListId="8c84fa94-04c1-424b-9868-57a2d4851a1d" />
    <TestEntry testId="cd384c3b-0762-84cc-c9ff-0a1cf45f5179" executionId="fca3682d-da58-4a46-b5d9-529e337a5ff3" testListId="8c84fa94-04c1-424b-9868-57a2d4851a1d" />
    <TestEntry testId="d132dbb6-21c4-eca4-4e92-1ad53fb6b9d5" executionId="ba625e1b-13f7-435b-a80b-887b6f8e2fa3" testListId="8c84fa94-04c1-424b-9868-57a2d4851a1d" />
    <TestEntry testId="d2f1dd7c-8b39-ee24-bffa-827116cf1716" executionId="9cc23ab7-1140-4a31-adf2-fe361514d5eb" testListId="8c84fa94-04c1-424b-9868-57a2d4851a1d" />
    <TestEntry testId="d6d3d0b6-8f9f-4871-0b45-3e9556e452bd" executionId="dbcf2ab9-77a3-4f9e-b37a-eff0e91b4c23" testListId="8c84fa94-04c1-424b-9868-57a2d4851a1d" />
    <TestEntry testId="d9769cdc-f8a5-63ad-d384-6bca4bf5b519" executionId="2d61512c-4f11-4425-a885-2ffae40ae36b" testListId="8c84fa94-04c1-424b-9868-57a2d4851a1d" />
    <TestEntry testId="e1b6011b-ed00-b6a9-ca3b-a2ecc7a442f8" executionId="570d7803-d80c-4905-b1cc-2c3950611f0e" testListId="8c84fa94-04c1-424b-9868-57a2d4851a1d" />
    <TestEntry testId="e4c3f4e3-9eeb-063e-cd56-570432f53cee" executionId="9302c955-cdd3-4046-91ab-5e8c35dd49ba" testListId="8c84fa94-04c1-424b-9868-57a2d4851a1d" />
    <TestEntry testId="ea4b6903-0b66-8ac4-269c-13a025c66551" executionId="91d86496-84f7-4ea3-8fc1-ef43f999cffe" testListId="8c84fa94-04c1-424b-9868-57a2d4851a1d" />
    <TestEntry testId="ecb9b643-bcda-dab7-25a3-1d531a237234" executionId="f5b0dd77-f484-4cdd-bc4a-b7c179db827d" testListId="8c84fa94-04c1-424b-9868-57a2d4851a1d" />
    <TestEntry testId="f1f6b764-199c-eb93-28c5-45e776878a29" executionId="6487c00e-0074-40b2-a627-19a6930f8f97" testListId="8c84fa94-04c1-424b-9868-57a2d4851a1d" />
    <TestEntry testId="f5c49dd7-5c11-ba57-d456-2238bd64584d" executionId="457a0a31-c91a-4222-8044-6bdd084b155f" testListId="8c84fa94-04c1-424b-9868-57a2d4851a1d" />
    <TestEntry testId="f99d417c-f78f-9832-fd6a-5cf102fe28c7" executionId="83f41664-c3b6-49ff-8851-e9be4e88ac71" testListId="8c84fa94-04c1-424b-9868-57a2d4851a1d" />
  </TestEntries>
  <Results>
    <UnitTestResult executionId="be7beaef-92af-478b-ae23-a847529e0742" testId="0a5d8a87-71b3-96f7-9b96-d7eb0f7bc09b" testName="WeightedAverageConstructorGeneralTest" computerName="KBP1-DHP-F24209" duration="00:00:00.0570362" startTime="2013-03-22T12:02:44.3039322+02:00" endTime="2013-03-22T12:02:45.7739910+02:00" testType="13cdc9d9-ddb5-4fa4-a97d-d965ccfc6d4b" outcome="Passed" testListId="8c84fa94-04c1-424b-9868-57a2d4851a1d" relativeResultsDirectory="be7beaef-92af-478b-ae23-a847529e0742">
    </UnitTestResult>
    <UnitTestResult executionId="66f5d24f-0565-4e9c-a1e7-e93ce4103eef" testId="0deb66dc-f3dc-fac4-162d-a6780538cbef" testName="WeightedAverageConstructorCalculatesWeightsSumCorrectlyTest" computerName="KBP1-DHP-F24209" duration="00:00:00.0005635" startTime="2013-03-22T12:02:45.7889916+02:00" endTime="2013-03-22T12:02:45.7939918+02:00" testType="13cdc9d9-ddb5-4fa4-a97d-d965ccfc6d4b" outcome="Passed" testListId="8c84fa94-04c1-424b-9868-57a2d4851a1d" relativeResultsDirectory="66f5d24f-0565-4e9c-a1e7-e93ce4103eef">
    </UnitTestResult>
    <UnitTestResult executionId="dda03603-8fc6-4ec8-b7d6-25057e34f3df" testId="0f43129b-a67f-8f4b-602b-4316a4b0cbfa" testName="ProcessMedianForEvenWindowSizeTest" computerName="KBP1-DHP-F24209" duration="00:00:00.1158802" startTime="2013-03-22T12:02:45.7989920+02:00" endTime="2013-03-22T12:02:46.9740390+02:00" testType="13cdc9d9-ddb5-4fa4-a97d-d965ccfc6d4b" outcome="Passed" testListId="8c84fa94-04c1-424b-9868-57a2d4851a1d" relativeResultsDirectory="dda03603-8fc6-4ec8-b7d6-25057e34f3df">
    </UnitTestResult>
    <UnitTestResult executionId="833b15c7-ef15-464e-8152-07f247d02c17" testId="1581adcd-ba83-3a4b-a664-0368187374d1" testName="ProcessUnordinaryWindowSizesTest" computerName="KBP1-DHP-F24209" duration="00:00:00.0709812" startTime="2013-03-22T12:02:46.9840394+02:00" endTime="2013-03-22T12:02:48.0790832+02:00" testType="13cdc9d9-ddb5-4fa4-a97d-d965ccfc6d4b" outcome="Passed" testListId="8c84fa94-04c1-424b-9868-57a2d4851a1d" relativeResultsDirectory="833b15c7-ef15-464e-8152-07f247d02c17">
    </UnitTestResult>
    <UnitTestResult executionId="dab61e66-de62-4a30-9d88-c7f4f4d2ae96" testId="1875a93a-f552-02e5-6f9e-7740719a86d2" testName="ProcessTest" computerName="KBP1-DHP-F24209" duration="00:00:00.0005302" startTime="2013-03-22T12:02:48.0940838+02:00" endTime="2013-03-22T12:02:48.0990840+02:00" testType="13cdc9d9-ddb5-4fa4-a97d-d965ccfc6d4b" outcome="Passed" testListId="8c84fa94-04c1-424b-9868-57a2d4851a1d" relativeResultsDirectory="dab61e66-de62-4a30-9d88-c7f4f4d2ae96">
    </UnitTestResult>
    <UnitTestResult executionId="cd5ae951-3d29-4760-97c8-88749a2698a2" testId="1fbe4fc4-4125-8ba2-c054-349323ecb993" testName="ProcessUnordinaryWindowSizesTest" computerName="KBP1-DHP-F24209" duration="00:00:00.0005318" startTime="2013-03-22T12:02:48.1090844+02:00" endTime="2013-03-22T12:02:48.1140846+02:00" testType="13cdc9d9-ddb5-4fa4-a97d-d965ccfc6d4b" outcome="Passed" testListId="8c84fa94-04c1-424b-9868-57a2d4851a1d" relativeResultsDirectory="cd5ae951-3d29-4760-97c8-88749a2698a2">
    </UnitTestResult>
    <UnitTestResult executionId="b324bbcc-3f13-42dc-9605-59a7b5a7f946" testId="2386aef6-9eb6-a41d-f1ef-07a4f744d4b5" testName="ThrowsKeyNotFoundException" computerName="KBP1-DHP-F24209" duration="00:00:00.3723614" startTime="2013-03-22T12:02:48.1290852+02:00" endTime="2013-03-22T12:02:49.5641426+02:00" testType="13cdc9d9-ddb5-4fa4-a97d-d965ccfc6d4b" outcome="Passed" testListId="8c84fa94-04c1-424b-9868-57a2d4851a1d" relativeResultsDirectory="b324bbcc-3f13-42dc-9605-59a7b5a7f946">
    </UnitTestResult>
    <UnitTestResult executionId="61f55203-cada-46c3-b4da-03e70b7f3e00" testId="287dda4a-d5ba-364d-7fdf-1a25da6443ec" testName="AddsNewComponentCorrectly" computerName="KBP1-DHP-F24209" duration="00:00:00.1145972" startTime="2013-03-22T12:02:49.5741430+02:00" endTime="2013-03-22T12:02:49.6991480+02:00" testType="13cdc9d9-ddb5-4fa4-a97d-d965ccfc6d4b" outcome="Passed" testListId="8c84fa94-04c1-424b-9868-57a2d4851a1d" relativeResultsDirectory="61f55203-cada-46c3-b4da-03e70b7f3e00">
    </UnitTestResult>
    <UnitTestResult executionId="7643e152-fed2-4aaf-a7aa-cc9337b5537b" testId="2bb26128-2f4c-b4db-b328-17ba8e0e6c02" testName="WorksCorrectlyIfNoComponentMatches" computerName="KBP1-DHP-F24209" duration="00:00:00.0026241" startTime="2013-03-22T12:02:49.7091484+02:00" endTime="2013-03-22T12:02:49.7141486+02:00" testType="13cdc9d9-ddb5-4fa4-a97d-d965ccfc6d4b" outcome="Passed" testListId="8c84fa94-04c1-424b-9868-57a2d4851a1d" relativeResultsDirectory="7643e152-fed2-4aaf-a7aa-cc9337b5537b">
    </UnitTestResult>
    <UnitTestResult executionId="553b9e26-027a-4f5e-b5b7-fc0202426fb8" testId="31e9081f-f269-9f4a-9ddd-d9d4a7348312" testName="ThrowsArgumentNullExceptionForNullArgument" computerName="KBP1-DHP-F24209" duration="00:00:00.1344705" startTime="2013-03-22T12:02:49.7241490+02:00" endTime="2013-03-22T12:02:50.8311934+02:00" testType="13cdc9d9-ddb5-4fa4-a97d-d965ccfc6d4b" outcome="Passed" testListId="8c84fa94-04c1-424b-9868-57a2d4851a1d" relativeResultsDirectory="553b9e26-027a-4f5e-b5b7-fc0202426fb8">
    </UnitTestResult>
    <UnitTestResult executionId="78d507d2-c4eb-41fb-80e0-75e8c0059e92" testId="3c5b0309-a1f9-f2c2-b438-c45b65575fca" testName="GetBSDataObjectForStreamTest" computerName="KBP1-DHP-F24209" duration="00:00:00.0857474" startTime="2013-03-22T12:02:50.8411938+02:00" endTime="2013-03-22T12:02:51.9412378+02:00" testType="13cdc9d9-ddb5-4fa4-a97d-d965ccfc6d4b" outcome="Passed" testListId="8c84fa94-04c1-424b-9868-57a2d4851a1d" relativeResultsDirectory="78d507d2-c4eb-41fb-80e0-75e8c0059e92">
    </UnitTestResult>
    <UnitTestResult executionId="e747c4fe-af12-4d7b-96a0-ca7e69c46cd3" testId="40c25e11-287e-714f-5855-14e7ed589667" testName="ThrowsArgumentException" computerName="KBP1-DHP-F24209" duration="00:00:00.0163221" startTime="2013-03-22T12:02:51.9562384+02:00" endTime="2013-03-22T12:02:51.9762392+02:00" testType="13cdc9d9-ddb5-4fa4-a97d-d965ccfc6d4b" outcome="Passed" testListId="8c84fa94-04c1-424b-9868-57a2d4851a1d" relativeResultsDirectory="e747c4fe-af12-4d7b-96a0-ca7e69c46cd3">
    </UnitTestResult>
    <UnitTestResult executionId="229bd270-138a-4155-8136-e86780d9cfb4" testId="439e9ef1-8a87-a82e-9093-73787685d86c" testName="ThrowsFileNotFoundException" computerName="KBP1-DHP-F24209" duration="00:00:00.0189437" startTime="2013-03-22T12:02:51.9912398+02:00" endTime="2013-03-22T12:02:52.0162408+02:00" testType="13cdc9d9-ddb5-4fa4-a97d-d965ccfc6d4b" outcome="Passed" testListId="8c84fa94-04c1-424b-9868-57a2d4851a1d" relativeResultsDirectory="229bd270-138a-4155-8136-e86780d9cfb4">
    </UnitTestResult>
    <UnitTestResult executionId="36d80572-f6f5-4eb8-b5d1-768fd663be55" testId="4ce2c390-acd6-8b00-b5be-46303b393f74" testName="AddsSuccessorSuccessfully" computerName="KBP1-DHP-F24209" duration="00:00:00.0017458" startTime="2013-03-22T12:02:52.0212410+02:00" endTime="2013-03-22T12:02:52.0262412+02:00" testType="13cdc9d9-ddb5-4fa4-a97d-d965ccfc6d4b" outcome="Passed" testListId="8c84fa94-04c1-424b-9868-57a2d4851a1d" relativeResultsDirectory="36d80572-f6f5-4eb8-b5d1-768fd663be55">
    </UnitTestResult>
    <UnitTestResult executionId="e4874576-4d59-4b7a-810c-6520308fa13b" testId="53d2e57f-3026-8931-7e68-12c97cc465b8" testName="ThrowsComponentsCantBeLinkedExceptionIfComponentsAreOfIncorrectType" computerName="KBP1-DHP-F24209" duration="00:00:00.0711888" startTime="2013-03-22T12:02:52.0362416+02:00" endTime="2013-03-22T12:02:52.1112446+02:00" testType="13cdc9d9-ddb5-4fa4-a97d-d965ccfc6d4b" outcome="Passed" testListId="8c84fa94-04c1-424b-9868-57a2d4851a1d" relativeResultsDirectory="e4874576-4d59-4b7a-810c-6520308fa13b">
    </UnitTestResult>
    <UnitTestResult executionId="e9cbe051-e544-4727-ad28-00fdc2bfcd22" testId="57baecd8-f2b7-9d78-5a55-40480ac493a3" testName="General" computerName="KBP1-DHP-F24209" duration="00:00:00.0068722" startTime="2013-03-22T12:02:52.1162448+02:00" endTime="2013-03-22T12:02:52.1312454+02:00" testType="13cdc9d9-ddb5-4fa4-a97d-d965ccfc6d4b" outcome="Passed" testListId="8c84fa94-04c1-424b-9868-57a2d4851a1d" relativeResultsDirectory="e9cbe051-e544-4727-ad28-00fdc2bfcd22">
    </UnitTestResult>
    <UnitTestResult executionId="640edfab-7f6c-47c8-a699-db8b893d1ebd" testId="6084581d-c1f9-9504-dba0-54d785a9e1de" testName="ThrowsComponentsCantBeLinkedExceptionIfComponentsHaveBeenLinkedBefore" computerName="KBP1-DHP-F24209" duration="00:00:00.0150471" startTime="2013-03-22T12:02:52.1412458+02:00" endTime="2013-03-22T12:02:52.1612466+02:00" testType="13cdc9d9-ddb5-4fa4-a97d-d965ccfc6d4b" outcome="Passed" testListId="8c84fa94-04c1-424b-9868-57a2d4851a1d" relativeResultsDirectory="640edfab-7f6c-47c8-a699-db8b893d1ebd">
    </UnitTestResult>
    <UnitTestResult executionId="df8fc058-59e1-44bc-8981-96f29fd4001b" testId="6634bd6d-d6d6-93a3-d60a-d76d14393e50" testName="ReturnsSuccessorsCorrectly" computerName="KBP1-DHP-F24209" duration="00:00:00.0002899" startTime="2013-03-22T12:02:52.1662468+02:00" endTime="2013-03-22T12:02:52.1712470+02:00" testType="13cdc9d9-ddb5-4fa4-a97d-d965ccfc6d4b" outcome="Passed" testListId="8c84fa94-04c1-424b-9868-57a2d4851a1d" relativeResultsDirectory="df8fc058-59e1-44bc-8981-96f29fd4001b">
    </UnitTestResult>
    <UnitTestResult executionId="2a7ec0c8-c7bc-4880-b773-82634e1855be" testId="714cc709-4fc1-c7d4-c5e7-561e8727673d" testName="DeNormalizeGeneralCorrectnessTest" computerName="KBP1-DHP-F24209" duration="00:00:00.2202058" startTime="2013-03-22T12:02:52.1812474+02:00" endTime="2013-03-22T12:02:53.4242979+02:00" testType="13cdc9d9-ddb5-4fa4-a97d-d965ccfc6d4b" outcome="Passed" testListId="8c84fa94-04c1-424b-9868-57a2d4851a1d" relativeResultsDirectory="2a7ec0c8-c7bc-4880-b773-82634e1855be">
    </UnitTestResult>
    <UnitTestResult executionId="d67f9ea4-4a45-40f3-aeb2-1d3c75ef369e" testId="767bb09f-9122-5b4d-66a2-f71cc61e4596" testName="ReturnsPredecessorsCorrectly" computerName="KBP1-DHP-F24209" duration="00:00:00.0011326" startTime="2013-03-22T12:02:53.4392985+02:00" endTime="2013-03-22T12:02:53.4442987+02:00" testType="13cdc9d9-ddb5-4fa4-a97d-d965ccfc6d4b" outcome="Passed" testListId="8c84fa94-04c1-424b-9868-57a2d4851a1d" relativeResultsDirectory="d67f9ea4-4a45-40f3-aeb2-1d3c75ef369e">
    </UnitTestResult>
    <UnitTestResult executionId="8d75218f-aa32-47d4-9543-47504edf8749" testId="77e211d6-689f-6075-dafa-c0e9e873d88e" testName="AddsPredecessorsSuccessfully" computerName="KBP1-DHP-F24209" duration="00:00:00.0001526" startTime="2013-03-22T12:02:53.4542991+02:00" endTime="2013-03-22T12:02:53.4592993+02:00" testType="13cdc9d9-ddb5-4fa4-a97d-d965ccfc6d4b" outcome="Passed" testListId="8c84fa94-04c1-424b-9868-57a2d4851a1d" relativeResultsDirectory="8d75218f-aa32-47d4-9543-47504edf8749">
    </UnitTestResult>
    <UnitTestResult executionId="fd0108e3-11ae-40b8-b768-566436caa006" testId="7a04a3b1-aa99-37f5-711b-4215e2a38353" testName="ThrowsArgumentNullException" computerName="KBP1-DHP-F24209" duration="00:00:00.0158689" startTime="2013-03-22T12:02:53.4642995+02:00" endTime="2013-03-22T12:02:53.4893005+02:00" testType="13cdc9d9-ddb5-4fa4-a97d-d965ccfc6d4b" outcome="Passed" testListId="8c84fa94-04c1-424b-9868-57a2d4851a1d" relativeResultsDirectory="fd0108e3-11ae-40b8-b768-566436caa006">
    </UnitTestResult>
    <UnitTestResult executionId="281a5560-e407-4497-8391-b815143d1581" testId="7adc5048-9fc6-28b1-020d-2cab5e2848a1" testName="ProcessTest" computerName="KBP1-DHP-F24209" duration="00:00:00.0580748" startTime="2013-03-22T12:02:53.4993009+02:00" endTime="2013-03-22T12:02:53.5643035+02:00" testType="13cdc9d9-ddb5-4fa4-a97d-d965ccfc6d4b" outcome="Passed" testListId="8c84fa94-04c1-424b-9868-57a2d4851a1d" relativeResultsDirectory="281a5560-e407-4497-8391-b815143d1581">
    </UnitTestResult>
    <UnitTestResult executionId="ca4f212c-24f1-4462-b27a-a62c7f737a8f" testId="8d29bffa-1c1f-3514-19be-f7c339a8d80a" testName="ReturnsEmptyList" computerName="KBP1-DHP-F24209" duration="00:00:00.0003996" startTime="2013-03-22T12:02:53.5693037+02:00" endTime="2013-03-22T12:02:53.5793041+02:00" testType="13cdc9d9-ddb5-4fa4-a97d-d965ccfc6d4b" outcome="Passed" testListId="8c84fa94-04c1-424b-9868-57a2d4851a1d" relativeResultsDirectory="ca4f212c-24f1-4462-b27a-a62c7f737a8f">
    </UnitTestResult>
    <UnitTestResult executionId="a8b1efb6-4f1f-4d02-901d-8d3c8aede838" testId="998fee1e-2376-fa93-e67e-ac5c0c37d915" testName="ProcessTest" computerName="KBP1-DHP-F24209" duration="00:00:00.0004830" startTime="2013-03-22T12:02:53.5893045+02:00" endTime="2013-03-22T12:02:53.5943047+02:00" testType="13cdc9d9-ddb5-4fa4-a97d-d965ccfc6d4b" outcome="Passed" testListId="8c84fa94-04c1-424b-9868-57a2d4851a1d" relativeResultsDirectory="a8b1efb6-4f1f-4d02-901d-8d3c8aede838">
    </UnitTestResult>
    <UnitTestResult executionId="5f190bc1-508e-45cd-9255-9db1b586ada5" testId="a8ad0b78-a3ab-6d92-b20b-ec2d378fd148" testName="RegressionTests" computerName="KBP1-DHP-F24209" duration="00:00:00.1611677" startTime="2013-03-22T12:02:53.6093053+02:00" endTime="2013-03-22T12:02:54.7693517+02:00" testType="13cdc9d9-ddb5-4fa4-a97d-d965ccfc6d4b" outcome="Passed" testListId="8c84fa94-04c1-424b-9868-57a2d4851a1d" relativeResultsDirectory="5f190bc1-508e-45cd-9255-9db1b586ada5">
    </UnitTestResult>
    <UnitTestResult executionId="dae53eb8-927e-4561-9ca3-edb88d2d091b" testId="ae43ffa7-6f12-dd48-8cb2-c1113ab62f04" testName="WorksCorrectlyIfComponentExists" computerName="KBP1-DHP-F24209" duration="00:00:00.0003688" startTime="2013-03-22T12:02:54.7843523+02:00" endTime="2013-03-22T12:02:54.7893525+02:00" testType="13cdc9d9-ddb5-4fa4-a97d-d965ccfc6d4b" outcome="Passed" testListId="8c84fa94-04c1-424b-9868-57a2d4851a1d" relativeResultsDirectory="dae53eb8-927e-4561-9ca3-edb88d2d091b">
    </UnitTestResult>
    <UnitTestResult executionId="cf48ff91-b271-4daf-bcee-e2809997813e" testId="b70fa8fe-1a28-fd41-7501-f5b3ec0ddfb6" testName="ReturnsEmptyList" computerName="KBP1-DHP-F24209" duration="00:00:00.0003980" startTime="2013-03-22T12:02:54.7993529+02:00" endTime="2013-03-22T12:02:54.8043531+02:00" testType="13cdc9d9-ddb5-4fa4-a97d-d965ccfc6d4b" outcome="Passed" testListId="8c84fa94-04c1-424b-9868-57a2d4851a1d" relativeResultsDirectory="cf48ff91-b271-4daf-bcee-e2809997813e">
    </UnitTestResult>
    <UnitTestResult executionId="25a6e1b6-585f-4fa6-8bd5-fb57f2f50419" testId="c1afeb03-2e4d-7ec4-7311-eae06cb26823" testName="WeightedAverageConstructorThrowsExceptionTest" computerName="KBP1-DHP-F24209" duration="00:00:00.0394755" startTime="2013-03-22T12:02:54.8193537+02:00" endTime="2013-03-22T12:02:54.8593553+02:00" testType="13cdc9d9-ddb5-4fa4-a97d-d965ccfc6d4b" outcome="Passed" testListId="8c84fa94-04c1-424b-9868-57a2d4851a1d" relativeResultsDirectory="25a6e1b6-585f-4fa6-8bd5-fb57f2f50419">
    </UnitTestResult>
    <UnitTestResult executionId="b66ece0e-7b5b-431e-9b19-5e2b6810f2ce" testId="cc4bf252-30c5-8259-81d1-11d0e5d49a7e" testName="ThrowsKeyNotFoundException" computerName="KBP1-DHP-F24209" duration="00:00:00.0140422" startTime="2013-03-22T12:02:54.8743559+02:00" endTime="2013-03-22T12:02:54.8943567+02:00" testType="13cdc9d9-ddb5-4fa4-a97d-d965ccfc6d4b" outcome="Passed" testListId="8c84fa94-04c1-424b-9868-57a2d4851a1d" relativeResultsDirectory="b66ece0e-7b5b-431e-9b19-5e2b6810f2ce">
    </UnitTestResult>
    <UnitTestResult executionId="f3846eaa-42ec-4b53-8482-17d40b0e0997" testId="cd0dc327-014e-e0d7-4f97-12b6f09d6f3a" testName="LinksComponentsSuccessfullyIfEverythingIsGood" computerName="KBP1-DHP-F24209" duration="00:00:00.0005391" startTime="2013-03-22T12:02:54.9043571+02:00" endTime="2013-03-22T12:02:54.9143575+02:00" testType="13cdc9d9-ddb5-4fa4-a97d-d965ccfc6d4b" outcome="Passed" testListId="8c84fa94-04c1-424b-9868-57a2d4851a1d" relativeResultsDirectory="f3846eaa-42ec-4b53-8482-17d40b0e0997">
    </UnitTestResult>
    <UnitTestResult executionId="fca3682d-da58-4a46-b5d9-529e337a5ff3" testId="cd384c3b-0762-84cc-c9ff-0a1cf45f5179" testName="MeanPreprocessorConstructorWindowSizeOnlyPositiveTest" computerName="KBP1-DHP-F24209" duration="00:00:00.0201960" startTime="2013-03-22T12:02:54.9243579+02:00" endTime="2013-03-22T12:02:54.9493589+02:00" testType="13cdc9d9-ddb5-4fa4-a97d-d965ccfc6d4b" outcome="Passed" testListId="8c84fa94-04c1-424b-9868-57a2d4851a1d" relativeResultsDirectory="fca3682d-da58-4a46-b5d9-529e337a5ff3">
    </UnitTestResult>
    <UnitTestResult executionId="ba625e1b-13f7-435b-a80b-887b6f8e2fa3" testId="d132dbb6-21c4-eca4-4e92-1ad53fb6b9d5" testName="ProcessTest" computerName="KBP1-DHP-F24209" duration="00:00:00.0009465" startTime="2013-03-22T12:02:54.9593593+02:00" endTime="2013-03-22T12:02:54.9693597+02:00" testType="13cdc9d9-ddb5-4fa4-a97d-d965ccfc6d4b" outcome="Passed" testListId="8c84fa94-04c1-424b-9868-57a2d4851a1d" relativeResultsDirectory="ba625e1b-13f7-435b-a80b-887b6f8e2fa3">
    </UnitTestResult>
    <UnitTestResult executionId="9cc23ab7-1140-4a31-adf2-fe361514d5eb" testId="d2f1dd7c-8b39-ee24-bffa-827116cf1716" testName="ThrowsKeyNotFoundException" computerName="KBP1-DHP-F24209" duration="00:00:00.0135110" startTime="2013-03-22T12:02:54.9793601+02:00" endTime="2013-03-22T12:02:54.9943607+02:00" testType="13cdc9d9-ddb5-4fa4-a97d-d965ccfc6d4b" outcome="Passed" testListId="8c84fa94-04c1-424b-9868-57a2d4851a1d" relativeResultsDirectory="9cc23ab7-1140-4a31-adf2-fe361514d5eb">
    </UnitTestResult>
    <UnitTestResult executionId="dbcf2ab9-77a3-4f9e-b37a-eff0e91b4c23" testId="d6d3d0b6-8f9f-4871-0b45-3e9556e452bd" testName="MeanPreprocessorConstructorTest" computerName="KBP1-DHP-F24209" duration="00:00:00.0005533" startTime="2013-03-22T12:02:55.0043611+02:00" endTime="2013-03-22T12:02:55.0143615+02:00" testType="13cdc9d9-ddb5-4fa4-a97d-d965ccfc6d4b" outcome="Passed" testListId="8c84fa94-04c1-424b-9868-57a2d4851a1d" relativeResultsDirectory="dbcf2ab9-77a3-4f9e-b37a-eff0e91b4c23">
    </UnitTestResult>
    <UnitTestResult executionId="2d61512c-4f11-4425-a885-2ffae40ae36b" testId="d9769cdc-f8a5-63ad-d384-6bca4bf5b519" testName="ProcessTest" computerName="KBP1-DHP-F24209" duration="00:00:00.2057745" startTime="2013-03-22T12:02:55.0193617+02:00" endTime="2013-03-22T12:02:56.2404106+02:00" testType="13cdc9d9-ddb5-4fa4-a97d-d965ccfc6d4b" outcome="Passed" testListId="8c84fa94-04c1-424b-9868-57a2d4851a1d" relativeResultsDirectory="2d61512c-4f11-4425-a885-2ffae40ae36b">
    </UnitTestResult>
    <UnitTestResult executionId="570d7803-d80c-4905-b1cc-2c3950611f0e" testId="e1b6011b-ed00-b6a9-ca3b-a2ecc7a442f8" testName="MedianPreprocessorConstructorWindowSizeOnlyPositiveTest" computerName="KBP1-DHP-F24209" duration="00:00:00.0385716" startTime="2013-03-22T12:02:56.2554112+02:00" endTime="2013-03-22T12:02:56.3004130+02:00" testType="13cdc9d9-ddb5-4fa4-a97d-d965ccfc6d4b" outcome="Passed" testListId="8c84fa94-04c1-424b-9868-57a2d4851a1d" relativeResultsDirectory="570d7803-d80c-4905-b1cc-2c3950611f0e">
    </UnitTestResult>
    <UnitTestResult executionId="9302c955-cdd3-4046-91ab-5e8c35dd49ba" testId="e4c3f4e3-9eeb-063e-cd56-570432f53cee" testName="MedianPreprocessorConstructorTest" computerName="KBP1-DHP-F24209" duration="00:00:00.0003637" startTime="2013-03-22T12:02:56.3154136+02:00" endTime="2013-03-22T12:02:56.4154176+02:00" testType="13cdc9d9-ddb5-4fa4-a97d-d965ccfc6d4b" outcome="Passed" testListId="8c84fa94-04c1-424b-9868-57a2d4851a1d" relativeResultsDirectory="9302c955-cdd3-4046-91ab-5e8c35dd49ba">
    </UnitTestResult>
    <UnitTestResult executionId="91d86496-84f7-4ea3-8fc1-ef43f999cffe" testId="ea4b6903-0b66-8ac4-269c-13a025c66551" testName="ThrowsArgumentException" computerName="KBP1-DHP-F24209" duration="00:00:00.0150895" startTime="2013-03-22T12:02:56.4254180+02:00" endTime="2013-03-22T12:02:56.4454188+02:00" testType="13cdc9d9-ddb5-4fa4-a97d-d965ccfc6d4b" outcome="Passed" testListId="8c84fa94-04c1-424b-9868-57a2d4851a1d" relativeResultsDirectory="91d86496-84f7-4ea3-8fc1-ef43f999cffe">
    </UnitTestResult>
    <UnitTestResult executionId="f5b0dd77-f484-4cdd-bc4a-b7c179db827d" testId="ecb9b643-bcda-dab7-25a3-1d531a237234" testName="GeneralCorrectnessTest" computerName="KBP1-DHP-F24209" duration="00:00:00.0006479" startTime="2013-03-22T12:02:56.4504190+02:00" endTime="2013-03-22T12:02:56.4604194+02:00" testType="13cdc9d9-ddb5-4fa4-a97d-d965ccfc6d4b" outcome="Passed" testListId="8c84fa94-04c1-424b-9868-57a2d4851a1d" relativeResultsDirectory="f5b0dd77-f484-4cdd-bc4a-b7c179db827d">
    </UnitTestResult>
    <UnitTestResult executionId="6487c00e-0074-40b2-a627-19a6930f8f97" testId="f1f6b764-199c-eb93-28c5-45e776878a29" testName="ThrowsArgumentNullException" computerName="KBP1-DHP-F24209" duration="00:00:00.0366952" startTime="2013-03-22T12:02:56.4654196+02:00" endTime="2013-03-22T12:02:56.5104214+02:00" testType="13cdc9d9-ddb5-4fa4-a97d-d965ccfc6d4b" outcome="Passed" testListId="8c84fa94-04c1-424b-9868-57a2d4851a1d" relativeResultsDirectory="6487c00e-0074-40b2-a627-19a6930f8f97">
    </UnitTestResult>
    <UnitTestResult executionId="457a0a31-c91a-4222-8044-6bdd084b155f" testId="f5c49dd7-5c11-ba57-d456-2238bd64584d" testName="AddsNewComponentSuccessfully" computerName="KBP1-DHP-F24209" duration="00:00:00.0008545" startTime="2013-03-22T12:02:56.5154216+02:00" endTime="2013-03-22T12:02:56.5254220+02:00" testType="13cdc9d9-ddb5-4fa4-a97d-d965ccfc6d4b" outcome="Passed" testListId="8c84fa94-04c1-424b-9868-57a2d4851a1d" relativeResultsDirectory="457a0a31-c91a-4222-8044-6bdd084b155f">
    </UnitTestResult>
    <UnitTestResult executionId="83f41664-c3b6-49ff-8851-e9be4e88ac71" testId="f99d417c-f78f-9832-fd6a-5cf102fe28c7" testName="DataObjectConstructorTest" computerName="KBP1-DHP-F24209" duration="00:00:00.0529673" startTime="2013-03-22T12:02:56.5354224+02:00" endTime="2013-03-22T12:02:57.5804642+02:00" testType="13cdc9d9-ddb5-4fa4-a97d-d965ccfc6d4b" outcome="Passed" testListId="8c84fa94-04c1-424b-9868-57a2d4851a1d" relativeResultsDirectory="83f41664-c3b6-49ff-8851-e9be4e88ac71">
    </UnitTestResult>
  </Results>
</TestRun>