<?xml version="1.0" encoding="UTF-8"?>
<TestRun id="7753204f-dc8c-4c57-b15f-6d8f3b4527a6" name="vladyslav.gorbatiuk@KBP1-DHP-F24209 2013-02-28 11:51:54" runUser="SYNAPSE\vladyslav.gorbatiuk" xmlns="http://microsoft.com/schemas/VisualStudio/TeamTest/2010">
  <TestSettings name="Local" id="7159334a-a785-4a40-af17-d1e4952132f1">
    <Description>These are default test settings for a local test run.</Description>
    <Deployment enabled="false" runDeploymentRoot="vladyslav.gorbatiuk_KBP1-DHP-F24209 2013-02-28 11_51_54">
      <DeploymentItem filename="C:\Users\vladyslav.gorbatiuk.SYNAPSE\Dropbox\BS_Work\BSWorkSLN\TimeSeriesForecasting\bin\Debug\TimeSeriesForecasting.dll" />
      <DeploymentItem filename="C:\Users\vladyslav.gorbatiuk.SYNAPSE\Dropbox\BS_Work\BSWorkSLN\DataPreprocessing\DataPreprocessing\bin\Debug\DataPreprocessing.dll" />
      <DeploymentItem filename="C:\Users\vladyslav.gorbatiuk.SYNAPSE\Dropbox\BS_Work\BSWorkSLN\DataObjectsSupply\DataObjectsSupply\bin\Debug\DataObjectsSupply.dll" />
      <DeploymentItem filename="C:\Users\vladyslav.gorbatiuk.SYNAPSE\Dropbox\BS_Work\BSWorkSLN\BSRepository\bin\Debug\BSRepository.dll" />
      <DeploymentItem filename="C:\Program Files (x86)\AForge.NET\Framework\Release\AForge.Math.dll" />
      <DeploymentItem filename="C:\Users\vladyslav.gorbatiuk.SYNAPSE\Dropbox\BS_Work\BSWorkSLN\VisualizationHandling\bin\Debug\VisualizationHandling.dll" />
      <DeploymentItem filename="C:\Users\vladyslav.gorbatiuk.SYNAPSE\Dropbox\BS_Work\BSWorkSLN\DataObject\DataObject\bin\Debug\DataObject.dll" />
      <DeploymentItem filename="C:\Program Files (x86)\AForge.NET\Framework\Release\AForge.Neuro.dll" />
      <DeploymentItem filename="C:\Users\vladyslav.gorbatiuk.SYNAPSE\Dropbox\BS_Work\BSWorkSLN\BSManager\bin\Debug\BSManager.dll" />
      <DeploymentItem filename="C:\Users\vladyslav.gorbatiuk.SYNAPSE\Dropbox\BS_Work\BSWorkSLN\BSComponents\bin\Debug\BSComponents.dll" />
      <DeploymentItem filename="C:\Users\vladyslav.gorbatiuk.SYNAPSE\Dropbox\BS_Work\BSWorkSLN\DataVisualization\DataVisualization\bin\Debug\DataVisualization.dll" />
      <DeploymentItem filename="C:\Users\vladyslav.gorbatiuk.SYNAPSE\Dropbox\BS_Work\BSWorkSLN\packages\Moq.4.0.10827\lib\NET40\Moq.dll" />
    </Deployment>
    <Execution>
      <TestTypeSpecific />
      <AgentRule name="Execution Agents">
      </AgentRule>
    </Execution>
  </TestSettings>
  <Times creation="2013-02-28T11:51:54.8237186+02:00" queuing="2013-02-28T11:52:02.2274589+02:00" start="2013-02-28T11:52:02.7615123+02:00" finish="2013-02-28T11:52:16.7199080+02:00" />
  <ResultSummary outcome="Completed">
    <Counters total="43" executed="43" passed="43" error="0" failed="0" timeout="0" aborted="0" inconclusive="0" passedButRunAborted="0" notRunnable="0" notExecuted="0" disconnected="0" warning="0" completed="0" inProgress="0" pending="0" />
  </ResultSummary>
  <TestDefinitions>
    <UnitTest name="ReturnsSuccessorsCorrectly" storage="c:\users\vladyslav.gorbatiuk.synapse\dropbox\bs_work\bsworksln\testbsmanager\bin\debug\testbsmanager.dll" id="6634bd6d-d6d6-93a3-d60a-d76d14393e50">
      <Execution id="3dc7f429-b1c9-4e7f-8222-e781a195ed2c" />
      <TestMethod codeBase="C:/Users/vladyslav.gorbatiuk.SYNAPSE/Dropbox/BS_Work/BSWorkSLN/TestBSManager/bin/Debug/TestBSManager.DLL" adapterTypeName="Microsoft.VisualStudio.TestTools.TestTypes.Unit.UnitTestAdapter, Microsoft.VisualStudio.QualityTools.Tips.UnitTest.Adapter, Version=10.0.0.0, Culture=neutral, PublicKeyToken=b03f5f7f11d50a3a" className="TestBSManager.TestSuccessorsForComponentMethod, TestBSManager, Version=1.0.0.0, Culture=neutral, PublicKeyToken=null" name="ReturnsSuccessorsCorrectly" />
    </UnitTest>
    <UnitTest name="ThrowsFileNotFoundException" storage="c:\users\vladyslav.gorbatiuk.synapse\dropbox\bs_work\bsworksln\testrepository\bin\debug\testrepository.dll" id="439e9ef1-8a87-a82e-9093-73787685d86c">
      <Execution id="d9f99740-179b-4682-9e09-07d20e773802" />
      <TestMethod codeBase="C:/Users/vladyslav.gorbatiuk.SYNAPSE/Dropbox/BS_Work/BSWorkSLN/TestRepository/bin/Debug/TestRepository.DLL" adapterTypeName="Microsoft.VisualStudio.TestTools.TestTypes.Unit.UnitTestAdapter, Microsoft.VisualStudio.QualityTools.Tips.UnitTest.Adapter, Version=10.0.0.0, Culture=neutral, PublicKeyToken=b03f5f7f11d50a3a" className="TestRepository.TestDataObjectFromFileMethod, TestRepository, Version=1.0.0.0, Culture=neutral, PublicKeyToken=null" name="ThrowsFileNotFoundException" />
    </UnitTest>
    <UnitTest name="ThrowsKeyNotFoundException" storage="c:\users\vladyslav.gorbatiuk.synapse\dropbox\bs_work\bsworksln\testbsmanager\bin\debug\testbsmanager.dll" id="d2f1dd7c-8b39-ee24-bffa-827116cf1716">
      <Execution id="65d9b5cd-8bc8-49f2-b543-7ad6465701e1" />
      <TestMethod codeBase="C:/Users/vladyslav.gorbatiuk.SYNAPSE/Dropbox/BS_Work/BSWorkSLN/TestBSManager/bin/Debug/TestBSManager.DLL" adapterTypeName="Microsoft.VisualStudio.TestTools.TestTypes.Unit.UnitTestAdapter, Microsoft.VisualStudio.QualityTools.Tips.UnitTest.Adapter, Version=10.0.0.0, Culture=neutral, PublicKeyToken=b03f5f7f11d50a3a" className="TestBSManager.TestPredecessorsForComponentMethod, TestBSManager, Version=1.0.0.0, Culture=neutral, PublicKeyToken=null" name="ThrowsKeyNotFoundException" />
    </UnitTest>
    <UnitTest name="DeNormalizeGeneralCorrectnessTest" storage="c:\users\vladyslav.gorbatiuk.synapse\dropbox\bs_work\bsworksln\testtimeseriesforecasting\bin\debug\testtimeseriesforecasting.dll" id="714cc709-4fc1-c7d4-c5e7-561e8727673d">
      <Execution id="e3194ed8-ce36-4ae6-8be9-e7417a4accc9" />
      <TestMethod codeBase="C:/Users/vladyslav.gorbatiuk.SYNAPSE/Dropbox/BS_Work/BSWorkSLN/TestTimeSeriesForecasting/bin/Debug/TestTimeSeriesForecasting.DLL" adapterTypeName="Microsoft.VisualStudio.TestTools.TestTypes.Unit.UnitTestAdapter, Microsoft.VisualStudio.QualityTools.Tips.UnitTest.Adapter, Version=10.0.0.0, Culture=neutral, PublicKeyToken=b03f5f7f11d50a3a" className="TestTimeSeriesForecasting.TestDataNormalizer, TestTimeSeriesForecasting, Version=1.0.0.0, Culture=neutral, PublicKeyToken=null" name="DeNormalizeGeneralCorrectnessTest" />
    </UnitTest>
    <UnitTest name="DataObjectConstructorTest" storage="c:\users\vladyslav.gorbatiuk.synapse\dropbox\bs_work\bsworksln\dataobject\testdataobject\bin\debug\testdataobject.dll" id="f99d417c-f78f-9832-fd6a-5cf102fe28c7">
      <Execution id="df5f32e6-06ed-4e1a-a1a0-d18f2f0ff4c8" />
      <TestMethod codeBase="C:/Users/vladyslav.gorbatiuk.SYNAPSE/Dropbox/BS_Work/BSWorkSLN/DataObject/TestDataObject/bin/Debug/TestDataObject.DLL" adapterTypeName="Microsoft.VisualStudio.TestTools.TestTypes.Unit.UnitTestAdapter, Microsoft.VisualStudio.QualityTools.Tips.UnitTest.Adapter, Version=10.0.0.0, Culture=neutral, PublicKeyToken=b03f5f7f11d50a3a" className="TestDataObject.DataObjectTest, TestDataObject, Version=1.0.0.0, Culture=neutral, PublicKeyToken=null" name="DataObjectConstructorTest" />
    </UnitTest>
    <UnitTest name="GeneralCorrectnessTest" storage="c:\users\vladyslav.gorbatiuk.synapse\dropbox\bs_work\bsworksln\testtimeseriesforecasting\bin\debug\testtimeseriesforecasting.dll" id="ecb9b643-bcda-dab7-25a3-1d531a237234">
      <Execution id="98b85d72-c8a6-4ba1-89a7-be3fcd1ba3c4" />
      <TestMethod codeBase="C:/Users/vladyslav.gorbatiuk.SYNAPSE/Dropbox/BS_Work/BSWorkSLN/TestTimeSeriesForecasting/bin/Debug/TestTimeSeriesForecasting.DLL" adapterTypeName="Microsoft.VisualStudio.TestTools.TestTypes.Unit.UnitTestAdapter, Microsoft.VisualStudio.QualityTools.Tips.UnitTest.Adapter, Version=10.0.0.0, Culture=neutral, PublicKeyToken=b03f5f7f11d50a3a" className="TestTimeSeriesForecasting.TestDataNormalizer, TestTimeSeriesForecasting, Version=1.0.0.0, Culture=neutral, PublicKeyToken=null" name="GeneralCorrectnessTest" />
    </UnitTest>
    <UnitTest name="WorksCorrectlyIfComponentExists" storage="c:\users\vladyslav.gorbatiuk.synapse\dropbox\bs_work\bsworksln\testbsmanager\bin\debug\testbsmanager.dll" id="ae43ffa7-6f12-dd48-8cb2-c1113ab62f04">
      <Execution id="d3166a9d-2d1d-442d-a1f4-671d77465048" />
      <TestMethod codeBase="C:/Users/vladyslav.gorbatiuk.SYNAPSE/Dropbox/BS_Work/BSWorkSLN/TestBSManager/bin/Debug/TestBSManager.DLL" adapterTypeName="Microsoft.VisualStudio.TestTools.TestTypes.Unit.UnitTestAdapter, Microsoft.VisualStudio.QualityTools.Tips.UnitTest.Adapter, Version=10.0.0.0, Culture=neutral, PublicKeyToken=b03f5f7f11d50a3a" className="TestBSManager.TestExistsComponentAtPointMethod, TestBSManager, Version=1.0.0.0, Culture=neutral, PublicKeyToken=null" name="WorksCorrectlyIfComponentExists" />
    </UnitTest>
    <UnitTest name="MedianPreprocessorConstructorTest" storage="c:\users\vladyslav.gorbatiuk.synapse\dropbox\bs_work\bsworksln\datapreprocessing\testmedianprocessor\bin\debug\testmedianprocessor.dll" id="e4c3f4e3-9eeb-063e-cd56-570432f53cee">
      <Execution id="e6c83c9d-4d58-4ce6-86cb-7cea74be24e6" />
      <TestMethod codeBase="C:/Users/vladyslav.gorbatiuk.SYNAPSE/Dropbox/BS_Work/BSWorkSLN/DataPreprocessing/TestMedianProcessor/bin/Debug/TestMedianProcessor.DLL" adapterTypeName="Microsoft.VisualStudio.TestTools.TestTypes.Unit.UnitTestAdapter, Microsoft.VisualStudio.QualityTools.Tips.UnitTest.Adapter, Version=10.0.0.0, Culture=neutral, PublicKeyToken=b03f5f7f11d50a3a" className="TestMedianProcessor.MedianPreprocessorTest, TestMedianProcessor, Version=1.0.0.0, Culture=neutral, PublicKeyToken=null" name="MedianPreprocessorConstructorTest" />
    </UnitTest>
    <UnitTest name="ProcessTest" storage="c:\users\vladyslav.gorbatiuk.synapse\dropbox\bs_work\bsworksln\datapreprocessing\weightedaveragetest\bin\debug\weightedaveragetest.dll" id="7adc5048-9fc6-28b1-020d-2cab5e2848a1">
      <Execution id="92153098-bdbd-412c-ab20-71fc9f0ac891" />
      <TestMethod codeBase="C:/Users/vladyslav.gorbatiuk.SYNAPSE/Dropbox/BS_Work/BSWorkSLN/DataPreprocessing/WeightedAverageTest/bin/Debug/WeightedAverageTest.DLL" adapterTypeName="Microsoft.VisualStudio.TestTools.TestTypes.Unit.UnitTestAdapter, Microsoft.VisualStudio.QualityTools.Tips.UnitTest.Adapter, Version=10.0.0.0, Culture=neutral, PublicKeyToken=b03f5f7f11d50a3a" className="WeightedAverageTest.WeightedAverageTest, WeightedAverageTest, Version=1.0.0.0, Culture=neutral, PublicKeyToken=null" name="ProcessTest" />
    </UnitTest>
    <UnitTest name="AddsPredecessorsSuccessfully" storage="c:\users\vladyslav.gorbatiuk.synapse\dropbox\bs_work\bsworksln\testbsmanager\bin\debug\testbsmanager.dll" id="77e211d6-689f-6075-dafa-c0e9e873d88e">
      <Execution id="d750c2d6-d06d-4b93-8876-a7fb6539e051" />
      <TestMethod codeBase="C:/Users/vladyslav.gorbatiuk.SYNAPSE/Dropbox/BS_Work/BSWorkSLN/TestBSManager/bin/Debug/TestBSManager.DLL" adapterTypeName="Microsoft.VisualStudio.TestTools.TestTypes.Unit.UnitTestAdapter, Microsoft.VisualStudio.QualityTools.Tips.UnitTest.Adapter, Version=10.0.0.0, Culture=neutral, PublicKeyToken=b03f5f7f11d50a3a" className="TestBSManager.TestAddPredecessorsForComponentMethod, TestBSManager, Version=1.0.0.0, Culture=neutral, PublicKeyToken=null" name="AddsPredecessorsSuccessfully" />
    </UnitTest>
    <UnitTest name="WeightedAverageConstructorGeneralTest" storage="c:\users\vladyslav.gorbatiuk.synapse\dropbox\bs_work\bsworksln\datapreprocessing\weightedaveragetest\bin\debug\weightedaveragetest.dll" id="0a5d8a87-71b3-96f7-9b96-d7eb0f7bc09b">
      <Execution id="1036519d-aa75-4c88-8f04-6f862c0292b4" />
      <TestMethod codeBase="C:/Users/vladyslav.gorbatiuk.SYNAPSE/Dropbox/BS_Work/BSWorkSLN/DataPreprocessing/WeightedAverageTest/bin/Debug/WeightedAverageTest.DLL" adapterTypeName="Microsoft.VisualStudio.TestTools.TestTypes.Unit.UnitTestAdapter, Microsoft.VisualStudio.QualityTools.Tips.UnitTest.Adapter, Version=10.0.0.0, Culture=neutral, PublicKeyToken=b03f5f7f11d50a3a" className="WeightedAverageTest.WeightedAverageTest, WeightedAverageTest, Version=1.0.0.0, Culture=neutral, PublicKeyToken=null" name="WeightedAverageConstructorGeneralTest" />
    </UnitTest>
    <UnitTest name="MedianPreprocessorConstructorWindowSizeOnlyPositiveTest" storage="c:\users\vladyslav.gorbatiuk.synapse\dropbox\bs_work\bsworksln\datapreprocessing\testmedianprocessor\bin\debug\testmedianprocessor.dll" id="e1b6011b-ed00-b6a9-ca3b-a2ecc7a442f8">
      <Execution id="ff61a110-b1ce-42de-b634-0505c03abb6e" />
      <TestMethod codeBase="C:/Users/vladyslav.gorbatiuk.SYNAPSE/Dropbox/BS_Work/BSWorkSLN/DataPreprocessing/TestMedianProcessor/bin/Debug/TestMedianProcessor.DLL" adapterTypeName="Microsoft.VisualStudio.TestTools.TestTypes.Unit.UnitTestAdapter, Microsoft.VisualStudio.QualityTools.Tips.UnitTest.Adapter, Version=10.0.0.0, Culture=neutral, PublicKeyToken=b03f5f7f11d50a3a" className="TestMedianProcessor.MedianPreprocessorTest, TestMedianProcessor, Version=1.0.0.0, Culture=neutral, PublicKeyToken=null" name="MedianPreprocessorConstructorWindowSizeOnlyPositiveTest" />
    </UnitTest>
    <UnitTest name="ThrowsKeyNotFoundException" storage="c:\users\vladyslav.gorbatiuk.synapse\dropbox\bs_work\bsworksln\testbsmanager\bin\debug\testbsmanager.dll" id="2386aef6-9eb6-a41d-f1ef-07a4f744d4b5">
      <Execution id="6c1971ff-4082-4bf1-8b67-868eb2963136" />
      <TestMethod codeBase="C:/Users/vladyslav.gorbatiuk.SYNAPSE/Dropbox/BS_Work/BSWorkSLN/TestBSManager/bin/Debug/TestBSManager.DLL" adapterTypeName="Microsoft.VisualStudio.TestTools.TestTypes.Unit.UnitTestAdapter, Microsoft.VisualStudio.QualityTools.Tips.UnitTest.Adapter, Version=10.0.0.0, Culture=neutral, PublicKeyToken=b03f5f7f11d50a3a" className="TestBSManager.TestSuccessorsForComponentMethod, TestBSManager, Version=1.0.0.0, Culture=neutral, PublicKeyToken=null" name="ThrowsKeyNotFoundException" />
    </UnitTest>
    <UnitTest name="AddsNewComponentCorrectly" storage="c:\users\vladyslav.gorbatiuk.synapse\dropbox\bs_work\bsworksln\testbsmanager\bin\debug\testbsmanager.dll" id="287dda4a-d5ba-364d-7fdf-1a25da6443ec">
      <Execution id="48dda421-eec3-48b8-a6a5-830eaaea1959" />
      <TestMethod codeBase="C:/Users/vladyslav.gorbatiuk.SYNAPSE/Dropbox/BS_Work/BSWorkSLN/TestBSManager/bin/Debug/TestBSManager.DLL" adapterTypeName="Microsoft.VisualStudio.TestTools.TestTypes.Unit.UnitTestAdapter, Microsoft.VisualStudio.QualityTools.Tips.UnitTest.Adapter, Version=10.0.0.0, Culture=neutral, PublicKeyToken=b03f5f7f11d50a3a" className="TestBSManager.TestAddComponentWithNameAndPosition, TestBSManager, Version=1.0.0.0, Culture=neutral, PublicKeyToken=null" name="AddsNewComponentCorrectly" />
    </UnitTest>
    <UnitTest name="WeightedAverageConstructorThrowsExceptionTest" storage="c:\users\vladyslav.gorbatiuk.synapse\dropbox\bs_work\bsworksln\datapreprocessing\weightedaveragetest\bin\debug\weightedaveragetest.dll" id="c1afeb03-2e4d-7ec4-7311-eae06cb26823">
      <Execution id="33f4f09f-d21d-4fe6-9cd9-a8d8375ce35e" />
      <TestMethod codeBase="C:/Users/vladyslav.gorbatiuk.SYNAPSE/Dropbox/BS_Work/BSWorkSLN/DataPreprocessing/WeightedAverageTest/bin/Debug/WeightedAverageTest.DLL" adapterTypeName="Microsoft.VisualStudio.TestTools.TestTypes.Unit.UnitTestAdapter, Microsoft.VisualStudio.QualityTools.Tips.UnitTest.Adapter, Version=10.0.0.0, Culture=neutral, PublicKeyToken=b03f5f7f11d50a3a" className="WeightedAverageTest.WeightedAverageTest, WeightedAverageTest, Version=1.0.0.0, Culture=neutral, PublicKeyToken=null" name="WeightedAverageConstructorThrowsExceptionTest" />
    </UnitTest>
    <UnitTest name="ThrowsArgumentNullException" storage="c:\users\vladyslav.gorbatiuk.synapse\dropbox\bs_work\bsworksln\testbsmanager\bin\debug\testbsmanager.dll" id="f1f6b764-199c-eb93-28c5-45e776878a29">
      <Execution id="001e34ab-6e39-491a-b8e7-c31809b830fb" />
      <TestMethod codeBase="C:/Users/vladyslav.gorbatiuk.SYNAPSE/Dropbox/BS_Work/BSWorkSLN/TestBSManager/bin/Debug/TestBSManager.DLL" adapterTypeName="Microsoft.VisualStudio.TestTools.TestTypes.Unit.UnitTestAdapter, Microsoft.VisualStudio.QualityTools.Tips.UnitTest.Adapter, Version=10.0.0.0, Culture=neutral, PublicKeyToken=b03f5f7f11d50a3a" className="TestBSManager.TestAddComponentMethod, TestBSManager, Version=1.0.0.0, Culture=neutral, PublicKeyToken=null" name="ThrowsArgumentNullException" />
    </UnitTest>
    <UnitTest name="ReturnsEmptyList" storage="c:\users\vladyslav.gorbatiuk.synapse\dropbox\bs_work\bsworksln\testbsmanager\bin\debug\testbsmanager.dll" id="b70fa8fe-1a28-fd41-7501-f5b3ec0ddfb6">
      <Execution id="54de092a-772b-458d-a0a6-a09b1fa815c8" />
      <TestMethod codeBase="C:/Users/vladyslav.gorbatiuk.SYNAPSE/Dropbox/BS_Work/BSWorkSLN/TestBSManager/bin/Debug/TestBSManager.DLL" adapterTypeName="Microsoft.VisualStudio.TestTools.TestTypes.Unit.UnitTestAdapter, Microsoft.VisualStudio.QualityTools.Tips.UnitTest.Adapter, Version=10.0.0.0, Culture=neutral, PublicKeyToken=b03f5f7f11d50a3a" className="TestBSManager.TestSuccessorsForComponentMethod, TestBSManager, Version=1.0.0.0, Culture=neutral, PublicKeyToken=null" name="ReturnsEmptyList" />
    </UnitTest>
    <UnitTest name="WorksCorrectlyIfNoComponentMatches" storage="c:\users\vladyslav.gorbatiuk.synapse\dropbox\bs_work\bsworksln\testbsmanager\bin\debug\testbsmanager.dll" id="2bb26128-2f4c-b4db-b328-17ba8e0e6c02">
      <Execution id="e793f038-71d3-4a67-b6a5-7afe46332ec8" />
      <TestMethod codeBase="C:/Users/vladyslav.gorbatiuk.SYNAPSE/Dropbox/BS_Work/BSWorkSLN/TestBSManager/bin/Debug/TestBSManager.DLL" adapterTypeName="Microsoft.VisualStudio.TestTools.TestTypes.Unit.UnitTestAdapter, Microsoft.VisualStudio.QualityTools.Tips.UnitTest.Adapter, Version=10.0.0.0, Culture=neutral, PublicKeyToken=b03f5f7f11d50a3a" className="TestBSManager.TestExistsComponentAtPointMethod, TestBSManager, Version=1.0.0.0, Culture=neutral, PublicKeyToken=null" name="WorksCorrectlyIfNoComponentMatches" />
    </UnitTest>
    <UnitTest name="ProcessTest" storage="c:\users\vladyslav.gorbatiuk.synapse\dropbox\bs_work\bsworksln\datapreprocessing\testtukey53hpreprocessor\bin\debug\testtukey53hpreprocessor.dll" id="d132dbb6-21c4-eca4-4e92-1ad53fb6b9d5">
      <Execution id="dbf8b584-a9c5-4caf-80d5-2673ed4bc2ea" />
      <TestMethod codeBase="C:/Users/vladyslav.gorbatiuk.SYNAPSE/Dropbox/BS_Work/BSWorkSLN/DataPreprocessing/TestTukey53HPreprocessor/bin/Debug/TestTukey53HPreprocessor.DLL" adapterTypeName="Microsoft.VisualStudio.TestTools.TestTypes.Unit.UnitTestAdapter, Microsoft.VisualStudio.QualityTools.Tips.UnitTest.Adapter, Version=10.0.0.0, Culture=neutral, PublicKeyToken=b03f5f7f11d50a3a" className="TestTukey53HPreprocessor.Tukey53HPreprocessorTest, TestTukey53HPreprocessor, Version=1.0.0.0, Culture=neutral, PublicKeyToken=null" name="ProcessTest" />
    </UnitTest>
    <UnitTest name="ProcessTest" storage="c:\users\vladyslav.gorbatiuk.synapse\dropbox\bs_work\bsworksln\datapreprocessing\testmeanprocessor\bin\debug\testmeanprocessor.dll" id="998fee1e-2376-fa93-e67e-ac5c0c37d915">
      <Execution id="54433963-8f4a-4723-8aeb-21b78a7c00f8" />
      <TestMethod codeBase="C:/Users/vladyslav.gorbatiuk.SYNAPSE/Dropbox/BS_Work/BSWorkSLN/DataPreprocessing/TestMeanProcessor/bin/Debug/TestMeanProcessor.DLL" adapterTypeName="Microsoft.VisualStudio.TestTools.TestTypes.Unit.UnitTestAdapter, Microsoft.VisualStudio.QualityTools.Tips.UnitTest.Adapter, Version=10.0.0.0, Culture=neutral, PublicKeyToken=b03f5f7f11d50a3a" className="TestMeanProcessor.MeanPreprocessorTest, TestMeanProcessor, Version=1.0.0.0, Culture=neutral, PublicKeyToken=null" name="ProcessTest" />
    </UnitTest>
    <UnitTest name="ReturnsEmptyList" storage="c:\users\vladyslav.gorbatiuk.synapse\dropbox\bs_work\bsworksln\testbsmanager\bin\debug\testbsmanager.dll" id="8d29bffa-1c1f-3514-19be-f7c339a8d80a">
      <Execution id="debdcad5-c668-4042-9121-f54fa715fa04" />
      <TestMethod codeBase="C:/Users/vladyslav.gorbatiuk.SYNAPSE/Dropbox/BS_Work/BSWorkSLN/TestBSManager/bin/Debug/TestBSManager.DLL" adapterTypeName="Microsoft.VisualStudio.TestTools.TestTypes.Unit.UnitTestAdapter, Microsoft.VisualStudio.QualityTools.Tips.UnitTest.Adapter, Version=10.0.0.0, Culture=neutral, PublicKeyToken=b03f5f7f11d50a3a" className="TestBSManager.TestPredecessorsForComponentMethod, TestBSManager, Version=1.0.0.0, Culture=neutral, PublicKeyToken=null" name="ReturnsEmptyList" />
    </UnitTest>
    <UnitTest name="GetBSDataObjectForStreamTest" storage="c:\users\vladyslav.gorbatiuk.synapse\dropbox\bs_work\bsworksln\dataobjectssupply\testdatasupplier\bin\debug\testdatasupplier.dll" id="3c5b0309-a1f9-f2c2-b438-c45b65575fca">
      <Execution id="3622f053-0bfe-4022-a1c0-07d14f759aa1" />
      <TestMethod codeBase="C:/Users/vladyslav.gorbatiuk.SYNAPSE/Dropbox/BS_Work/BSWorkSLN/DataObjectsSupply/TestDataSupplier/bin/Debug/TestDataSupplier.DLL" adapterTypeName="Microsoft.VisualStudio.TestTools.TestTypes.Unit.UnitTestAdapter, Microsoft.VisualStudio.QualityTools.Tips.UnitTest.Adapter, Version=10.0.0.0, Culture=neutral, PublicKeyToken=b03f5f7f11d50a3a" className="TestDataSupplier.BSDataObjectSupplierTest, TestDataSupplier, Version=1.0.0.0, Culture=neutral, PublicKeyToken=null" name="GetBSDataObjectForStreamTest" />
    </UnitTest>
    <UnitTest name="ReturnsPredecessorsCorrectly" storage="c:\users\vladyslav.gorbatiuk.synapse\dropbox\bs_work\bsworksln\testbsmanager\bin\debug\testbsmanager.dll" id="767bb09f-9122-5b4d-66a2-f71cc61e4596">
      <Execution id="f6cbd324-74b6-46ed-9b92-f0582cb980a4" />
      <TestMethod codeBase="C:/Users/vladyslav.gorbatiuk.SYNAPSE/Dropbox/BS_Work/BSWorkSLN/TestBSManager/bin/Debug/TestBSManager.DLL" adapterTypeName="Microsoft.VisualStudio.TestTools.TestTypes.Unit.UnitTestAdapter, Microsoft.VisualStudio.QualityTools.Tips.UnitTest.Adapter, Version=10.0.0.0, Culture=neutral, PublicKeyToken=b03f5f7f11d50a3a" className="TestBSManager.TestPredecessorsForComponentMethod, TestBSManager, Version=1.0.0.0, Culture=neutral, PublicKeyToken=null" name="ReturnsPredecessorsCorrectly" />
    </UnitTest>
    <UnitTest name="ThrowsKeyNotFoundException" storage="c:\users\vladyslav.gorbatiuk.synapse\dropbox\bs_work\bsworksln\testbsmanager\bin\debug\testbsmanager.dll" id="cc4bf252-30c5-8259-81d1-11d0e5d49a7e">
      <Execution id="5b7ff855-deba-4cc1-af98-18e1646b7a4e" />
      <TestMethod codeBase="C:/Users/vladyslav.gorbatiuk.SYNAPSE/Dropbox/BS_Work/BSWorkSLN/TestBSManager/bin/Debug/TestBSManager.DLL" adapterTypeName="Microsoft.VisualStudio.TestTools.TestTypes.Unit.UnitTestAdapter, Microsoft.VisualStudio.QualityTools.Tips.UnitTest.Adapter, Version=10.0.0.0, Culture=neutral, PublicKeyToken=b03f5f7f11d50a3a" className="TestBSManager.TestAddComponentWithNameAndPosition, TestBSManager, Version=1.0.0.0, Culture=neutral, PublicKeyToken=null" name="ThrowsKeyNotFoundException" />
    </UnitTest>
    <UnitTest name="ProcessMedianForEvenWindowSizeTest" storage="c:\users\vladyslav.gorbatiuk.synapse\dropbox\bs_work\bsworksln\datapreprocessing\testmedianprocessor\bin\debug\testmedianprocessor.dll" id="0f43129b-a67f-8f4b-602b-4316a4b0cbfa">
      <Execution id="1fd0fdf0-cb70-43a9-a039-71162e48ee3d" />
      <TestMethod codeBase="C:/Users/vladyslav.gorbatiuk.SYNAPSE/Dropbox/BS_Work/BSWorkSLN/DataPreprocessing/TestMedianProcessor/bin/Debug/TestMedianProcessor.DLL" adapterTypeName="Microsoft.VisualStudio.TestTools.TestTypes.Unit.UnitTestAdapter, Microsoft.VisualStudio.QualityTools.Tips.UnitTest.Adapter, Version=10.0.0.0, Culture=neutral, PublicKeyToken=b03f5f7f11d50a3a" className="TestMedianProcessor.MedianPreprocessorTest, TestMedianProcessor, Version=1.0.0.0, Culture=neutral, PublicKeyToken=null" name="ProcessMedianForEvenWindowSizeTest" />
    </UnitTest>
    <UnitTest name="ThrowsArgumentNullExceptionForNullArgument" storage="c:\users\vladyslav.gorbatiuk.synapse\dropbox\bs_work\bsworksln\testrepository\bin\debug\testrepository.dll" id="31e9081f-f269-9f4a-9ddd-d9d4a7348312">
      <Execution id="01184de4-abe5-435f-b919-993dc30838e6" />
      <TestMethod codeBase="C:/Users/vladyslav.gorbatiuk.SYNAPSE/Dropbox/BS_Work/BSWorkSLN/TestRepository/bin/Debug/TestRepository.DLL" adapterTypeName="Microsoft.VisualStudio.TestTools.TestTypes.Unit.UnitTestAdapter, Microsoft.VisualStudio.QualityTools.Tips.UnitTest.Adapter, Version=10.0.0.0, Culture=neutral, PublicKeyToken=b03f5f7f11d50a3a" className="TestRepository.TestDataObjectFromFileMethod, TestRepository, Version=1.0.0.0, Culture=neutral, PublicKeyToken=null" name="ThrowsArgumentNullExceptionForNullArgument" />
    </UnitTest>
    <UnitTest name="General" storage="c:\users\vladyslav.gorbatiuk.synapse\dropbox\bs_work\bsworksln\testrepository\bin\debug\testrepository.dll" id="57baecd8-f2b7-9d78-5a55-40480ac493a3">
      <Execution id="e03acd0c-703b-4248-9129-cf2d58e13c32" />
      <TestMethod codeBase="C:/Users/vladyslav.gorbatiuk.SYNAPSE/Dropbox/BS_Work/BSWorkSLN/TestRepository/bin/Debug/TestRepository.DLL" adapterTypeName="Microsoft.VisualStudio.TestTools.TestTypes.Unit.UnitTestAdapter, Microsoft.VisualStudio.QualityTools.Tips.UnitTest.Adapter, Version=10.0.0.0, Culture=neutral, PublicKeyToken=b03f5f7f11d50a3a" className="TestRepository.TestDataObjectFromFileMethod, TestRepository, Version=1.0.0.0, Culture=neutral, PublicKeyToken=null" name="General" />
    </UnitTest>
    <UnitTest name="MeanPreprocessorConstructorTest" storage="c:\users\vladyslav.gorbatiuk.synapse\dropbox\bs_work\bsworksln\datapreprocessing\testmeanprocessor\bin\debug\testmeanprocessor.dll" id="d6d3d0b6-8f9f-4871-0b45-3e9556e452bd">
      <Execution id="5e181d9c-e169-4e49-8bf9-659284ea2054" />
      <TestMethod codeBase="C:/Users/vladyslav.gorbatiuk.SYNAPSE/Dropbox/BS_Work/BSWorkSLN/DataPreprocessing/TestMeanProcessor/bin/Debug/TestMeanProcessor.DLL" adapterTypeName="Microsoft.VisualStudio.TestTools.TestTypes.Unit.UnitTestAdapter, Microsoft.VisualStudio.QualityTools.Tips.UnitTest.Adapter, Version=10.0.0.0, Culture=neutral, PublicKeyToken=b03f5f7f11d50a3a" className="TestMeanProcessor.MeanPreprocessorTest, TestMeanProcessor, Version=1.0.0.0, Culture=neutral, PublicKeyToken=null" name="MeanPreprocessorConstructorTest" />
    </UnitTest>
    <UnitTest name="LinksComponentsSuccessfullyIfEverythingIsGood" storage="c:\users\vladyslav.gorbatiuk.synapse\dropbox\bs_work\bsworksln\testbsmanager\bin\debug\testbsmanager.dll" id="cd0dc327-014e-e0d7-4f97-12b6f09d6f3a">
      <Execution id="6f36ee75-bbbd-477c-9b78-a954f4cbc9d7" />
      <TestMethod codeBase="C:/Users/vladyslav.gorbatiuk.SYNAPSE/Dropbox/BS_Work/BSWorkSLN/TestBSManager/bin/Debug/TestBSManager.DLL" adapterTypeName="Microsoft.VisualStudio.TestTools.TestTypes.Unit.UnitTestAdapter, Microsoft.VisualStudio.QualityTools.Tips.UnitTest.Adapter, Version=10.0.0.0, Culture=neutral, PublicKeyToken=b03f5f7f11d50a3a" className="TestBSManager.TestLinkComponentsAtPointsMethod, TestBSManager, Version=1.0.0.0, Culture=neutral, PublicKeyToken=null" name="LinksComponentsSuccessfullyIfEverythingIsGood" />
    </UnitTest>
    <UnitTest name="ThrowsArgumentNullException" storage="c:\users\vladyslav.gorbatiuk.synapse\dropbox\bs_work\bsworksln\testbsmanager\bin\debug\testbsmanager.dll" id="7a04a3b1-aa99-37f5-711b-4215e2a38353">
      <Execution id="497e1391-da1a-4565-b347-e0dc9b968d5a" />
      <TestMethod codeBase="C:/Users/vladyslav.gorbatiuk.SYNAPSE/Dropbox/BS_Work/BSWorkSLN/TestBSManager/bin/Debug/TestBSManager.DLL" adapterTypeName="Microsoft.VisualStudio.TestTools.TestTypes.Unit.UnitTestAdapter, Microsoft.VisualStudio.QualityTools.Tips.UnitTest.Adapter, Version=10.0.0.0, Culture=neutral, PublicKeyToken=b03f5f7f11d50a3a" className="TestBSManager.TestAddComponentWithNameAndPosition, TestBSManager, Version=1.0.0.0, Culture=neutral, PublicKeyToken=null" name="ThrowsArgumentNullException" />
    </UnitTest>
    <UnitTest name="WeightedAverageConstructorCalculatesWeightsSumCorrectlyTest" storage="c:\users\vladyslav.gorbatiuk.synapse\dropbox\bs_work\bsworksln\datapreprocessing\weightedaveragetest\bin\debug\weightedaveragetest.dll" id="0deb66dc-f3dc-fac4-162d-a6780538cbef">
      <Execution id="fc15fa34-8c48-4105-aa05-14d91584f90c" />
      <TestMethod codeBase="C:/Users/vladyslav.gorbatiuk.SYNAPSE/Dropbox/BS_Work/BSWorkSLN/DataPreprocessing/WeightedAverageTest/bin/Debug/WeightedAverageTest.DLL" adapterTypeName="Microsoft.VisualStudio.TestTools.TestTypes.Unit.UnitTestAdapter, Microsoft.VisualStudio.QualityTools.Tips.UnitTest.Adapter, Version=10.0.0.0, Culture=neutral, PublicKeyToken=b03f5f7f11d50a3a" className="WeightedAverageTest.WeightedAverageTest, WeightedAverageTest, Version=1.0.0.0, Culture=neutral, PublicKeyToken=null" name="WeightedAverageConstructorCalculatesWeightsSumCorrectlyTest" />
    </UnitTest>
    <UnitTest name="ProcessTest" storage="c:\users\vladyslav.gorbatiuk.synapse\dropbox\bs_work\bsworksln\datapreprocessing\testmedianprocessor\bin\debug\testmedianprocessor.dll" id="1875a93a-f552-02e5-6f9e-7740719a86d2">
      <Execution id="31a6873b-e725-48a8-ab86-6c408434f347" />
      <TestMethod codeBase="C:/Users/vladyslav.gorbatiuk.SYNAPSE/Dropbox/BS_Work/BSWorkSLN/DataPreprocessing/TestMedianProcessor/bin/Debug/TestMedianProcessor.DLL" adapterTypeName="Microsoft.VisualStudio.TestTools.TestTypes.Unit.UnitTestAdapter, Microsoft.VisualStudio.QualityTools.Tips.UnitTest.Adapter, Version=10.0.0.0, Culture=neutral, PublicKeyToken=b03f5f7f11d50a3a" className="TestMedianProcessor.MedianPreprocessorTest, TestMedianProcessor, Version=1.0.0.0, Culture=neutral, PublicKeyToken=null" name="ProcessTest" />
    </UnitTest>
    <UnitTest name="ThrowsArgumentException" storage="c:\users\vladyslav.gorbatiuk.synapse\dropbox\bs_work\bsworksln\testbsmanager\bin\debug\testbsmanager.dll" id="ea4b6903-0b66-8ac4-269c-13a025c66551">
      <Execution id="5607f31e-e5af-45d8-b424-527d868b767a" />
      <TestMethod codeBase="C:/Users/vladyslav.gorbatiuk.SYNAPSE/Dropbox/BS_Work/BSWorkSLN/TestBSManager/bin/Debug/TestBSManager.DLL" adapterTypeName="Microsoft.VisualStudio.TestTools.TestTypes.Unit.UnitTestAdapter, Microsoft.VisualStudio.QualityTools.Tips.UnitTest.Adapter, Version=10.0.0.0, Culture=neutral, PublicKeyToken=b03f5f7f11d50a3a" className="TestBSManager.TestAddSuccessorForComponentMethod, TestBSManager, Version=1.0.0.0, Culture=neutral, PublicKeyToken=null" name="ThrowsArgumentException" />
    </UnitTest>
    <UnitTest name="ProcessTest" storage="c:\users\vladyslav.gorbatiuk.synapse\dropbox\bs_work\bsworksln\datapreprocessing\fourierpreprocessor\bin\debug\fourierpreprocessor.dll" id="d9769cdc-f8a5-63ad-d384-6bca4bf5b519">
      <Execution id="a9f30881-3c5e-45eb-85c7-a04aa441a551" />
      <TestMethod codeBase="C:/Users/vladyslav.gorbatiuk.SYNAPSE/Dropbox/BS_Work/BSWorkSLN/DataPreprocessing/FourierPreprocessor/bin/Debug/FourierPreprocessor.DLL" adapterTypeName="Microsoft.VisualStudio.TestTools.TestTypes.Unit.UnitTestAdapter, Microsoft.VisualStudio.QualityTools.Tips.UnitTest.Adapter, Version=10.0.0.0, Culture=neutral, PublicKeyToken=b03f5f7f11d50a3a" className="TestFourierPreprocessor.FourierPreprocessorTest, FourierPreprocessor, Version=1.0.0.0, Culture=neutral, PublicKeyToken=null" name="ProcessTest" />
    </UnitTest>
    <UnitTest name="AddsNewComponentSuccessfully" storage="c:\users\vladyslav.gorbatiuk.synapse\dropbox\bs_work\bsworksln\testbsmanager\bin\debug\testbsmanager.dll" id="f5c49dd7-5c11-ba57-d456-2238bd64584d">
      <Execution id="a801f4bb-05fb-446c-9e40-94f496ffb821" />
      <TestMethod codeBase="C:/Users/vladyslav.gorbatiuk.SYNAPSE/Dropbox/BS_Work/BSWorkSLN/TestBSManager/bin/Debug/TestBSManager.DLL" adapterTypeName="Microsoft.VisualStudio.TestTools.TestTypes.Unit.UnitTestAdapter, Microsoft.VisualStudio.QualityTools.Tips.UnitTest.Adapter, Version=10.0.0.0, Culture=neutral, PublicKeyToken=b03f5f7f11d50a3a" className="TestBSManager.TestAddComponentMethod, TestBSManager, Version=1.0.0.0, Culture=neutral, PublicKeyToken=null" name="AddsNewComponentSuccessfully" />
    </UnitTest>
    <UnitTest name="ThrowsComponentsCantBeLinkedExceptionIfComponentsAreOfIncorrectType" storage="c:\users\vladyslav.gorbatiuk.synapse\dropbox\bs_work\bsworksln\testbsmanager\bin\debug\testbsmanager.dll" id="53d2e57f-3026-8931-7e68-12c97cc465b8">
      <Execution id="e1da602b-2b88-46e6-8734-831392323d12" />
      <TestMethod codeBase="C:/Users/vladyslav.gorbatiuk.SYNAPSE/Dropbox/BS_Work/BSWorkSLN/TestBSManager/bin/Debug/TestBSManager.DLL" adapterTypeName="Microsoft.VisualStudio.TestTools.TestTypes.Unit.UnitTestAdapter, Microsoft.VisualStudio.QualityTools.Tips.UnitTest.Adapter, Version=10.0.0.0, Culture=neutral, PublicKeyToken=b03f5f7f11d50a3a" className="TestBSManager.TestLinkComponentsAtPointsMethod, TestBSManager, Version=1.0.0.0, Culture=neutral, PublicKeyToken=null" name="ThrowsComponentsCantBeLinkedExceptionIfComponentsAreOfIncorrectType" />
    </UnitTest>
    <UnitTest name="MeanPreprocessorConstructorWindowSizeOnlyPositiveTest" storage="c:\users\vladyslav.gorbatiuk.synapse\dropbox\bs_work\bsworksln\datapreprocessing\testmeanprocessor\bin\debug\testmeanprocessor.dll" id="cd384c3b-0762-84cc-c9ff-0a1cf45f5179">
      <Execution id="15aed156-c4c4-42e2-914b-de5ea9de60a4" />
      <TestMethod codeBase="C:/Users/vladyslav.gorbatiuk.SYNAPSE/Dropbox/BS_Work/BSWorkSLN/DataPreprocessing/TestMeanProcessor/bin/Debug/TestMeanProcessor.DLL" adapterTypeName="Microsoft.VisualStudio.TestTools.TestTypes.Unit.UnitTestAdapter, Microsoft.VisualStudio.QualityTools.Tips.UnitTest.Adapter, Version=10.0.0.0, Culture=neutral, PublicKeyToken=b03f5f7f11d50a3a" className="TestMeanProcessor.MeanPreprocessorTest, TestMeanProcessor, Version=1.0.0.0, Culture=neutral, PublicKeyToken=null" name="MeanPreprocessorConstructorWindowSizeOnlyPositiveTest" />
    </UnitTest>
    <UnitTest name="ThrowsComponentsCantBeLinkedExceptionIfComponentsHaveBeenLinkedBefore" storage="c:\users\vladyslav.gorbatiuk.synapse\dropbox\bs_work\bsworksln\testbsmanager\bin\debug\testbsmanager.dll" id="6084581d-c1f9-9504-dba0-54d785a9e1de">
      <Execution id="a8082c8c-b3fd-459d-8919-caa25c42e6b0" />
      <TestMethod codeBase="C:/Users/vladyslav.gorbatiuk.SYNAPSE/Dropbox/BS_Work/BSWorkSLN/TestBSManager/bin/Debug/TestBSManager.DLL" adapterTypeName="Microsoft.VisualStudio.TestTools.TestTypes.Unit.UnitTestAdapter, Microsoft.VisualStudio.QualityTools.Tips.UnitTest.Adapter, Version=10.0.0.0, Culture=neutral, PublicKeyToken=b03f5f7f11d50a3a" className="TestBSManager.TestLinkComponentsAtPointsMethod, TestBSManager, Version=1.0.0.0, Culture=neutral, PublicKeyToken=null" name="ThrowsComponentsCantBeLinkedExceptionIfComponentsHaveBeenLinkedBefore" />
    </UnitTest>
    <UnitTest name="AddsSuccessorSuccessfully" storage="c:\users\vladyslav.gorbatiuk.synapse\dropbox\bs_work\bsworksln\testbsmanager\bin\debug\testbsmanager.dll" id="4ce2c390-acd6-8b00-b5be-46303b393f74">
      <Execution id="db3106fc-2e1f-4ed5-af21-9d135a8d9798" />
      <TestMethod codeBase="C:/Users/vladyslav.gorbatiuk.SYNAPSE/Dropbox/BS_Work/BSWorkSLN/TestBSManager/bin/Debug/TestBSManager.DLL" adapterTypeName="Microsoft.VisualStudio.TestTools.TestTypes.Unit.UnitTestAdapter, Microsoft.VisualStudio.QualityTools.Tips.UnitTest.Adapter, Version=10.0.0.0, Culture=neutral, PublicKeyToken=b03f5f7f11d50a3a" className="TestBSManager.TestAddSuccessorForComponentMethod, TestBSManager, Version=1.0.0.0, Culture=neutral, PublicKeyToken=null" name="AddsSuccessorSuccessfully" />
    </UnitTest>
    <UnitTest name="ThrowsArgumentException" storage="c:\users\vladyslav.gorbatiuk.synapse\dropbox\bs_work\bsworksln\testbsmanager\bin\debug\testbsmanager.dll" id="40c25e11-287e-714f-5855-14e7ed589667">
      <Execution id="8e032ff3-9f38-42e4-ad46-c861bd679442" />
      <TestMethod codeBase="C:/Users/vladyslav.gorbatiuk.SYNAPSE/Dropbox/BS_Work/BSWorkSLN/TestBSManager/bin/Debug/TestBSManager.DLL" adapterTypeName="Microsoft.VisualStudio.TestTools.TestTypes.Unit.UnitTestAdapter, Microsoft.VisualStudio.QualityTools.Tips.UnitTest.Adapter, Version=10.0.0.0, Culture=neutral, PublicKeyToken=b03f5f7f11d50a3a" className="TestBSManager.TestAddPredecessorsForComponentMethod, TestBSManager, Version=1.0.0.0, Culture=neutral, PublicKeyToken=null" name="ThrowsArgumentException" />
    </UnitTest>
    <UnitTest name="ProcessUnordinaryWindowSizesTest" storage="c:\users\vladyslav.gorbatiuk.synapse\dropbox\bs_work\bsworksln\datapreprocessing\testmedianprocessor\bin\debug\testmedianprocessor.dll" id="1fbe4fc4-4125-8ba2-c054-349323ecb993">
      <Execution id="66870506-6a09-4c52-a873-ae704269fcd5" />
      <TestMethod codeBase="C:/Users/vladyslav.gorbatiuk.SYNAPSE/Dropbox/BS_Work/BSWorkSLN/DataPreprocessing/TestMedianProcessor/bin/Debug/TestMedianProcessor.DLL" adapterTypeName="Microsoft.VisualStudio.TestTools.TestTypes.Unit.UnitTestAdapter, Microsoft.VisualStudio.QualityTools.Tips.UnitTest.Adapter, Version=10.0.0.0, Culture=neutral, PublicKeyToken=b03f5f7f11d50a3a" className="TestMedianProcessor.MedianPreprocessorTest, TestMedianProcessor, Version=1.0.0.0, Culture=neutral, PublicKeyToken=null" name="ProcessUnordinaryWindowSizesTest" />
    </UnitTest>
    <UnitTest name="ProcessUnordinaryWindowSizesTest" storage="c:\users\vladyslav.gorbatiuk.synapse\dropbox\bs_work\bsworksln\datapreprocessing\testmeanprocessor\bin\debug\testmeanprocessor.dll" id="1581adcd-ba83-3a4b-a664-0368187374d1">
      <Execution id="97da69f8-83da-48d5-992d-47d14e7f1b4b" />
      <TestMethod codeBase="C:/Users/vladyslav.gorbatiuk.SYNAPSE/Dropbox/BS_Work/BSWorkSLN/DataPreprocessing/TestMeanProcessor/bin/Debug/TestMeanProcessor.DLL" adapterTypeName="Microsoft.VisualStudio.TestTools.TestTypes.Unit.UnitTestAdapter, Microsoft.VisualStudio.QualityTools.Tips.UnitTest.Adapter, Version=10.0.0.0, Culture=neutral, PublicKeyToken=b03f5f7f11d50a3a" className="TestMeanProcessor.MeanPreprocessorTest, TestMeanProcessor, Version=1.0.0.0, Culture=neutral, PublicKeyToken=null" name="ProcessUnordinaryWindowSizesTest" />
    </UnitTest>
    <UnitTest name="RegressionTests" storage="c:\users\vladyslav.gorbatiuk.synapse\dropbox\bs_work\bsworksln\datapreprocessing\testtukey53hpreprocessor\bin\debug\testtukey53hpreprocessor.dll" id="a8ad0b78-a3ab-6d92-b20b-ec2d378fd148">
      <Execution id="e6c014e2-866a-4448-b218-e26ecc4d93c2" />
      <TestMethod codeBase="C:/Users/vladyslav.gorbatiuk.SYNAPSE/Dropbox/BS_Work/BSWorkSLN/DataPreprocessing/TestTukey53HPreprocessor/bin/Debug/TestTukey53HPreprocessor.DLL" adapterTypeName="Microsoft.VisualStudio.TestTools.TestTypes.Unit.UnitTestAdapter, Microsoft.VisualStudio.QualityTools.Tips.UnitTest.Adapter, Version=10.0.0.0, Culture=neutral, PublicKeyToken=b03f5f7f11d50a3a" className="TestTukey53HPreprocessor.Tukey53HPreprocessorTest, TestTukey53HPreprocessor, Version=1.0.0.0, Culture=neutral, PublicKeyToken=null" name="RegressionTests" />
    </UnitTest>
  </TestDefinitions>
  <TestLists>
    <TestList name="Results Not in a List" id="8c84fa94-04c1-424b-9868-57a2d4851a1d" />
    <TestList name="All Loaded Results" id="19431567-8539-422a-85d7-44ee4e166bda" />
  </TestLists>
  <TestEntries>
    <TestEntry testId="0a5d8a87-71b3-96f7-9b96-d7eb0f7bc09b" executionId="1036519d-aa75-4c88-8f04-6f862c0292b4" testListId="8c84fa94-04c1-424b-9868-57a2d4851a1d" />
    <TestEntry testId="0deb66dc-f3dc-fac4-162d-a6780538cbef" executionId="fc15fa34-8c48-4105-aa05-14d91584f90c" testListId="8c84fa94-04c1-424b-9868-57a2d4851a1d" />
    <TestEntry testId="0f43129b-a67f-8f4b-602b-4316a4b0cbfa" executionId="1fd0fdf0-cb70-43a9-a039-71162e48ee3d" testListId="8c84fa94-04c1-424b-9868-57a2d4851a1d" />
    <TestEntry testId="1581adcd-ba83-3a4b-a664-0368187374d1" executionId="97da69f8-83da-48d5-992d-47d14e7f1b4b" testListId="8c84fa94-04c1-424b-9868-57a2d4851a1d" />
    <TestEntry testId="1875a93a-f552-02e5-6f9e-7740719a86d2" executionId="31a6873b-e725-48a8-ab86-6c408434f347" testListId="8c84fa94-04c1-424b-9868-57a2d4851a1d" />
    <TestEntry testId="1fbe4fc4-4125-8ba2-c054-349323ecb993" executionId="66870506-6a09-4c52-a873-ae704269fcd5" testListId="8c84fa94-04c1-424b-9868-57a2d4851a1d" />
    <TestEntry testId="2386aef6-9eb6-a41d-f1ef-07a4f744d4b5" executionId="6c1971ff-4082-4bf1-8b67-868eb2963136" testListId="8c84fa94-04c1-424b-9868-57a2d4851a1d" />
    <TestEntry testId="287dda4a-d5ba-364d-7fdf-1a25da6443ec" executionId="48dda421-eec3-48b8-a6a5-830eaaea1959" testListId="8c84fa94-04c1-424b-9868-57a2d4851a1d" />
    <TestEntry testId="2bb26128-2f4c-b4db-b328-17ba8e0e6c02" executionId="e793f038-71d3-4a67-b6a5-7afe46332ec8" testListId="8c84fa94-04c1-424b-9868-57a2d4851a1d" />
    <TestEntry testId="31e9081f-f269-9f4a-9ddd-d9d4a7348312" executionId="01184de4-abe5-435f-b919-993dc30838e6" testListId="8c84fa94-04c1-424b-9868-57a2d4851a1d" />
    <TestEntry testId="3c5b0309-a1f9-f2c2-b438-c45b65575fca" executionId="3622f053-0bfe-4022-a1c0-07d14f759aa1" testListId="8c84fa94-04c1-424b-9868-57a2d4851a1d" />
    <TestEntry testId="40c25e11-287e-714f-5855-14e7ed589667" executionId="8e032ff3-9f38-42e4-ad46-c861bd679442" testListId="8c84fa94-04c1-424b-9868-57a2d4851a1d" />
    <TestEntry testId="439e9ef1-8a87-a82e-9093-73787685d86c" executionId="d9f99740-179b-4682-9e09-07d20e773802" testListId="8c84fa94-04c1-424b-9868-57a2d4851a1d" />
    <TestEntry testId="4ce2c390-acd6-8b00-b5be-46303b393f74" executionId="db3106fc-2e1f-4ed5-af21-9d135a8d9798" testListId="8c84fa94-04c1-424b-9868-57a2d4851a1d" />
    <TestEntry testId="53d2e57f-3026-8931-7e68-12c97cc465b8" executionId="e1da602b-2b88-46e6-8734-831392323d12" testListId="8c84fa94-04c1-424b-9868-57a2d4851a1d" />
    <TestEntry testId="57baecd8-f2b7-9d78-5a55-40480ac493a3" executionId="e03acd0c-703b-4248-9129-cf2d58e13c32" testListId="8c84fa94-04c1-424b-9868-57a2d4851a1d" />
    <TestEntry testId="6084581d-c1f9-9504-dba0-54d785a9e1de" executionId="a8082c8c-b3fd-459d-8919-caa25c42e6b0" testListId="8c84fa94-04c1-424b-9868-57a2d4851a1d" />
    <TestEntry testId="6634bd6d-d6d6-93a3-d60a-d76d14393e50" executionId="3dc7f429-b1c9-4e7f-8222-e781a195ed2c" testListId="8c84fa94-04c1-424b-9868-57a2d4851a1d" />
    <TestEntry testId="714cc709-4fc1-c7d4-c5e7-561e8727673d" executionId="e3194ed8-ce36-4ae6-8be9-e7417a4accc9" testListId="8c84fa94-04c1-424b-9868-57a2d4851a1d" />
    <TestEntry testId="767bb09f-9122-5b4d-66a2-f71cc61e4596" executionId="f6cbd324-74b6-46ed-9b92-f0582cb980a4" testListId="8c84fa94-04c1-424b-9868-57a2d4851a1d" />
    <TestEntry testId="77e211d6-689f-6075-dafa-c0e9e873d88e" executionId="d750c2d6-d06d-4b93-8876-a7fb6539e051" testListId="8c84fa94-04c1-424b-9868-57a2d4851a1d" />
    <TestEntry testId="7a04a3b1-aa99-37f5-711b-4215e2a38353" executionId="497e1391-da1a-4565-b347-e0dc9b968d5a" testListId="8c84fa94-04c1-424b-9868-57a2d4851a1d" />
    <TestEntry testId="7adc5048-9fc6-28b1-020d-2cab5e2848a1" executionId="92153098-bdbd-412c-ab20-71fc9f0ac891" testListId="8c84fa94-04c1-424b-9868-57a2d4851a1d" />
    <TestEntry testId="8d29bffa-1c1f-3514-19be-f7c339a8d80a" executionId="debdcad5-c668-4042-9121-f54fa715fa04" testListId="8c84fa94-04c1-424b-9868-57a2d4851a1d" />
    <TestEntry testId="998fee1e-2376-fa93-e67e-ac5c0c37d915" executionId="54433963-8f4a-4723-8aeb-21b78a7c00f8" testListId="8c84fa94-04c1-424b-9868-57a2d4851a1d" />
    <TestEntry testId="a8ad0b78-a3ab-6d92-b20b-ec2d378fd148" executionId="e6c014e2-866a-4448-b218-e26ecc4d93c2" testListId="8c84fa94-04c1-424b-9868-57a2d4851a1d" />
    <TestEntry testId="ae43ffa7-6f12-dd48-8cb2-c1113ab62f04" executionId="d3166a9d-2d1d-442d-a1f4-671d77465048" testListId="8c84fa94-04c1-424b-9868-57a2d4851a1d" />
    <TestEntry testId="b70fa8fe-1a28-fd41-7501-f5b3ec0ddfb6" executionId="54de092a-772b-458d-a0a6-a09b1fa815c8" testListId="8c84fa94-04c1-424b-9868-57a2d4851a1d" />
    <TestEntry testId="c1afeb03-2e4d-7ec4-7311-eae06cb26823" executionId="33f4f09f-d21d-4fe6-9cd9-a8d8375ce35e" testListId="8c84fa94-04c1-424b-9868-57a2d4851a1d" />
    <TestEntry testId="cc4bf252-30c5-8259-81d1-11d0e5d49a7e" executionId="5b7ff855-deba-4cc1-af98-18e1646b7a4e" testListId="8c84fa94-04c1-424b-9868-57a2d4851a1d" />
    <TestEntry testId="cd0dc327-014e-e0d7-4f97-12b6f09d6f3a" executionId="6f36ee75-bbbd-477c-9b78-a954f4cbc9d7" testListId="8c84fa94-04c1-424b-9868-57a2d4851a1d" />
    <TestEntry testId="cd384c3b-0762-84cc-c9ff-0a1cf45f5179" executionId="15aed156-c4c4-42e2-914b-de5ea9de60a4" testListId="8c84fa94-04c1-424b-9868-57a2d4851a1d" />
    <TestEntry testId="d132dbb6-21c4-eca4-4e92-1ad53fb6b9d5" executionId="dbf8b584-a9c5-4caf-80d5-2673ed4bc2ea" testListId="8c84fa94-04c1-424b-9868-57a2d4851a1d" />
    <TestEntry testId="d2f1dd7c-8b39-ee24-bffa-827116cf1716" executionId="65d9b5cd-8bc8-49f2-b543-7ad6465701e1" testListId="8c84fa94-04c1-424b-9868-57a2d4851a1d" />
    <TestEntry testId="d6d3d0b6-8f9f-4871-0b45-3e9556e452bd" executionId="5e181d9c-e169-4e49-8bf9-659284ea2054" testListId="8c84fa94-04c1-424b-9868-57a2d4851a1d" />
    <TestEntry testId="d9769cdc-f8a5-63ad-d384-6bca4bf5b519" executionId="a9f30881-3c5e-45eb-85c7-a04aa441a551" testListId="8c84fa94-04c1-424b-9868-57a2d4851a1d" />
    <TestEntry testId="e1b6011b-ed00-b6a9-ca3b-a2ecc7a442f8" executionId="ff61a110-b1ce-42de-b634-0505c03abb6e" testListId="8c84fa94-04c1-424b-9868-57a2d4851a1d" />
    <TestEntry testId="e4c3f4e3-9eeb-063e-cd56-570432f53cee" executionId="e6c83c9d-4d58-4ce6-86cb-7cea74be24e6" testListId="8c84fa94-04c1-424b-9868-57a2d4851a1d" />
    <TestEntry testId="ea4b6903-0b66-8ac4-269c-13a025c66551" executionId="5607f31e-e5af-45d8-b424-527d868b767a" testListId="8c84fa94-04c1-424b-9868-57a2d4851a1d" />
    <TestEntry testId="ecb9b643-bcda-dab7-25a3-1d531a237234" executionId="98b85d72-c8a6-4ba1-89a7-be3fcd1ba3c4" testListId="8c84fa94-04c1-424b-9868-57a2d4851a1d" />
    <TestEntry testId="f1f6b764-199c-eb93-28c5-45e776878a29" executionId="001e34ab-6e39-491a-b8e7-c31809b830fb" testListId="8c84fa94-04c1-424b-9868-57a2d4851a1d" />
    <TestEntry testId="f5c49dd7-5c11-ba57-d456-2238bd64584d" executionId="a801f4bb-05fb-446c-9e40-94f496ffb821" testListId="8c84fa94-04c1-424b-9868-57a2d4851a1d" />
    <TestEntry testId="f99d417c-f78f-9832-fd6a-5cf102fe28c7" executionId="df5f32e6-06ed-4e1a-a1a0-d18f2f0ff4c8" testListId="8c84fa94-04c1-424b-9868-57a2d4851a1d" />
  </TestEntries>
  <Results>
    <UnitTestResult executionId="1036519d-aa75-4c88-8f04-6f862c0292b4" testId="0a5d8a87-71b3-96f7-9b96-d7eb0f7bc09b" testName="WeightedAverageConstructorGeneralTest" computerName="KBP1-DHP-F24209" duration="00:00:00.0758790" startTime="2013-02-28T11:52:03.0305392+02:00" endTime="2013-02-28T11:52:04.8727234+02:00" testType="13cdc9d9-ddb5-4fa4-a97d-d965ccfc6d4b" outcome="Passed" testListId="8c84fa94-04c1-424b-9868-57a2d4851a1d" relativeResultsDirectory="1036519d-aa75-4c88-8f04-6f862c0292b4">
    </UnitTestResult>
    <UnitTestResult executionId="fc15fa34-8c48-4105-aa05-14d91584f90c" testId="0deb66dc-f3dc-fac4-162d-a6780538cbef" testName="WeightedAverageConstructorCalculatesWeightsSumCorrectlyTest" computerName="KBP1-DHP-F24209" duration="00:00:00.0005982" startTime="2013-02-28T11:52:04.8897251+02:00" endTime="2013-02-28T11:52:04.8957257+02:00" testType="13cdc9d9-ddb5-4fa4-a97d-d965ccfc6d4b" outcome="Passed" testListId="8c84fa94-04c1-424b-9868-57a2d4851a1d" relativeResultsDirectory="fc15fa34-8c48-4105-aa05-14d91584f90c">
    </UnitTestResult>
    <UnitTestResult executionId="1fd0fdf0-cb70-43a9-a039-71162e48ee3d" testId="0f43129b-a67f-8f4b-602b-4316a4b0cbfa" testName="ProcessMedianForEvenWindowSizeTest" computerName="KBP1-DHP-F24209" duration="00:00:00.2184109" startTime="2013-02-28T11:52:04.9137275+02:00" endTime="2013-02-28T11:52:06.0818443+02:00" testType="13cdc9d9-ddb5-4fa4-a97d-d965ccfc6d4b" outcome="Passed" testListId="8c84fa94-04c1-424b-9868-57a2d4851a1d" relativeResultsDirectory="1fd0fdf0-cb70-43a9-a039-71162e48ee3d">
    </UnitTestResult>
    <UnitTestResult executionId="97da69f8-83da-48d5-992d-47d14e7f1b4b" testId="1581adcd-ba83-3a4b-a664-0368187374d1" testName="ProcessUnordinaryWindowSizesTest" computerName="KBP1-DHP-F24209" duration="00:00:00.0379693" startTime="2013-02-28T11:52:06.0958457+02:00" endTime="2013-02-28T11:52:07.0729434+02:00" testType="13cdc9d9-ddb5-4fa4-a97d-d965ccfc6d4b" outcome="Passed" testListId="8c84fa94-04c1-424b-9868-57a2d4851a1d" relativeResultsDirectory="97da69f8-83da-48d5-992d-47d14e7f1b4b">
    </UnitTestResult>
    <UnitTestResult executionId="31a6873b-e725-48a8-ab86-6c408434f347" testId="1875a93a-f552-02e5-6f9e-7740719a86d2" testName="ProcessTest" computerName="KBP1-DHP-F24209" duration="00:00:00.0004060" startTime="2013-02-28T11:52:07.0839445+02:00" endTime="2013-02-28T11:52:07.0899451+02:00" testType="13cdc9d9-ddb5-4fa4-a97d-d965ccfc6d4b" outcome="Passed" testListId="8c84fa94-04c1-424b-9868-57a2d4851a1d" relativeResultsDirectory="31a6873b-e725-48a8-ab86-6c408434f347">
    </UnitTestResult>
    <UnitTestResult executionId="66870506-6a09-4c52-a873-ae704269fcd5" testId="1fbe4fc4-4125-8ba2-c054-349323ecb993" testName="ProcessUnordinaryWindowSizesTest" computerName="KBP1-DHP-F24209" duration="00:00:00.0003983" startTime="2013-02-28T11:52:07.1009462+02:00" endTime="2013-02-28T11:52:07.1059467+02:00" testType="13cdc9d9-ddb5-4fa4-a97d-d965ccfc6d4b" outcome="Passed" testListId="8c84fa94-04c1-424b-9868-57a2d4851a1d" relativeResultsDirectory="66870506-6a09-4c52-a873-ae704269fcd5">
    </UnitTestResult>
    <UnitTestResult executionId="6c1971ff-4082-4bf1-8b67-868eb2963136" testId="2386aef6-9eb6-a41d-f1ef-07a4f744d4b5" testName="ThrowsKeyNotFoundException" computerName="KBP1-DHP-F24209" duration="00:00:00.5925497" startTime="2013-02-28T11:52:07.1179479+02:00" endTime="2013-02-28T11:52:08.6891050+02:00" testType="13cdc9d9-ddb5-4fa4-a97d-d965ccfc6d4b" outcome="Passed" testListId="8c84fa94-04c1-424b-9868-57a2d4851a1d" relativeResultsDirectory="6c1971ff-4082-4bf1-8b67-868eb2963136">
    </UnitTestResult>
    <UnitTestResult executionId="48dda421-eec3-48b8-a6a5-830eaaea1959" testId="287dda4a-d5ba-364d-7fdf-1a25da6443ec" testName="AddsNewComponentCorrectly" computerName="KBP1-DHP-F24209" duration="00:00:00.1113653" startTime="2013-02-28T11:52:08.7021063+02:00" endTime="2013-02-28T11:52:08.8191180+02:00" testType="13cdc9d9-ddb5-4fa4-a97d-d965ccfc6d4b" outcome="Passed" testListId="8c84fa94-04c1-424b-9868-57a2d4851a1d" relativeResultsDirectory="48dda421-eec3-48b8-a6a5-830eaaea1959">
    </UnitTestResult>
    <UnitTestResult executionId="e793f038-71d3-4a67-b6a5-7afe46332ec8" testId="2bb26128-2f4c-b4db-b328-17ba8e0e6c02" testName="WorksCorrectlyIfNoComponentMatches" computerName="KBP1-DHP-F24209" duration="00:00:00.0019550" startTime="2013-02-28T11:52:08.8311192+02:00" endTime="2013-02-28T11:52:08.8381199+02:00" testType="13cdc9d9-ddb5-4fa4-a97d-d965ccfc6d4b" outcome="Passed" testListId="8c84fa94-04c1-424b-9868-57a2d4851a1d" relativeResultsDirectory="e793f038-71d3-4a67-b6a5-7afe46332ec8">
    </UnitTestResult>
    <UnitTestResult executionId="01184de4-abe5-435f-b919-993dc30838e6" testId="31e9081f-f269-9f4a-9ddd-d9d4a7348312" testName="ThrowsArgumentNullExceptionForNullArgument" computerName="KBP1-DHP-F24209" duration="00:00:00.1140289" startTime="2013-02-28T11:52:08.8431204+02:00" endTime="2013-02-28T11:52:09.9112272+02:00" testType="13cdc9d9-ddb5-4fa4-a97d-d965ccfc6d4b" outcome="Passed" testListId="8c84fa94-04c1-424b-9868-57a2d4851a1d" relativeResultsDirectory="01184de4-abe5-435f-b919-993dc30838e6">
    </UnitTestResult>
    <UnitTestResult executionId="3622f053-0bfe-4022-a1c0-07d14f759aa1" testId="3c5b0309-a1f9-f2c2-b438-c45b65575fca" testName="GetBSDataObjectForStreamTest" computerName="KBP1-DHP-F24209" duration="00:00:00.0586611" startTime="2013-02-28T11:52:09.9222283+02:00" endTime="2013-02-28T11:52:10.9253286+02:00" testType="13cdc9d9-ddb5-4fa4-a97d-d965ccfc6d4b" outcome="Passed" testListId="8c84fa94-04c1-424b-9868-57a2d4851a1d" relativeResultsDirectory="3622f053-0bfe-4022-a1c0-07d14f759aa1">
    </UnitTestResult>
    <UnitTestResult executionId="8e032ff3-9f38-42e4-ad46-c861bd679442" testId="40c25e11-287e-714f-5855-14e7ed589667" testName="ThrowsArgumentException" computerName="KBP1-DHP-F24209" duration="00:00:00.0166251" startTime="2013-02-28T11:52:10.9343295+02:00" endTime="2013-02-28T11:52:10.9583319+02:00" testType="13cdc9d9-ddb5-4fa4-a97d-d965ccfc6d4b" outcome="Passed" testListId="8c84fa94-04c1-424b-9868-57a2d4851a1d" relativeResultsDirectory="8e032ff3-9f38-42e4-ad46-c861bd679442">
    </UnitTestResult>
    <UnitTestResult executionId="d9f99740-179b-4682-9e09-07d20e773802" testId="439e9ef1-8a87-a82e-9093-73787685d86c" testName="ThrowsFileNotFoundException" computerName="KBP1-DHP-F24209" duration="00:00:00.0301064" startTime="2013-02-28T11:52:10.9663327+02:00" endTime="2013-02-28T11:52:11.0013362+02:00" testType="13cdc9d9-ddb5-4fa4-a97d-d965ccfc6d4b" outcome="Passed" testListId="8c84fa94-04c1-424b-9868-57a2d4851a1d" relativeResultsDirectory="d9f99740-179b-4682-9e09-07d20e773802">
    </UnitTestResult>
    <UnitTestResult executionId="db3106fc-2e1f-4ed5-af21-9d135a8d9798" testId="4ce2c390-acd6-8b00-b5be-46303b393f74" testName="AddsSuccessorSuccessfully" computerName="KBP1-DHP-F24209" duration="00:00:00.0012647" startTime="2013-02-28T11:52:11.0073368+02:00" endTime="2013-02-28T11:52:11.0163377+02:00" testType="13cdc9d9-ddb5-4fa4-a97d-d965ccfc6d4b" outcome="Passed" testListId="8c84fa94-04c1-424b-9868-57a2d4851a1d" relativeResultsDirectory="db3106fc-2e1f-4ed5-af21-9d135a8d9798">
    </UnitTestResult>
    <UnitTestResult executionId="e1da602b-2b88-46e6-8734-831392323d12" testId="53d2e57f-3026-8931-7e68-12c97cc465b8" testName="ThrowsComponentsCantBeLinkedExceptionIfComponentsAreOfIncorrectType" computerName="KBP1-DHP-F24209" duration="00:00:00.0423702" startTime="2013-02-28T11:52:11.0223383+02:00" endTime="2013-02-28T11:52:11.0693430+02:00" testType="13cdc9d9-ddb5-4fa4-a97d-d965ccfc6d4b" outcome="Passed" testListId="8c84fa94-04c1-424b-9868-57a2d4851a1d" relativeResultsDirectory="e1da602b-2b88-46e6-8734-831392323d12">
    </UnitTestResult>
    <UnitTestResult executionId="e03acd0c-703b-4248-9129-cf2d58e13c32" testId="57baecd8-f2b7-9d78-5a55-40480ac493a3" testName="General" computerName="KBP1-DHP-F24209" duration="00:00:00.0070253" startTime="2013-02-28T11:52:11.0753436+02:00" endTime="2013-02-28T11:52:11.0863447+02:00" testType="13cdc9d9-ddb5-4fa4-a97d-d965ccfc6d4b" outcome="Passed" testListId="8c84fa94-04c1-424b-9868-57a2d4851a1d" relativeResultsDirectory="e03acd0c-703b-4248-9129-cf2d58e13c32">
    </UnitTestResult>
    <UnitTestResult executionId="a8082c8c-b3fd-459d-8919-caa25c42e6b0" testId="6084581d-c1f9-9504-dba0-54d785a9e1de" testName="ThrowsComponentsCantBeLinkedExceptionIfComponentsHaveBeenLinkedBefore" computerName="KBP1-DHP-F24209" duration="00:00:00.0151547" startTime="2013-02-28T11:52:11.0923453+02:00" endTime="2013-02-28T11:52:11.1123473+02:00" testType="13cdc9d9-ddb5-4fa4-a97d-d965ccfc6d4b" outcome="Passed" testListId="8c84fa94-04c1-424b-9868-57a2d4851a1d" relativeResultsDirectory="a8082c8c-b3fd-459d-8919-caa25c42e6b0">
    </UnitTestResult>
    <UnitTestResult executionId="3dc7f429-b1c9-4e7f-8222-e781a195ed2c" testId="6634bd6d-d6d6-93a3-d60a-d76d14393e50" testName="ReturnsSuccessorsCorrectly" computerName="KBP1-DHP-F24209" duration="00:00:00.0003461" startTime="2013-02-28T11:52:11.1183479+02:00" endTime="2013-02-28T11:52:11.1243485+02:00" testType="13cdc9d9-ddb5-4fa4-a97d-d965ccfc6d4b" outcome="Passed" testListId="8c84fa94-04c1-424b-9868-57a2d4851a1d" relativeResultsDirectory="3dc7f429-b1c9-4e7f-8222-e781a195ed2c">
    </UnitTestResult>
    <UnitTestResult executionId="e3194ed8-ce36-4ae6-8be9-e7417a4accc9" testId="714cc709-4fc1-c7d4-c5e7-561e8727673d" testName="DeNormalizeGeneralCorrectnessTest" computerName="KBP1-DHP-F24209" duration="00:00:00.2564438" startTime="2013-02-28T11:52:11.1303491+02:00" endTime="2013-02-28T11:52:12.3444705+02:00" testType="13cdc9d9-ddb5-4fa4-a97d-d965ccfc6d4b" outcome="Passed" testListId="8c84fa94-04c1-424b-9868-57a2d4851a1d" relativeResultsDirectory="e3194ed8-ce36-4ae6-8be9-e7417a4accc9">
    </UnitTestResult>
    <UnitTestResult executionId="f6cbd324-74b6-46ed-9b92-f0582cb980a4" testId="767bb09f-9122-5b4d-66a2-f71cc61e4596" testName="ReturnsPredecessorsCorrectly" computerName="KBP1-DHP-F24209" duration="00:00:00.0010588" startTime="2013-02-28T11:52:12.3644725+02:00" endTime="2013-02-28T11:52:12.3704731+02:00" testType="13cdc9d9-ddb5-4fa4-a97d-d965ccfc6d4b" outcome="Passed" testListId="8c84fa94-04c1-424b-9868-57a2d4851a1d" relativeResultsDirectory="f6cbd324-74b6-46ed-9b92-f0582cb980a4">
    </UnitTestResult>
    <UnitTestResult executionId="d750c2d6-d06d-4b93-8876-a7fb6539e051" testId="77e211d6-689f-6075-dafa-c0e9e873d88e" testName="AddsPredecessorsSuccessfully" computerName="KBP1-DHP-F24209" duration="00:00:00.0001748" startTime="2013-02-28T11:52:12.3774738+02:00" endTime="2013-02-28T11:52:12.3834744+02:00" testType="13cdc9d9-ddb5-4fa4-a97d-d965ccfc6d4b" outcome="Passed" testListId="8c84fa94-04c1-424b-9868-57a2d4851a1d" relativeResultsDirectory="d750c2d6-d06d-4b93-8876-a7fb6539e051">
    </UnitTestResult>
    <UnitTestResult executionId="497e1391-da1a-4565-b347-e0dc9b968d5a" testId="7a04a3b1-aa99-37f5-711b-4215e2a38353" testName="ThrowsArgumentNullException" computerName="KBP1-DHP-F24209" duration="00:00:00.0489557" startTime="2013-02-28T11:52:12.3904751+02:00" endTime="2013-02-28T11:52:12.4474808+02:00" testType="13cdc9d9-ddb5-4fa4-a97d-d965ccfc6d4b" outcome="Passed" testListId="8c84fa94-04c1-424b-9868-57a2d4851a1d" relativeResultsDirectory="497e1391-da1a-4565-b347-e0dc9b968d5a">
    </UnitTestResult>
    <UnitTestResult executionId="92153098-bdbd-412c-ab20-71fc9f0ac891" testId="7adc5048-9fc6-28b1-020d-2cab5e2848a1" testName="ProcessTest" computerName="KBP1-DHP-F24209" duration="00:00:00.0129908" startTime="2013-02-28T11:52:12.4564817+02:00" endTime="2013-02-28T11:52:12.4754836+02:00" testType="13cdc9d9-ddb5-4fa4-a97d-d965ccfc6d4b" outcome="Passed" testListId="8c84fa94-04c1-424b-9868-57a2d4851a1d" relativeResultsDirectory="92153098-bdbd-412c-ab20-71fc9f0ac891">
    </UnitTestResult>
    <UnitTestResult executionId="debdcad5-c668-4042-9121-f54fa715fa04" testId="8d29bffa-1c1f-3514-19be-f7c339a8d80a" testName="ReturnsEmptyList" computerName="KBP1-DHP-F24209" duration="00:00:00.0004756" startTime="2013-02-28T11:52:12.4814842+02:00" endTime="2013-02-28T11:52:12.4874848+02:00" testType="13cdc9d9-ddb5-4fa4-a97d-d965ccfc6d4b" outcome="Passed" testListId="8c84fa94-04c1-424b-9868-57a2d4851a1d" relativeResultsDirectory="debdcad5-c668-4042-9121-f54fa715fa04">
    </UnitTestResult>
    <UnitTestResult executionId="54433963-8f4a-4723-8aeb-21b78a7c00f8" testId="998fee1e-2376-fa93-e67e-ac5c0c37d915" testName="ProcessTest" computerName="KBP1-DHP-F24209" duration="00:00:00.0004118" startTime="2013-02-28T11:52:12.4944855+02:00" endTime="2013-02-28T11:52:12.5004861+02:00" testType="13cdc9d9-ddb5-4fa4-a97d-d965ccfc6d4b" outcome="Passed" testListId="8c84fa94-04c1-424b-9868-57a2d4851a1d" relativeResultsDirectory="54433963-8f4a-4723-8aeb-21b78a7c00f8">
    </UnitTestResult>
    <UnitTestResult executionId="e6c014e2-866a-4448-b218-e26ecc4d93c2" testId="a8ad0b78-a3ab-6d92-b20b-ec2d378fd148" testName="RegressionTests" computerName="KBP1-DHP-F24209" duration="00:00:00.0722723" startTime="2013-02-28T11:52:12.5084869+02:00" endTime="2013-02-28T11:52:13.5695930+02:00" testType="13cdc9d9-ddb5-4fa4-a97d-d965ccfc6d4b" outcome="Passed" testListId="8c84fa94-04c1-424b-9868-57a2d4851a1d" relativeResultsDirectory="e6c014e2-866a-4448-b218-e26ecc4d93c2">
    </UnitTestResult>
    <UnitTestResult executionId="d3166a9d-2d1d-442d-a1f4-671d77465048" testId="ae43ffa7-6f12-dd48-8cb2-c1113ab62f04" testName="WorksCorrectlyIfComponentExists" computerName="KBP1-DHP-F24209" duration="00:00:00.0013600" startTime="2013-02-28T11:52:13.5885949+02:00" endTime="2013-02-28T11:52:13.5935954+02:00" testType="13cdc9d9-ddb5-4fa4-a97d-d965ccfc6d4b" outcome="Passed" testListId="8c84fa94-04c1-424b-9868-57a2d4851a1d" relativeResultsDirectory="d3166a9d-2d1d-442d-a1f4-671d77465048">
    </UnitTestResult>
    <UnitTestResult executionId="54de092a-772b-458d-a0a6-a09b1fa815c8" testId="b70fa8fe-1a28-fd41-7501-f5b3ec0ddfb6" testName="ReturnsEmptyList" computerName="KBP1-DHP-F24209" duration="00:00:00.0004134" startTime="2013-02-28T11:52:13.6055966+02:00" endTime="2013-02-28T11:52:13.6145975+02:00" testType="13cdc9d9-ddb5-4fa4-a97d-d965ccfc6d4b" outcome="Passed" testListId="8c84fa94-04c1-424b-9868-57a2d4851a1d" relativeResultsDirectory="54de092a-772b-458d-a0a6-a09b1fa815c8">
    </UnitTestResult>
    <UnitTestResult executionId="33f4f09f-d21d-4fe6-9cd9-a8d8375ce35e" testId="c1afeb03-2e4d-7ec4-7311-eae06cb26823" testName="WeightedAverageConstructorThrowsExceptionTest" computerName="KBP1-DHP-F24209" duration="00:00:00.0206516" startTime="2013-02-28T11:52:13.6295990+02:00" endTime="2013-02-28T11:52:13.6546015+02:00" testType="13cdc9d9-ddb5-4fa4-a97d-d965ccfc6d4b" outcome="Passed" testListId="8c84fa94-04c1-424b-9868-57a2d4851a1d" relativeResultsDirectory="33f4f09f-d21d-4fe6-9cd9-a8d8375ce35e">
    </UnitTestResult>
    <UnitTestResult executionId="5b7ff855-deba-4cc1-af98-18e1646b7a4e" testId="cc4bf252-30c5-8259-81d1-11d0e5d49a7e" testName="ThrowsKeyNotFoundException" computerName="KBP1-DHP-F24209" duration="00:00:00.0143403" startTime="2013-02-28T11:52:13.6666027+02:00" endTime="2013-02-28T11:52:13.6856046+02:00" testType="13cdc9d9-ddb5-4fa4-a97d-d965ccfc6d4b" outcome="Passed" testListId="8c84fa94-04c1-424b-9868-57a2d4851a1d" relativeResultsDirectory="5b7ff855-deba-4cc1-af98-18e1646b7a4e">
    </UnitTestResult>
    <UnitTestResult executionId="6f36ee75-bbbd-477c-9b78-a954f4cbc9d7" testId="cd0dc327-014e-e0d7-4f97-12b6f09d6f3a" testName="LinksComponentsSuccessfullyIfEverythingIsGood" computerName="KBP1-DHP-F24209" duration="00:00:00.0005671" startTime="2013-02-28T11:52:13.6966057+02:00" endTime="2013-02-28T11:52:13.7036064+02:00" testType="13cdc9d9-ddb5-4fa4-a97d-d965ccfc6d4b" outcome="Passed" testListId="8c84fa94-04c1-424b-9868-57a2d4851a1d" relativeResultsDirectory="6f36ee75-bbbd-477c-9b78-a954f4cbc9d7">
    </UnitTestResult>
    <UnitTestResult executionId="15aed156-c4c4-42e2-914b-de5ea9de60a4" testId="cd384c3b-0762-84cc-c9ff-0a1cf45f5179" testName="MeanPreprocessorConstructorWindowSizeOnlyPositiveTest" computerName="KBP1-DHP-F24209" duration="00:00:00.0198099" startTime="2013-02-28T11:52:13.7116072+02:00" endTime="2013-02-28T11:52:13.7366097+02:00" testType="13cdc9d9-ddb5-4fa4-a97d-d965ccfc6d4b" outcome="Passed" testListId="8c84fa94-04c1-424b-9868-57a2d4851a1d" relativeResultsDirectory="15aed156-c4c4-42e2-914b-de5ea9de60a4">
    </UnitTestResult>
    <UnitTestResult executionId="dbf8b584-a9c5-4caf-80d5-2673ed4bc2ea" testId="d132dbb6-21c4-eca4-4e92-1ad53fb6b9d5" testName="ProcessTest" computerName="KBP1-DHP-F24209" duration="00:00:00.0009789" startTime="2013-02-28T11:52:13.7426103+02:00" endTime="2013-02-28T11:52:13.7486109+02:00" testType="13cdc9d9-ddb5-4fa4-a97d-d965ccfc6d4b" outcome="Passed" testListId="8c84fa94-04c1-424b-9868-57a2d4851a1d" relativeResultsDirectory="dbf8b584-a9c5-4caf-80d5-2673ed4bc2ea">
    </UnitTestResult>
    <UnitTestResult executionId="65d9b5cd-8bc8-49f2-b543-7ad6465701e1" testId="d2f1dd7c-8b39-ee24-bffa-827116cf1716" testName="ThrowsKeyNotFoundException" computerName="KBP1-DHP-F24209" duration="00:00:00.0133158" startTime="2013-02-28T11:52:13.7546115+02:00" endTime="2013-02-28T11:52:13.7736134+02:00" testType="13cdc9d9-ddb5-4fa4-a97d-d965ccfc6d4b" outcome="Passed" testListId="8c84fa94-04c1-424b-9868-57a2d4851a1d" relativeResultsDirectory="65d9b5cd-8bc8-49f2-b543-7ad6465701e1">
    </UnitTestResult>
    <UnitTestResult executionId="5e181d9c-e169-4e49-8bf9-659284ea2054" testId="d6d3d0b6-8f9f-4871-0b45-3e9556e452bd" testName="MeanPreprocessorConstructorTest" computerName="KBP1-DHP-F24209" duration="00:00:00.0004465" startTime="2013-02-28T11:52:13.7796140+02:00" endTime="2013-02-28T11:52:13.7846145+02:00" testType="13cdc9d9-ddb5-4fa4-a97d-d965ccfc6d4b" outcome="Passed" testListId="8c84fa94-04c1-424b-9868-57a2d4851a1d" relativeResultsDirectory="5e181d9c-e169-4e49-8bf9-659284ea2054">
    </UnitTestResult>
    <UnitTestResult executionId="a9f30881-3c5e-45eb-85c7-a04aa441a551" testId="d9769cdc-f8a5-63ad-d384-6bca4bf5b519" testName="ProcessTest" computerName="KBP1-DHP-F24209" duration="00:00:00.1782915" startTime="2013-02-28T11:52:13.7926153+02:00" endTime="2013-02-28T11:52:14.9207281+02:00" testType="13cdc9d9-ddb5-4fa4-a97d-d965ccfc6d4b" outcome="Passed" testListId="8c84fa94-04c1-424b-9868-57a2d4851a1d" relativeResultsDirectory="a9f30881-3c5e-45eb-85c7-a04aa441a551">
    </UnitTestResult>
    <UnitTestResult executionId="ff61a110-b1ce-42de-b634-0505c03abb6e" testId="e1b6011b-ed00-b6a9-ca3b-a2ecc7a442f8" testName="MedianPreprocessorConstructorWindowSizeOnlyPositiveTest" computerName="KBP1-DHP-F24209" duration="00:00:00.0207462" startTime="2013-02-28T11:52:14.9357296+02:00" endTime="2013-02-28T11:52:14.9617322+02:00" testType="13cdc9d9-ddb5-4fa4-a97d-d965ccfc6d4b" outcome="Passed" testListId="8c84fa94-04c1-424b-9868-57a2d4851a1d" relativeResultsDirectory="ff61a110-b1ce-42de-b634-0505c03abb6e">
    </UnitTestResult>
    <UnitTestResult executionId="e6c83c9d-4d58-4ce6-86cb-7cea74be24e6" testId="e4c3f4e3-9eeb-063e-cd56-570432f53cee" testName="MedianPreprocessorConstructorTest" computerName="KBP1-DHP-F24209" duration="00:00:00.0003611" startTime="2013-02-28T11:52:14.9847345+02:00" endTime="2013-02-28T11:52:14.9897350+02:00" testType="13cdc9d9-ddb5-4fa4-a97d-d965ccfc6d4b" outcome="Passed" testListId="8c84fa94-04c1-424b-9868-57a2d4851a1d" relativeResultsDirectory="e6c83c9d-4d58-4ce6-86cb-7cea74be24e6">
    </UnitTestResult>
    <UnitTestResult executionId="5607f31e-e5af-45d8-b424-527d868b767a" testId="ea4b6903-0b66-8ac4-269c-13a025c66551" testName="ThrowsArgumentException" computerName="KBP1-DHP-F24209" duration="00:00:00.0138136" startTime="2013-02-28T11:52:15.0017362+02:00" endTime="2013-02-28T11:52:15.0197380+02:00" testType="13cdc9d9-ddb5-4fa4-a97d-d965ccfc6d4b" outcome="Passed" testListId="8c84fa94-04c1-424b-9868-57a2d4851a1d" relativeResultsDirectory="5607f31e-e5af-45d8-b424-527d868b767a">
    </UnitTestResult>
    <UnitTestResult executionId="98b85d72-c8a6-4ba1-89a7-be3fcd1ba3c4" testId="ecb9b643-bcda-dab7-25a3-1d531a237234" testName="GeneralCorrectnessTest" computerName="KBP1-DHP-F24209" duration="00:00:00.0004753" startTime="2013-02-28T11:52:15.0297390+02:00" endTime="2013-02-28T11:52:15.0367397+02:00" testType="13cdc9d9-ddb5-4fa4-a97d-d965ccfc6d4b" outcome="Passed" testListId="8c84fa94-04c1-424b-9868-57a2d4851a1d" relativeResultsDirectory="98b85d72-c8a6-4ba1-89a7-be3fcd1ba3c4">
    </UnitTestResult>
    <UnitTestResult executionId="001e34ab-6e39-491a-b8e7-c31809b830fb" testId="f1f6b764-199c-eb93-28c5-45e776878a29" testName="ThrowsArgumentNullException" computerName="KBP1-DHP-F24209" duration="00:00:00.0134168" startTime="2013-02-28T11:52:15.0437404+02:00" endTime="2013-02-28T11:52:15.0657426+02:00" testType="13cdc9d9-ddb5-4fa4-a97d-d965ccfc6d4b" outcome="Passed" testListId="8c84fa94-04c1-424b-9868-57a2d4851a1d" relativeResultsDirectory="001e34ab-6e39-491a-b8e7-c31809b830fb">
    </UnitTestResult>
    <UnitTestResult executionId="a801f4bb-05fb-446c-9e40-94f496ffb821" testId="f5c49dd7-5c11-ba57-d456-2238bd64584d" testName="AddsNewComponentSuccessfully" computerName="KBP1-DHP-F24209" duration="00:00:00.0008012" startTime="2013-02-28T11:52:15.0737434+02:00" endTime="2013-02-28T11:52:15.0807441+02:00" testType="13cdc9d9-ddb5-4fa4-a97d-d965ccfc6d4b" outcome="Passed" testListId="8c84fa94-04c1-424b-9868-57a2d4851a1d" relativeResultsDirectory="a801f4bb-05fb-446c-9e40-94f496ffb821">
    </UnitTestResult>
    <UnitTestResult executionId="df5f32e6-06ed-4e1a-a1a0-d18f2f0ff4c8" testId="f99d417c-f78f-9832-fd6a-5cf102fe28c7" testName="DataObjectConstructorTest" computerName="KBP1-DHP-F24209" duration="00:00:00.0439583" startTime="2013-02-28T11:52:15.0867447+02:00" endTime="2013-02-28T11:52:16.0618422+02:00" testType="13cdc9d9-ddb5-4fa4-a97d-d965ccfc6d4b" outcome="Passed" testListId="8c84fa94-04c1-424b-9868-57a2d4851a1d" relativeResultsDirectory="df5f32e6-06ed-4e1a-a1a0-d18f2f0ff4c8">
    </UnitTestResult>
  </Results>
</TestRun>