<?xml version="1.0" encoding="UTF-8"?>
<TestRun id="4a333264-d919-4892-bb48-68a223c0d4ab" name="vladyslav.gorbatiuk@KBP1-DHP-F24209 2012-08-09 17:30:18" runUser="SYNAPSE\vladyslav.gorbatiuk" xmlns="http://microsoft.com/schemas/VisualStudio/TeamTest/2010">
  <TestSettings name="Local" id="ce025e81-9012-42c8-95db-292218b294a6">
    <Description>These are default test settings for a local test run.</Description>
    <Deployment enabled="false" runDeploymentRoot="vladyslav.gorbatiuk_KBP1-DHP-F24209 2012-08-09 17_30_18">
      <DeploymentItem filename="C:\Users\vladyslav.gorbatiuk.SYNAPSE\Documents\Visual Studio 2010\Projects\Graph\Graph\bin\Debug\Graph.exe" />
      <DeploymentItem filename="C:\Users\vladyslav.gorbatiuk.SYNAPSE\Documents\Visual Studio 2010\Projects\DataVisualization\DataVisualization\bin\Debug\DataVisualization.dll" />
    </Deployment>
    <Execution>
      <TestTypeSpecific />
      <AgentRule name="Execution Agents">
      </AgentRule>
    </Execution>
  </TestSettings>
  <Times creation="2012-08-09T17:30:18.1805469+03:00" queuing="2012-08-09T17:30:19.2826571+03:00" start="2012-08-09T17:30:19.4136702+03:00" finish="2012-08-09T17:30:31.5348822+03:00" />
  <ResultSummary outcome="Error">
    <Counters total="1" executed="1" error="0" failed="0" timeout="0" aborted="1" inconclusive="0" passedButRunAborted="0" notRunnable="0" notExecuted="0" disconnected="0" warning="0" passed="0" completed="0" inProgress="0" pending="0" />
    <RunInfos>
      <RunInfo computerName="KBP1-DHP-F24209" outcome="Error" timestamp="2012-08-09T17:30:31.5338821+03:00">
        <Text>Test host process exited unexpectedly.</Text>
      </RunInfo>
    </RunInfos>
  </ResultSummary>
  <TestDefinitions>
    <UnitTest name="AddGraphTest" storage="c:\users\vladyslav.gorbatiuk.synapse\documents\visual studio 2010\projects\graph\testgraphform\bin\debug\testgraphform.dll" id="2f800f48-1198-ec40-9e61-23b2f693d708">
      <Execution id="f1d37383-d27e-45c4-97b2-9c8a623e9649" />
      <TestMethod codeBase="C:/Users/vladyslav.gorbatiuk.SYNAPSE/Documents/Visual Studio 2010/Projects/Graph/TestGraphForm/bin/Debug/TestGraphForm.DLL" adapterTypeName="Microsoft.VisualStudio.TestTools.TestTypes.Unit.UnitTestAdapter, Microsoft.VisualStudio.QualityTools.Tips.UnitTest.Adapter, Version=10.0.0.0, Culture=neutral, PublicKeyToken=b03f5f7f11d50a3a" className="TestGraphForm.GraphFormTest, TestGraphForm, Version=1.0.0.0, Culture=neutral, PublicKeyToken=null" name="AddGraphTest" />
    </UnitTest>
  </TestDefinitions>
  <TestLists>
    <TestList name="Results Not in a List" id="8c84fa94-04c1-424b-9868-57a2d4851a1d" />
    <TestList name="All Loaded Results" id="19431567-8539-422a-85d7-44ee4e166bda" />
  </TestLists>
  <TestEntries>
    <TestEntry testId="2f800f48-1198-ec40-9e61-23b2f693d708" executionId="f1d37383-d27e-45c4-97b2-9c8a623e9649" testListId="8c84fa94-04c1-424b-9868-57a2d4851a1d" />
  </TestEntries>
  <Results>
    <UnitTestResult executionId="f1d37383-d27e-45c4-97b2-9c8a623e9649" testId="2f800f48-1198-ec40-9e61-23b2f693d708" testName="AddGraphTest" computerName="KBP1-DHP-F24209" duration="00:00:11.9901989" startTime="2012-08-09T17:30:19.5446833+03:00" endTime="2012-08-09T17:30:31.5348822+03:00" testType="13cdc9d9-ddb5-4fa4-a97d-d965ccfc6d4b" outcome="Aborted" testListId="8c84fa94-04c1-424b-9868-57a2d4851a1d" relativeResultsDirectory="f1d37383-d27e-45c4-97b2-9c8a623e9649">
    </UnitTestResult>
  </Results>
</TestRun>